 
****************************************
Report : timing
        -path full
        -delay max
        -derate
        -input_pins
        -nets
        -slack_lesser_than 0.0000
        -max_paths 10000
        -transition_time
        -crosstalk_delta
        -capacitance
Design : ORCA_TOP
Version: Q-2019.12-SP3
Date   : Wed May 17 13:23:00 2023
****************************************

Information: Some cells in the design are using inferred operating conditions.

 # A fanout number of 1000 was used for high fanout net computations.
Wire Load Model Mode: enclosed
No paths.

1
