****************************************
Report : constraint
	-all_violators
	-path slack_only
Design : ORCA_TOP
Version: O-2018.06
Date   : Sat May 20 20:56:11 2023
****************************************


   max_delay/setup ('clock_gating_default' group)

   Endpoint                                                  Slack
   -----------------------------------------------------------------
   I_RISC_CORE/I_STACK_TOP_I2_STACK_MEM_clk_gate_Stack_Mem_reg_5_/latch/EN
                                                            -3.964  (VIOLATED)
   I_RISC_CORE/I_STACK_TOP_I2_STACK_MEM_clk_gate_Stack_Mem_reg_6_/latch/EN
                                                            -3.964  (VIOLATED)
   I_RISC_CORE/I_STACK_TOP_I2_STACK_MEM_clk_gate_Stack_Mem_reg_7_/latch/EN
                                                            -3.761  (VIOLATED)
   I_RISC_CORE/I_STACK_TOP_I2_STACK_MEM_clk_gate_Stack_Mem_reg_4_/latch/EN
                                                            -3.724  (VIOLATED)
   I_RISC_CORE/I_STACK_TOP_I2_STACK_MEM_clk_gate_Stack_Mem_reg_1_/latch/EN
                                                            -3.718  (VIOLATED)
   I_RISC_CORE/I_STACK_TOP_I2_STACK_MEM_clk_gate_Stack_Mem_reg_2_/latch/EN
                                                            -3.718  (VIOLATED)
   I_RISC_CORE/I_STACK_TOP_I2_STACK_MEM_clk_gate_Stack_Mem_reg_3_/latch/EN
                                                            -3.486  (VIOLATED)
   I_RISC_CORE/I_STACK_TOP_I2_STACK_MEM_clk_gate_Stack_Mem_reg_0_/latch/EN
                                                            -3.409  (VIOLATED)
   I_RISC_CORE/I_STACK_TOP_I_STACK_FSM_clk_gate_TOS_int_reg/latch/EN
                                                            -3.325  (VIOLATED)
   I_RISC_CORE/I_STACK_TOP_I2_STACK_MEM_clk_gate_PopDataOut_reg/latch/EN
                                                            -1.533  (VIOLATED)
   I_RISC_CORE/I_DATA_PATH_clk_gate_Oprnd_A_reg/latch/EN    -1.460  (VIOLATED)
   I_RISC_CORE/I_DATA_PATH_clk_gate_Oprnd_B_reg/latch/EN    -1.460  (VIOLATED)
   I_RISC_CORE/I_DATA_PATH_clk_gate_PSWL_Carry_reg/latch/EN
                                                            -1.176  (VIOLATED)
   I_RISC_CORE/I_INSTRN_LAT_clk_gate_Crnt_Instrn_2_reg/latch/EN
                                                            -0.804  (VIOLATED)
   I_RISC_CORE/I_ALU_clk_gate_Lachd_Result_reg/latch/EN     -0.793  (VIOLATED)
   I_RISC_CORE/I_PRGRM_CNT_TOP_I_PRGRM_CNT_clk_gate_PCint_reg/latch/EN
                                                            -0.500  (VIOLATED)

   max_delay/setup ('SDRAM_CLK' group)

   Endpoint                                                  Slack
   -----------------------------------------------------------------
   I_SDRAM_TOP/I_SDRAM_IF/DQ_in_0_reg_22_/D                 -0.286  (VIOLATED)
   I_SDRAM_TOP/I_SDRAM_IF/DQ_in_0_reg_2_/D                  -0.286  (VIOLATED)
   I_SDRAM_TOP/I_SDRAM_IF/DQ_in_1_reg_2_/D                  -0.214  (VIOLATED)
   I_SDRAM_TOP/I_SDRAM_IF/DQ_in_0_reg_4_/D                  -0.205  (VIOLATED)
   I_SDRAM_TOP/I_SDRAM_IF/DQ_in_0_reg_21_/D                 -0.205  (VIOLATED)
   I_SDRAM_TOP/I_SDRAM_IF/DQ_in_0_reg_23_/D                 -0.205  (VIOLATED)
   I_SDRAM_TOP/I_SDRAM_IF/DQ_in_0_reg_27_/D                 -0.205  (VIOLATED)
   I_SDRAM_TOP/I_SDRAM_IF/DQ_in_0_reg_6_/D                  -0.195  (VIOLATED)
   I_SDRAM_TOP/I_SDRAM_IF/DQ_in_1_reg_22_/D                 -0.187  (VIOLATED)
   I_SDRAM_TOP/I_SDRAM_IF/DQ_in_1_reg_4_/D                  -0.129  (VIOLATED)
   I_SDRAM_TOP/I_SDRAM_IF/DQ_in_1_reg_21_/D                 -0.129  (VIOLATED)
   I_SDRAM_TOP/I_SDRAM_IF/DQ_in_1_reg_23_/D                 -0.129  (VIOLATED)
   I_SDRAM_TOP/I_SDRAM_IF/DQ_in_1_reg_27_/D                 -0.129  (VIOLATED)
   I_SDRAM_TOP/I_SDRAM_IF/DQ_in_1_reg_6_/D                  -0.122  (VIOLATED)

   max_delay/setup ('SD_DDR_CLK' group)

   Endpoint                                                  Slack
   -----------------------------------------------------------------
   sd_DQ_out[23]                                            -1.128  (VIOLATED)
   sd_DQ_out[16]                                            -0.913  (VIOLATED)
   sd_DQ_out[24]                                            -0.913  (VIOLATED)
   sd_DQ_out[14]                                            -0.912  (VIOLATED)
   sd_DQ_out[10]                                            -0.910  (VIOLATED)
   sd_DQ_out[28]                                            -0.909  (VIOLATED)
   sd_DQ_out[18]                                            -0.906  (VIOLATED)
   sd_DQ_out[13]                                            -0.905  (VIOLATED)
   sd_DQ_out[20]                                            -0.902  (VIOLATED)
   sd_DQ_out[4]                                             -0.896  (VIOLATED)
   sd_DQ_out[26]                                            -0.896  (VIOLATED)
   sd_DQ_out[5]                                             -0.890  (VIOLATED)
   sd_DQ_out[25]                                            -0.890  (VIOLATED)
   sd_DQ_out[9]                                             -0.886  (VIOLATED)
   sd_DQ_out[6]                                             -0.757  (VIOLATED)
   sd_DQ_out[11]                                            -0.754  (VIOLATED)
   sd_DQ_out[1]                                             -0.752  (VIOLATED)
   sd_DQ_out[0]                                             -0.742  (VIOLATED)
   sd_DQ_out[12]                                            -0.719  (VIOLATED)
   sd_DQ_out[2]                                             -0.718  (VIOLATED)
   sd_DQ_out[3]                                             -0.718  (VIOLATED)
   sd_DQ_out[7]                                             -0.718  (VIOLATED)
   sd_DQ_out[15]                                            -0.718  (VIOLATED)
   sd_DQ_out[27]                                            -0.718  (VIOLATED)
   sd_DQ_out[31]                                            -0.718  (VIOLATED)
   sd_DQ_out[19]                                            -0.718  (VIOLATED)
   sd_DQ_out[22]                                            -0.718  (VIOLATED)
   sd_DQ_out[17]                                            -0.716  (VIOLATED)
   sd_DQ_out[30]                                            -0.716  (VIOLATED)
   sd_DQ_out[8]                                             -0.716  (VIOLATED)
   sd_DQ_out[29]                                            -0.704  (VIOLATED)
   sd_DQ_out[21]                                            -0.702  (VIOLATED)

   max_delay/setup ('SYS_2x_CLK' group)

   Endpoint                                                  Slack
   -----------------------------------------------------------------
   I_RISC_CORE/I_STACK_TOP_I_STACK_FSM_Crnt_Stack_reg_0_/D
                                                            -5.949  (VIOLATED)
   I_RISC_CORE/I_STACK_TOP_I_STACK_FSM_TOS_int_reg_0_/D     -5.748  (VIOLATED)
   I_RISC_CORE/I_STACK_TOP_I_STACK_FSM_TOS_int_reg_2_/D     -5.599  (VIOLATED)
   I_RISC_CORE/I_ALU_Lachd_Result_reg_7_/D                  -5.594  (VIOLATED)
   I_RISC_CORE/I_STACK_TOP_I_STACK_FSM_TOS_int_reg_1_/D     -5.483  (VIOLATED)
   I_RISC_CORE/I_ALU_Lachd_Result_reg_10_/D                 -5.473  (VIOLATED)
   I_RISC_CORE/I_PRGRM_CNT_TOP_I_PRGRM_CNT_PCint_reg_5_/D   -5.444  (VIOLATED)
   I_RISC_CORE/I_ALU_Lachd_Result_reg_12_/D                 -5.377  (VIOLATED)
   I_RISC_CORE/I_ALU_Lachd_Result_reg_9_/D                  -5.327  (VIOLATED)
   I_RISC_CORE/I_PRGRM_CNT_TOP_I_PRGRM_CNT_PCint_reg_2_/D   -5.302  (VIOLATED)
   I_RISC_CORE/I_PRGRM_CNT_TOP_I_PRGRM_CNT_PCint_reg_1_/D   -5.259  (VIOLATED)
   I_RISC_CORE/I_PRGRM_CNT_TOP_I_PRGRM_CNT_PCint_reg_6_/D   -5.259  (VIOLATED)
   I_RISC_CORE/I_ALU_Lachd_Result_reg_8_/D                  -5.193  (VIOLATED)
   I_RISC_CORE/I_ALU_Lachd_Result_reg_11_/D                 -5.060  (VIOLATED)
   I_RISC_CORE/I_STACK_TOP_I_STACK_FSM_Crnt_Stack_reg_1_/D
                                                            -5.052  (VIOLATED)
   I_RISC_CORE/I_ALU_Lachd_Result_reg_6_/D                  -5.021  (VIOLATED)
   I_RISC_CORE/R_34/D                                       -5.005  (VIOLATED)
   I_RISC_CORE/I_PRGRM_CNT_TOP_I_PRGRM_CNT_PCint_reg_4_/D   -4.920  (VIOLATED)
   I_RISC_CORE/R_30/D                                       -4.891  (VIOLATED)
   I_RISC_CORE/I_ALU_Lachd_Result_reg_15_/D                 -4.821  (VIOLATED)
   I_RISC_CORE/I_ALU_Lachd_Result_reg_4_/D                  -4.820  (VIOLATED)
   I_RISC_CORE/I_ALU_Lachd_Result_reg_2_/D                  -4.786  (VIOLATED)
   I_RISC_CORE/I_ALU_Lachd_Result_reg_5_/D                  -4.702  (VIOLATED)
   I_RISC_CORE/I_PRGRM_CNT_TOP_I_PRGRM_CNT_PCint_reg_0_/D   -4.698  (VIOLATED)
   I_RISC_CORE/I_ALU_Lachd_Result_reg_3_/D                  -4.685  (VIOLATED)
   I_RISC_CORE/I_ALU_Lachd_Result_reg_13_/D                 -4.685  (VIOLATED)
   I_RISC_CORE/R_31/D                                       -4.640  (VIOLATED)
   I_RISC_CORE/I_PRGRM_CNT_TOP_I_PRGRM_CNT_PCint_reg_3_/D   -4.619  (VIOLATED)
   I_RISC_CORE/I_PRGRM_CNT_TOP_I_PRGRM_CNT_PCint_reg_7_/D   -4.591  (VIOLATED)
   I_RISC_CORE/I_ALU_Lachd_Result_reg_0_/D                  -4.239  (VIOLATED)
   I_RISC_CORE/I_STACK_TOP_I2_STACK_MEM_PopDataOut_reg_3_/D
                                                            -4.212  (VIOLATED)
   I_RISC_CORE/I_ALU_Lachd_Result_reg_1_/D                  -4.089  (VIOLATED)
   I_RISC_CORE/I_STACK_TOP_I1_STACK_MEM_PopDataOut_reg_1_/D
                                                            -3.953  (VIOLATED)
   I_RISC_CORE/I_STACK_TOP_I1_STACK_MEM_PopDataOut_reg_0_/D
                                                            -3.953  (VIOLATED)
   I_RISC_CORE/I_STACK_TOP_I1_STACK_MEM_PopDataOut_reg_2_/D
                                                            -3.953  (VIOLATED)
   I_RISC_CORE/I_STACK_TOP_I1_STACK_MEM_PopDataOut_reg_3_/D
                                                            -3.953  (VIOLATED)
   I_RISC_CORE/I_STACK_TOP_I2_STACK_MEM_PopDataOut_reg_0_/D
                                                            -3.953  (VIOLATED)
   I_RISC_CORE/I_STACK_TOP_I2_STACK_MEM_PopDataOut_reg_1_/D
                                                            -3.953  (VIOLATED)
   I_RISC_CORE/I_STACK_TOP_I2_STACK_MEM_PopDataOut_reg_2_/D
                                                            -3.953  (VIOLATED)
   I_RISC_CORE/I_STACK_TOP_I3_STACK_MEM_PopDataOut_reg_2_/D
                                                            -3.953  (VIOLATED)
   I_RISC_CORE/I_DATA_PATH_Oprnd_B_reg_9_/D                 -2.825  (VIOLATED)
   I_RISC_CORE/I_DATA_PATH_Oprnd_B_reg_11_/D                -2.825  (VIOLATED)
   I_RISC_CORE/I_DATA_PATH_Oprnd_B_reg_12_/D                -2.825  (VIOLATED)
   I_RISC_CORE/I_DATA_PATH_Oprnd_B_reg_14_/D                -2.825  (VIOLATED)
   I_RISC_CORE/I_DATA_PATH_Oprnd_B_reg_15_/D                -2.825  (VIOLATED)
   I_RISC_CORE/I_DATA_PATH_Oprnd_B_reg_0_/D                 -2.540  (VIOLATED)
   I_RISC_CORE/I_DATA_PATH_Oprnd_B_reg_3_/D                 -2.348  (VIOLATED)
   I_RISC_CORE/I_DATA_PATH_Oprnd_A_reg_9_/D                 -2.268  (VIOLATED)
   I_RISC_CORE/I_DATA_PATH_Oprnd_A_reg_10_/D                -2.268  (VIOLATED)
   I_RISC_CORE/I_DATA_PATH_Oprnd_A_reg_11_/D                -2.268  (VIOLATED)
   I_RISC_CORE/I_DATA_PATH_Oprnd_A_reg_13_/D                -2.268  (VIOLATED)
   I_RISC_CORE/I_DATA_PATH_Oprnd_A_reg_8_/D                 -2.225  (VIOLATED)
   I_RISC_CORE/I_DATA_PATH_Oprnd_B_reg_1_/D                 -2.219  (VIOLATED)
   I_RISC_CORE/I_DATA_PATH_Oprnd_B_reg_2_/D                 -2.219  (VIOLATED)
   I_RISC_CORE/I_DATA_PATH_Oprnd_B_reg_4_/D                 -2.219  (VIOLATED)
   I_RISC_CORE/I_DATA_PATH_Oprnd_B_reg_5_/D                 -2.219  (VIOLATED)
   I_RISC_CORE/I_DATA_PATH_Oprnd_B_reg_6_/D                 -2.219  (VIOLATED)
   I_RISC_CORE/I_DATA_PATH_Oprnd_B_reg_7_/D                 -2.219  (VIOLATED)
   I_RISC_CORE/I_DATA_PATH_Oprnd_A_reg_5_/D                 -2.175  (VIOLATED)
   I_RISC_CORE/I_DATA_PATH_Oprnd_A_reg_6_/D                 -2.175  (VIOLATED)
   I_RISC_CORE/I_DATA_PATH_Oprnd_A_reg_15_/D                -2.131  (VIOLATED)
   I_RISC_CORE/I_STACK_TOP_I_STACK_FSM_STACK_FULL_reg/D     -2.024  (VIOLATED)
   I_RISC_CORE/I_CONTROL_UseData_Imm_Or_ALU_reg/D           -1.995  (VIOLATED)
   I_RISC_CORE/I_CONTROL_UseData_Imm_Or_RegB_reg/D          -1.995  (VIOLATED)
   I_RISC_CORE/I_DATA_PATH_Oprnd_B_reg_8_/D                 -1.952  (VIOLATED)
   I_RISC_CORE/I_DATA_PATH_Oprnd_B_reg_10_/D                -1.952  (VIOLATED)
   I_RISC_CORE/I_DATA_PATH_Oprnd_B_reg_13_/D                -1.952  (VIOLATED)
   I_RISC_CORE/I_DATA_PATH_Oprnd_A_reg_7_/D                 -1.597  (VIOLATED)
   I_RISC_CORE/I_DATA_PATH_Oprnd_A_reg_14_/D                -1.597  (VIOLATED)
   I_RISC_CORE/I_DATA_PATH_Oprnd_A_reg_2_/D                 -1.582  (VIOLATED)
   I_RISC_CORE/I_DATA_PATH_Oprnd_A_reg_12_/D                -1.512  (VIOLATED)
   I_RISC_CORE/I_PRGRM_CNT_TOP_I_PRGRM_FSM_Current_State_reg_1_/D
                                                            -1.377  (VIOLATED)
   I_RISC_CORE/I_CONTROL_EndOfInstrn_reg/D                  -1.314  (VIOLATED)
   I_RISC_CORE/I_DATA_PATH_Oprnd_A_reg_0_/D                 -1.104  (VIOLATED)
   I_RISC_CORE/I_DATA_PATH_Oprnd_A_reg_4_/D                 -1.104  (VIOLATED)
   I_RISC_CORE/I_STACK_TOP_I3_STACK_MEM_Stack_Mem_reg_0__2_/D
                                                            -1.092  (VIOLATED)
   I_RISC_CORE/I_STACK_TOP_I3_STACK_MEM_Stack_Mem_reg_1__2_/D
                                                            -1.092  (VIOLATED)
   I_RISC_CORE/I_STACK_TOP_I3_STACK_MEM_Stack_Mem_reg_2__2_/D
                                                            -1.092  (VIOLATED)
   I_RISC_CORE/I_STACK_TOP_I3_STACK_MEM_Stack_Mem_reg_3__2_/D
                                                            -1.092  (VIOLATED)
   I_RISC_CORE/I_STACK_TOP_I3_STACK_MEM_Stack_Mem_reg_4__2_/D
                                                            -1.092  (VIOLATED)
   I_RISC_CORE/I_STACK_TOP_I3_STACK_MEM_Stack_Mem_reg_5__2_/D
                                                            -1.092  (VIOLATED)
   I_RISC_CORE/I_STACK_TOP_I3_STACK_MEM_Stack_Mem_reg_6__2_/D
                                                            -1.092  (VIOLATED)
   I_RISC_CORE/I_STACK_TOP_I3_STACK_MEM_Stack_Mem_reg_7__2_/D
                                                            -1.092  (VIOLATED)
   I_RISC_CORE/I_PRGRM_CNT_TOP_I_PRGRM_FSM_Current_State_reg_2_/D
                                                            -1.061  (VIOLATED)
   I_RISC_CORE/I_DATA_PATH_Oprnd_A_reg_3_/D                 -1.033  (VIOLATED)
   I_RISC_CORE/I_DATA_PATH_Oprnd_A_reg_1_/D                 -1.021  (VIOLATED)
   I_RISC_CORE/I_STACK_TOP_I2_STACK_MEM_Stack_Mem_reg_0__0_/D
                                                            -0.802  (VIOLATED)
   I_RISC_CORE/I_STACK_TOP_I2_STACK_MEM_Stack_Mem_reg_3__0_/D
                                                            -0.802  (VIOLATED)
   I_RISC_CORE/I_STACK_TOP_I2_STACK_MEM_Stack_Mem_reg_4__0_/D
                                                            -0.802  (VIOLATED)
   I_RISC_CORE/I_STACK_TOP_I2_STACK_MEM_Stack_Mem_reg_6__0_/D
                                                            -0.802  (VIOLATED)
   I_RISC_CORE/I_STACK_TOP_I2_STACK_MEM_Stack_Mem_reg_7__0_/D
                                                            -0.802  (VIOLATED)
   I_RISC_CORE/I_PRGRM_CNT_TOP_I_PRGRM_FSM_Current_State_reg_0_/D
                                                            -0.755  (VIOLATED)
   I_RISC_CORE/I_INSTRN_LAT_Crnt_Instrn_2_reg_21_/D         -0.624  (VIOLATED)
   I_RISC_CORE/I_STACK_TOP_I1_STACK_MEM_Stack_Mem_reg_0__1_/D
                                                            -0.622  (VIOLATED)
   I_RISC_CORE/I_STACK_TOP_I1_STACK_MEM_Stack_Mem_reg_1__1_/D
                                                            -0.622  (VIOLATED)
   I_RISC_CORE/I_STACK_TOP_I1_STACK_MEM_Stack_Mem_reg_2__1_/D
                                                            -0.622  (VIOLATED)
   I_RISC_CORE/I_STACK_TOP_I1_STACK_MEM_Stack_Mem_reg_3__1_/D
                                                            -0.622  (VIOLATED)
   I_RISC_CORE/I_STACK_TOP_I1_STACK_MEM_Stack_Mem_reg_4__1_/D
                                                            -0.622  (VIOLATED)
   I_RISC_CORE/I_STACK_TOP_I1_STACK_MEM_Stack_Mem_reg_5__1_/D
                                                            -0.622  (VIOLATED)
   I_RISC_CORE/I_STACK_TOP_I1_STACK_MEM_Stack_Mem_reg_6__1_/D
                                                            -0.622  (VIOLATED)
   I_RISC_CORE/I_STACK_TOP_I1_STACK_MEM_Stack_Mem_reg_7__1_/D
                                                            -0.622  (VIOLATED)
   I_RISC_CORE/I_REG_FILE_REG_FILE_A_RAM/I1[14]             -0.599  (VIOLATED)
   I_RISC_CORE/I_REG_FILE_REG_FILE_B_RAM/I1[14]             -0.599  (VIOLATED)
   I_RISC_CORE/I_REG_FILE_REG_FILE_C_RAM/I1[14]             -0.599  (VIOLATED)
   I_RISC_CORE/I_REG_FILE_REG_FILE_D_RAM/I1[14]             -0.599  (VIOLATED)
   I_RISC_CORE/I_STACK_TOP_I1_STACK_MEM_Stack_Mem_reg_0__3_/D
                                                            -0.562  (VIOLATED)
   I_RISC_CORE/I_STACK_TOP_I1_STACK_MEM_Stack_Mem_reg_1__3_/D
                                                            -0.562  (VIOLATED)
   I_RISC_CORE/I_STACK_TOP_I1_STACK_MEM_Stack_Mem_reg_2__3_/D
                                                            -0.562  (VIOLATED)
   I_RISC_CORE/I_STACK_TOP_I1_STACK_MEM_Stack_Mem_reg_3__3_/D
                                                            -0.562  (VIOLATED)
   I_RISC_CORE/I_STACK_TOP_I1_STACK_MEM_Stack_Mem_reg_4__3_/D
                                                            -0.562  (VIOLATED)
   I_RISC_CORE/I_STACK_TOP_I1_STACK_MEM_Stack_Mem_reg_5__3_/D
                                                            -0.562  (VIOLATED)
   I_RISC_CORE/I_STACK_TOP_I1_STACK_MEM_Stack_Mem_reg_6__3_/D
                                                            -0.562  (VIOLATED)
   I_RISC_CORE/I_STACK_TOP_I1_STACK_MEM_Stack_Mem_reg_7__3_/D
                                                            -0.562  (VIOLATED)
   I_RISC_CORE/I_STACK_TOP_I1_STACK_MEM_Stack_Mem_reg_0__0_/D
                                                            -0.540  (VIOLATED)
   I_RISC_CORE/I_STACK_TOP_I1_STACK_MEM_Stack_Mem_reg_1__0_/D
                                                            -0.540  (VIOLATED)
   I_RISC_CORE/I_STACK_TOP_I1_STACK_MEM_Stack_Mem_reg_2__0_/D
                                                            -0.540  (VIOLATED)
   I_RISC_CORE/I_STACK_TOP_I1_STACK_MEM_Stack_Mem_reg_3__0_/D
                                                            -0.540  (VIOLATED)
   I_RISC_CORE/I_STACK_TOP_I1_STACK_MEM_Stack_Mem_reg_4__0_/D
                                                            -0.540  (VIOLATED)
   I_RISC_CORE/I_STACK_TOP_I1_STACK_MEM_Stack_Mem_reg_5__0_/D
                                                            -0.540  (VIOLATED)
   I_RISC_CORE/I_STACK_TOP_I1_STACK_MEM_Stack_Mem_reg_6__0_/D
                                                            -0.540  (VIOLATED)
   I_RISC_CORE/I_STACK_TOP_I1_STACK_MEM_Stack_Mem_reg_7__0_/D
                                                            -0.540  (VIOLATED)
   I_RISC_CORE/I_STACK_TOP_I2_STACK_MEM_Stack_Mem_reg_0__3_/D
                                                            -0.532  (VIOLATED)
   I_RISC_CORE/I_STACK_TOP_I2_STACK_MEM_Stack_Mem_reg_2__3_/D
                                                            -0.532  (VIOLATED)
   I_RISC_CORE/I_STACK_TOP_I2_STACK_MEM_Stack_Mem_reg_3__3_/D
                                                            -0.532  (VIOLATED)
   I_RISC_CORE/I_STACK_TOP_I2_STACK_MEM_Stack_Mem_reg_4__3_/D
                                                            -0.532  (VIOLATED)
   I_RISC_CORE/I_STACK_TOP_I2_STACK_MEM_Stack_Mem_reg_5__3_/D
                                                            -0.532  (VIOLATED)
   I_RISC_CORE/I_STACK_TOP_I2_STACK_MEM_Stack_Mem_reg_6__3_/D
                                                            -0.532  (VIOLATED)
   I_RISC_CORE/I_STACK_TOP_I2_STACK_MEM_Stack_Mem_reg_7__3_/D
                                                            -0.532  (VIOLATED)
   I_RISC_CORE/I_STACK_TOP_I1_STACK_MEM_Stack_Mem_reg_0__2_/D
                                                            -0.520  (VIOLATED)
   I_RISC_CORE/I_STACK_TOP_I1_STACK_MEM_Stack_Mem_reg_1__2_/D
                                                            -0.520  (VIOLATED)
   I_RISC_CORE/I_STACK_TOP_I1_STACK_MEM_Stack_Mem_reg_2__2_/D
                                                            -0.520  (VIOLATED)
   I_RISC_CORE/I_STACK_TOP_I1_STACK_MEM_Stack_Mem_reg_3__2_/D
                                                            -0.520  (VIOLATED)
   I_RISC_CORE/I_STACK_TOP_I1_STACK_MEM_Stack_Mem_reg_4__2_/D
                                                            -0.520  (VIOLATED)
   I_RISC_CORE/I_STACK_TOP_I1_STACK_MEM_Stack_Mem_reg_5__2_/D
                                                            -0.520  (VIOLATED)
   I_RISC_CORE/I_STACK_TOP_I1_STACK_MEM_Stack_Mem_reg_6__2_/D
                                                            -0.520  (VIOLATED)
   I_RISC_CORE/I_STACK_TOP_I1_STACK_MEM_Stack_Mem_reg_7__2_/D
                                                            -0.520  (VIOLATED)
   I_RISC_CORE/I_STACK_TOP_I2_STACK_MEM_Stack_Mem_reg_0__1_/D
                                                            -0.519  (VIOLATED)
   I_RISC_CORE/I_STACK_TOP_I2_STACK_MEM_Stack_Mem_reg_1__1_/D
                                                            -0.519  (VIOLATED)
   I_RISC_CORE/I_STACK_TOP_I2_STACK_MEM_Stack_Mem_reg_2__1_/D
                                                            -0.519  (VIOLATED)
   I_RISC_CORE/I_STACK_TOP_I2_STACK_MEM_Stack_Mem_reg_3__1_/D
                                                            -0.519  (VIOLATED)
   I_RISC_CORE/I_STACK_TOP_I2_STACK_MEM_Stack_Mem_reg_4__1_/D
                                                            -0.519  (VIOLATED)
   I_RISC_CORE/I_STACK_TOP_I2_STACK_MEM_Stack_Mem_reg_5__1_/D
                                                            -0.519  (VIOLATED)
   I_RISC_CORE/I_STACK_TOP_I2_STACK_MEM_Stack_Mem_reg_6__1_/D
                                                            -0.519  (VIOLATED)
   I_RISC_CORE/I_STACK_TOP_I2_STACK_MEM_Stack_Mem_reg_7__1_/D
                                                            -0.519  (VIOLATED)
   I_RISC_CORE/I_INSTRN_LAT_Crnt_Instrn_2_reg_18_/D         -0.514  (VIOLATED)
   I_RISC_CORE/I_INSTRN_LAT_Crnt_Instrn_2_reg_13_/D         -0.511  (VIOLATED)
   I_RISC_CORE/I_INSTRN_LAT_Crnt_Instrn_2_reg_22_/D         -0.495  (VIOLATED)
   I_RISC_CORE/I_REG_FILE_REG_FILE_A_RAM/I1[5]              -0.483  (VIOLATED)
   I_RISC_CORE/I_REG_FILE_REG_FILE_B_RAM/I1[5]              -0.483  (VIOLATED)
   I_RISC_CORE/I_REG_FILE_REG_FILE_C_RAM/I1[5]              -0.483  (VIOLATED)
   I_RISC_CORE/I_REG_FILE_REG_FILE_A_RAM/I1[6]              -0.480  (VIOLATED)
   I_RISC_CORE/I_REG_FILE_REG_FILE_B_RAM/I1[6]              -0.480  (VIOLATED)
   I_RISC_CORE/I_REG_FILE_REG_FILE_C_RAM/I1[6]              -0.480  (VIOLATED)
   I_RISC_CORE/I_INSTRN_LAT_Crnt_Instrn_2_reg_17_/D         -0.469  (VIOLATED)
   I_RISC_CORE/I_REG_FILE_REG_FILE_A_RAM/I1[2]              -0.462  (VIOLATED)
   I_RISC_CORE/I_REG_FILE_REG_FILE_B_RAM/I1[2]              -0.462  (VIOLATED)
   I_RISC_CORE/I_REG_FILE_REG_FILE_C_RAM/I1[2]              -0.462  (VIOLATED)
   I_RISC_CORE/I_STACK_TOP_I2_STACK_MEM_Stack_Mem_reg_1__0_/D
                                                            -0.455  (VIOLATED)
   I_RISC_CORE/I_STACK_TOP_I2_STACK_MEM_Stack_Mem_reg_2__0_/D
                                                            -0.455  (VIOLATED)
   I_RISC_CORE/I_STACK_TOP_I2_STACK_MEM_Stack_Mem_reg_5__0_/D
                                                            -0.455  (VIOLATED)
   I_RISC_CORE/I_INSTRN_LAT_Crnt_Instrn_2_reg_15_/D         -0.426  (VIOLATED)
   I_RISC_CORE/I_INSTRN_LAT_Crnt_Instrn_2_reg_16_/D         -0.421  (VIOLATED)
   I_RISC_CORE/I_INSTRN_LAT_Crnt_Instrn_2_reg_20_/D         -0.403  (VIOLATED)
   I_RISC_CORE/I_REG_FILE_REG_FILE_A_RAM/I1[1]              -0.397  (VIOLATED)
   I_RISC_CORE/I_REG_FILE_REG_FILE_B_RAM/I1[1]              -0.397  (VIOLATED)
   I_RISC_CORE/I_REG_FILE_REG_FILE_C_RAM/I1[1]              -0.397  (VIOLATED)
   I_RISC_CORE/I_REG_FILE_REG_FILE_D_RAM/I1[1]              -0.397  (VIOLATED)
   I_RISC_CORE/I_INSTRN_LAT_Crnt_Instrn_2_reg_11_/D         -0.393  (VIOLATED)
   I_RISC_CORE/I_INSTRN_LAT_Crnt_Instrn_2_reg_19_/D         -0.389  (VIOLATED)
   I_RISC_CORE/I_INSTRN_LAT_Crnt_Instrn_2_reg_12_/D         -0.385  (VIOLATED)
   I_RISC_CORE/I_REG_FILE_REG_FILE_A_RAM/A2[6]              -0.382  (VIOLATED)
   I_RISC_CORE/I_REG_FILE_REG_FILE_C_RAM/A2[6]              -0.382  (VIOLATED)
   I_RISC_CORE/I_REG_FILE_REG_FILE_A_RAM/A2[5]              -0.376  (VIOLATED)
   I_RISC_CORE/I_REG_FILE_REG_FILE_C_RAM/A2[5]              -0.376  (VIOLATED)
   I_RISC_CORE/I_INSTRN_LAT_Crnt_Instrn_2_reg_9_/D          -0.372  (VIOLATED)
   I_RISC_CORE/I_INSTRN_LAT_Crnt_Instrn_2_reg_8_/D          -0.367  (VIOLATED)
   I_RISC_CORE/I_INSTRN_LAT_Crnt_Instrn_2_reg_25_/D         -0.365  (VIOLATED)
   I_RISC_CORE/I_INSTRN_LAT_Crnt_Instrn_2_reg_10_/D         -0.356  (VIOLATED)
   I_RISC_CORE/I_REG_FILE_REG_FILE_D_RAM/I1[4]              -0.312  (VIOLATED)
   I_RISC_CORE/I_REG_FILE_REG_FILE_A_RAM/I1[3]              -0.309  (VIOLATED)
   I_RISC_CORE/I_REG_FILE_REG_FILE_B_RAM/I1[3]              -0.309  (VIOLATED)
   I_RISC_CORE/I_REG_FILE_REG_FILE_C_RAM/I1[3]              -0.309  (VIOLATED)
   I_RISC_CORE/I_REG_FILE_REG_FILE_D_RAM/I1[3]              -0.309  (VIOLATED)
   I_RISC_CORE/I_REG_FILE_REG_FILE_A_RAM/I1[4]              -0.304  (VIOLATED)
   I_RISC_CORE/I_REG_FILE_REG_FILE_B_RAM/I1[4]              -0.304  (VIOLATED)
   I_RISC_CORE/I_REG_FILE_REG_FILE_C_RAM/I1[4]              -0.304  (VIOLATED)
   I_RISC_CORE/I_REG_FILE_REG_FILE_A_RAM/I1[12]             -0.238  (VIOLATED)
   I_RISC_CORE/I_REG_FILE_REG_FILE_B_RAM/I1[12]             -0.238  (VIOLATED)
   I_RISC_CORE/I_REG_FILE_REG_FILE_C_RAM/I1[12]             -0.238  (VIOLATED)
   I_RISC_CORE/I_REG_FILE_REG_FILE_D_RAM/I1[12]             -0.238  (VIOLATED)
   I_RISC_CORE/I_REG_FILE_REG_FILE_A_RAM/I1[0]              -0.221  (VIOLATED)
   I_RISC_CORE/I_REG_FILE_REG_FILE_B_RAM/I1[0]              -0.221  (VIOLATED)
   I_RISC_CORE/I_REG_FILE_REG_FILE_C_RAM/I1[0]              -0.221  (VIOLATED)
   I_RISC_CORE/I_REG_FILE_REG_FILE_D_RAM/I1[0]              -0.221  (VIOLATED)
   I_RISC_CORE/I_REG_FILE_REG_FILE_A_RAM/I1[10]             -0.221  (VIOLATED)
   I_RISC_CORE/I_REG_FILE_REG_FILE_A_RAM/I1[15]             -0.221  (VIOLATED)
   I_RISC_CORE/I_REG_FILE_REG_FILE_B_RAM/I1[10]             -0.221  (VIOLATED)
   I_RISC_CORE/I_REG_FILE_REG_FILE_B_RAM/I1[15]             -0.221  (VIOLATED)
   I_RISC_CORE/I_REG_FILE_REG_FILE_C_RAM/I1[10]             -0.221  (VIOLATED)
   I_RISC_CORE/I_REG_FILE_REG_FILE_C_RAM/I1[15]             -0.221  (VIOLATED)
   I_RISC_CORE/I_REG_FILE_REG_FILE_D_RAM/I1[10]             -0.221  (VIOLATED)
   I_RISC_CORE/I_REG_FILE_REG_FILE_D_RAM/I1[15]             -0.221  (VIOLATED)
   I_RISC_CORE/I_REG_FILE_REG_FILE_A_RAM/I1[11]             -0.221  (VIOLATED)
   I_RISC_CORE/I_REG_FILE_REG_FILE_B_RAM/I1[11]             -0.221  (VIOLATED)
   I_RISC_CORE/I_REG_FILE_REG_FILE_C_RAM/I1[11]             -0.221  (VIOLATED)
   I_RISC_CORE/I_REG_FILE_REG_FILE_D_RAM/I1[11]             -0.221  (VIOLATED)
   I_RISC_CORE/I_REG_FILE_REG_FILE_A_RAM/I1[7]              -0.221  (VIOLATED)
   I_RISC_CORE/I_REG_FILE_REG_FILE_B_RAM/I1[7]              -0.221  (VIOLATED)
   I_RISC_CORE/I_REG_FILE_REG_FILE_C_RAM/I1[7]              -0.221  (VIOLATED)
   I_RISC_CORE/I_REG_FILE_REG_FILE_D_RAM/I1[7]              -0.221  (VIOLATED)
   I_RISC_CORE/I_REG_FILE_REG_FILE_A_RAM/I1[13]             -0.221  (VIOLATED)
   I_RISC_CORE/I_REG_FILE_REG_FILE_B_RAM/I1[13]             -0.221  (VIOLATED)
   I_RISC_CORE/I_REG_FILE_REG_FILE_C_RAM/I1[13]             -0.221  (VIOLATED)
   I_RISC_CORE/I_REG_FILE_REG_FILE_D_RAM/I1[13]             -0.221  (VIOLATED)
   I_RISC_CORE/I_REG_FILE_REG_FILE_B_RAM/I1[8]              -0.221  (VIOLATED)
   I_RISC_CORE/I_REG_FILE_REG_FILE_B_RAM/I1[9]              -0.221  (VIOLATED)
   I_RISC_CORE/I_REG_FILE_REG_FILE_C_RAM/I1[8]              -0.221  (VIOLATED)
   I_RISC_CORE/I_REG_FILE_REG_FILE_C_RAM/I1[9]              -0.221  (VIOLATED)
   I_RISC_CORE/I_REG_FILE_REG_FILE_D_RAM/I1[8]              -0.221  (VIOLATED)
   I_RISC_CORE/I_REG_FILE_REG_FILE_D_RAM/I1[9]              -0.221  (VIOLATED)
   I_RISC_CORE/I_REG_FILE_REG_FILE_A_RAM/I1[8]              -0.221  (VIOLATED)
   I_RISC_CORE/I_REG_FILE_REG_FILE_A_RAM/A2[0]              -0.217  (VIOLATED)
   I_RISC_CORE/I_REG_FILE_REG_FILE_C_RAM/A2[0]              -0.217  (VIOLATED)
   I_RISC_CORE/I_REG_FILE_REG_FILE_A_RAM/A2[2]              -0.217  (VIOLATED)
   I_RISC_CORE/I_REG_FILE_REG_FILE_C_RAM/A2[2]              -0.217  (VIOLATED)
   I_RISC_CORE/I_REG_FILE_REG_FILE_A_RAM/A2[3]              -0.217  (VIOLATED)
   I_RISC_CORE/I_REG_FILE_REG_FILE_A_RAM/A2[4]              -0.217  (VIOLATED)
   I_RISC_CORE/I_REG_FILE_REG_FILE_C_RAM/A2[3]              -0.217  (VIOLATED)
   I_RISC_CORE/I_REG_FILE_REG_FILE_C_RAM/A2[4]              -0.217  (VIOLATED)
   I_RISC_CORE/I_REG_FILE_REG_FILE_A_RAM/A2[1]              -0.217  (VIOLATED)
   I_RISC_CORE/I_REG_FILE_REG_FILE_C_RAM/A2[1]              -0.217  (VIOLATED)
   I_RISC_CORE/I_REG_FILE_REG_FILE_A_RAM/I1[9]              -0.188  (VIOLATED)
   I_RISC_CORE/I_STACK_TOP_I2_STACK_MEM_Stack_Mem_reg_1__3_/D
                                                            -0.168  (VIOLATED)
   I_RISC_CORE/I_DATA_PATH_PSWL_Zro_reg/D                   -0.161  (VIOLATED)
   I_RISC_CORE/I_STACK_TOP_I2_STACK_MEM_Stack_Mem_reg_0__2_/D
                                                            -0.121  (VIOLATED)
   I_RISC_CORE/I_STACK_TOP_I2_STACK_MEM_Stack_Mem_reg_1__2_/D
                                                            -0.121  (VIOLATED)
   I_RISC_CORE/I_STACK_TOP_I2_STACK_MEM_Stack_Mem_reg_2__2_/D
                                                            -0.121  (VIOLATED)
   I_RISC_CORE/I_STACK_TOP_I2_STACK_MEM_Stack_Mem_reg_3__2_/D
                                                            -0.121  (VIOLATED)
   I_RISC_CORE/I_STACK_TOP_I2_STACK_MEM_Stack_Mem_reg_4__2_/D
                                                            -0.121  (VIOLATED)
   I_RISC_CORE/I_STACK_TOP_I2_STACK_MEM_Stack_Mem_reg_5__2_/D
                                                            -0.121  (VIOLATED)
   I_RISC_CORE/I_STACK_TOP_I2_STACK_MEM_Stack_Mem_reg_6__2_/D
                                                            -0.121  (VIOLATED)
   I_RISC_CORE/I_STACK_TOP_I2_STACK_MEM_Stack_Mem_reg_7__2_/D
                                                            -0.121  (VIOLATED)
   I_RISC_CORE/I_REG_FILE_REG_FILE_D_RAM/I1[5]              -0.116  (VIOLATED)
   I_RISC_CORE/I_REG_FILE_REG_FILE_D_RAM/I1[6]              -0.113  (VIOLATED)
   I_RISC_CORE/I_REG_FILE_REG_FILE_D_RAM/I1[2]              -0.095  (VIOLATED)
   I_RISC_CORE/I_INSTRN_LAT_Crnt_Instrn_2_reg_30_/D         -0.014  (VIOLATED)

   max_delay/setup ('SYS_CLK' group)

   Endpoint                                                  Slack
   -----------------------------------------------------------------
   I_PARSER/i_reg_reg_12_/D                                 -0.868  (VIOLATED)
   I_PARSER/i_reg_reg_10_/D                                 -0.851  (VIOLATED)
   I_PARSER/i_reg_reg_11_/D                                 -0.851  (VIOLATED)
   I_PARSER/i_reg_reg_9_/D                                  -0.848  (VIOLATED)
   I_PARSER/i_reg_reg_8_/D                                  -0.837  (VIOLATED)
   I_PARSER/i_reg_reg_13_/D                                 -0.826  (VIOLATED)
   I_PARSER/i_reg_reg_7_/D                                  -0.812  (VIOLATED)
   I_PCI_TOP/I_PCI_WRITE_FIFO_PCI_FIFO_RAM_1/I1[3]          -0.780  (VIOLATED)
   I_PARSER/i_reg_reg_4_/D                                  -0.770  (VIOLATED)
   I_PARSER/i_reg_reg_15_/D                                 -0.671  (VIOLATED)
   I_PCI_TOP/I_PCI_WRITE_FIFO_PCI_FIFO_RAM_1/I1[0]          -0.650  (VIOLATED)
   I_PARSER/i_reg_reg_3_/D                                  -0.601  (VIOLATED)
   I_PARSER/i_reg_reg_14_/D                                 -0.594  (VIOLATED)
   I_PARSER/i_reg_reg_17_/D                                 -0.583  (VIOLATED)
   I_PCI_TOP/I_PCI_WRITE_FIFO_PCI_FIFO_RAM_1/I1[1]          -0.514  (VIOLATED)
   I_PCI_TOP/I_PCI_WRITE_FIFO_PCI_FIFO_RAM_7/I1[1]          -0.506  (VIOLATED)
   I_PCI_TOP/I_PCI_WRITE_FIFO_PCI_FIFO_RAM_7/I1[2]          -0.506  (VIOLATED)
   I_PCI_TOP/I_PCI_WRITE_FIFO_PCI_FIFO_RAM_7/I1[3]          -0.506  (VIOLATED)
   I_PCI_TOP/I_PCI_WRITE_FIFO_PCI_FIFO_RAM_7/I1[0]          -0.500  (VIOLATED)
   I_SDRAM_TOP/I_SDRAM_WRITE_FIFO_SD_FIFO_RAM_1/I1[9]       -0.446  (VIOLATED)
   I_PCI_TOP/I_PCI_WRITE_FIFO_PCI_FIFO_RAM_2/I1[2]          -0.445  (VIOLATED)
   I_SDRAM_TOP/I_SDRAM_WRITE_FIFO_SD_FIFO_RAM_1/I1[8]       -0.443  (VIOLATED)
   I_PCI_TOP/I_PCI_WRITE_FIFO_PCI_FIFO_RAM_2/I1[1]          -0.437  (VIOLATED)
   I_PARSER/i_reg_reg_16_/D                                 -0.420  (VIOLATED)
   I_SDRAM_TOP/I_SDRAM_WRITE_FIFO_SD_FIFO_RAM_1/I1[5]       -0.407  (VIOLATED)
   I_PARSER/i_reg_reg_5_/D                                  -0.406  (VIOLATED)
   I_PARSER/i_reg_reg_6_/D                                  -0.406  (VIOLATED)
   I_PCI_TOP/I_PCI_WRITE_FIFO_PCI_FIFO_RAM_2/I1[0]          -0.403  (VIOLATED)
   I_SDRAM_TOP/I_SDRAM_WRITE_FIFO_SD_FIFO_RAM_1/I1[19]      -0.347  (VIOLATED)
   I_PCI_TOP/I_PCI_WRITE_FIFO_PCI_FIFO_RAM_8/I1[0]          -0.341  (VIOLATED)
   I_SDRAM_TOP/I_SDRAM_WRITE_FIFO_SD_FIFO_RAM_1/I1[7]       -0.308  (VIOLATED)
   I_SDRAM_TOP/I_SDRAM_WRITE_FIFO_SD_FIFO_RAM_1/I1[11]      -0.297  (VIOLATED)
   I_PCI_TOP/I_PCI_WRITE_FIFO_PCI_FIFO_RAM_1/I1[2]          -0.291  (VIOLATED)
   I_PCI_TOP/I_PCI_WRITE_FIFO_PCI_FIFO_RAM_8/I1[2]          -0.279  (VIOLATED)
   I_PCI_TOP/I_PCI_WRITE_FIFO_PCI_FIFO_RAM_8/I1[1]          -0.279  (VIOLATED)
   I_SDRAM_TOP/I_SDRAM_WRITE_FIFO_SD_FIFO_RAM_1/I1[10]      -0.248  (VIOLATED)
   I_SDRAM_TOP/I_SDRAM_WRITE_FIFO_SD_FIFO_RAM_1/I1[28]      -0.222  (VIOLATED)
   I_SDRAM_TOP/I_SDRAM_WRITE_FIFO_SD_FIFO_RAM_1/I1[3]       -0.212  (VIOLATED)
   I_SDRAM_TOP/I_SDRAM_WRITE_FIFO_SD_FIFO_RAM_1/I1[2]       -0.196  (VIOLATED)
   I_SDRAM_TOP/I_SDRAM_WRITE_FIFO_SD_FIFO_RAM_1/I1[16]      -0.196  (VIOLATED)
   I_SDRAM_TOP/I_SDRAM_WRITE_FIFO_SD_FIFO_RAM_1/I1[17]      -0.196  (VIOLATED)
   I_SDRAM_TOP/I_SDRAM_WRITE_FIFO_SD_FIFO_RAM_1/I1[20]      -0.196  (VIOLATED)
   I_SDRAM_TOP/I_SDRAM_WRITE_FIFO_SD_FIFO_RAM_1/I1[12]      -0.195  (VIOLATED)
   I_SDRAM_TOP/I_SDRAM_WRITE_FIFO_SD_FIFO_RAM_1/I1[21]      -0.188  (VIOLATED)
   I_SDRAM_TOP/I_SDRAM_WRITE_FIFO_SD_FIFO_RAM_1/I1[22]      -0.188  (VIOLATED)
   I_SDRAM_TOP/I_SDRAM_WRITE_FIFO_SD_FIFO_RAM_1/I1[23]      -0.188  (VIOLATED)
   I_SDRAM_TOP/I_SDRAM_WRITE_FIFO_SD_FIFO_RAM_1/I1[6]       -0.186  (VIOLATED)
   I_SDRAM_TOP/I_SDRAM_WRITE_FIFO_SD_FIFO_RAM_1/I1[25]      -0.136  (VIOLATED)
   I_SDRAM_TOP/I_SDRAM_WRITE_FIFO_SD_FIFO_RAM_1/I1[26]      -0.136  (VIOLATED)
   I_SDRAM_TOP/I_SDRAM_WRITE_FIFO_SD_FIFO_RAM_1/I1[24]      -0.132  (VIOLATED)
   I_SDRAM_TOP/I_SDRAM_WRITE_FIFO_SD_FIFO_RAM_1/I1[29]      -0.131  (VIOLATED)
   I_SDRAM_TOP/I_SDRAM_WRITE_FIFO_SD_FIFO_RAM_1/I1[30]      -0.131  (VIOLATED)
   I_SDRAM_TOP/I_SDRAM_WRITE_FIFO_SD_FIFO_RAM_1/I1[18]      -0.131  (VIOLATED)
   I_PCI_TOP/I_PCI_WRITE_FIFO_PCI_FIFO_RAM_2/I1[3]          -0.123  (VIOLATED)
   I_PCI_TOP/I_PCI_WRITE_FIFO_PCI_FIFO_RAM_3/I1[0]          -0.096  (VIOLATED)
   I_PCI_TOP/I_PCI_WRITE_FIFO_PCI_FIFO_RAM_5/I1[0]          -0.092  (VIOLATED)
   I_PCI_TOP/I_PCI_WRITE_FIFO_PCI_FIFO_RAM_8/I1[3]          -0.067  (VIOLATED)
   I_PCI_TOP/I_PCI_WRITE_FIFO_PCI_FIFO_RAM_5/I1[1]          -0.053  (VIOLATED)
   I_PCI_TOP/I_PCI_WRITE_FIFO_PCI_FIFO_RAM_6/I1[0]          -0.053  (VIOLATED)
   I_PCI_TOP/I_PCI_WRITE_FIFO_PCI_FIFO_RAM_3/I1[1]          -0.051  (VIOLATED)
   I_PCI_TOP/I_PCI_WRITE_FIFO_PCI_FIFO_RAM_6/I1[3]          -0.045  (VIOLATED)
   I_PCI_TOP/I_PCI_WRITE_FIFO_PCI_FIFO_RAM_6/I1[1]          -0.045  (VIOLATED)
   I_PCI_TOP/I_PCI_WRITE_FIFO_PCI_FIFO_RAM_6/I1[2]          -0.045  (VIOLATED)
   I_SDRAM_TOP/I_SDRAM_WRITE_FIFO_SD_FIFO_RAM_1/I1[15]      -0.024  (VIOLATED)
   I_PCI_TOP/I_PCI_WRITE_FIFO_PCI_FIFO_RAM_5/I1[2]          -0.002  (VIOLATED)



   clock_gating_setup

   Endpoint                                                  Slack
   -----------------------------------------------------------------
   I_RISC_CORE/I_STACK_TOP_I2_STACK_MEM_clk_gate_Stack_Mem_reg_5_/latch/EN
                                                            -3.964  (VIOLATED)
   I_RISC_CORE/I_STACK_TOP_I2_STACK_MEM_clk_gate_Stack_Mem_reg_6_/latch/EN
                                                            -3.964  (VIOLATED)
   I_RISC_CORE/I_STACK_TOP_I2_STACK_MEM_clk_gate_Stack_Mem_reg_7_/latch/EN
                                                            -3.761  (VIOLATED)
   I_RISC_CORE/I_STACK_TOP_I2_STACK_MEM_clk_gate_Stack_Mem_reg_4_/latch/EN
                                                            -3.724  (VIOLATED)
   I_RISC_CORE/I_STACK_TOP_I2_STACK_MEM_clk_gate_Stack_Mem_reg_1_/latch/EN
                                                            -3.718  (VIOLATED)
   I_RISC_CORE/I_STACK_TOP_I2_STACK_MEM_clk_gate_Stack_Mem_reg_2_/latch/EN
                                                            -3.718  (VIOLATED)
   I_RISC_CORE/I_STACK_TOP_I2_STACK_MEM_clk_gate_Stack_Mem_reg_3_/latch/EN
                                                            -3.486  (VIOLATED)
   I_RISC_CORE/I_STACK_TOP_I2_STACK_MEM_clk_gate_Stack_Mem_reg_0_/latch/EN
                                                            -3.409  (VIOLATED)
   I_RISC_CORE/I_STACK_TOP_I_STACK_FSM_clk_gate_TOS_int_reg/latch/EN
                                                            -3.325  (VIOLATED)
   I_RISC_CORE/I_STACK_TOP_I2_STACK_MEM_clk_gate_PopDataOut_reg/latch/EN
                                                            -1.533  (VIOLATED)
   I_RISC_CORE/I_DATA_PATH_clk_gate_Oprnd_A_reg/latch/EN    -1.460  (VIOLATED)
   I_RISC_CORE/I_DATA_PATH_clk_gate_Oprnd_B_reg/latch/EN    -1.460  (VIOLATED)
   I_RISC_CORE/I_DATA_PATH_clk_gate_PSWL_Carry_reg/latch/EN
                                                            -1.176  (VIOLATED)
   I_RISC_CORE/I_INSTRN_LAT_clk_gate_Crnt_Instrn_2_reg/latch/EN
                                                            -0.804  (VIOLATED)
   I_RISC_CORE/I_ALU_clk_gate_Lachd_Result_reg/latch/EN     -0.793  (VIOLATED)
   I_RISC_CORE/I_PRGRM_CNT_TOP_I_PRGRM_CNT_clk_gate_PCint_reg/latch/EN
                                                            -0.500  (VIOLATED)


   sequential_clock_pulse_width

                             Required        Actual
   Pin                      pulse width    pulse width       Slack
   -----------------------------------------------------------------
   I_RISC_CORE/I_PRGRM_CNT_TOP_I_PRGRM_FSM_Current_State_reg_1_/CLK (low)
                               1.060          0.939         -0.121  (VIOLATED)
   I_RISC_CORE/I_PRGRM_CNT_TOP_I_PRGRM_FSM_Current_State_reg_2_/CLK (low)
                               1.060          0.939         -0.121  (VIOLATED)
   I_RISC_CORE/I_STACK_TOP_I_STACK_FSM_TOS_int_reg_0_/CLK (low)
                               1.060          0.945         -0.115  (VIOLATED)
   I_RISC_CORE/I_PRGRM_CNT_TOP_I_PRGRM_CNT_PCint_reg_0_/CLK (low)
                               1.060          0.945         -0.115  (VIOLATED)
   I_RISC_CORE/I_PRGRM_CNT_TOP_I_PRGRM_CNT_PCint_reg_2_/CLK (low)
                               1.060          0.945         -0.115  (VIOLATED)
   I_RISC_CORE/I_PRGRM_CNT_TOP_I_PRGRM_CNT_PCint_reg_4_/CLK (low)
                               1.060          0.945         -0.115  (VIOLATED)
   I_RISC_CORE/I_PRGRM_CNT_TOP_I_PRGRM_CNT_PCint_reg_5_/CLK (low)
                               1.060          0.945         -0.115  (VIOLATED)
   I_RISC_CORE/I_CONTROL_UseData_Imm_Or_ALU_reg/CLK (low)
                               1.036          0.939         -0.096  (VIOLATED)
   I_RISC_CORE/I_CONTROL_UseData_Imm_Or_RegB_reg/CLK (low)
                               1.036          0.939         -0.096  (VIOLATED)
   I_RISC_CORE/I_PRGRM_CNT_TOP_I_PRGRM_FSM_Current_State_reg_0_/CLK (low)
                               1.036          0.939         -0.096  (VIOLATED)
   I_RISC_CORE/I_STACK_TOP_I_STACK_FSM_STACK_FULL_reg/CLK (low)
                               1.036          0.939         -0.096  (VIOLATED)
   I_CLOCKING/sys_2x_rst_ff_reg/CLK (low)
                               1.036          0.941         -0.094  (VIOLATED)
   I_RISC_CORE/I_STACK_TOP_I_STACK_FSM_Crnt_Stack_reg_0_/CLK (low)
                               1.036          0.945         -0.091  (VIOLATED)
   I_RISC_CORE/I_STACK_TOP_I_STACK_FSM_Crnt_Stack_reg_1_/CLK (low)
                               1.036          0.945         -0.091  (VIOLATED)
   I_RISC_CORE/I_STACK_TOP_I_STACK_FSM_TOS_int_reg_1_/CLK (low)
                               1.036          0.945         -0.091  (VIOLATED)
   I_RISC_CORE/I_STACK_TOP_I_STACK_FSM_TOS_int_reg_2_/CLK (low)
                               1.036          0.945         -0.091  (VIOLATED)
   I_RISC_CORE/I_PRGRM_CNT_TOP_I_PRGRM_CNT_PCint_reg_1_/CLK (low)
                               1.036          0.945         -0.090  (VIOLATED)
   I_RISC_CORE/I_PRGRM_CNT_TOP_I_PRGRM_CNT_PCint_reg_3_/CLK (low)
                               1.036          0.945         -0.090  (VIOLATED)
   I_RISC_CORE/I_PRGRM_CNT_TOP_I_PRGRM_CNT_PCint_reg_6_/CLK (low)
                               1.036          0.945         -0.090  (VIOLATED)
   I_RISC_CORE/I_PRGRM_CNT_TOP_I_PRGRM_CNT_PCint_reg_7_/CLK (low)
                               1.036          0.945         -0.090  (VIOLATED)
   I_RISC_CORE/I_DATA_PATH_PSWL_Zro_reg/CLK (low)
                               1.036          0.959         -0.077  (VIOLATED)
   I_RISC_CORE/R_32/CLK (low)
                               1.036          0.959         -0.077  (VIOLATED)
   I_RISC_CORE/I_INSTRN_LAT_Crnt_Instrn_2_reg_2_/CLK (low)
                               0.964          0.933         -0.030  (VIOLATED)
   I_RISC_CORE/I_INSTRN_LAT_Crnt_Instrn_2_reg_3_/CLK (low)
                               0.964          0.933         -0.030  (VIOLATED)
   I_RISC_CORE/I_INSTRN_LAT_Crnt_Instrn_2_reg_4_/CLK (low)
                               0.964          0.933         -0.030  (VIOLATED)
   I_RISC_CORE/I_INSTRN_LAT_Crnt_Instrn_2_reg_6_/CLK (low)
                               0.964          0.933         -0.030  (VIOLATED)
   I_RISC_CORE/I_INSTRN_LAT_Crnt_Instrn_2_reg_8_/CLK (low)
                               0.964          0.933         -0.030  (VIOLATED)
   I_RISC_CORE/I_INSTRN_LAT_Crnt_Instrn_2_reg_9_/CLK (low)
                               0.964          0.933         -0.030  (VIOLATED)
   I_RISC_CORE/I_INSTRN_LAT_Crnt_Instrn_2_reg_12_/CLK (low)
                               0.964          0.933         -0.030  (VIOLATED)
   I_RISC_CORE/I_INSTRN_LAT_Crnt_Instrn_2_reg_18_/CLK (low)
                               0.964          0.933         -0.030  (VIOLATED)
   I_RISC_CORE/I_INSTRN_LAT_Crnt_Instrn_2_reg_19_/CLK (low)
                               0.964          0.933         -0.030  (VIOLATED)
   I_RISC_CORE/I_INSTRN_LAT_Crnt_Instrn_2_reg_21_/CLK (low)
                               0.964          0.933         -0.030  (VIOLATED)
   I_RISC_CORE/I_INSTRN_LAT_Crnt_Instrn_2_reg_22_/CLK (low)
                               0.964          0.933         -0.030  (VIOLATED)
   I_RISC_CORE/I_INSTRN_LAT_Crnt_Instrn_2_reg_25_/CLK (low)
                               0.964          0.933         -0.030  (VIOLATED)
   I_RISC_CORE/I_DATA_PATH_Oprnd_A_reg_5_/CLK (low)
                               0.964          0.934         -0.030  (VIOLATED)
   I_RISC_CORE/I_DATA_PATH_Oprnd_A_reg_6_/CLK (low)
                               0.964          0.934         -0.030  (VIOLATED)
   I_RISC_CORE/I_DATA_PATH_Oprnd_A_reg_9_/CLK (low)
                               0.964          0.934         -0.030  (VIOLATED)
   I_RISC_CORE/I_DATA_PATH_Oprnd_A_reg_10_/CLK (low)
                               0.964          0.934         -0.030  (VIOLATED)
   I_RISC_CORE/I_DATA_PATH_Oprnd_A_reg_11_/CLK (low)
                               0.964          0.934         -0.030  (VIOLATED)
   I_RISC_CORE/I_DATA_PATH_Oprnd_A_reg_13_/CLK (low)
                               0.964          0.934         -0.030  (VIOLATED)
   I_RISC_CORE/I_DATA_PATH_Oprnd_B_reg_9_/CLK (low)
                               0.964          0.934         -0.029  (VIOLATED)
   I_RISC_CORE/I_DATA_PATH_Oprnd_B_reg_11_/CLK (low)
                               0.964          0.934         -0.029  (VIOLATED)
   I_RISC_CORE/I_DATA_PATH_Oprnd_B_reg_12_/CLK (low)
                               0.964          0.934         -0.029  (VIOLATED)
   I_RISC_CORE/I_DATA_PATH_Oprnd_B_reg_14_/CLK (low)
                               0.964          0.934         -0.029  (VIOLATED)
   I_RISC_CORE/I_DATA_PATH_Oprnd_B_reg_15_/CLK (low)
                               0.964          0.934         -0.029  (VIOLATED)
   I_RISC_CORE/I_ALU_Lachd_Result_reg_1_/CLK (low)
                               0.964          0.935         -0.028  (VIOLATED)
   I_RISC_CORE/I_INSTRN_LAT_Crnt_Instrn_2_reg_5_/CLK (low)
                               0.937          0.933         -0.004  (VIOLATED)
   I_RISC_CORE/I_INSTRN_LAT_Crnt_Instrn_2_reg_7_/CLK (low)
                               0.937          0.933         -0.004  (VIOLATED)
   I_RISC_CORE/I_INSTRN_LAT_Crnt_Instrn_2_reg_10_/CLK (low)
                               0.937          0.933         -0.004  (VIOLATED)
   I_RISC_CORE/I_INSTRN_LAT_Crnt_Instrn_2_reg_11_/CLK (low)
                               0.937          0.933         -0.004  (VIOLATED)
   I_RISC_CORE/I_INSTRN_LAT_Crnt_Instrn_2_reg_13_/CLK (low)
                               0.937          0.933         -0.004  (VIOLATED)
   I_RISC_CORE/I_INSTRN_LAT_Crnt_Instrn_2_reg_15_/CLK (low)
                               0.937          0.933         -0.004  (VIOLATED)
   I_RISC_CORE/I_INSTRN_LAT_Crnt_Instrn_2_reg_16_/CLK (low)
                               0.937          0.933         -0.004  (VIOLATED)
   I_RISC_CORE/I_INSTRN_LAT_Crnt_Instrn_2_reg_17_/CLK (low)
                               0.937          0.933         -0.004  (VIOLATED)
   I_RISC_CORE/I_INSTRN_LAT_Crnt_Instrn_2_reg_20_/CLK (low)
                               0.937          0.933         -0.004  (VIOLATED)
   I_RISC_CORE/I_STACK_TOP_I1_STACK_MEM_PopDataOut_reg_0_/CLK (low)
                               0.937          0.934         -0.004  (VIOLATED)
   I_RISC_CORE/I_STACK_TOP_I1_STACK_MEM_PopDataOut_reg_1_/CLK (low)
                               0.937          0.934         -0.004  (VIOLATED)
   I_RISC_CORE/I_STACK_TOP_I1_STACK_MEM_PopDataOut_reg_2_/CLK (low)
                               0.937          0.934         -0.004  (VIOLATED)
   I_RISC_CORE/I_STACK_TOP_I1_STACK_MEM_PopDataOut_reg_3_/CLK (low)
                               0.937          0.934         -0.004  (VIOLATED)
   I_RISC_CORE/I_STACK_TOP_I1_STACK_MEM_Stack_Mem_reg_0__0_/CLK (low)
                               0.937          0.934         -0.004  (VIOLATED)
   I_RISC_CORE/I_STACK_TOP_I1_STACK_MEM_Stack_Mem_reg_0__1_/CLK (low)
                               0.937          0.934         -0.004  (VIOLATED)
   I_RISC_CORE/I_STACK_TOP_I1_STACK_MEM_Stack_Mem_reg_0__2_/CLK (low)
                               0.937          0.934         -0.004  (VIOLATED)
   I_RISC_CORE/I_STACK_TOP_I1_STACK_MEM_Stack_Mem_reg_0__3_/CLK (low)
                               0.937          0.934         -0.004  (VIOLATED)
   I_RISC_CORE/I_STACK_TOP_I1_STACK_MEM_Stack_Mem_reg_1__0_/CLK (low)
                               0.937          0.934         -0.004  (VIOLATED)
   I_RISC_CORE/I_STACK_TOP_I1_STACK_MEM_Stack_Mem_reg_1__1_/CLK (low)
                               0.937          0.934         -0.004  (VIOLATED)
   I_RISC_CORE/I_STACK_TOP_I1_STACK_MEM_Stack_Mem_reg_1__2_/CLK (low)
                               0.937          0.934         -0.004  (VIOLATED)
   I_RISC_CORE/I_STACK_TOP_I1_STACK_MEM_Stack_Mem_reg_1__3_/CLK (low)
                               0.937          0.934         -0.004  (VIOLATED)
   I_RISC_CORE/I_STACK_TOP_I1_STACK_MEM_Stack_Mem_reg_2__0_/CLK (low)
                               0.937          0.934         -0.004  (VIOLATED)
   I_RISC_CORE/I_STACK_TOP_I1_STACK_MEM_Stack_Mem_reg_2__1_/CLK (low)
                               0.937          0.934         -0.004  (VIOLATED)
   I_RISC_CORE/I_STACK_TOP_I1_STACK_MEM_Stack_Mem_reg_2__2_/CLK (low)
                               0.937          0.934         -0.004  (VIOLATED)
   I_RISC_CORE/I_STACK_TOP_I1_STACK_MEM_Stack_Mem_reg_2__3_/CLK (low)
                               0.937          0.934         -0.004  (VIOLATED)
   I_RISC_CORE/I_STACK_TOP_I1_STACK_MEM_Stack_Mem_reg_3__0_/CLK (low)
                               0.937          0.934         -0.004  (VIOLATED)
   I_RISC_CORE/I_STACK_TOP_I1_STACK_MEM_Stack_Mem_reg_3__1_/CLK (low)
                               0.937          0.934         -0.004  (VIOLATED)
   I_RISC_CORE/I_STACK_TOP_I1_STACK_MEM_Stack_Mem_reg_3__2_/CLK (low)
                               0.937          0.934         -0.004  (VIOLATED)
   I_RISC_CORE/I_STACK_TOP_I1_STACK_MEM_Stack_Mem_reg_3__3_/CLK (low)
                               0.937          0.934         -0.004  (VIOLATED)
   I_RISC_CORE/I_STACK_TOP_I1_STACK_MEM_Stack_Mem_reg_4__0_/CLK (low)
                               0.937          0.934         -0.004  (VIOLATED)
   I_RISC_CORE/I_STACK_TOP_I1_STACK_MEM_Stack_Mem_reg_4__1_/CLK (low)
                               0.937          0.934         -0.004  (VIOLATED)
   I_RISC_CORE/I_STACK_TOP_I1_STACK_MEM_Stack_Mem_reg_4__2_/CLK (low)
                               0.937          0.934         -0.004  (VIOLATED)
   I_RISC_CORE/I_STACK_TOP_I1_STACK_MEM_Stack_Mem_reg_4__3_/CLK (low)
                               0.937          0.934         -0.004  (VIOLATED)
   I_RISC_CORE/I_STACK_TOP_I1_STACK_MEM_Stack_Mem_reg_5__0_/CLK (low)
                               0.937          0.934         -0.004  (VIOLATED)
   I_RISC_CORE/I_STACK_TOP_I1_STACK_MEM_Stack_Mem_reg_5__1_/CLK (low)
                               0.937          0.934         -0.004  (VIOLATED)
   I_RISC_CORE/I_STACK_TOP_I1_STACK_MEM_Stack_Mem_reg_5__2_/CLK (low)
                               0.937          0.934         -0.004  (VIOLATED)
   I_RISC_CORE/I_STACK_TOP_I1_STACK_MEM_Stack_Mem_reg_5__3_/CLK (low)
                               0.937          0.934         -0.004  (VIOLATED)
   I_RISC_CORE/I_STACK_TOP_I1_STACK_MEM_Stack_Mem_reg_6__0_/CLK (low)
                               0.937          0.934         -0.004  (VIOLATED)
   I_RISC_CORE/I_STACK_TOP_I1_STACK_MEM_Stack_Mem_reg_6__1_/CLK (low)
                               0.937          0.934         -0.004  (VIOLATED)
   I_RISC_CORE/I_STACK_TOP_I1_STACK_MEM_Stack_Mem_reg_6__2_/CLK (low)
                               0.937          0.934         -0.004  (VIOLATED)
   I_RISC_CORE/I_STACK_TOP_I1_STACK_MEM_Stack_Mem_reg_6__3_/CLK (low)
                               0.937          0.934         -0.004  (VIOLATED)
   I_RISC_CORE/I_STACK_TOP_I1_STACK_MEM_Stack_Mem_reg_7__0_/CLK (low)
                               0.937          0.934         -0.004  (VIOLATED)
   I_RISC_CORE/I_STACK_TOP_I1_STACK_MEM_Stack_Mem_reg_7__1_/CLK (low)
                               0.937          0.934         -0.004  (VIOLATED)
   I_RISC_CORE/I_STACK_TOP_I1_STACK_MEM_Stack_Mem_reg_7__2_/CLK (low)
                               0.937          0.934         -0.004  (VIOLATED)
   I_RISC_CORE/I_STACK_TOP_I1_STACK_MEM_Stack_Mem_reg_7__3_/CLK (low)
                               0.937          0.934         -0.004  (VIOLATED)
   I_RISC_CORE/I_STACK_TOP_I2_STACK_MEM_PopDataOut_reg_0_/CLK (low)
                               0.937          0.934         -0.004  (VIOLATED)
   I_RISC_CORE/I_STACK_TOP_I2_STACK_MEM_PopDataOut_reg_1_/CLK (low)
                               0.937          0.934         -0.004  (VIOLATED)
   I_RISC_CORE/I_STACK_TOP_I2_STACK_MEM_PopDataOut_reg_2_/CLK (low)
                               0.937          0.934         -0.004  (VIOLATED)
   I_RISC_CORE/I_STACK_TOP_I2_STACK_MEM_PopDataOut_reg_3_/CLK (low)
                               0.937          0.934         -0.004  (VIOLATED)
   I_RISC_CORE/I_STACK_TOP_I2_STACK_MEM_Stack_Mem_reg_0__0_/CLK (low)
                               0.937          0.934         -0.004  (VIOLATED)
   I_RISC_CORE/I_STACK_TOP_I2_STACK_MEM_Stack_Mem_reg_0__1_/CLK (low)
                               0.937          0.934         -0.004  (VIOLATED)
   I_RISC_CORE/I_STACK_TOP_I2_STACK_MEM_Stack_Mem_reg_0__2_/CLK (low)
                               0.937          0.934         -0.004  (VIOLATED)
   I_RISC_CORE/I_STACK_TOP_I2_STACK_MEM_Stack_Mem_reg_0__3_/CLK (low)
                               0.937          0.934         -0.004  (VIOLATED)
   I_RISC_CORE/I_STACK_TOP_I2_STACK_MEM_Stack_Mem_reg_1__0_/CLK (low)
                               0.937          0.934         -0.004  (VIOLATED)
   I_RISC_CORE/I_STACK_TOP_I2_STACK_MEM_Stack_Mem_reg_1__1_/CLK (low)
                               0.937          0.934         -0.004  (VIOLATED)
   I_RISC_CORE/I_STACK_TOP_I2_STACK_MEM_Stack_Mem_reg_1__2_/CLK (low)
                               0.937          0.934         -0.004  (VIOLATED)
   I_RISC_CORE/I_STACK_TOP_I2_STACK_MEM_Stack_Mem_reg_1__3_/CLK (low)
                               0.937          0.934         -0.004  (VIOLATED)
   I_RISC_CORE/I_STACK_TOP_I2_STACK_MEM_Stack_Mem_reg_2__0_/CLK (low)
                               0.937          0.934         -0.004  (VIOLATED)
   I_RISC_CORE/I_STACK_TOP_I2_STACK_MEM_Stack_Mem_reg_2__1_/CLK (low)
                               0.937          0.934         -0.004  (VIOLATED)
   I_RISC_CORE/I_STACK_TOP_I2_STACK_MEM_Stack_Mem_reg_2__2_/CLK (low)
                               0.937          0.934         -0.004  (VIOLATED)
   I_RISC_CORE/I_STACK_TOP_I2_STACK_MEM_Stack_Mem_reg_2__3_/CLK (low)
                               0.937          0.934         -0.004  (VIOLATED)
   I_RISC_CORE/I_STACK_TOP_I2_STACK_MEM_Stack_Mem_reg_3__0_/CLK (low)
                               0.937          0.934         -0.004  (VIOLATED)
   I_RISC_CORE/I_STACK_TOP_I2_STACK_MEM_Stack_Mem_reg_3__1_/CLK (low)
                               0.937          0.934         -0.004  (VIOLATED)
   I_RISC_CORE/I_STACK_TOP_I2_STACK_MEM_Stack_Mem_reg_3__2_/CLK (low)
                               0.937          0.934         -0.004  (VIOLATED)
   I_RISC_CORE/I_STACK_TOP_I2_STACK_MEM_Stack_Mem_reg_3__3_/CLK (low)
                               0.937          0.934         -0.004  (VIOLATED)
   I_RISC_CORE/I_STACK_TOP_I2_STACK_MEM_Stack_Mem_reg_4__0_/CLK (low)
                               0.937          0.934         -0.004  (VIOLATED)
   I_RISC_CORE/I_STACK_TOP_I2_STACK_MEM_Stack_Mem_reg_4__1_/CLK (low)
                               0.937          0.934         -0.004  (VIOLATED)
   I_RISC_CORE/I_STACK_TOP_I2_STACK_MEM_Stack_Mem_reg_4__2_/CLK (low)
                               0.937          0.934         -0.004  (VIOLATED)
   I_RISC_CORE/I_STACK_TOP_I2_STACK_MEM_Stack_Mem_reg_4__3_/CLK (low)
                               0.937          0.934         -0.004  (VIOLATED)
   I_RISC_CORE/I_STACK_TOP_I2_STACK_MEM_Stack_Mem_reg_5__0_/CLK (low)
                               0.937          0.934         -0.004  (VIOLATED)
   I_RISC_CORE/I_STACK_TOP_I2_STACK_MEM_Stack_Mem_reg_5__1_/CLK (low)
                               0.937          0.934         -0.004  (VIOLATED)
   I_RISC_CORE/I_STACK_TOP_I2_STACK_MEM_Stack_Mem_reg_5__2_/CLK (low)
                               0.937          0.934         -0.004  (VIOLATED)
   I_RISC_CORE/I_STACK_TOP_I2_STACK_MEM_Stack_Mem_reg_5__3_/CLK (low)
                               0.937          0.934         -0.004  (VIOLATED)
   I_RISC_CORE/I_STACK_TOP_I2_STACK_MEM_Stack_Mem_reg_6__0_/CLK (low)
                               0.937          0.934         -0.004  (VIOLATED)
   I_RISC_CORE/I_STACK_TOP_I2_STACK_MEM_Stack_Mem_reg_6__1_/CLK (low)
                               0.937          0.934         -0.004  (VIOLATED)
   I_RISC_CORE/I_STACK_TOP_I2_STACK_MEM_Stack_Mem_reg_6__2_/CLK (low)
                               0.937          0.934         -0.004  (VIOLATED)
   I_RISC_CORE/I_STACK_TOP_I2_STACK_MEM_Stack_Mem_reg_6__3_/CLK (low)
                               0.937          0.934         -0.004  (VIOLATED)
   I_RISC_CORE/I_STACK_TOP_I2_STACK_MEM_Stack_Mem_reg_7__0_/CLK (low)
                               0.937          0.934         -0.004  (VIOLATED)
   I_RISC_CORE/I_STACK_TOP_I2_STACK_MEM_Stack_Mem_reg_7__1_/CLK (low)
                               0.937          0.934         -0.004  (VIOLATED)
   I_RISC_CORE/I_STACK_TOP_I2_STACK_MEM_Stack_Mem_reg_7__2_/CLK (low)
                               0.937          0.934         -0.004  (VIOLATED)
   I_RISC_CORE/I_STACK_TOP_I2_STACK_MEM_Stack_Mem_reg_7__3_/CLK (low)
                               0.937          0.934         -0.004  (VIOLATED)
   I_RISC_CORE/I_STACK_TOP_I3_STACK_MEM_PopDataOut_reg_2_/CLK (low)
                               0.937          0.934         -0.004  (VIOLATED)
   I_RISC_CORE/I_STACK_TOP_I3_STACK_MEM_Stack_Mem_reg_0__2_/CLK (low)
                               0.937          0.934         -0.004  (VIOLATED)
   I_RISC_CORE/I_STACK_TOP_I3_STACK_MEM_Stack_Mem_reg_1__2_/CLK (low)
                               0.937          0.934         -0.004  (VIOLATED)
   I_RISC_CORE/I_STACK_TOP_I3_STACK_MEM_Stack_Mem_reg_2__2_/CLK (low)
                               0.937          0.934         -0.004  (VIOLATED)
   I_RISC_CORE/I_STACK_TOP_I3_STACK_MEM_Stack_Mem_reg_3__2_/CLK (low)
                               0.937          0.934         -0.004  (VIOLATED)
   I_RISC_CORE/I_STACK_TOP_I3_STACK_MEM_Stack_Mem_reg_4__2_/CLK (low)
                               0.937          0.934         -0.004  (VIOLATED)
   I_RISC_CORE/I_STACK_TOP_I3_STACK_MEM_Stack_Mem_reg_5__2_/CLK (low)
                               0.937          0.934         -0.004  (VIOLATED)
   I_RISC_CORE/I_STACK_TOP_I3_STACK_MEM_Stack_Mem_reg_6__2_/CLK (low)
                               0.937          0.934         -0.004  (VIOLATED)
   I_RISC_CORE/I_STACK_TOP_I3_STACK_MEM_Stack_Mem_reg_7__2_/CLK (low)
                               0.937          0.934         -0.004  (VIOLATED)
   I_RISC_CORE/I_DATA_PATH_Oprnd_A_reg_8_/CLK (low)
                               0.937          0.934         -0.003  (VIOLATED)
   I_RISC_CORE/I_DATA_PATH_Oprnd_A_reg_15_/CLK (low)
                               0.937          0.934         -0.003  (VIOLATED)
   I_RISC_CORE/I_ALU_Lachd_Result_reg_2_/CLK (low)
                               0.937          0.935         -0.002  (VIOLATED)
   I_RISC_CORE/I_ALU_Lachd_Result_reg_3_/CLK (low)
                               0.937          0.935         -0.002  (VIOLATED)
   I_RISC_CORE/I_ALU_Lachd_Result_reg_4_/CLK (low)
                               0.937          0.935         -0.002  (VIOLATED)
   I_RISC_CORE/I_ALU_Lachd_Result_reg_5_/CLK (low)
                               0.937          0.935         -0.002  (VIOLATED)
   I_RISC_CORE/I_ALU_Lachd_Result_reg_6_/CLK (low)
                               0.937          0.935         -0.002  (VIOLATED)
   I_RISC_CORE/I_ALU_Lachd_Result_reg_7_/CLK (low)
                               0.937          0.935         -0.002  (VIOLATED)
   I_RISC_CORE/I_ALU_Lachd_Result_reg_8_/CLK (low)
                               0.937          0.935         -0.002  (VIOLATED)
   I_RISC_CORE/I_ALU_Lachd_Result_reg_9_/CLK (low)
                               0.937          0.935         -0.002  (VIOLATED)
   I_RISC_CORE/I_ALU_Lachd_Result_reg_10_/CLK (low)
                               0.937          0.935         -0.002  (VIOLATED)
   I_RISC_CORE/I_ALU_Lachd_Result_reg_11_/CLK (low)
                               0.937          0.935         -0.002  (VIOLATED)
   I_RISC_CORE/I_ALU_Lachd_Result_reg_12_/CLK (low)
                               0.937          0.935         -0.002  (VIOLATED)
   I_RISC_CORE/R_33/CLK (low)
                               0.937          0.935         -0.002  (VIOLATED)


   max_capacitance

                             Required        Actual
   Pin                      Capacitance    Capacitance       Slack
   -----------------------------------------------------------------
   ZBUF_68_inst_23125/Y       82.000        170.314        -88.314  (VIOLATED)
   ZBUF_145_inst_23126/Y      82.000        150.238        -68.238  (VIOLATED)
   HFSBUF_11_175/Y            82.000        100.004        -18.004  (VIOLATED)
   HFSBUF_11_176/Y            82.000        100.004        -18.004  (VIOLATED)
   HFSBUF_11_177/Y            82.000        100.004        -18.004  (VIOLATED)
   HFSBUF_11_178/Y            82.000        100.004        -18.004  (VIOLATED)
   HFSBUF_11_179/Y            82.000        100.004        -18.004  (VIOLATED)
   HFSBUF_11_180/Y            82.000        100.004        -18.004  (VIOLATED)
   HFSBUF_11_182/Y            82.000        100.004        -18.004  (VIOLATED)
   HFSBUF_11_184/Y            82.000        100.004        -18.004  (VIOLATED)
   HFSBUF_11_186/Y            82.000        100.004        -18.004  (VIOLATED)
   HFSBUF_11_187/Y            82.000        100.004        -18.004  (VIOLATED)
   HFSBUF_11_188/Y            82.000        100.004        -18.004  (VIOLATED)
   HFSBUF_11_189/Y            82.000        100.004        -18.004  (VIOLATED)
   HFSBUF_11_192/Y            82.000        100.004        -18.004  (VIOLATED)
   HFSBUF_11_196/Y            82.000        100.004        -18.004  (VIOLATED)
   HFSBUF_11_197/Y            82.000        100.004        -18.004  (VIOLATED)
   HFSBUF_11_198/Y            82.000        100.004        -18.004  (VIOLATED)
   I_PCI_TOP/HFSBUF_8_181/Y   82.000        100.004        -18.004  (VIOLATED)
   ZBUF_4_inst_23127/Y        82.000        100.004        -18.004  (VIOLATED)
   ZBUF_4_inst_23128/Y        82.000        100.004        -18.004  (VIOLATED)
   ZBUF_4_inst_53726/Y        82.000        100.004        -18.004  (VIOLATED)
   ZBUF_4_inst_53727/Y        82.000        100.004        -18.004  (VIOLATED)
   ZBUF_4_inst_53728/Y        82.000        100.004        -18.004  (VIOLATED)
   ZBUF_4_inst_54929/Y        82.000        100.004        -18.004  (VIOLATED)
   ZBUF_4_inst_54930/Y        82.000        100.004        -18.004  (VIOLATED)
   ZBUF_4_inst_54931/Y        82.000        100.004        -18.004  (VIOLATED)


   min_capacitance

                             Required        Actual
   Pin                      Capacitance    Capacitance       Slack
   -----------------------------------------------------------------
   I_RISC_CORE/I_REG_FILE_REG_FILE_B_RAM/O2[0]
                               0.100          0.011         -0.089  (VIOLATED)
   I_RISC_CORE/I_REG_FILE_REG_FILE_B_RAM/O2[1]
                               0.100          0.011         -0.089  (VIOLATED)
   I_RISC_CORE/I_REG_FILE_REG_FILE_B_RAM/O2[2]
                               0.100          0.011         -0.089  (VIOLATED)
   I_RISC_CORE/I_REG_FILE_REG_FILE_B_RAM/O2[3]
                               0.100          0.011         -0.089  (VIOLATED)
   I_RISC_CORE/I_REG_FILE_REG_FILE_B_RAM/O2[4]
                               0.100          0.011         -0.089  (VIOLATED)
   I_RISC_CORE/I_REG_FILE_REG_FILE_B_RAM/O2[5]
                               0.100          0.011         -0.089  (VIOLATED)
   I_RISC_CORE/I_REG_FILE_REG_FILE_B_RAM/O2[6]
                               0.100          0.011         -0.089  (VIOLATED)
   I_RISC_CORE/I_REG_FILE_REG_FILE_B_RAM/O2[7]
                               0.100          0.011         -0.089  (VIOLATED)
   I_RISC_CORE/I_REG_FILE_REG_FILE_D_RAM/O2[8]
                               0.100          0.011         -0.089  (VIOLATED)
   I_RISC_CORE/I_REG_FILE_REG_FILE_D_RAM/O2[9]
                               0.100          0.011         -0.089  (VIOLATED)
   I_RISC_CORE/I_REG_FILE_REG_FILE_D_RAM/O2[10]
                               0.100          0.011         -0.089  (VIOLATED)
   I_RISC_CORE/I_REG_FILE_REG_FILE_D_RAM/O2[11]
                               0.100          0.011         -0.089  (VIOLATED)
   I_RISC_CORE/I_REG_FILE_REG_FILE_D_RAM/O2[12]
                               0.100          0.011         -0.089  (VIOLATED)
   I_RISC_CORE/I_REG_FILE_REG_FILE_D_RAM/O2[13]
                               0.100          0.011         -0.089  (VIOLATED)
   I_RISC_CORE/I_REG_FILE_REG_FILE_D_RAM/O2[14]
                               0.100          0.011         -0.089  (VIOLATED)
   I_RISC_CORE/I_REG_FILE_REG_FILE_D_RAM/O2[15]
                               0.100          0.011         -0.089  (VIOLATED)


1
