****************************************
Report : constraint
	-all_violators
	-path slack_only
Design : ORCA_TOP
Version: O-2018.06
Date   : Sat May 27 23:49:34 2023
****************************************


   max_delay/setup ('PCI_CLK' group)

   Endpoint                                                  Slack
   -----------------------------------------------------------------
   I_PCI_TOP/I_PCI_CORE_mega_shift_reg_4__28_/D             -0.077  (VIOLATED)
   I_PCI_TOP/I_PCI_CORE_mega_shift_reg_0__30_/D             -0.067  (VIOLATED)
   I_PCI_TOP/I_PCI_CORE_mega_shift_reg_1__30_/D             -0.059  (VIOLATED)
   I_PCI_TOP/I_PCI_CORE_mega_shift_reg_4__30_/D             -0.058  (VIOLATED)
   I_PCI_TOP/I_PCI_CORE_mega_shift_reg_6__30_/D             -0.053  (VIOLATED)
   I_PCI_TOP/I_PCI_CORE_mega_shift_reg_9__30_/D             -0.052  (VIOLATED)
   I_PCI_TOP/I_PCI_CORE_mega_shift_reg_8__30_/D             -0.051  (VIOLATED)
   I_PCI_TOP/I_PCI_CORE_mega_shift_reg_1__31_/D             -0.048  (VIOLATED)
   I_PCI_TOP/I_PCI_CORE_mega_shift_reg_5__30_/D             -0.047  (VIOLATED)
   I_PCI_TOP/I_PCI_CORE_mega_shift_reg_2__30_/D             -0.047  (VIOLATED)
   I_PCI_TOP/I_PCI_CORE_mega_shift_reg_8__31_/D             -0.045  (VIOLATED)
   I_PCI_TOP/I_PCI_CORE_mega_shift_reg_0__23_/D             -0.045  (VIOLATED)
   I_PCI_TOP/I_PCI_CORE_mega_shift_reg_3__30_/D             -0.044  (VIOLATED)
   I_PCI_TOP/I_PCI_CORE_mega_shift_reg_0__28_/D             -0.042  (VIOLATED)
   I_PCI_TOP/I_PCI_CORE_mega_shift_reg_0__29_/D             -0.041  (VIOLATED)
   I_PCI_TOP/I_PCI_CORE_mega_shift_reg_4__31_/D             -0.038  (VIOLATED)
   I_PCI_TOP/I_PCI_CORE_mega_shift_reg_7__30_/D             -0.037  (VIOLATED)
   I_PCI_TOP/I_PCI_CORE_mega_shift_reg_9__31_/D             -0.035  (VIOLATED)
   I_PCI_TOP/I_PCI_CORE_mega_shift_reg_6__31_/D             -0.034  (VIOLATED)
   I_PCI_TOP/I_PCI_CORE_mega_shift_reg_0__31_/D             -0.031  (VIOLATED)
   I_PCI_TOP/I_PCI_CORE_mega_shift_reg_5__31_/D             -0.029  (VIOLATED)
   I_PCI_TOP/I_PCI_CORE_mega_shift_reg_2__31_/D             -0.018  (VIOLATED)
   I_PCI_TOP/I_PCI_CORE_mega_shift_reg_3__31_/D             -0.018  (VIOLATED)
   I_PCI_TOP/I_PCI_CORE_mega_shift_reg_3__29_/D             -0.017  (VIOLATED)
   I_PCI_TOP/I_PCI_CORE_mega_shift_reg_7__31_/D             -0.012  (VIOLATED)

   max_delay/setup ('SDRAM_CLK' group)

   Endpoint                                                  Slack
   -----------------------------------------------------------------
   I_SDRAM_TOP/I_SDRAM_IF/mega_shift_0_reg_16__15_/D        -0.089  (VIOLATED)
   I_SDRAM_TOP/I_SDRAM_IF/mega_shift_1_reg_26__19_/D        -0.085  (VIOLATED)
   I_SDRAM_TOP/I_SDRAM_IF/mega_shift_0_reg_18__11_/D        -0.071  (VIOLATED)
   I_SDRAM_TOP/I_SDRAM_IF/mega_shift_1_reg_35__25_/D        -0.066  (VIOLATED)
   occ_int2/U_clk_control_i_1/U_cycle_ctr_i/tercnt_n_reg_reg/D
                                                            -0.064  (VIOLATED)
   I_SDRAM_TOP/I_SDRAM_IF/mega_shift_1_reg_26__18_/D        -0.064  (VIOLATED)
   I_SDRAM_TOP/I_SDRAM_IF/mega_shift_1_reg_29__26_/D        -0.063  (VIOLATED)
   I_SDRAM_TOP/I_SDRAM_IF/mega_shift_0_reg_18__15_/D        -0.060  (VIOLATED)
   I_SDRAM_TOP/I_SDRAM_IF/mega_shift_1_reg_26__15_/D        -0.059  (VIOLATED)
   I_SDRAM_TOP/I_SDRAM_IF/mega_shift_0_reg_34__0_/D         -0.056  (VIOLATED)
   I_SDRAM_TOP/I_SDRAM_IF/mega_shift_0_reg_10__4_/D         -0.055  (VIOLATED)
   I_SDRAM_TOP/I_SDRAM_IF/mega_shift_1_reg_21__24_/D        -0.055  (VIOLATED)
   I_SDRAM_TOP/I_SDRAM_IF/mega_shift_1_reg_38__15_/D        -0.055  (VIOLATED)
   I_SDRAM_TOP/I_SDRAM_IF/mega_shift_1_reg_16__12_/D        -0.053  (VIOLATED)
   I_SDRAM_TOP/I_SDRAM_IF/mega_shift_1_reg_26__17_/D        -0.053  (VIOLATED)
   I_SDRAM_TOP/I_SDRAM_IF/mega_shift_0_reg_2__19_/D         -0.052  (VIOLATED)
   I_SDRAM_TOP/I_SDRAM_IF/mega_shift_1_reg_13__27_/D        -0.052  (VIOLATED)
   I_SDRAM_TOP/I_SDRAM_IF/mega_shift_1_reg_36__8_/D         -0.051  (VIOLATED)
   I_SDRAM_TOP/I_SDRAM_IF/mega_shift_1_reg_24__9_/D         -0.050  (VIOLATED)
   I_SDRAM_TOP/I_SDRAM_IF/DQ_in_0_reg_9_/D                  -0.050  (VIOLATED)
   I_SDRAM_TOP/I_SDRAM_IF/mega_shift_1_reg_1__12_/D         -0.050  (VIOLATED)
   I_SDRAM_TOP/I_SDRAM_IF/mega_shift_1_reg_16__14_/D        -0.050  (VIOLATED)
   I_SDRAM_TOP/I_SDRAM_IF/mega_shift_1_reg_11__3_/D         -0.050  (VIOLATED)
   I_SDRAM_TOP/I_SDRAM_IF/mega_shift_1_reg_24__1_/D         -0.049  (VIOLATED)
   I_SDRAM_TOP/I_SDRAM_IF/mega_shift_1_reg_27__12_/D        -0.049  (VIOLATED)
   I_SDRAM_TOP/I_SDRAM_IF/DQ_in_0_reg_16_/D                 -0.048  (VIOLATED)
   I_SDRAM_TOP/I_SDRAM_IF/mega_shift_1_reg_34__26_/D        -0.048  (VIOLATED)
   I_SDRAM_TOP/I_SDRAM_IF/mega_shift_1_reg_38__8_/D         -0.047  (VIOLATED)
   I_SDRAM_TOP/I_SDRAM_IF/mega_shift_1_reg_1__16_/D         -0.047  (VIOLATED)
   I_SDRAM_TOP/I_SDRAM_IF/mega_shift_1_reg_11__31_/D        -0.046  (VIOLATED)
   I_SDRAM_TOP/I_SDRAM_IF/mega_shift_0_reg_10__0_/D         -0.046  (VIOLATED)
   I_SDRAM_TOP/I_SDRAM_IF/mega_shift_1_reg_3__6_/D          -0.046  (VIOLATED)
   I_SDRAM_TOP/I_SDRAM_IF/mega_shift_1_reg_15__13_/D        -0.045  (VIOLATED)
   I_SDRAM_TOP/I_SDRAM_IF/mega_shift_1_reg_37__11_/D        -0.044  (VIOLATED)
   I_SDRAM_TOP/I_SDRAM_IF/mega_shift_1_reg_9__15_/D         -0.044  (VIOLATED)
   I_SDRAM_TOP/I_SDRAM_IF/mega_shift_1_reg_5__1_/D          -0.044  (VIOLATED)
   I_SDRAM_TOP/I_SDRAM_IF/mega_shift_1_reg_3__25_/D         -0.044  (VIOLATED)
   I_SDRAM_TOP/I_SDRAM_IF/mega_shift_1_reg_13__13_/D        -0.043  (VIOLATED)
   I_SDRAM_TOP/I_SDRAM_IF/mega_shift_1_reg_20__8_/D         -0.043  (VIOLATED)
   I_SDRAM_TOP/I_SDRAM_IF/mega_shift_0_reg_29__23_/D        -0.043  (VIOLATED)
   I_SDRAM_TOP/I_SDRAM_IF/mega_shift_1_reg_14__25_/D        -0.043  (VIOLATED)
   I_SDRAM_TOP/I_SDRAM_IF/mega_shift_0_reg_30__25_/D        -0.043  (VIOLATED)
   I_SDRAM_TOP/I_SDRAM_IF/mega_shift_1_reg_28__20_/D        -0.043  (VIOLATED)
   I_SDRAM_TOP/I_SDRAM_IF/mega_shift_1_reg_15__12_/D        -0.043  (VIOLATED)
   I_SDRAM_TOP/I_SDRAM_IF/mega_shift_1_reg_36__9_/D         -0.042  (VIOLATED)
   I_SDRAM_TOP/I_SDRAM_IF/mega_shift_1_reg_34__31_/D        -0.042  (VIOLATED)
   I_SDRAM_TOP/I_SDRAM_IF/mega_shift_0_reg_21__31_/D        -0.042  (VIOLATED)
   I_SDRAM_TOP/I_SDRAM_IF/mega_shift_0_reg_21__27_/D        -0.042  (VIOLATED)
   I_SDRAM_TOP/I_SDRAM_IF/mega_shift_0_reg_0__3_/D          -0.041  (VIOLATED)
   I_SDRAM_TOP/I_SDRAM_IF/mega_shift_0_reg_7__10_/D         -0.041  (VIOLATED)
   I_SDRAM_TOP/I_SDRAM_IF/mega_shift_1_reg_22__13_/D        -0.041  (VIOLATED)
   I_SDRAM_TOP/I_SDRAM_IF/mega_shift_1_reg_34__30_/D        -0.041  (VIOLATED)
   I_SDRAM_TOP/I_SDRAM_READ_FIFO_SD_FIFO_CTL_U1_count_int_reg_4_/D
                                                            -0.041  (VIOLATED)
   I_SDRAM_TOP/I_SDRAM_IF/mega_shift_1_reg_24__22_/D        -0.041  (VIOLATED)
   I_SDRAM_TOP/I_SDRAM_IF/mega_shift_1_reg_32__16_/D        -0.040  (VIOLATED)
   I_SDRAM_TOP/I_SDRAM_IF/mega_shift_1_reg_7__29_/D         -0.040  (VIOLATED)
   I_SDRAM_TOP/I_SDRAM_IF/mega_shift_1_reg_27__3_/D         -0.040  (VIOLATED)
   I_SDRAM_TOP/I_SDRAM_IF/mega_shift_1_reg_36__29_/D        -0.040  (VIOLATED)
   I_SDRAM_TOP/I_SDRAM_IF/mega_shift_1_reg_10__27_/D        -0.039  (VIOLATED)
   I_SDRAM_TOP/I_SDRAM_IF/mega_shift_0_reg_30__29_/D        -0.039  (VIOLATED)
   I_SDRAM_TOP/I_SDRAM_IF/mega_shift_0_reg_3__18_/D         -0.039  (VIOLATED)
   I_SDRAM_TOP/I_SDRAM_IF/mega_shift_1_reg_17__8_/D         -0.039  (VIOLATED)
   I_SDRAM_TOP/I_SDRAM_IF/mega_shift_1_reg_33__7_/D         -0.039  (VIOLATED)
   I_SDRAM_TOP/I_SDRAM_IF/mega_shift_1_reg_38__5_/D         -0.039  (VIOLATED)
   I_SDRAM_TOP/I_SDRAM_IF/mega_shift_1_reg_13__15_/D        -0.038  (VIOLATED)
   I_SDRAM_TOP/I_SDRAM_IF/mega_shift_1_reg_14__18_/D        -0.038  (VIOLATED)
   I_SDRAM_TOP/I_SDRAM_IF/mega_shift_1_reg_36__21_/D        -0.038  (VIOLATED)
   I_SDRAM_TOP/I_SDRAM_IF/mega_shift_0_reg_0__11_/D         -0.038  (VIOLATED)
   I_SDRAM_TOP/I_SDRAM_IF/mega_shift_1_reg_7__6_/D          -0.038  (VIOLATED)
   I_SDRAM_TOP/I_SDRAM_IF/mega_shift_0_reg_0__8_/D          -0.038  (VIOLATED)
   I_SDRAM_TOP/I_SDRAM_IF/mega_shift_0_reg_36__1_/D         -0.037  (VIOLATED)
   I_SDRAM_TOP/I_SDRAM_IF/mega_shift_1_reg_39__13_/D        -0.037  (VIOLATED)
   I_SDRAM_TOP/I_SDRAM_IF/mega_shift_1_reg_8__2_/D          -0.037  (VIOLATED)
   I_SDRAM_TOP/I_SDRAM_IF/mega_shift_1_reg_6__3_/D          -0.037  (VIOLATED)
   I_SDRAM_TOP/I_SDRAM_IF/mega_shift_1_reg_17__7_/D         -0.037  (VIOLATED)
   I_SDRAM_TOP/I_SDRAM_IF/mega_shift_1_reg_37__17_/D        -0.036  (VIOLATED)
   I_SDRAM_TOP/I_SDRAM_IF/mega_shift_1_reg_38__10_/D        -0.036  (VIOLATED)
   I_SDRAM_TOP/I_SDRAM_IF/R_10/D                            -0.036  (VIOLATED)
   I_SDRAM_TOP/I_SDRAM_IF/mega_shift_0_reg_16__26_/D        -0.036  (VIOLATED)
   I_SDRAM_TOP/I_SDRAM_IF/mega_shift_1_reg_9__23_/D         -0.036  (VIOLATED)
   I_SDRAM_TOP/I_SDRAM_IF/mega_shift_1_reg_31__2_/D         -0.036  (VIOLATED)
   I_SDRAM_TOP/I_SDRAM_IF/mega_shift_1_reg_19__20_/D        -0.036  (VIOLATED)
   I_SDRAM_TOP/I_SDRAM_IF/mega_shift_0_reg_6__27_/D         -0.036  (VIOLATED)
   I_SDRAM_TOP/I_SDRAM_IF/mega_shift_1_reg_14__12_/D        -0.035  (VIOLATED)
   I_SDRAM_TOP/I_SDRAM_IF/mega_shift_1_reg_31__24_/D        -0.035  (VIOLATED)
   I_SDRAM_TOP/I_SDRAM_IF/mega_shift_0_reg_36__15_/D        -0.035  (VIOLATED)
   I_SDRAM_TOP/I_SDRAM_IF/mega_shift_1_reg_3__20_/D         -0.035  (VIOLATED)
   I_SDRAM_TOP/I_SDRAM_IF/R_17/D                            -0.035  (VIOLATED)
   I_SDRAM_TOP/I_SDRAM_IF/mega_shift_0_reg_32__31_/D        -0.035  (VIOLATED)
   I_SDRAM_TOP/I_SDRAM_IF/mega_shift_1_reg_30__29_/D        -0.035  (VIOLATED)
   I_SDRAM_TOP/I_SDRAM_IF/mega_shift_1_reg_17__6_/D         -0.034  (VIOLATED)
   I_SDRAM_TOP/I_SDRAM_IF/mega_shift_1_reg_10__0_/D         -0.034  (VIOLATED)
   I_SDRAM_TOP/I_SDRAM_IF/mega_shift_1_reg_0__21_/D         -0.034  (VIOLATED)
   I_SDRAM_TOP/I_SDRAM_IF/mega_shift_1_reg_35__0_/D         -0.034  (VIOLATED)
   I_SDRAM_TOP/I_SDRAM_IF/mega_shift_1_reg_0__10_/D         -0.034  (VIOLATED)
   I_SDRAM_TOP/I_SDRAM_IF/mega_shift_1_reg_19__6_/D         -0.034  (VIOLATED)
   I_SDRAM_TOP/I_SDRAM_IF/mega_shift_1_reg_6__23_/D         -0.034  (VIOLATED)
   I_SDRAM_TOP/I_SDRAM_IF/mega_shift_1_reg_12__30_/D        -0.034  (VIOLATED)
   I_SDRAM_TOP/I_SDRAM_IF/mega_shift_1_reg_3__18_/D         -0.033  (VIOLATED)
   I_SDRAM_TOP/I_SDRAM_IF/mega_shift_0_reg_20__26_/D        -0.033  (VIOLATED)
   I_SDRAM_TOP/I_SDRAM_IF/mega_shift_1_reg_6__9_/D          -0.033  (VIOLATED)
   I_SDRAM_TOP/I_SDRAM_IF/mega_shift_1_reg_35__23_/D        -0.033  (VIOLATED)
   I_SDRAM_TOP/I_SDRAM_IF/mega_shift_1_reg_9__19_/D         -0.033  (VIOLATED)
   I_SDRAM_TOP/I_SDRAM_IF/mega_shift_1_reg_13__16_/D        -0.033  (VIOLATED)
   I_SDRAM_TOP/I_SDRAM_IF/mega_shift_1_reg_14__24_/D        -0.033  (VIOLATED)
   I_SDRAM_TOP/I_SDRAM_IF/mega_shift_1_reg_11__16_/D        -0.033  (VIOLATED)
   I_SDRAM_TOP/I_SDRAM_IF/mega_shift_1_reg_19__0_/D         -0.032  (VIOLATED)
   I_SDRAM_TOP/I_SDRAM_IF/mega_shift_1_reg_25__23_/D        -0.032  (VIOLATED)
   I_SDRAM_TOP/I_SDRAM_IF/mega_shift_0_reg_10__23_/D        -0.032  (VIOLATED)
   I_SDRAM_TOP/I_SDRAM_IF/mega_shift_1_reg_38__25_/D        -0.032  (VIOLATED)
   I_SDRAM_TOP/I_SDRAM_IF/mega_shift_0_reg_30__21_/D        -0.032  (VIOLATED)
   I_SDRAM_TOP/I_SDRAM_IF/mega_shift_0_reg_4__24_/D         -0.032  (VIOLATED)
   I_SDRAM_TOP/I_SDRAM_IF/mega_shift_1_reg_5__15_/D         -0.032  (VIOLATED)
   I_SDRAM_TOP/I_SDRAM_IF/mega_shift_1_reg_20__6_/D         -0.032  (VIOLATED)
   I_SDRAM_TOP/I_SDRAM_IF/mega_shift_0_reg_10__7_/D         -0.032  (VIOLATED)
   I_SDRAM_TOP/I_SDRAM_IF/mega_shift_1_reg_14__3_/D         -0.031  (VIOLATED)
   I_SDRAM_TOP/I_SDRAM_IF/mega_shift_1_reg_12__20_/D        -0.031  (VIOLATED)
   I_SDRAM_TOP/I_SDRAM_IF/mega_shift_1_reg_0__31_/D         -0.031  (VIOLATED)
   I_SDRAM_TOP/I_SDRAM_IF/mega_shift_0_reg_16__1_/D         -0.031  (VIOLATED)
   I_SDRAM_TOP/I_SDRAM_IF/mega_shift_1_reg_0__25_/D         -0.031  (VIOLATED)
   I_SDRAM_TOP/I_SDRAM_IF/mega_shift_0_reg_30__26_/D        -0.031  (VIOLATED)
   I_SDRAM_TOP/I_SDRAM_IF/mega_shift_1_reg_18__1_/D         -0.031  (VIOLATED)
   I_SDRAM_TOP/I_SDRAM_IF/mega_shift_1_reg_17__16_/D        -0.030  (VIOLATED)
   I_SDRAM_TOP/I_SDRAM_IF/mega_shift_1_reg_37__18_/D        -0.030  (VIOLATED)
   I_SDRAM_TOP/I_SDRAM_IF/mega_shift_1_reg_39__2_/D         -0.030  (VIOLATED)
   I_SDRAM_TOP/I_SDRAM_IF/mega_shift_1_reg_32__8_/D         -0.030  (VIOLATED)
   I_SDRAM_TOP/I_SDRAM_IF/mega_shift_1_reg_13__4_/D         -0.030  (VIOLATED)
   I_SDRAM_TOP/I_SDRAM_IF/mega_shift_1_reg_24__21_/D        -0.030  (VIOLATED)
   I_SDRAM_TOP/I_SDRAM_IF/mega_shift_1_reg_2__2_/D          -0.030  (VIOLATED)
   I_SDRAM_TOP/I_SDRAM_IF/mega_shift_1_reg_4__6_/D          -0.030  (VIOLATED)
   I_SDRAM_TOP/I_SDRAM_IF/mega_shift_1_reg_9__16_/D         -0.029  (VIOLATED)
   I_SDRAM_TOP/I_SDRAM_IF/mega_shift_1_reg_33__14_/D        -0.029  (VIOLATED)
   I_SDRAM_TOP/I_SDRAM_IF/mega_shift_1_reg_5__21_/D         -0.029  (VIOLATED)
   I_SDRAM_TOP/I_SDRAM_IF/mega_shift_0_reg_4__16_/D         -0.028  (VIOLATED)
   I_SDRAM_TOP/I_SDRAM_IF/mega_shift_1_reg_12__21_/D        -0.028  (VIOLATED)
   I_SDRAM_TOP/I_SDRAM_IF/mega_shift_1_reg_18__27_/D        -0.028  (VIOLATED)
   I_SDRAM_TOP/I_SDRAM_IF/mega_shift_1_reg_14__4_/D         -0.028  (VIOLATED)
   I_SDRAM_TOP/I_SDRAM_IF/mega_shift_0_reg_8__4_/D          -0.028  (VIOLATED)
   I_SDRAM_TOP/I_SDRAM_IF/mega_shift_1_reg_11__27_/D        -0.028  (VIOLATED)
   I_SDRAM_TOP/I_SDRAM_IF/mega_shift_1_reg_38__23_/D        -0.028  (VIOLATED)
   I_SDRAM_TOP/I_SDRAM_IF/mega_shift_1_reg_29__14_/D        -0.028  (VIOLATED)
   I_SDRAM_TOP/I_SDRAM_IF/mega_shift_1_reg_11__9_/D         -0.028  (VIOLATED)
   I_SDRAM_TOP/I_SDRAM_IF/mega_shift_0_reg_8__15_/D         -0.028  (VIOLATED)
   I_SDRAM_TOP/I_SDRAM_IF/mega_shift_1_reg_23__16_/D        -0.028  (VIOLATED)
   I_SDRAM_TOP/I_SDRAM_IF/mega_shift_1_reg_27__5_/D         -0.028  (VIOLATED)
   I_SDRAM_TOP/I_SDRAM_IF/DQ_in_0_reg_13_/D                 -0.027  (VIOLATED)
   I_SDRAM_TOP/I_SDRAM_IF/mega_shift_0_reg_16__6_/D         -0.027  (VIOLATED)
   I_SDRAM_TOP/I_SDRAM_IF/mega_shift_1_reg_15__28_/D        -0.027  (VIOLATED)
   I_SDRAM_TOP/I_SDRAM_IF/mega_shift_1_reg_8__23_/D         -0.027  (VIOLATED)
   I_SDRAM_TOP/I_SDRAM_IF/mega_shift_0_reg_18__0_/D         -0.027  (VIOLATED)
   I_SDRAM_TOP/I_SDRAM_IF/mega_shift_1_reg_3__14_/D         -0.026  (VIOLATED)
   I_SDRAM_TOP/I_SDRAM_IF/mega_shift_1_reg_16__19_/D        -0.026  (VIOLATED)
   I_SDRAM_TOP/I_SDRAM_IF/mega_shift_1_reg_6__27_/D         -0.026  (VIOLATED)
   I_SDRAM_TOP/I_SDRAM_IF/mega_shift_1_reg_38__0_/D         -0.026  (VIOLATED)
   I_SDRAM_TOP/I_SDRAM_IF/mega_shift_0_reg_11__13_/D        -0.026  (VIOLATED)
   I_SDRAM_TOP/I_SDRAM_IF/mega_shift_1_reg_29__31_/D        -0.026  (VIOLATED)
   I_SDRAM_TOP/I_SDRAM_IF/mega_shift_1_reg_16__9_/D         -0.026  (VIOLATED)
   I_SDRAM_TOP/I_SDRAM_IF/mega_shift_1_reg_34__8_/D         -0.026  (VIOLATED)
   I_SDRAM_TOP/I_SDRAM_IF/mega_shift_1_reg_22__5_/D         -0.026  (VIOLATED)
   I_SDRAM_TOP/I_SDRAM_IF/mega_shift_1_reg_31__28_/D        -0.026  (VIOLATED)
   I_SDRAM_TOP/I_SDRAM_IF/mega_shift_1_reg_39__17_/D        -0.026  (VIOLATED)
   I_SDRAM_TOP/I_SDRAM_IF/mega_shift_1_reg_13__2_/D         -0.026  (VIOLATED)
   I_SDRAM_TOP/I_SDRAM_IF/mega_shift_1_reg_22__15_/D        -0.026  (VIOLATED)
   I_SDRAM_TOP/I_SDRAM_IF/DQ_in_0_reg_29_/D                 -0.025  (VIOLATED)
   I_SDRAM_TOP/I_SDRAM_IF/mega_shift_0_reg_22__13_/D        -0.025  (VIOLATED)
   I_SDRAM_TOP/I_SDRAM_IF/mega_shift_1_reg_22__21_/D        -0.025  (VIOLATED)
   I_SDRAM_TOP/I_SDRAM_IF/mega_shift_1_reg_0__6_/D          -0.025  (VIOLATED)
   I_SDRAM_TOP/I_SDRAM_IF/mega_shift_1_reg_26__13_/D        -0.025  (VIOLATED)
   I_SDRAM_TOP/I_SDRAM_IF/mega_shift_1_reg_24__4_/D         -0.025  (VIOLATED)
   I_SDRAM_TOP/I_SDRAM_IF/mega_shift_1_reg_31__9_/D         -0.025  (VIOLATED)
   I_SDRAM_TOP/I_SDRAM_IF/mega_shift_1_reg_21__29_/D        -0.025  (VIOLATED)
   I_SDRAM_TOP/I_SDRAM_IF/mega_shift_0_reg_39__25_/D        -0.025  (VIOLATED)
   I_SDRAM_TOP/I_SDRAM_IF/mega_shift_1_reg_5__8_/D          -0.025  (VIOLATED)
   I_SDRAM_TOP/I_SDRAM_IF/mega_shift_0_reg_27__16_/D        -0.025  (VIOLATED)
   I_SDRAM_TOP/I_SDRAM_IF/mega_shift_1_reg_15__26_/D        -0.025  (VIOLATED)
   I_SDRAM_TOP/I_SDRAM_IF/mega_shift_1_reg_32__28_/D        -0.025  (VIOLATED)
   I_SDRAM_TOP/I_SDRAM_IF/mega_shift_0_reg_28__5_/D         -0.024  (VIOLATED)
   I_SDRAM_TOP/I_SDRAM_IF/mega_shift_1_reg_39__28_/D        -0.024  (VIOLATED)
   I_SDRAM_TOP/I_SDRAM_IF/mega_shift_1_reg_22__8_/D         -0.024  (VIOLATED)
   I_SDRAM_TOP/I_SDRAM_IF/mega_shift_1_reg_22__25_/D        -0.024  (VIOLATED)
   I_SDRAM_TOP/I_SDRAM_IF/mega_shift_0_reg_6__29_/D         -0.024  (VIOLATED)
   I_SDRAM_TOP/I_SDRAM_IF/mega_shift_1_reg_15__0_/D         -0.024  (VIOLATED)
   I_SDRAM_TOP/I_SDRAM_IF/mega_shift_1_reg_29__8_/D         -0.024  (VIOLATED)
   I_SDRAM_TOP/I_SDRAM_IF/mega_shift_1_reg_18__19_/D        -0.024  (VIOLATED)
   I_SDRAM_TOP/I_SDRAM_IF/mega_shift_1_reg_3__17_/D         -0.024  (VIOLATED)
   I_SDRAM_TOP/I_SDRAM_IF/mega_shift_1_reg_8__5_/D          -0.024  (VIOLATED)
   I_SDRAM_TOP/I_SDRAM_IF/mega_shift_1_reg_6__15_/D         -0.024  (VIOLATED)
   I_SDRAM_TOP/I_SDRAM_IF/mega_shift_0_reg_34__11_/D        -0.024  (VIOLATED)
   I_SDRAM_TOP/I_SDRAM_IF/mega_shift_1_reg_19__18_/D        -0.024  (VIOLATED)
   I_SDRAM_TOP/I_SDRAM_IF/mega_shift_1_reg_17__3_/D         -0.024  (VIOLATED)
   I_SDRAM_TOP/I_SDRAM_IF/mega_shift_0_reg_36__28_/D        -0.023  (VIOLATED)
   I_SDRAM_TOP/I_SDRAM_IF/mega_shift_1_reg_1__15_/D         -0.023  (VIOLATED)
   I_SDRAM_TOP/I_SDRAM_IF/mega_shift_1_reg_2__18_/D         -0.023  (VIOLATED)
   I_SDRAM_TOP/I_SDRAM_IF/mega_shift_0_reg_34__16_/D        -0.023  (VIOLATED)
   I_SDRAM_TOP/I_SDRAM_IF/mega_shift_0_reg_12__7_/D         -0.023  (VIOLATED)
   I_SDRAM_TOP/I_SDRAM_IF/mega_shift_1_reg_35__21_/D        -0.023  (VIOLATED)
   I_SDRAM_TOP/I_SDRAM_IF/mega_shift_1_reg_15__27_/D        -0.023  (VIOLATED)
   I_SDRAM_TOP/I_SDRAM_IF/mega_shift_1_reg_16__6_/D         -0.023  (VIOLATED)
   I_SDRAM_TOP/I_SDRAM_IF/mega_shift_0_reg_34__4_/D         -0.023  (VIOLATED)
   I_SDRAM_TOP/I_SDRAM_IF/mega_shift_1_reg_25__29_/D        -0.022  (VIOLATED)
   I_SDRAM_TOP/I_SDRAM_IF/mega_shift_1_reg_31__13_/D        -0.022  (VIOLATED)
   I_SDRAM_TOP/I_SDRAM_IF/mega_shift_1_reg_27__21_/D        -0.022  (VIOLATED)
   I_SDRAM_TOP/I_SDRAM_IF/mega_shift_1_reg_14__21_/D        -0.022  (VIOLATED)
   I_SDRAM_TOP/I_SDRAM_IF/mega_shift_1_reg_15__29_/D        -0.022  (VIOLATED)
   I_SDRAM_TOP/I_SDRAM_IF/mega_shift_1_reg_0__2_/D          -0.022  (VIOLATED)
   I_SDRAM_TOP/I_SDRAM_IF/mega_shift_1_reg_16__3_/D         -0.022  (VIOLATED)
   I_SDRAM_TOP/I_SDRAM_IF/mega_shift_0_reg_14__10_/D        -0.022  (VIOLATED)
   I_SDRAM_TOP/I_SDRAM_IF/mega_shift_1_reg_39__4_/D         -0.022  (VIOLATED)
   I_SDRAM_TOP/I_SDRAM_IF/mega_shift_1_reg_32__13_/D        -0.022  (VIOLATED)
   I_SDRAM_TOP/I_SDRAM_IF/mega_shift_1_reg_30__24_/D        -0.022  (VIOLATED)
   I_SDRAM_TOP/I_SDRAM_IF/mega_shift_1_reg_34__5_/D         -0.022  (VIOLATED)
   I_SDRAM_TOP/I_SDRAM_IF/mega_shift_1_reg_14__1_/D         -0.022  (VIOLATED)
   I_SDRAM_TOP/I_SDRAM_IF/mega_shift_0_reg_32__1_/D         -0.022  (VIOLATED)
   I_SDRAM_TOP/I_SDRAM_IF/mega_shift_1_reg_24__15_/D        -0.022  (VIOLATED)
   I_SDRAM_TOP/I_SDRAM_IF/mega_shift_1_reg_8__14_/D         -0.022  (VIOLATED)
   I_SDRAM_TOP/I_SDRAM_IF/mega_shift_1_reg_31__6_/D         -0.022  (VIOLATED)
   I_SDRAM_TOP/I_SDRAM_IF/mega_shift_0_reg_4__11_/D         -0.021  (VIOLATED)
   I_SDRAM_TOP/I_SDRAM_IF/mega_shift_1_reg_31__29_/D        -0.021  (VIOLATED)
   I_SDRAM_TOP/I_SDRAM_IF/mega_shift_1_reg_26__20_/D        -0.021  (VIOLATED)
   I_SDRAM_TOP/I_SDRAM_IF/mega_shift_0_reg_32__0_/D         -0.021  (VIOLATED)
   I_SDRAM_TOP/I_SDRAM_IF/mega_shift_1_reg_35__11_/D        -0.021  (VIOLATED)
   I_SDRAM_TOP/I_SDRAM_IF/mega_shift_1_reg_29__5_/D         -0.021  (VIOLATED)
   I_SDRAM_TOP/I_SDRAM_IF/mega_shift_0_reg_0__24_/D         -0.021  (VIOLATED)
   I_SDRAM_TOP/I_SDRAM_IF/mega_shift_1_reg_35__27_/D        -0.021  (VIOLATED)
   I_SDRAM_TOP/I_SDRAM_IF/mega_shift_1_reg_1__14_/D         -0.021  (VIOLATED)
   I_SDRAM_TOP/I_SDRAM_IF/mega_shift_1_reg_9__8_/D          -0.021  (VIOLATED)
   I_SDRAM_TOP/I_SDRAM_IF/mega_shift_1_reg_25__27_/D        -0.021  (VIOLATED)
   I_SDRAM_TOP/I_SDRAM_IF/mega_shift_1_reg_36__17_/D        -0.021  (VIOLATED)
   I_SDRAM_TOP/I_SDRAM_IF/mega_shift_1_reg_8__13_/D         -0.020  (VIOLATED)
   I_SDRAM_TOP/I_SDRAM_IF/mega_shift_1_reg_30__19_/D        -0.020  (VIOLATED)
   I_SDRAM_TOP/I_SDRAM_IF/mega_shift_1_reg_12__14_/D        -0.020  (VIOLATED)
   I_SDRAM_TOP/I_SDRAM_IF/mega_shift_1_reg_15__7_/D         -0.020  (VIOLATED)
   I_SDRAM_TOP/I_SDRAM_IF/mega_shift_1_reg_12__7_/D         -0.020  (VIOLATED)
   I_SDRAM_TOP/I_SDRAM_IF/mega_shift_1_reg_32__22_/D        -0.020  (VIOLATED)
   I_SDRAM_TOP/I_SDRAM_IF/mega_shift_0_reg_39__27_/D        -0.020  (VIOLATED)
   I_SDRAM_TOP/I_SDRAM_IF/mega_shift_1_reg_21__14_/D        -0.020  (VIOLATED)
   I_SDRAM_TOP/I_SDRAM_IF/mega_shift_1_reg_15__2_/D         -0.020  (VIOLATED)
   I_SDRAM_TOP/I_SDRAM_IF/mega_shift_0_reg_39__5_/D         -0.020  (VIOLATED)
   I_SDRAM_TOP/I_SDRAM_IF/mega_shift_1_reg_14__14_/D        -0.020  (VIOLATED)
   I_SDRAM_TOP/I_SDRAM_IF/mega_shift_1_reg_33__9_/D         -0.020  (VIOLATED)
   I_SDRAM_TOP/I_SDRAM_IF/mega_shift_0_reg_28__13_/D        -0.020  (VIOLATED)
   I_SDRAM_TOP/I_SDRAM_IF/mega_shift_1_reg_10__11_/D        -0.020  (VIOLATED)
   I_SDRAM_TOP/I_SDRAM_IF/mega_shift_1_reg_7__13_/D         -0.020  (VIOLATED)
   I_SDRAM_TOP/I_SDRAM_IF/mega_shift_0_reg_36__31_/D        -0.020  (VIOLATED)
   I_SDRAM_TOP/I_SDRAM_IF/mega_shift_1_reg_33__0_/D         -0.019  (VIOLATED)
   I_SDRAM_TOP/I_SDRAM_IF/mega_shift_1_reg_16__2_/D         -0.019  (VIOLATED)
   I_SDRAM_TOP/I_SDRAM_IF/mega_shift_0_reg_0__0_/D          -0.019  (VIOLATED)
   I_SDRAM_TOP/I_SDRAM_IF/mega_shift_0_reg_21__8_/D         -0.019  (VIOLATED)
   I_SDRAM_TOP/I_SDRAM_IF/mega_shift_0_reg_39__19_/D        -0.019  (VIOLATED)
   I_SDRAM_TOP/I_SDRAM_IF/mega_shift_1_reg_14__17_/D        -0.019  (VIOLATED)
   I_SDRAM_TOP/I_SDRAM_IF/mega_shift_1_reg_10__31_/D        -0.019  (VIOLATED)
   I_SDRAM_TOP/I_SDRAM_IF/mega_shift_1_reg_7__3_/D          -0.019  (VIOLATED)
   I_SDRAM_TOP/I_SDRAM_READ_FIFO_SD_FIFO_CTL_U1_full_int_reg/D
                                                            -0.019  (VIOLATED)
   I_SDRAM_TOP/I_SDRAM_IF/mega_shift_1_reg_11__23_/D        -0.019  (VIOLATED)
   I_SDRAM_TOP/I_SDRAM_IF/mega_shift_1_reg_11__25_/D        -0.019  (VIOLATED)
   I_SDRAM_TOP/I_SDRAM_IF/mega_shift_1_reg_39__27_/D        -0.018  (VIOLATED)
   I_SDRAM_TOP/I_SDRAM_IF/mega_shift_1_reg_22__14_/D        -0.018  (VIOLATED)
   I_SDRAM_TOP/I_SDRAM_IF/mega_shift_1_reg_25__5_/D         -0.018  (VIOLATED)
   I_SDRAM_TOP/I_SDRAM_IF/mega_shift_0_reg_14__14_/D        -0.018  (VIOLATED)
   I_SDRAM_TOP/I_SDRAM_IF/mega_shift_1_reg_32__10_/D        -0.018  (VIOLATED)
   I_SDRAM_TOP/I_SDRAM_IF/mega_shift_1_reg_2__31_/D         -0.018  (VIOLATED)
   I_SDRAM_TOP/I_SDRAM_IF/mega_shift_0_reg_20__2_/D         -0.018  (VIOLATED)
   I_SDRAM_TOP/I_SDRAM_IF/mega_shift_1_reg_18__31_/D        -0.018  (VIOLATED)
   I_SDRAM_TOP/I_SDRAM_IF/DQ_in_0_reg_11_/D                 -0.018  (VIOLATED)
   I_SDRAM_TOP/I_SDRAM_IF/mega_shift_1_reg_25__28_/D        -0.018  (VIOLATED)
   I_SDRAM_TOP/I_SDRAM_IF/mega_shift_1_reg_34__16_/D        -0.017  (VIOLATED)
   I_SDRAM_TOP/I_SDRAM_IF/mega_shift_1_reg_14__23_/D        -0.017  (VIOLATED)
   I_SDRAM_TOP/I_SDRAM_IF/mega_shift_1_reg_21__2_/D         -0.017  (VIOLATED)
   I_SDRAM_TOP/I_SDRAM_IF/mega_shift_1_reg_5__19_/D         -0.017  (VIOLATED)
   I_SDRAM_TOP/I_SDRAM_IF/mega_shift_1_reg_26__22_/D        -0.017  (VIOLATED)
   I_SDRAM_TOP/I_SDRAM_IF/mega_shift_1_reg_21__11_/D        -0.017  (VIOLATED)
   I_SDRAM_TOP/I_SDRAM_IF/mega_shift_0_reg_10__28_/D        -0.017  (VIOLATED)
   I_SDRAM_TOP/I_SDRAM_IF/mega_shift_1_reg_18__28_/D        -0.017  (VIOLATED)
   I_SDRAM_TOP/I_SDRAM_IF/mega_shift_1_reg_23__20_/D        -0.017  (VIOLATED)
   I_SDRAM_TOP/I_SDRAM_IF/mega_shift_1_reg_6__20_/D         -0.017  (VIOLATED)
   I_SDRAM_TOP/I_SDRAM_IF/mega_shift_1_reg_11__19_/D        -0.017  (VIOLATED)
   I_SDRAM_TOP/I_SDRAM_IF/mega_shift_0_reg_33__22_/D        -0.017  (VIOLATED)
   I_SDRAM_TOP/I_SDRAM_IF/mega_shift_1_reg_10__12_/D        -0.016  (VIOLATED)
   I_SDRAM_TOP/I_SDRAM_IF/mega_shift_1_reg_16__26_/D        -0.016  (VIOLATED)
   I_SDRAM_TOP/I_SDRAM_IF/mega_shift_1_reg_35__20_/D        -0.016  (VIOLATED)
   I_SDRAM_TOP/I_SDRAM_IF/mega_shift_1_reg_10__19_/D        -0.016  (VIOLATED)
   I_SDRAM_TOP/I_SDRAM_IF/mega_shift_1_reg_4__18_/D         -0.016  (VIOLATED)
   I_SDRAM_TOP/I_SDRAM_IF/mega_shift_1_reg_14__29_/D        -0.016  (VIOLATED)
   I_SDRAM_TOP/I_SDRAM_IF/mega_shift_1_reg_7__23_/D         -0.016  (VIOLATED)
   I_SDRAM_TOP/I_SDRAM_IF/mega_shift_1_reg_8__22_/D         -0.016  (VIOLATED)
   I_SDRAM_TOP/I_SDRAM_IF/mega_shift_1_reg_6__1_/D          -0.015  (VIOLATED)
   I_SDRAM_TOP/I_SDRAM_IF/mega_shift_0_reg_30__17_/D        -0.015  (VIOLATED)
   I_SDRAM_TOP/I_SDRAM_IF/mega_shift_1_reg_29__7_/D         -0.015  (VIOLATED)
   I_SDRAM_TOP/I_SDRAM_IF/mega_shift_0_reg_22__10_/D        -0.015  (VIOLATED)
   I_SDRAM_TOP/I_SDRAM_IF/mega_shift_1_reg_2__10_/D         -0.015  (VIOLATED)
   I_SDRAM_TOP/I_SDRAM_IF/mega_shift_1_reg_21__23_/D        -0.015  (VIOLATED)
   I_SDRAM_TOP/I_SDRAM_IF/mega_shift_1_reg_20__4_/D         -0.015  (VIOLATED)
   I_SDRAM_TOP/I_SDRAM_IF/mega_shift_1_reg_32__9_/D         -0.015  (VIOLATED)
   I_SDRAM_TOP/I_SDRAM_IF/mega_shift_1_reg_3__21_/D         -0.014  (VIOLATED)
   I_SDRAM_TOP/I_SDRAM_IF/mega_shift_0_reg_16__30_/D        -0.014  (VIOLATED)
   I_SDRAM_TOP/I_SDRAM_IF/mega_shift_1_reg_12__25_/D        -0.014  (VIOLATED)
   I_SDRAM_TOP/I_SDRAM_IF/mega_shift_1_reg_36__18_/D        -0.014  (VIOLATED)
   I_SDRAM_TOP/I_SDRAM_IF/mega_shift_0_reg_7__22_/D         -0.014  (VIOLATED)
   I_SDRAM_TOP/I_SDRAM_IF/mega_shift_0_reg_13__4_/D         -0.014  (VIOLATED)
   I_SDRAM_TOP/I_SDRAM_IF/mega_shift_1_reg_15__5_/D         -0.014  (VIOLATED)
   I_SDRAM_TOP/I_SDRAM_IF/mega_shift_0_reg_6__24_/D         -0.014  (VIOLATED)
   I_SDRAM_TOP/I_SDRAM_IF/mega_shift_1_reg_16__16_/D        -0.014  (VIOLATED)
   I_SDRAM_TOP/I_SDRAM_IF/mega_shift_1_reg_4__30_/D         -0.014  (VIOLATED)
   I_SDRAM_TOP/I_SDRAM_IF/mega_shift_1_reg_21__4_/D         -0.014  (VIOLATED)
   I_SDRAM_TOP/I_SDRAM_IF/mega_shift_0_reg_26__10_/D        -0.014  (VIOLATED)
   I_SDRAM_TOP/I_SDRAM_IF/mega_shift_0_reg_24__17_/D        -0.014  (VIOLATED)
   I_SDRAM_TOP/I_SDRAM_IF/mega_shift_1_reg_24__12_/D        -0.013  (VIOLATED)
   I_SDRAM_TOP/I_SDRAM_IF/mega_shift_0_reg_32__23_/D        -0.013  (VIOLATED)
   I_SDRAM_TOP/I_SDRAM_IF/mega_shift_1_reg_6__21_/D         -0.013  (VIOLATED)
   I_SDRAM_TOP/I_SDRAM_IF/mega_shift_1_reg_12__9_/D         -0.013  (VIOLATED)
   I_SDRAM_TOP/I_SDRAM_IF/mega_shift_1_reg_2__15_/D         -0.013  (VIOLATED)
   I_SDRAM_TOP/I_SDRAM_IF/mega_shift_0_reg_16__17_/D        -0.013  (VIOLATED)
   I_SDRAM_TOP/I_SDRAM_IF/mega_shift_1_reg_4__9_/D          -0.013  (VIOLATED)
   I_SDRAM_TOP/I_SDRAM_IF/mega_shift_0_reg_2__16_/D         -0.013  (VIOLATED)
   I_SDRAM_TOP/I_SDRAM_IF/mega_shift_1_reg_24__13_/D        -0.013  (VIOLATED)
   I_SDRAM_TOP/I_SDRAM_IF/mega_shift_0_reg_0__25_/D         -0.013  (VIOLATED)
   I_SDRAM_TOP/I_SDRAM_IF/mega_shift_0_reg_23__0_/D         -0.013  (VIOLATED)
   I_SDRAM_TOP/I_SDRAM_IF/mega_shift_1_reg_6__30_/D         -0.012  (VIOLATED)
   I_SDRAM_TOP/I_SDRAM_IF/mega_shift_0_reg_30__12_/D        -0.012  (VIOLATED)
   I_SDRAM_TOP/I_SDRAM_IF/mega_shift_1_reg_6__12_/D         -0.012  (VIOLATED)
   I_SDRAM_TOP/I_SDRAM_IF/mega_shift_1_reg_24__10_/D        -0.012  (VIOLATED)
   I_SDRAM_TOP/I_SDRAM_IF/mega_shift_1_reg_19__19_/D        -0.012  (VIOLATED)
   I_SDRAM_TOP/I_SDRAM_IF/mega_shift_1_reg_15__31_/D        -0.012  (VIOLATED)
   I_SDRAM_TOP/I_SDRAM_IF/mega_shift_1_reg_23__17_/D        -0.012  (VIOLATED)
   I_SDRAM_TOP/I_SDRAM_IF/mega_shift_0_reg_6__11_/D         -0.012  (VIOLATED)
   I_SDRAM_TOP/I_SDRAM_IF/mega_shift_0_reg_6__28_/D         -0.012  (VIOLATED)
   I_SDRAM_TOP/I_SDRAM_IF/mega_shift_1_reg_25__12_/D        -0.012  (VIOLATED)
   I_SDRAM_TOP/I_SDRAM_IF/mega_shift_1_reg_13__30_/D        -0.012  (VIOLATED)
   I_SDRAM_TOP/I_SDRAM_IF/mega_shift_1_reg_11__13_/D        -0.012  (VIOLATED)
   I_SDRAM_TOP/I_SDRAM_IF/mega_shift_1_reg_15__23_/D        -0.012  (VIOLATED)
   I_SDRAM_TOP/I_SDRAM_IF/mega_shift_1_reg_7__15_/D         -0.012  (VIOLATED)
   I_SDRAM_TOP/I_SDRAM_IF/mega_shift_1_reg_30__9_/D         -0.011  (VIOLATED)
   I_SDRAM_TOP/I_SDRAM_IF/mega_shift_1_reg_5__31_/D         -0.011  (VIOLATED)
   I_SDRAM_TOP/I_SDRAM_IF/mega_shift_1_reg_1__5_/D          -0.011  (VIOLATED)
   I_SDRAM_TOP/I_SDRAM_IF/mega_shift_0_reg_16__29_/D        -0.011  (VIOLATED)
   I_SDRAM_TOP/I_SDRAM_IF/mega_shift_0_reg_25__19_/D        -0.011  (VIOLATED)
   I_SDRAM_TOP/I_SDRAM_IF/mega_shift_1_reg_16__30_/D        -0.011  (VIOLATED)
   I_SDRAM_TOP/I_SDRAM_IF/mega_shift_0_reg_15__0_/D         -0.011  (VIOLATED)
   I_SDRAM_TOP/I_SDRAM_IF/mega_shift_1_reg_13__8_/D         -0.011  (VIOLATED)
   I_SDRAM_TOP/I_SDRAM_IF/mega_shift_0_reg_2__15_/D         -0.011  (VIOLATED)
   I_SDRAM_TOP/I_SDRAM_IF/mega_shift_1_reg_8__20_/D         -0.011  (VIOLATED)
   I_SDRAM_TOP/I_SDRAM_IF/mega_shift_0_reg_13__0_/D         -0.011  (VIOLATED)
   I_SDRAM_TOP/I_SDRAM_IF/mega_shift_1_reg_16__10_/D        -0.011  (VIOLATED)
   I_SDRAM_TOP/I_SDRAM_IF/mega_shift_1_reg_33__4_/D         -0.011  (VIOLATED)
   I_SDRAM_TOP/I_SDRAM_IF/mega_shift_1_reg_20__7_/D         -0.011  (VIOLATED)
   I_SDRAM_TOP/I_SDRAM_IF/mega_shift_0_reg_39__21_/D        -0.011  (VIOLATED)
   I_SDRAM_TOP/I_SDRAM_IF/mega_shift_1_reg_19__7_/D         -0.011  (VIOLATED)
   I_SDRAM_TOP/I_SDRAM_IF/mega_shift_1_reg_7__16_/D         -0.011  (VIOLATED)
   I_SDRAM_TOP/I_SDRAM_IF/mega_shift_1_reg_23__9_/D         -0.010  (VIOLATED)
   I_SDRAM_TOP/I_SDRAM_IF/mega_shift_0_reg_26__21_/D        -0.010  (VIOLATED)
   I_SDRAM_TOP/I_SDRAM_IF/mega_shift_0_reg_20__10_/D        -0.010  (VIOLATED)
   I_SDRAM_TOP/I_SDRAM_IF/mega_shift_0_reg_34__28_/D        -0.010  (VIOLATED)
   I_SDRAM_TOP/I_SDRAM_IF/mega_shift_1_reg_15__19_/D        -0.010  (VIOLATED)
   I_SDRAM_TOP/I_SDRAM_IF/mega_shift_1_reg_17__27_/D        -0.010  (VIOLATED)
   I_SDRAM_TOP/I_SDRAM_IF/mega_shift_1_reg_17__25_/D        -0.010  (VIOLATED)
   I_SDRAM_TOP/I_SDRAM_IF/mega_shift_1_reg_39__8_/D         -0.010  (VIOLATED)
   I_SDRAM_TOP/I_SDRAM_IF/mega_shift_1_reg_18__12_/D        -0.010  (VIOLATED)
   I_SDRAM_TOP/I_SDRAM_IF/mega_shift_1_reg_36__5_/D         -0.010  (VIOLATED)
   I_SDRAM_TOP/I_SDRAM_IF/mega_shift_0_reg_30__1_/D         -0.010  (VIOLATED)
   I_SDRAM_TOP/I_SDRAM_IF/mega_shift_1_reg_22__18_/D        -0.009  (VIOLATED)
   I_SDRAM_TOP/I_SDRAM_IF/mega_shift_1_reg_17__29_/D        -0.009  (VIOLATED)
   I_SDRAM_TOP/I_SDRAM_IF/mega_shift_1_reg_40__2_/D         -0.009  (VIOLATED)
   I_SDRAM_TOP/I_SDRAM_IF/mega_shift_1_reg_28__31_/D        -0.009  (VIOLATED)
   I_SDRAM_TOP/I_SDRAM_IF/mega_shift_1_reg_1__23_/D         -0.009  (VIOLATED)
   I_SDRAM_TOP/I_SDRAM_IF/mega_shift_1_reg_25__20_/D        -0.009  (VIOLATED)
   I_SDRAM_TOP/I_SDRAM_IF/mega_shift_1_reg_33__16_/D        -0.009  (VIOLATED)
   I_SDRAM_TOP/I_SDRAM_IF/mega_shift_1_reg_23__8_/D         -0.009  (VIOLATED)
   I_SDRAM_TOP/I_SDRAM_IF/mega_shift_1_reg_16__8_/D         -0.009  (VIOLATED)
   I_SDRAM_TOP/I_SDRAM_IF/mega_shift_1_reg_17__30_/D        -0.009  (VIOLATED)
   I_SDRAM_TOP/I_SDRAM_IF/mega_shift_1_reg_28__0_/D         -0.009  (VIOLATED)
   I_SDRAM_TOP/I_SDRAM_IF/mega_shift_1_reg_23__24_/D        -0.009  (VIOLATED)
   I_SDRAM_TOP/I_SDRAM_IF/mega_shift_1_reg_3__29_/D         -0.009  (VIOLATED)
   I_SDRAM_TOP/I_SDRAM_IF/mega_shift_1_reg_34__7_/D         -0.008  (VIOLATED)
   I_SDRAM_TOP/I_SDRAM_IF/mega_shift_1_reg_15__15_/D        -0.008  (VIOLATED)
   I_SDRAM_TOP/I_SDRAM_IF/mega_shift_1_reg_20__21_/D        -0.008  (VIOLATED)
   I_SDRAM_TOP/I_SDRAM_IF/mega_shift_1_reg_20__0_/D         -0.008  (VIOLATED)
   I_SDRAM_TOP/I_SDRAM_IF/mega_shift_1_reg_16__13_/D        -0.008  (VIOLATED)
   I_SDRAM_TOP/I_SDRAM_IF/mega_shift_1_reg_21__5_/D         -0.007  (VIOLATED)
   I_SDRAM_TOP/I_SDRAM_IF/mega_shift_1_reg_5__22_/D         -0.007  (VIOLATED)
   I_SDRAM_TOP/I_SDRAM_IF/mega_shift_1_reg_13__3_/D         -0.007  (VIOLATED)
   I_SDRAM_TOP/I_SDRAM_IF/mega_shift_1_reg_16__18_/D        -0.007  (VIOLATED)
   I_SDRAM_TOP/I_SDRAM_IF/mega_shift_0_reg_22__6_/D         -0.007  (VIOLATED)
   I_SDRAM_TOP/I_SDRAM_IF/mega_shift_1_reg_12__3_/D         -0.007  (VIOLATED)
   I_SDRAM_TOP/I_SDRAM_IF/mega_shift_1_reg_3__9_/D          -0.007  (VIOLATED)
   I_SDRAM_TOP/I_SDRAM_IF/mega_shift_1_reg_28__25_/D        -0.006  (VIOLATED)
   I_SDRAM_TOP/I_SDRAM_IF/mega_shift_0_reg_0__14_/D         -0.006  (VIOLATED)
   I_SDRAM_TOP/I_SDRAM_IF/mega_shift_1_reg_25__25_/D        -0.006  (VIOLATED)
   I_SDRAM_TOP/I_SDRAM_IF/mega_shift_0_reg_0__26_/D         -0.006  (VIOLATED)
   I_SDRAM_TOP/I_SDRAM_IF/mega_shift_0_reg_39__20_/D        -0.006  (VIOLATED)
   I_SDRAM_TOP/I_SDRAM_IF/mega_shift_1_reg_10__1_/D         -0.006  (VIOLATED)
   I_SDRAM_TOP/I_SDRAM_IF/mega_shift_1_reg_28__2_/D         -0.006  (VIOLATED)
   I_SDRAM_TOP/I_SDRAM_IF/mega_shift_1_reg_23__31_/D        -0.005  (VIOLATED)
   I_SDRAM_TOP/I_SDRAM_IF/mega_shift_0_reg_14__6_/D         -0.005  (VIOLATED)
   I_SDRAM_TOP/I_SDRAM_IF/DQ_in_0_reg_0_/D                  -0.005  (VIOLATED)
   I_SDRAM_TOP/I_SDRAM_IF/mega_shift_1_reg_24__11_/D        -0.005  (VIOLATED)
   I_SDRAM_TOP/I_SDRAM_IF/mega_shift_0_reg_15__12_/D        -0.005  (VIOLATED)
   I_SDRAM_TOP/I_SDRAM_IF/mega_shift_1_reg_33__21_/D        -0.005  (VIOLATED)
   I_SDRAM_TOP/I_SDRAM_IF/mega_shift_1_reg_22__22_/D        -0.005  (VIOLATED)
   I_SDRAM_TOP/I_SDRAM_IF/mega_shift_1_reg_9__3_/D          -0.005  (VIOLATED)
   I_SDRAM_TOP/I_SDRAM_IF/mega_shift_1_reg_33__31_/D        -0.005  (VIOLATED)
   I_SDRAM_TOP/I_SDRAM_IF/mega_shift_1_reg_10__4_/D         -0.005  (VIOLATED)
   I_SDRAM_TOP/I_SDRAM_IF/mega_shift_1_reg_9__4_/D          -0.005  (VIOLATED)
   I_SDRAM_TOP/I_SDRAM_IF/mega_shift_1_reg_36__15_/D        -0.005  (VIOLATED)
   I_SDRAM_TOP/I_SDRAM_IF/mega_shift_1_reg_34__17_/D        -0.005  (VIOLATED)
   I_SDRAM_TOP/I_SDRAM_IF/mega_shift_1_reg_14__5_/D         -0.005  (VIOLATED)
   I_SDRAM_TOP/I_SDRAM_IF/mega_shift_0_reg_32__11_/D        -0.004  (VIOLATED)
   I_SDRAM_TOP/I_SDRAM_IF/mega_shift_1_reg_3__12_/D         -0.004  (VIOLATED)
   I_SDRAM_TOP/I_SDRAM_IF/mega_shift_1_reg_14__0_/D         -0.004  (VIOLATED)
   I_SDRAM_TOP/I_SDRAM_IF/mega_shift_1_reg_11__12_/D        -0.004  (VIOLATED)
   I_SDRAM_TOP/I_SDRAM_IF/mega_shift_1_reg_17__10_/D        -0.004  (VIOLATED)
   I_SDRAM_TOP/I_SDRAM_IF/mega_shift_0_reg_16__25_/D        -0.004  (VIOLATED)
   I_SDRAM_TOP/I_SDRAM_IF/mega_shift_1_reg_34__11_/D        -0.004  (VIOLATED)
   I_SDRAM_TOP/I_SDRAM_IF/mega_shift_1_reg_30__0_/D         -0.004  (VIOLATED)
   I_SDRAM_TOP/I_SDRAM_IF/mega_shift_1_reg_11__5_/D         -0.004  (VIOLATED)
   I_SDRAM_TOP/I_SDRAM_IF/mega_shift_1_reg_13__22_/D        -0.004  (VIOLATED)
   I_SDRAM_TOP/I_SDRAM_IF/mega_shift_0_reg_28__10_/D        -0.004  (VIOLATED)
   I_SDRAM_TOP/I_SDRAM_IF/mega_shift_1_reg_11__1_/D         -0.004  (VIOLATED)
   I_SDRAM_TOP/I_SDRAM_IF/mega_shift_0_reg_15__16_/D        -0.004  (VIOLATED)
   I_SDRAM_TOP/I_SDRAM_IF/mega_shift_0_reg_39__11_/D        -0.004  (VIOLATED)
   I_SDRAM_TOP/I_SDRAM_IF/mega_shift_1_reg_14__30_/D        -0.004  (VIOLATED)
   I_SDRAM_TOP/I_SDRAM_IF/mega_shift_1_reg_38__7_/D         -0.004  (VIOLATED)
   I_SDRAM_TOP/I_SDRAM_IF/mega_shift_1_reg_19__26_/D        -0.003  (VIOLATED)
   I_SDRAM_TOP/I_SDRAM_IF/mega_shift_1_reg_29__29_/D        -0.003  (VIOLATED)
   I_SDRAM_TOP/I_SDRAM_IF/mega_shift_1_reg_24__31_/D        -0.003  (VIOLATED)
   I_SDRAM_TOP/I_SDRAM_IF/mega_shift_1_reg_21__1_/D         -0.003  (VIOLATED)
   I_SDRAM_TOP/I_SDRAM_IF/mega_shift_1_reg_4__25_/D         -0.003  (VIOLATED)
   I_SDRAM_TOP/I_SDRAM_IF/mega_shift_1_reg_26__2_/D         -0.002  (VIOLATED)
   I_SDRAM_TOP/I_SDRAM_IF/mega_shift_0_reg_10__16_/D        -0.002  (VIOLATED)
   I_SDRAM_TOP/I_SDRAM_IF/mega_shift_1_reg_38__11_/D        -0.002  (VIOLATED)
   I_SDRAM_TOP/I_SDRAM_IF/mega_shift_1_reg_25__3_/D         -0.002  (VIOLATED)
   I_SDRAM_TOP/I_SDRAM_IF/mega_shift_1_reg_7__27_/D         -0.002  (VIOLATED)
   I_SDRAM_TOP/I_SDRAM_IF/mega_shift_1_reg_9__18_/D         -0.002  (VIOLATED)
   I_SDRAM_TOP/I_SDRAM_IF/mega_shift_1_reg_0__22_/D         -0.002  (VIOLATED)
   I_SDRAM_TOP/I_SDRAM_IF/mega_shift_1_reg_22__24_/D        -0.002  (VIOLATED)
   I_SDRAM_TOP/I_SDRAM_IF/mega_shift_1_reg_39__26_/D        -0.002  (VIOLATED)
   I_SDRAM_TOP/I_SDRAM_IF/mega_shift_1_reg_18__5_/D         -0.002  (VIOLATED)
   I_SDRAM_TOP/I_SDRAM_IF/mega_shift_1_reg_6__13_/D         -0.002  (VIOLATED)
   I_SDRAM_TOP/I_SDRAM_IF/mega_shift_0_reg_36__26_/D        -0.001  (VIOLATED)
   I_SDRAM_TOP/I_SDRAM_IF/mega_shift_1_reg_4__16_/D         -0.001  (VIOLATED)
   I_SDRAM_TOP/I_SDRAM_IF/mega_shift_1_reg_26__3_/D         -0.001  (VIOLATED)
   I_SDRAM_TOP/I_SDRAM_IF/mega_shift_1_reg_14__7_/D         -0.001  (VIOLATED)
   I_SDRAM_TOP/I_SDRAM_IF/mega_shift_1_reg_5__17_/D         -0.001  (VIOLATED)
   I_SDRAM_TOP/I_SDRAM_IF/mega_shift_0_reg_36__11_/D        -0.001  (VIOLATED)
   I_SDRAM_TOP/I_SDRAM_IF/mega_shift_1_reg_24__20_/D        -0.001  (VIOLATED)
   I_SDRAM_TOP/I_SDRAM_IF/mega_shift_1_reg_8__15_/D         -0.001  (VIOLATED)
   I_SDRAM_TOP/I_SDRAM_IF/mega_shift_1_reg_27__26_/D        -0.001  (VIOLATED)
   I_SDRAM_TOP/I_SDRAM_IF/mega_shift_1_reg_9__20_/D          0.000  (VIOLATED: increase significant digits)
   I_SDRAM_TOP/I_SDRAM_IF/mega_shift_1_reg_17__14_/D         0.000  (VIOLATED: increase significant digits)
   I_SDRAM_TOP/I_SDRAM_IF/mega_shift_1_reg_7__19_/D          0.000  (VIOLATED: increase significant digits)
   I_SDRAM_TOP/I_SDRAM_IF/mega_shift_1_reg_23__7_/D          0.000  (VIOLATED: increase significant digits)

   max_delay/setup ('SD_DDR_CLK' group)

   Endpoint                                                  Slack
   -----------------------------------------------------------------
   sd_DQ_out[22]                                            -1.677  (VIOLATED)
   sd_DQ_out[2]                                             -1.636  (VIOLATED)
   sd_DQ_out[27]                                            -1.404  (VIOLATED)
   sd_DQ_out[30]                                            -1.401  (VIOLATED)
   sd_DQ_out[10]                                            -1.331  (VIOLATED)
   sd_DQ_out[26]                                            -1.293  (VIOLATED)
   sd_DQ_out[18]                                            -1.290  (VIOLATED)
   sd_DQ_out[9]                                             -1.228  (VIOLATED)
   sd_DQ_out[12]                                            -1.185  (VIOLATED)
   sd_DQ_out[14]                                            -1.127  (VIOLATED)
   sd_DQ_out[15]                                            -1.086  (VIOLATED)
   sd_DQ_out[16]                                            -1.081  (VIOLATED)
   sd_DQ_out[6]                                             -1.066  (VIOLATED)
   sd_DQ_out[0]                                             -1.050  (VIOLATED)
   sd_DQ_out[19]                                            -1.047  (VIOLATED)
   sd_DQ_out[31]                                            -1.045  (VIOLATED)
   sd_DQ_out[4]                                             -1.034  (VIOLATED)
   sd_DQ_out[24]                                            -1.016  (VIOLATED)
   sd_DQ_out[23]                                            -0.993  (VIOLATED)
   sd_DQ_out[21]                                            -0.990  (VIOLATED)
   sd_DQ_out[3]                                             -0.990  (VIOLATED)
   sd_DQ_out[28]                                            -0.984  (VIOLATED)
   sd_DQ_out[20]                                            -0.982  (VIOLATED)
   sd_DQ_out[13]                                            -0.976  (VIOLATED)
   sd_DQ_out[29]                                            -0.966  (VIOLATED)
   sd_DQ_out[25]                                            -0.964  (VIOLATED)
   sd_DQ_out[8]                                             -0.963  (VIOLATED)
   sd_DQ_out[11]                                            -0.962  (VIOLATED)
   sd_DQ_out[1]                                             -0.956  (VIOLATED)
   sd_DQ_out[5]                                             -0.955  (VIOLATED)
   sd_DQ_out[17]                                            -0.936  (VIOLATED)
   sd_DQ_out[7]                                             -0.930  (VIOLATED)
   sd_A[9]                                                  -0.169  (VIOLATED)
   sd_A[6]                                                  -0.135  (VIOLATED)
   sd_A[8]                                                  -0.068  (VIOLATED)
   sd_A[5]                                                  -0.016  (VIOLATED)

   max_delay/setup ('SYS_2x_CLK' group)

   Endpoint                                                  Slack
   -----------------------------------------------------------------
   I_RISC_CORE/I_INSTRN_LAT_Crnt_Instrn_2_reg_9_/D          -0.073  (VIOLATED)
   I_RISC_CORE/I_INSTRN_LAT_Crnt_Instrn_2_reg_13_/D         -0.073  (VIOLATED)
   I_RISC_CORE/I_INSTRN_LAT_Crnt_Instrn_2_reg_11_/D         -0.068  (VIOLATED)
   I_RISC_CORE/I_INSTRN_LAT_Crnt_Instrn_2_reg_24_/D         -0.063  (VIOLATED)
   I_RISC_CORE/I_INSTRN_LAT_Crnt_Instrn_2_reg_20_/D         -0.062  (VIOLATED)
   I_RISC_CORE/I_INSTRN_LAT_Crnt_Instrn_2_reg_30_/D         -0.061  (VIOLATED)
   I_RISC_CORE/I_INSTRN_LAT_Crnt_Instrn_2_reg_15_/D         -0.059  (VIOLATED)
   I_RISC_CORE/I_INSTRN_LAT_Crnt_Instrn_2_reg_18_/D         -0.059  (VIOLATED)
   I_RISC_CORE/I_INSTRN_LAT_Crnt_Instrn_2_reg_8_/D          -0.059  (VIOLATED)
   I_RISC_CORE/I_INSTRN_LAT_Crnt_Instrn_2_reg_25_/D         -0.056  (VIOLATED)
   I_RISC_CORE/I_INSTRN_LAT_Crnt_Instrn_2_reg_28_/D         -0.055  (VIOLATED)
   I_RISC_CORE/R_31/D                                       -0.053  (VIOLATED)
   I_RISC_CORE/I_INSTRN_LAT_Crnt_Instrn_2_reg_21_/D         -0.051  (VIOLATED)
   I_RISC_CORE/R_34/D                                       -0.047  (VIOLATED)
   I_RISC_CORE/I_INSTRN_LAT_Crnt_Instrn_2_reg_16_/D         -0.047  (VIOLATED)
   I_RISC_CORE/I_PRGRM_CNT_TOP_I_PRGRM_CNT_PCint_reg_2_/D   -0.047  (VIOLATED)
   I_RISC_CORE/I_INSTRN_LAT_Crnt_Instrn_2_reg_27_/D         -0.046  (VIOLATED)
   I_RISC_CORE/I_INSTRN_LAT_Crnt_Instrn_2_reg_19_/D         -0.043  (VIOLATED)
   I_RISC_CORE/I_INSTRN_LAT_Crnt_Instrn_2_reg_23_/D         -0.041  (VIOLATED)
   I_RISC_CORE/R_30/D                                       -0.040  (VIOLATED)
   I_RISC_CORE/I_INSTRN_LAT_Crnt_Instrn_2_reg_22_/D         -0.040  (VIOLATED)
   I_RISC_CORE/I_INSTRN_LAT_Crnt_Instrn_2_reg_12_/D         -0.040  (VIOLATED)
   I_RISC_CORE/I_INSTRN_LAT_Crnt_Instrn_2_reg_29_/D         -0.039  (VIOLATED)
   I_RISC_CORE/I_INSTRN_LAT_Crnt_Instrn_2_reg_14_/D         -0.036  (VIOLATED)
   I_RISC_CORE/I_ALU_Lachd_Result_reg_10_/D                 -0.035  (VIOLATED)
   I_RISC_CORE/I_INSTRN_LAT_Crnt_Instrn_2_reg_10_/D         -0.034  (VIOLATED)
   I_RISC_CORE/I_ALU_Lachd_Result_reg_13_/D                 -0.033  (VIOLATED)
   I_RISC_CORE/I_ALU_Lachd_Result_reg_15_/D                 -0.032  (VIOLATED)
   I_RISC_CORE/I_ALU_Lachd_Result_reg_5_/D                  -0.028  (VIOLATED)
   I_RISC_CORE/I_INSTRN_LAT_Crnt_Instrn_2_reg_26_/D         -0.025  (VIOLATED)
   I_RISC_CORE/I_INSTRN_LAT_Crnt_Instrn_2_reg_31_/D         -0.024  (VIOLATED)
   I_RISC_CORE/I_INSTRN_LAT_Crnt_Instrn_2_reg_17_/D         -0.022  (VIOLATED)
   I_RISC_CORE/I_ALU_Lachd_Result_reg_12_/D                 -0.019  (VIOLATED)
   I_RISC_CORE/I_ALU_Lachd_Result_reg_11_/D                 -0.004  (VIOLATED)

   max_delay/setup ('SYS_CLK' group)

   Endpoint                                                  Slack
   -----------------------------------------------------------------
   I_BLENDER_1/R_310/D                                      -0.093  (VIOLATED)
   I_BLENDER_1/R_511/D                                      -0.090  (VIOLATED)
   I_BLENDER_0/s4_op1_reg_28_/D                             -0.086  (VIOLATED)
   I_BLENDER_1/R_395/D                                      -0.083  (VIOLATED)
   I_BLENDER_1/R_273/D                                      -0.080  (VIOLATED)
   I_BLENDER_1/R_271/D                                      -0.080  (VIOLATED)
   I_BLENDER_0/s4_op1_reg_29_/D                             -0.077  (VIOLATED)
   I_BLENDER_1/R_292/D                                      -0.076  (VIOLATED)
   I_BLENDER_1/R_476/D                                      -0.076  (VIOLATED)
   I_BLENDER_1/R_410/D                                      -0.074  (VIOLATED)
   I_BLENDER_1/R_413/D                                      -0.073  (VIOLATED)
   I_BLENDER_0/s4_op2_reg_30_/D                             -0.073  (VIOLATED)
   I_BLENDER_1/R_351/D                                      -0.070  (VIOLATED)
   I_BLENDER_0/s4_op1_reg_20_/D                             -0.069  (VIOLATED)
   I_BLENDER_0/R_553/D                                      -0.068  (VIOLATED)
   I_BLENDER_0/R_248/D                                      -0.067  (VIOLATED)
   I_BLENDER_1/s4_op1_reg_18_/D                             -0.067  (VIOLATED)
   I_BLENDER_0/R_391/D                                      -0.066  (VIOLATED)
   I_BLENDER_1/R_646/D                                      -0.066  (VIOLATED)
   I_BLENDER_0/R_581/D                                      -0.065  (VIOLATED)
   I_BLENDER_1/R_235/D                                      -0.065  (VIOLATED)
   I_BLENDER_1/R_298/D                                      -0.065  (VIOLATED)
   I_BLENDER_0/mega_shift_reg_6__17_/D                      -0.063  (VIOLATED)
   I_BLENDER_1/R_377/D                                      -0.063  (VIOLATED)
   I_BLENDER_1/R_652/D                                      -0.063  (VIOLATED)
   I_BLENDER_1/s4_op1_reg_21_/D                             -0.063  (VIOLATED)
   I_BLENDER_0/s4_op1_reg_21_/D                             -0.062  (VIOLATED)
   I_BLENDER_0/R_493/D                                      -0.062  (VIOLATED)
   I_BLENDER_1/s3_op2_reg_21_/D                             -0.062  (VIOLATED)
   I_BLENDER_0/R_507/D                                      -0.062  (VIOLATED)
   I_PARSER/i_reg_reg_11_/D                                 -0.061  (VIOLATED)
   I_BLENDER_1/R_173/D                                      -0.061  (VIOLATED)
   I_BLENDER_1/R_632/D                                      -0.060  (VIOLATED)
   I_BLENDER_0/R_577/D                                      -0.059  (VIOLATED)
   I_BLENDER_0/R_446/D                                      -0.059  (VIOLATED)
   I_BLENDER_0/R_699/D                                      -0.059  (VIOLATED)
   I_BLENDER_1/R_349/D                                      -0.059  (VIOLATED)
   I_BLENDER_0/R_432/D                                      -0.059  (VIOLATED)
   I_BLENDER_0/s4_op2_reg_22_/D                             -0.058  (VIOLATED)
   I_BLENDER_1/s4_op1_reg_23_/D                             -0.058  (VIOLATED)
   I_BLENDER_1/R_464/D                                      -0.058  (VIOLATED)
   I_BLENDER_0/s4_op1_reg_30_/D                             -0.058  (VIOLATED)
   I_BLENDER_1/R_628/D                                      -0.057  (VIOLATED)
   I_BLENDER_0/mega_shift_reg_4__23_/D                      -0.057  (VIOLATED)
   I_BLENDER_0/R_323/D                                      -0.056  (VIOLATED)
   I_BLENDER_0/R_697/D                                      -0.056  (VIOLATED)
   I_BLENDER_1/s3_op1_reg_28_/D                             -0.056  (VIOLATED)
   I_BLENDER_1/s4_op1_reg_15_/D                             -0.055  (VIOLATED)
   I_BLENDER_0/s4_op1_reg_24_/D                             -0.055  (VIOLATED)
   I_BLENDER_1/R_594/D                                      -0.055  (VIOLATED)
   I_BLENDER_1/R_513/D                                      -0.055  (VIOLATED)
   I_BLENDER_1/R_452/D                                      -0.055  (VIOLATED)
   I_BLENDER_1/R_499/D                                      -0.055  (VIOLATED)
   I_BLENDER_1/mega_shift_reg_9__6_/D                       -0.055  (VIOLATED)
   I_BLENDER_0/R_422/D                                      -0.055  (VIOLATED)
   I_BLENDER_0/s4_op1_reg_25_/D                             -0.054  (VIOLATED)
   I_BLENDER_0/R_738/D                                      -0.054  (VIOLATED)
   I_BLENDER_1/s4_op2_reg_12_/D                             -0.054  (VIOLATED)
   I_BLENDER_0/s4_op2_reg_26_/D                             -0.053  (VIOLATED)
   I_BLENDER_0/R_332/D                                      -0.053  (VIOLATED)
   I_BLENDER_1/R_638/D                                      -0.053  (VIOLATED)
   I_BLENDER_0/mega_shift_reg_1__16_/D                      -0.052  (VIOLATED)
   I_BLENDER_0/s1_op1_reg_7_/D                              -0.051  (VIOLATED)
   I_BLENDER_0/R_745/D                                      -0.051  (VIOLATED)
   I_BLENDER_1/s4_op2_reg_19_/D                             -0.050  (VIOLATED)
   I_BLENDER_1/R_427/D                                      -0.050  (VIOLATED)
   I_BLENDER_1/R_414/D                                      -0.050  (VIOLATED)
   I_BLENDER_1/R_604/D                                      -0.050  (VIOLATED)
   I_BLENDER_1/R_429/D                                      -0.050  (VIOLATED)
   I_BLENDER_0/R_239/D                                      -0.050  (VIOLATED)
   I_BLENDER_0/s4_op1_reg_22_/D                             -0.050  (VIOLATED)
   I_BLENDER_1/R_417/D                                      -0.050  (VIOLATED)
   I_BLENDER_0/R_716/D                                      -0.049  (VIOLATED)
   I_BLENDER_1/R_348/D                                      -0.049  (VIOLATED)
   I_BLENDER_0/s4_op2_reg_24_/D                             -0.049  (VIOLATED)
   I_SDRAM_TOP/I_SDRAM_READ_FIFO_SD_FIFO_CTL_U2_empty_int_reg/D
                                                            -0.048  (VIOLATED)
   I_BLENDER_0/R_447/D                                      -0.048  (VIOLATED)
   I_BLENDER_1/R_660/D                                      -0.048  (VIOLATED)
   I_BLENDER_1/R_488/D                                      -0.048  (VIOLATED)
   I_BLENDER_1/R_280/D                                      -0.047  (VIOLATED)
   I_BLENDER_1/R_333/D                                      -0.047  (VIOLATED)
   I_BLENDER_0/R_329/D                                      -0.047  (VIOLATED)
   I_BLENDER_1/R_344/D                                      -0.047  (VIOLATED)
   I_BLENDER_0/mega_shift_reg_2__18_/D                      -0.046  (VIOLATED)
   I_BLENDER_1/s4_op2_reg_7_/D                              -0.046  (VIOLATED)
   I_BLENDER_1/s3_op1_reg_30_/D                             -0.045  (VIOLATED)
   I_BLENDER_0/mega_shift_reg_9__31_/D                      -0.045  (VIOLATED)
   I_BLENDER_0/s3_op1_reg_20_/D                             -0.045  (VIOLATED)
   I_BLENDER_0/s1_op1_reg_4_/D                              -0.045  (VIOLATED)
   I_BLENDER_1/R_747/D                                      -0.044  (VIOLATED)
   I_BLENDER_0/R_704/D                                      -0.044  (VIOLATED)
   I_BLENDER_0/s4_op1_reg_26_/D                             -0.044  (VIOLATED)
   I_BLENDER_0/s3_op1_reg_22_/D                             -0.044  (VIOLATED)
   I_BLENDER_0/s3_op2_reg_24_/D                             -0.043  (VIOLATED)
   I_BLENDER_0/R_182/D                                      -0.043  (VIOLATED)
   I_BLENDER_1/R_472/D                                      -0.042  (VIOLATED)
   I_BLENDER_1/R_484/D                                      -0.042  (VIOLATED)
   I_BLENDER_0/mega_shift_reg_9__3_/D                       -0.041  (VIOLATED)
   I_BLENDER_0/s3_op1_reg_28_/D                             -0.041  (VIOLATED)
   I_BLENDER_1/R_466/D                                      -0.041  (VIOLATED)
   I_BLENDER_0/s4_op1_reg_27_/D                             -0.040  (VIOLATED)
   I_BLENDER_0/mega_shift_reg_9__20_/D                      -0.040  (VIOLATED)
   I_BLENDER_1/R_470/D                                      -0.040  (VIOLATED)
   I_BLENDER_0/s3_op1_reg_30_/D                             -0.040  (VIOLATED)
   I_BLENDER_0/R_160/D                                      -0.040  (VIOLATED)
   I_BLENDER_1/R_268/D                                      -0.039  (VIOLATED)
   I_BLENDER_0/R_384/D                                      -0.039  (VIOLATED)
   I_BLENDER_1/s3_op2_reg_13_/D                             -0.039  (VIOLATED)
   I_BLENDER_1/R_626/D                                      -0.039  (VIOLATED)
   I_BLENDER_1/R_409/D                                      -0.038  (VIOLATED)
   I_PARSER/i_reg_reg_3_/D                                  -0.038  (VIOLATED)
   I_BLENDER_1/s4_op2_reg_9_/D                              -0.038  (VIOLATED)
   I_BLENDER_0/s3_op1_reg_25_/D                             -0.036  (VIOLATED)
   I_BLENDER_1/mega_shift_reg_10__28_/D                     -0.036  (VIOLATED)
   I_BLENDER_1/s3_op2_reg_20_/D                             -0.035  (VIOLATED)
   I_BLENDER_0/s4_op2_reg_21_/D                             -0.035  (VIOLATED)
   I_BLENDER_1/s3_op1_reg_16_/D                             -0.035  (VIOLATED)
   I_BLENDER_0/s4_op2_reg_20_/D                             -0.034  (VIOLATED)
   I_BLENDER_1/s4_op2_reg_2_/D                              -0.034  (VIOLATED)
   I_SDRAM_TOP/I_SDRAM_WRITE_FIFO_SD_FIFO_CTL_U1_this_addr_g_int_reg_2_/D
                                                            -0.033  (VIOLATED)
   I_BLENDER_1/s4_op1_reg_31_/D                             -0.033  (VIOLATED)
   I_BLENDER_0/mega_shift_reg_2__20_/D                      -0.033  (VIOLATED)
   I_BLENDER_0/mega_shift_reg_2__22_/D                      -0.033  (VIOLATED)
   I_BLENDER_0/s4_op1_reg_31_/D                             -0.033  (VIOLATED)
   I_BLENDER_0/R_578/D                                      -0.033  (VIOLATED)
   I_BLENDER_0/mega_shift_reg_9__15_/D                      -0.032  (VIOLATED)
   I_BLENDER_1/mega_shift_reg_9__21_/D                      -0.031  (VIOLATED)
   I_BLENDER_0/mega_shift_reg_3__29_/D                      -0.031  (VIOLATED)
   I_BLENDER_1/mega_shift_reg_9__11_/D                      -0.031  (VIOLATED)
   I_BLENDER_0/mega_shift_reg_6__28_/D                      -0.031  (VIOLATED)
   I_BLENDER_1/s4_op2_reg_18_/D                             -0.031  (VIOLATED)
   I_BLENDER_1/R_478/D                                      -0.030  (VIOLATED)
   I_BLENDER_0/s4_op2_reg_31_/D                             -0.030  (VIOLATED)
   I_BLENDER_0/s4_op2_reg_28_/D                             -0.029  (VIOLATED)
   I_BLENDER_1/R_598/D                                      -0.029  (VIOLATED)
   I_BLENDER_0/s1_op2_reg_5_/D                              -0.029  (VIOLATED)
   I_PARSER/i_reg_reg_4_/D                                  -0.029  (VIOLATED)
   I_BLENDER_1/R_620/D                                      -0.029  (VIOLATED)
   I_BLENDER_0/s4_op2_reg_29_/D                             -0.028  (VIOLATED)
   I_BLENDER_0/s3_op1_reg_31_/D                             -0.027  (VIOLATED)
   I_BLENDER_0/s1_op2_reg_18_/D                             -0.027  (VIOLATED)
   I_PARSER/i_reg_reg_13_/D                                 -0.027  (VIOLATED)
   I_BLENDER_0/mega_shift_reg_9__30_/D                      -0.027  (VIOLATED)
   I_BLENDER_0/s3_op1_reg_26_/D                             -0.026  (VIOLATED)
   I_BLENDER_0/s1_op1_reg_5_/D                              -0.026  (VIOLATED)
   I_BLENDER_1/mega_shift_reg_9__4_/D                       -0.026  (VIOLATED)
   I_BLENDER_1/mega_shift_reg_9__7_/D                       -0.025  (VIOLATED)
   I_BLENDER_0/s4_op2_reg_23_/D                             -0.025  (VIOLATED)
   I_SDRAM_TOP/I_SDRAM_WRITE_FIFO_SD_FIFO_CTL_U1_full_int_reg/D
                                                            -0.025  (VIOLATED)
   I_BLENDER_0/s3_op1_reg_21_/D                             -0.025  (VIOLATED)
   I_BLENDER_0/mega_shift_reg_9__5_/D                       -0.024  (VIOLATED)
   I_BLENDER_0/s4_op1_reg_23_/D                             -0.024  (VIOLATED)
   I_BLENDER_0/R_744/D                                      -0.024  (VIOLATED)
   I_BLENDER_0/R_525/D                                      -0.024  (VIOLATED)
   I_BLENDER_0/mega_shift_reg_3__5_/D                       -0.024  (VIOLATED)
   I_BLENDER_0/s4_op2_reg_10_/D                             -0.023  (VIOLATED)
   I_BLENDER_1/mega_shift_reg_2__12_/D                      -0.023  (VIOLATED)
   I_BLENDER_1/s4_op1_reg_22_/D                             -0.022  (VIOLATED)
   I_BLENDER_0/mega_shift_reg_2__6_/D                       -0.022  (VIOLATED)
   I_BLENDER_1/R_746/D                                      -0.022  (VIOLATED)
   I_BLENDER_1/mega_shift_reg_10__31_/D                     -0.022  (VIOLATED)
   I_PARSER/pci_w_mux_select_reg_1_/D                       -0.021  (VIOLATED)
   I_BLENDER_0/mega_shift_reg_3__12_/D                      -0.021  (VIOLATED)
   I_BLENDER_0/R_434/D                                      -0.021  (VIOLATED)
   I_BLENDER_0/s4_op2_reg_11_/D                             -0.020  (VIOLATED)
   I_BLENDER_0/mega_shift_reg_10__30_/D                     -0.020  (VIOLATED)
   I_BLENDER_0/s4_op1_reg_17_/D                             -0.019  (VIOLATED)
   I_BLENDER_0/R_580/D                                      -0.019  (VIOLATED)
   I_BLENDER_0/s4_op1_reg_18_/D                             -0.019  (VIOLATED)
   I_BLENDER_1/R_752/D                                      -0.019  (VIOLATED)
   I_BLENDER_1/mega_shift_reg_9__3_/D                       -0.019  (VIOLATED)
   I_PARSER/i_reg_reg_17_/D                                 -0.017  (VIOLATED)
   I_BLENDER_0/s2_op2_reg_31_/D                             -0.017  (VIOLATED)
   I_BLENDER_0/R_701/D                                      -0.017  (VIOLATED)
   I_BLENDER_1/s4_op1_reg_13_/D                             -0.017  (VIOLATED)
   I_BLENDER_1/R_375/D                                      -0.017  (VIOLATED)
   I_BLENDER_0/R_436/D                                      -0.016  (VIOLATED)
   I_BLENDER_1/s4_op1_reg_20_/D                             -0.016  (VIOLATED)
   I_BLENDER_1/R_373/D                                      -0.016  (VIOLATED)
   I_BLENDER_1/R_416/D                                      -0.016  (VIOLATED)
   I_BLENDER_0/mega_shift_reg_2__16_/D                      -0.016  (VIOLATED)
   I_BLENDER_1/s3_op1_reg_29_/D                             -0.016  (VIOLATED)
   I_BLENDER_1/R_648/D                                      -0.015  (VIOLATED)
   I_BLENDER_1/s3_op2_reg_31_/D                             -0.015  (VIOLATED)
   I_BLENDER_0/mega_shift_reg_9__1_/D                       -0.014  (VIOLATED)
   I_BLENDER_1/s4_op1_reg_12_/D                             -0.013  (VIOLATED)
   I_BLENDER_0/R_496/D                                      -0.013  (VIOLATED)
   I_BLENDER_1/R_75/D                                       -0.012  (VIOLATED)
   I_BLENDER_0/R_559/D                                      -0.011  (VIOLATED)
   I_BLENDER_1/s4_op1_reg_19_/D                             -0.011  (VIOLATED)
   I_BLENDER_1/s4_op1_reg_11_/D                             -0.011  (VIOLATED)
   I_BLENDER_0/mega_shift_reg_4__9_/D                       -0.011  (VIOLATED)
   I_BLENDER_1/s4_op2_reg_13_/D                             -0.010  (VIOLATED)
   I_PARSER/pci_w_mux_select_reg_2_/D                       -0.010  (VIOLATED)
   I_BLENDER_0/s4_op2_reg_16_/D                             -0.009  (VIOLATED)
   I_BLENDER_1/s4_op2_reg_16_/D                             -0.009  (VIOLATED)
   I_BLENDER_1/R_482/D                                      -0.009  (VIOLATED)
   I_BLENDER_0/mega_shift_reg_1__8_/D                       -0.009  (VIOLATED)
   I_PARSER/i_reg_reg_8_/D                                  -0.008  (VIOLATED)
   I_BLENDER_1/s1_op1_reg_6_/D                              -0.008  (VIOLATED)
   I_BLENDER_1/s3_op1_reg_31_/D                             -0.007  (VIOLATED)
   I_BLENDER_0/mega_shift_reg_3__21_/D                      -0.007  (VIOLATED)
   I_BLENDER_1/mega_shift_reg_9__24_/D                      -0.006  (VIOLATED)
   I_BLENDER_0/s4_op1_reg_13_/D                             -0.005  (VIOLATED)
   I_BLENDER_1/R_189/D                                      -0.004  (VIOLATED)
   I_BLENDER_1/mega_shift_reg_9__19_/D                      -0.004  (VIOLATED)
   I_BLENDER_1/s4_op2_reg_17_/D                             -0.004  (VIOLATED)
   I_PARSER/i_reg_reg_9_/D                                  -0.003  (VIOLATED)
   I_BLENDER_0/R_521/D                                      -0.003  (VIOLATED)
   I_BLENDER_0/mega_shift_reg_3__1_/D                       -0.002  (VIOLATED)
   I_BLENDER_0/s4_op2_reg_17_/D                             -0.001  (VIOLATED)
   I_BLENDER_0/R_450/D                                      -0.001  (VIOLATED)
   I_BLENDER_0/R_574/D                                      -0.001  (VIOLATED)
   I_BLENDER_0/mega_shift_reg_1__14_/D                       0.000  (VIOLATED: increase significant digits)
   I_BLENDER_1/s1_op1_reg_7_/D                               0.000  (VIOLATED: increase significant digits)
   I_BLENDER_1/R_518/D                                       0.000  (VIOLATED: increase significant digits)


   recovery

   Endpoint                                                  Slack
   -----------------------------------------------------------------
   I_SDRAM_TOP/I_SDRAM_IF/mega_shift_1_reg_4__14_/RSTB      -0.053  (VIOLATED)
   I_SDRAM_TOP/I_SDRAM_IF/mega_shift_1_reg_4__10_/RSTB      -0.052  (VIOLATED)
   I_SDRAM_TOP/I_SDRAM_IF/mega_shift_1_reg_4__26_/RSTB      -0.052  (VIOLATED)
   I_SDRAM_TOP/I_SDRAM_IF/mega_shift_1_reg_6__22_/RSTB      -0.045  (VIOLATED)
   I_SDRAM_TOP/I_SDRAM_IF/mega_shift_1_reg_6__10_/RSTB      -0.044  (VIOLATED)
   I_SDRAM_TOP/I_SDRAM_IF/mega_shift_1_reg_2__6_/RSTB       -0.029  (VIOLATED)
   I_SDRAM_TOP/I_SDRAM_IF/mega_shift_1_reg_1__2_/RSTB       -0.019  (VIOLATED)
   I_SDRAM_TOP/I_SDRAM_IF/mega_shift_1_reg_1__10_/RSTB      -0.019  (VIOLATED)
   I_SDRAM_TOP/I_SDRAM_IF/mega_shift_1_reg_5__18_/RSTB      -0.018  (VIOLATED)
   I_SDRAM_TOP/I_SDRAM_IF/mega_shift_1_reg_6__11_/RSTB      -0.013  (VIOLATED)
   I_SDRAM_TOP/I_SDRAM_IF/mega_shift_1_reg_11__11_/RSTB     -0.013  (VIOLATED)
   I_SDRAM_TOP/I_SDRAM_IF/mega_shift_1_reg_10__3_/RSTB      -0.011  (VIOLATED)



   sequential_clock_pulse_width

                             Required        Actual
   Pin                      pulse width    pulse width       Slack
   -----------------------------------------------------------------
   I_CLOCKING/sys_2x_rst_ff_reg/CLK (low)
                               1.036          0.963         -0.072  (VIOLATED)


   max_capacitance

                             Required        Actual
   Pin                      Capacitance    Capacitance       Slack
   -----------------------------------------------------------------
   ZBUF_64_inst_53740/Y       82.000        162.304        -80.304  (VIOLATED)
   ZBUF_64_inst_23336/Y       82.000        162.262        -80.262  (VIOLATED)
   ZBUF_4_inst_53741/Y        82.000        120.195        -38.195  (VIOLATED)
   HFSBUF_11_233/Y            82.000        120.165        -38.165  (VIOLATED)
   HFSBUF_11_232/Y            82.000        118.398        -36.398  (VIOLATED)
   ZBUF_4_inst_54758/Y        82.000        118.139        -36.139  (VIOLATED)
   ZBUF_4_inst_53739/Y        82.000        117.713        -35.713  (VIOLATED)
   HFSBUF_11_236/Y            82.000        116.654        -34.654  (VIOLATED)
   ZBUF_4_inst_23148/Y        82.000        116.472        -34.472  (VIOLATED)
   ZBUF_4_inst_53742/Y        82.000        116.180        -34.180  (VIOLATED)
   HFSBUF_11_249/Y            82.000        116.019        -34.019  (VIOLATED)
   HFSBUF_11_242/Y            82.000        115.792        -33.792  (VIOLATED)
   HFSBUF_11_243/Y            82.000        115.741        -33.741  (VIOLATED)
   HFSBUF_11_240/Y            82.000        115.292        -33.292  (VIOLATED)
   ZBUF_4_inst_54759/Y        82.000        114.312        -32.312  (VIOLATED)
   HFSBUF_11_241/Y            82.000        113.478        -31.478  (VIOLATED)
   HFSBUF_11_228/Y            82.000        110.016        -28.016  (VIOLATED)
   HFSBUF_11_252/Y            82.000        109.291        -27.291  (VIOLATED)
   HFSBUF_11_235/Y            82.000        108.665        -26.665  (VIOLATED)
   HFSBUF_11_246/Y            82.000        108.280        -26.280  (VIOLATED)
   HFSBUF_11_234/Y            82.000        108.027        -26.027  (VIOLATED)
   HFSBUF_11_253/Y            82.000        107.919        -25.919  (VIOLATED)
   HFSBUF_11_254/Y            82.000        107.909        -25.909  (VIOLATED)
   HFSBUF_11_245/Y            82.000        107.768        -25.768  (VIOLATED)
   ZBUF_4_inst_54760/Y        82.000        107.538        -25.538  (VIOLATED)
   HFSBUF_11_244/Y            82.000        107.128        -25.128  (VIOLATED)
   ZBUF_4_inst_53743/Y        82.000        106.993        -24.993  (VIOLATED)
   HFSBUF_11_227/Y            82.000        106.523        -24.523  (VIOLATED)
   HFSBUF_11_250/Y            82.000        106.356        -24.356  (VIOLATED)
   HFSBUF_11_248/Y            82.000        104.608        -22.608  (VIOLATED)
   I_SDRAM_TOP/sram_fixcell_111/Y
                              82.000         95.233        -13.233  (VIOLATED)
   I_BLENDER_0/s3_op1_reg_9_/Q
                              16.000         26.508        -10.508  (VIOLATED)
   occ_int2/cts_buf_646231879/Y
                              82.000         90.564         -8.564  (VIOLATED)
   I_BLENDER_0/U6141/Y        16.000         22.280         -6.280  (VIOLATED)
   I_CONTEXT_MEM/U48/Y        32.000         37.749         -5.749  (VIOLATED)
   I_BLENDER_0/s3_op1_reg_7_/Q
                              16.000         21.441         -5.441  (VIOLATED)
   I_BLENDER_1/U6655/Y        16.000         21.239         -5.239  (VIOLATED)
   I_BLENDER_1/s1_op2_reg_27_/Q
                               8.000         12.042         -4.042  (VIOLATED)
   I_BLENDER_1/R_541/Q        16.000         18.549         -2.549  (VIOLATED)
   I_BLENDER_0/s2_op1_reg_2_/Q
                              16.000         17.859         -1.859  (VIOLATED)
   U234/Y                     16.000         17.711         -1.711  (VIOLATED)
   I_BLENDER_0/s4_op2_reg_26_/Q
                              16.000         17.692         -1.692  (VIOLATED)
   I_BLENDER_1/R_98/Q         16.000         17.677         -1.677  (VIOLATED)
   U288/Y                     32.000         33.658         -1.658  (VIOLATED)
   I_PARSER/U732/Y            32.000         33.649         -1.649  (VIOLATED)
   U223/Y                     16.000         17.616         -1.616  (VIOLATED)
   U215/Y                     16.000         17.497         -1.497  (VIOLATED)
   I_BLENDER_1/U6632/Y        16.000         17.385         -1.385  (VIOLATED)
   I_BLENDER_0/U3974/Y        32.000         33.288         -1.288  (VIOLATED)
   I_BLENDER_0/U6040/S        16.000         17.051         -1.051  (VIOLATED)
   I_BLENDER_1/trans3_reg/Q   16.000         17.035         -1.035  (VIOLATED)
   I_PCI_TOP/I_PCI_CORE_mega_shift_reg_3__16_/Q
                              16.000         17.030         -1.030  (VIOLATED)
   I_BLENDER_1/R_542/Q        16.000         16.990         -0.990  (VIOLATED)
   I_SDRAM_TOP/I_SDRAM_IF/mega_shift_0_reg_25__3_/Q
                               8.000          8.848         -0.848  (VIOLATED)
   I_SDRAM_TOP/I_SDRAM_IF/DQ_out_1_reg_18_/Q
                               8.000          8.845         -0.845  (VIOLATED)
   I_BLENDER_1/R_49/QN         8.000          8.597         -0.597  (VIOLATED)
   I_BLENDER_1/R_752/Q         8.000          8.576         -0.576  (VIOLATED)
   I_BLENDER_1/s1_op1_reg_18_/Q
                               8.000          8.463         -0.463  (VIOLATED)
   I_BLENDER_0/trans1_reg/Q    8.000          8.423         -0.423  (VIOLATED)
   I_BLENDER_0/s3_op2_reg_25_/QN
                              16.000         16.417         -0.417  (VIOLATED)
   I_SDRAM_TOP/I_SDRAM_IF/mega_shift_1_reg_11__0_/Q
                               8.000          8.379         -0.379  (VIOLATED)
   I_SDRAM_TOP/I_SDRAM_IF/ZBUF_1984_inst_23081/Y
                              64.000         64.357         -0.357  (VIOLATED)
   I_SDRAM_TOP/I_SDRAM_IF/mega_shift_1_reg_9__5_/Q
                               8.000          8.323         -0.323  (VIOLATED)
   HFSINV_460_325/Y           16.000         16.319         -0.319  (VIOLATED)
   I_BLENDER_0/s3_op1_reg_22_/Q
                              16.000         16.296         -0.296  (VIOLATED)
   I_BLENDER_0/s3_op1_reg_7_/QN
                              16.000         16.284         -0.284  (VIOLATED)
   I_BLENDER_1/s2_op1_reg_14_/Q
                               8.000          8.249         -0.249  (VIOLATED)
   I_BLENDER_1/result_reg_4_/Q
                               8.000          8.210         -0.210  (VIOLATED)
   pad_in[18]                 16.000         16.195         -0.195  (VIOLATED)
   I_BLENDER_0/mega_shift_reg_10__29_/Q
                               8.000          8.179         -0.179  (VIOLATED)
   I_SDRAM_TOP/I_SDRAM_IF/mega_shift_1_reg_6__5_/Q
                               8.000          8.175         -0.175  (VIOLATED)
   I_PCI_TOP/I_PCI_CORE_mega_shift_reg_5__30_/QN
                               8.000          8.169         -0.169  (VIOLATED)
   I_BLENDER_0/s1_op2_reg_0_/Q
                               8.000          8.153         -0.153  (VIOLATED)
   I_BLENDER_0/s3_op2_reg_7_/Q
                               8.000          8.145         -0.145  (VIOLATED)
   I_BLENDER_0/R_118/Q        16.000         16.139         -0.139  (VIOLATED)
   I_BLENDER_0/U8810/Y        16.000         16.122         -0.122  (VIOLATED)
   I_PCI_TOP/I_PCI_CORE_mega_shift_reg_6__30_/QN
                               8.000          8.115         -0.115  (VIOLATED)
   I_CONTEXT_MEM/U249/Y       82.000         82.106         -0.106  (VIOLATED)
   I_BLENDER_0/U6539/Y         8.000          8.090         -0.090  (VIOLATED)
   I_SDRAM_TOP/I_SDRAM_IF/mega_shift_0_reg_36__28_/Q
                               8.000          8.074         -0.074  (VIOLATED)
   I_BLENDER_0/U2410/Y        16.000         16.065         -0.065  (VIOLATED)
   I_PCI_TOP/HFSINV_639_2048/Y
                              16.000         16.053         -0.053  (VIOLATED)
   I_BLENDER_0/s1_op2_reg_2_/Q
                               8.000          8.034         -0.034  (VIOLATED)
   I_SDRAM_TOP/I_SDRAM_IF/U13008/Y
                               8.000          8.021         -0.021  (VIOLATED)


   min_capacitance

                             Required        Actual
   Pin                      Capacitance    Capacitance       Slack
   -----------------------------------------------------------------
   I_RISC_CORE/I_REG_FILE_REG_FILE_B_RAM/O2[0]
                               0.100          0.011         -0.089  (VIOLATED)
   I_RISC_CORE/I_REG_FILE_REG_FILE_B_RAM/O2[1]
                               0.100          0.011         -0.089  (VIOLATED)
   I_RISC_CORE/I_REG_FILE_REG_FILE_B_RAM/O2[2]
                               0.100          0.011         -0.089  (VIOLATED)
   I_RISC_CORE/I_REG_FILE_REG_FILE_B_RAM/O2[3]
                               0.100          0.011         -0.089  (VIOLATED)
   I_RISC_CORE/I_REG_FILE_REG_FILE_B_RAM/O2[4]
                               0.100          0.011         -0.089  (VIOLATED)
   I_RISC_CORE/I_REG_FILE_REG_FILE_B_RAM/O2[5]
                               0.100          0.011         -0.089  (VIOLATED)
   I_RISC_CORE/I_REG_FILE_REG_FILE_B_RAM/O2[6]
                               0.100          0.011         -0.089  (VIOLATED)
   I_RISC_CORE/I_REG_FILE_REG_FILE_B_RAM/O2[7]
                               0.100          0.011         -0.089  (VIOLATED)
   I_RISC_CORE/I_REG_FILE_REG_FILE_D_RAM/O2[8]
                               0.100          0.011         -0.089  (VIOLATED)
   I_RISC_CORE/I_REG_FILE_REG_FILE_D_RAM/O2[9]
                               0.100          0.011         -0.089  (VIOLATED)
   I_RISC_CORE/I_REG_FILE_REG_FILE_D_RAM/O2[10]
                               0.100          0.011         -0.089  (VIOLATED)
   I_RISC_CORE/I_REG_FILE_REG_FILE_D_RAM/O2[11]
                               0.100          0.011         -0.089  (VIOLATED)
   I_RISC_CORE/I_REG_FILE_REG_FILE_D_RAM/O2[12]
                               0.100          0.011         -0.089  (VIOLATED)
   I_RISC_CORE/I_REG_FILE_REG_FILE_D_RAM/O2[13]
                               0.100          0.011         -0.089  (VIOLATED)
   I_RISC_CORE/I_REG_FILE_REG_FILE_D_RAM/O2[14]
                               0.100          0.011         -0.089  (VIOLATED)
   I_RISC_CORE/I_REG_FILE_REG_FILE_D_RAM/O2[15]
                               0.100          0.011         -0.089  (VIOLATED)


   max_transition

                             Required        Actual
   Pin                      Transition     Transition        Slack
   -----------------------------------------------------------------
   I_BLENDER_1/s1_op2_reg_27_/Q
                               0.405          0.552         -0.147  (VIOLATED)
   I_BLENDER_0/s3_op1_reg_7_/Q
                               0.168          0.209         -0.041  (VIOLATED)
   I_SDRAM_TOP/I_SDRAM_IF/DQ_out_1_reg_18_/Q
                               0.430          0.456         -0.026  (VIOLATED)
   I_BLENDER_0/s3_op1_reg_9_/Q
                               0.240          0.262         -0.022  (VIOLATED)
   I_BLENDER_1/R_541/Q         0.168          0.189         -0.021  (VIOLATED)
   I_SDRAM_TOP/I_SDRAM_IF/mega_shift_0_reg_25__3_/Q
                               0.254          0.269         -0.015  (VIOLATED)
   I_BLENDER_1/s1_op1_reg_18_/Q
                               0.405          0.420         -0.015  (VIOLATED)
   I_BLENDER_0/s4_op2_reg_26_/Q
                               0.168          0.181         -0.013  (VIOLATED)
   I_CONTEXT_MEM/U48/Y         0.163          0.176         -0.012  (VIOLATED)
   I_BLENDER_1/R_49/QN         0.154          0.161         -0.007  (VIOLATED)
   I_BLENDER_1/R_752/Q         0.137          0.144         -0.006  (VIOLATED)
   I_BLENDER_1/result_reg_4_/Q
                               0.423          0.428         -0.005  (VIOLATED)
   I_BLENDER_0/s1_op2_reg_0_/Q
                               0.405          0.409         -0.004  (VIOLATED)
   I_BLENDER_0/s3_op2_reg_25_/QN
                               0.205          0.209         -0.004  (VIOLATED)
   I_BLENDER_0/s3_op1_reg_22_/Q
                               0.168          0.171         -0.003  (VIOLATED)
   I_PCI_TOP/I_PCI_CORE_mega_shift_reg_5__30_/QN
                               0.198          0.201         -0.002  (VIOLATED)
   I_BLENDER_0/s3_op1_reg_7_/QN
                               0.205          0.207         -0.002  (VIOLATED)
   I_PCI_TOP/I_PCI_CORE_mega_shift_reg_6__30_/QN
                               0.198          0.200         -0.001  (VIOLATED)
   I_BLENDER_0/R_118/Q         0.168          0.169         -0.001  (VIOLATED)
   I_RISC_CORE/Instrn_0__UPF_LS/Y
                               0.087          0.087          0.000  (VIOLATED: increase significant digits)
   I_SDRAM_TOP/I_SDRAM_IF/mega_shift_1_reg_6__5_/Q
                               0.430          0.430          0.000  (VIOLATED: increase significant digits)


1
