****************************************
Report : qor
Design : ORCA_TOP
Version: O-2018.06
Date   : Sat May 27 13:15:01 2023
****************************************

  Timing Path Group '**async_default**' (min_delay/hold)
  ---------------------------------------------
  Levels of Logic:                            4
  Critical Path Length:                   0.413
  Critical Path Slack:                    0.031
  Total Negative Slack:                   0.000
  No. of Violating Paths:                     0
  ---------------------------------------------

  Timing Path Group '**clock_gating_default**' (min_delay/hold)
  ---------------------------------------------
  Levels of Logic:                            2
  Critical Path Length:                   0.391
  Critical Path Slack:                    0.181
  Total Negative Slack:                   0.000
  No. of Violating Paths:                     0
  ---------------------------------------------

  Timing Path Group 'PCI_CLK' (min_delay/hold)
  ---------------------------------------------
  Levels of Logic:                            1
  Critical Path Length:                   0.214
  Critical Path Slack:                    0.046
  Total Negative Slack:                   0.000
  No. of Violating Paths:                     0
  ---------------------------------------------

  Timing Path Group 'SDRAM_CLK' (min_delay/hold)
  ---------------------------------------------
  Levels of Logic:                            5
  Critical Path Length:                   0.181
  Critical Path Slack:                   -0.001
  Total Negative Slack:                  -0.001
  No. of Violating Paths:                     2
  ---------------------------------------------

  Timing Path Group 'SD_DDR_CLK' (min_delay/hold)
  ---------------------------------------------
  Levels of Logic:                            5
  Critical Path Length:                   0.127
  Critical Path Slack:                    0.076
  Total Negative Slack:                   0.000
  No. of Violating Paths:                     0
  ---------------------------------------------

  Timing Path Group 'SYS_2x_CLK' (min_delay/hold)
  ---------------------------------------------
  Levels of Logic:                            1
  Critical Path Length:                   0.032
  Critical Path Slack:                    0.041
  Total Negative Slack:                   0.000
  No. of Violating Paths:                     0
  ---------------------------------------------

  Timing Path Group 'SYS_CLK' (min_delay/hold)
  ---------------------------------------------
  Levels of Logic:                            2
  Critical Path Length:                   0.304
  Critical Path Slack:                    0.020
  Total Negative Slack:                   0.000
  No. of Violating Paths:                     0
  ---------------------------------------------

  Timing Path Group 'v_PCI_CLK' (min_delay/hold)
  ---------------------------------------------
  Levels of Logic:                            2
  Critical Path Length:                   0.266
  Critical Path Slack:                   -0.084
  Total Negative Slack:                  -2.444
  No. of Violating Paths:                    32
  ---------------------------------------------

  Cell Count
  ---------------------------------------------
  Hierarchical Cell Count:                   63
  Hierarchical Port Count:                 3355
  Leaf Cell Count:                        45912
  ---------------------------------------------


  Area
  ---------------------------------------------
  Net Interconnect area:              67857.641
  Total cell area:                   383476.438
  Design Area:                       451334.062
  ---------------------------------------------


  Design Rule Violations
  ---------------------------------------------
  Total No. of Pins in Design:           185479
  max_capacitance Count:                    233
  min_capacitance Count:                     16
  max_transition Count:                       4
  max_capacitance Cost:                -418.219
  min_capacitance Cost:                  -1.424
  max_transition Cost:                   -0.020
  Total DRC Cost:                      -419.663
  ---------------------------------------------

1
