****************************************
Report : constraint
	-all_violators
	-path slack_only
Design : ORCA_TOP
Version: O-2018.06
Date   : Sat May 20 19:05:11 2023
****************************************


   max_delay/setup ('SD_DDR_CLK' group)

   Endpoint                                                  Slack
   -----------------------------------------------------------------
   sd_DQ_out[23]                                            -1.257  (VIOLATED)
   sd_DQ_out[16]                                            -1.032  (VIOLATED)
   sd_DQ_out[24]                                            -1.032  (VIOLATED)
   sd_DQ_out[14]                                            -1.030  (VIOLATED)
   sd_DQ_out[10]                                            -1.029  (VIOLATED)
   sd_DQ_out[28]                                            -1.027  (VIOLATED)
   sd_DQ_out[18]                                            -1.024  (VIOLATED)
   sd_DQ_out[13]                                            -1.022  (VIOLATED)
   sd_DQ_out[20]                                            -1.019  (VIOLATED)
   sd_DQ_out[4]                                             -1.014  (VIOLATED)
   sd_DQ_out[26]                                            -1.014  (VIOLATED)
   sd_DQ_out[5]                                             -1.007  (VIOLATED)
   sd_DQ_out[25]                                            -1.007  (VIOLATED)
   sd_DQ_out[9]                                             -1.003  (VIOLATED)
   sd_DQ_out[6]                                             -0.868  (VIOLATED)
   sd_DQ_out[11]                                            -0.864  (VIOLATED)
   sd_DQ_out[1]                                             -0.863  (VIOLATED)
   sd_DQ_out[0]                                             -0.851  (VIOLATED)
   sd_DQ_out[12]                                            -0.828  (VIOLATED)
   sd_DQ_out[2]                                             -0.827  (VIOLATED)
   sd_DQ_out[3]                                             -0.827  (VIOLATED)
   sd_DQ_out[7]                                             -0.827  (VIOLATED)
   sd_DQ_out[15]                                            -0.827  (VIOLATED)
   sd_DQ_out[27]                                            -0.827  (VIOLATED)
   sd_DQ_out[31]                                            -0.827  (VIOLATED)
   sd_DQ_out[19]                                            -0.827  (VIOLATED)
   sd_DQ_out[22]                                            -0.827  (VIOLATED)
   sd_DQ_out[17]                                            -0.825  (VIOLATED)
   sd_DQ_out[30]                                            -0.825  (VIOLATED)
   sd_DQ_out[8]                                             -0.825  (VIOLATED)
   sd_DQ_out[29]                                            -0.812  (VIOLATED)
   sd_DQ_out[21]                                            -0.810  (VIOLATED)

   max_delay/setup ('SYS_2x_CLK' group)

   Endpoint                                                  Slack
   -----------------------------------------------------------------
   I_RISC_CORE/I_PRGRM_CNT_TOP_I_PRGRM_CNT_PCint_reg_0_/SI
                                                            -0.787  (VIOLATED)
   I_RISC_CORE/I_REG_FILE_REG_FILE_A_RAM/I1[14]             -0.744  (VIOLATED)
   I_RISC_CORE/I_REG_FILE_REG_FILE_B_RAM/I1[14]             -0.744  (VIOLATED)
   I_RISC_CORE/I_REG_FILE_REG_FILE_C_RAM/I1[14]             -0.744  (VIOLATED)
   I_RISC_CORE/I_REG_FILE_REG_FILE_D_RAM/I1[14]             -0.744  (VIOLATED)
   I_RISC_CORE/I_CONTROL_UseData_Imm_Or_ALU_reg/SI          -0.741  (VIOLATED)
   I_RISC_CORE/I_PRGRM_CNT_TOP_I_PRGRM_FSM_Current_State_reg_1_/SI
                                                            -0.696  (VIOLATED)
   I_RISC_CORE/I_PRGRM_CNT_TOP_I_PRGRM_CNT_PCint_reg_3_/SI
                                                            -0.657  (VIOLATED)
   I_RISC_CORE/I_INSTRN_LAT_Crnt_Instrn_2_reg_2_/SI         -0.650  (VIOLATED)
   I_RISC_CORE/I_STACK_TOP_I1_STACK_MEM_PopDataOut_reg_0_/SI
                                                            -0.646  (VIOLATED)
   I_RISC_CORE/I_STACK_TOP_I2_STACK_MEM_Stack_Mem_reg_0__2_/SI
                                                            -0.638  (VIOLATED)
   I_RISC_CORE/I_REG_FILE_REG_FILE_A_RAM/I1[5]              -0.636  (VIOLATED)
   I_RISC_CORE/I_REG_FILE_REG_FILE_B_RAM/I1[5]              -0.636  (VIOLATED)
   I_RISC_CORE/I_REG_FILE_REG_FILE_C_RAM/I1[5]              -0.636  (VIOLATED)
   I_RISC_CORE/I_REG_FILE_REG_FILE_A_RAM/I1[6]              -0.634  (VIOLATED)
   I_RISC_CORE/I_REG_FILE_REG_FILE_B_RAM/I1[6]              -0.634  (VIOLATED)
   I_RISC_CORE/I_REG_FILE_REG_FILE_C_RAM/I1[6]              -0.634  (VIOLATED)
   I_RISC_CORE/I_STACK_TOP_I2_STACK_MEM_PopDataOut_reg_2_/SI
                                                            -0.625  (VIOLATED)
   I_RISC_CORE/I_REG_FILE_REG_FILE_A_RAM/I1[2]              -0.615  (VIOLATED)
   I_RISC_CORE/I_REG_FILE_REG_FILE_B_RAM/I1[2]              -0.615  (VIOLATED)
   I_RISC_CORE/I_REG_FILE_REG_FILE_C_RAM/I1[2]              -0.615  (VIOLATED)
   I_RISC_CORE/I_INSTRN_LAT_Crnt_Instrn_2_reg_7_/SI         -0.595  (VIOLATED)
   I_RISC_CORE/I_CONTROL_UseData_Imm_Or_RegB_reg/SI         -0.562  (VIOLATED)
   I_RISC_CORE/I_DATA_PATH_PSWL_Zro_reg/SI                  -0.558  (VIOLATED)
   I_RISC_CORE/I_REG_FILE_REG_FILE_A_RAM/I1[1]              -0.532  (VIOLATED)
   I_RISC_CORE/I_REG_FILE_REG_FILE_B_RAM/I1[1]              -0.532  (VIOLATED)
   I_RISC_CORE/I_REG_FILE_REG_FILE_C_RAM/I1[1]              -0.532  (VIOLATED)
   I_RISC_CORE/I_REG_FILE_REG_FILE_D_RAM/I1[1]              -0.532  (VIOLATED)
   I_RISC_CORE/I_REG_FILE_REG_FILE_A_RAM/A2[6]              -0.525  (VIOLATED)
   I_RISC_CORE/I_REG_FILE_REG_FILE_C_RAM/A2[6]              -0.525  (VIOLATED)
   I_RISC_CORE/I_REG_FILE_REG_FILE_A_RAM/A2[5]              -0.519  (VIOLATED)
   I_RISC_CORE/I_REG_FILE_REG_FILE_C_RAM/A2[5]              -0.519  (VIOLATED)
   I_RISC_CORE/I_STACK_TOP_I_STACK_FSM_TOS_int_reg_0_/SI    -0.513  (VIOLATED)
   I_RISC_CORE/I_STACK_TOP_I_STACK_FSM_TOS_int_reg_1_/SI    -0.501  (VIOLATED)
   I_RISC_CORE/I_INSTRN_LAT_Crnt_Instrn_2_reg_25_/SI        -0.491  (VIOLATED)
   I_RISC_CORE/I_STACK_TOP_I_STACK_FSM_Crnt_Stack_reg_1_/SI
                                                            -0.476  (VIOLATED)
   I_RISC_CORE/I_PRGRM_CNT_TOP_I_PRGRM_FSM_Current_State_reg_0_/SI
                                                            -0.454  (VIOLATED)
   I_RISC_CORE/I_REG_FILE_REG_FILE_D_RAM/I1[4]              -0.453  (VIOLATED)
   I_RISC_CORE/I_REG_FILE_REG_FILE_A_RAM/I1[3]              -0.450  (VIOLATED)
   I_RISC_CORE/I_REG_FILE_REG_FILE_B_RAM/I1[3]              -0.450  (VIOLATED)
   I_RISC_CORE/I_REG_FILE_REG_FILE_C_RAM/I1[3]              -0.450  (VIOLATED)
   I_RISC_CORE/I_REG_FILE_REG_FILE_D_RAM/I1[3]              -0.450  (VIOLATED)
   I_RISC_CORE/I_REG_FILE_REG_FILE_A_RAM/I1[4]              -0.445  (VIOLATED)
   I_RISC_CORE/I_REG_FILE_REG_FILE_B_RAM/I1[4]              -0.445  (VIOLATED)
   I_RISC_CORE/I_REG_FILE_REG_FILE_C_RAM/I1[4]              -0.445  (VIOLATED)
   I_RISC_CORE/I_PRGRM_CNT_TOP_I_PRGRM_CNT_PCint_reg_2_/SI
                                                            -0.439  (VIOLATED)
   I_RISC_CORE/I_PRGRM_CNT_TOP_I_PRGRM_CNT_PCint_reg_4_/SI
                                                            -0.421  (VIOLATED)
   I_RISC_CORE/I_INSTRN_LAT_Crnt_Instrn_2_reg_13_/SI        -0.403  (VIOLATED)
   I_RISC_CORE/I_DATA_PATH_Oprnd_A_reg_13_/SI               -0.395  (VIOLATED)
   I_RISC_CORE/I_ALU_Lachd_Result_reg_9_/SI                 -0.394  (VIOLATED)
   I_RISC_CORE/I_STACK_TOP_I_STACK_FSM_TOS_int_reg_2_/SI    -0.386  (VIOLATED)
   I_RISC_CORE/I_INSTRN_LAT_Crnt_Instrn_2_reg_17_/SI        -0.376  (VIOLATED)
   I_RISC_CORE/I_INSTRN_LAT_Crnt_Instrn_2_reg_11_/SI        -0.375  (VIOLATED)
   I_RISC_CORE/I_DATA_PATH_Oprnd_B_reg_15_/SI               -0.375  (VIOLATED)
   I_RISC_CORE/I_PRGRM_CNT_TOP_I_PRGRM_CNT_PCint_reg_7_/SI
                                                            -0.374  (VIOLATED)
   I_RISC_CORE/I_REG_FILE_REG_FILE_A_RAM/I1[12]             -0.366  (VIOLATED)
   I_RISC_CORE/I_REG_FILE_REG_FILE_B_RAM/I1[12]             -0.366  (VIOLATED)
   I_RISC_CORE/I_REG_FILE_REG_FILE_C_RAM/I1[12]             -0.366  (VIOLATED)
   I_RISC_CORE/I_REG_FILE_REG_FILE_D_RAM/I1[12]             -0.366  (VIOLATED)
   I_RISC_CORE/I_REG_FILE_REG_FILE_A_RAM/A2[0]              -0.353  (VIOLATED)
   I_RISC_CORE/I_REG_FILE_REG_FILE_C_RAM/A2[0]              -0.353  (VIOLATED)
   I_RISC_CORE/I_REG_FILE_REG_FILE_A_RAM/A2[2]              -0.353  (VIOLATED)
   I_RISC_CORE/I_REG_FILE_REG_FILE_C_RAM/A2[2]              -0.353  (VIOLATED)
   I_RISC_CORE/I_REG_FILE_REG_FILE_A_RAM/A2[3]              -0.353  (VIOLATED)
   I_RISC_CORE/I_REG_FILE_REG_FILE_A_RAM/A2[4]              -0.353  (VIOLATED)
   I_RISC_CORE/I_REG_FILE_REG_FILE_C_RAM/A2[3]              -0.353  (VIOLATED)
   I_RISC_CORE/I_REG_FILE_REG_FILE_C_RAM/A2[4]              -0.353  (VIOLATED)
   I_RISC_CORE/I_REG_FILE_REG_FILE_A_RAM/A2[1]              -0.353  (VIOLATED)
   I_RISC_CORE/I_REG_FILE_REG_FILE_C_RAM/A2[1]              -0.353  (VIOLATED)
   I_RISC_CORE/I_DATA_PATH_Oprnd_A_reg_11_/SI               -0.349  (VIOLATED)
   I_RISC_CORE/I_REG_FILE_REG_FILE_A_RAM/I1[0]              -0.348  (VIOLATED)
   I_RISC_CORE/I_REG_FILE_REG_FILE_B_RAM/I1[0]              -0.348  (VIOLATED)
   I_RISC_CORE/I_REG_FILE_REG_FILE_C_RAM/I1[0]              -0.348  (VIOLATED)
   I_RISC_CORE/I_REG_FILE_REG_FILE_D_RAM/I1[0]              -0.348  (VIOLATED)
   I_RISC_CORE/I_REG_FILE_REG_FILE_A_RAM/I1[10]             -0.348  (VIOLATED)
   I_RISC_CORE/I_REG_FILE_REG_FILE_A_RAM/I1[15]             -0.348  (VIOLATED)
   I_RISC_CORE/I_REG_FILE_REG_FILE_B_RAM/I1[10]             -0.348  (VIOLATED)
   I_RISC_CORE/I_REG_FILE_REG_FILE_B_RAM/I1[15]             -0.348  (VIOLATED)
   I_RISC_CORE/I_REG_FILE_REG_FILE_C_RAM/I1[10]             -0.348  (VIOLATED)
   I_RISC_CORE/I_REG_FILE_REG_FILE_C_RAM/I1[15]             -0.348  (VIOLATED)
   I_RISC_CORE/I_REG_FILE_REG_FILE_D_RAM/I1[10]             -0.348  (VIOLATED)
   I_RISC_CORE/I_REG_FILE_REG_FILE_D_RAM/I1[15]             -0.348  (VIOLATED)
   I_RISC_CORE/I_REG_FILE_REG_FILE_A_RAM/I1[11]             -0.348  (VIOLATED)
   I_RISC_CORE/I_REG_FILE_REG_FILE_B_RAM/I1[11]             -0.348  (VIOLATED)
   I_RISC_CORE/I_REG_FILE_REG_FILE_C_RAM/I1[11]             -0.348  (VIOLATED)
   I_RISC_CORE/I_REG_FILE_REG_FILE_D_RAM/I1[11]             -0.348  (VIOLATED)
   I_RISC_CORE/I_REG_FILE_REG_FILE_A_RAM/I1[7]              -0.348  (VIOLATED)
   I_RISC_CORE/I_REG_FILE_REG_FILE_B_RAM/I1[7]              -0.348  (VIOLATED)
   I_RISC_CORE/I_REG_FILE_REG_FILE_C_RAM/I1[7]              -0.348  (VIOLATED)
   I_RISC_CORE/I_REG_FILE_REG_FILE_D_RAM/I1[7]              -0.348  (VIOLATED)
   I_RISC_CORE/I_REG_FILE_REG_FILE_A_RAM/I1[13]             -0.348  (VIOLATED)
   I_RISC_CORE/I_REG_FILE_REG_FILE_B_RAM/I1[13]             -0.348  (VIOLATED)
   I_RISC_CORE/I_REG_FILE_REG_FILE_C_RAM/I1[13]             -0.348  (VIOLATED)
   I_RISC_CORE/I_REG_FILE_REG_FILE_D_RAM/I1[13]             -0.348  (VIOLATED)
   I_RISC_CORE/I_REG_FILE_REG_FILE_B_RAM/I1[8]              -0.348  (VIOLATED)
   I_RISC_CORE/I_REG_FILE_REG_FILE_B_RAM/I1[9]              -0.348  (VIOLATED)
   I_RISC_CORE/I_REG_FILE_REG_FILE_C_RAM/I1[8]              -0.348  (VIOLATED)
   I_RISC_CORE/I_REG_FILE_REG_FILE_C_RAM/I1[9]              -0.348  (VIOLATED)
   I_RISC_CORE/I_REG_FILE_REG_FILE_D_RAM/I1[8]              -0.348  (VIOLATED)
   I_RISC_CORE/I_REG_FILE_REG_FILE_D_RAM/I1[9]              -0.348  (VIOLATED)
   I_RISC_CORE/I_REG_FILE_REG_FILE_A_RAM/I1[8]              -0.348  (VIOLATED)
   I_RISC_CORE/I_ALU_Lachd_Result_reg_5_/SI                 -0.339  (VIOLATED)
   I_RISC_CORE/I_REG_FILE_REG_FILE_A_RAM/I1[9]              -0.313  (VIOLATED)
   I_RISC_CORE/I_DATA_PATH_Oprnd_A_reg_15_/SI               -0.309  (VIOLATED)
   I_RISC_CORE/I_INSTRN_LAT_Crnt_Instrn_2_reg_21_/SI        -0.309  (VIOLATED)
   I_RISC_CORE/I_INSTRN_LAT_Crnt_Instrn_2_reg_3_/SI         -0.300  (VIOLATED)
   I_RISC_CORE/I_PRGRM_CNT_TOP_I_PRGRM_CNT_PCint_reg_5_/SI
                                                            -0.291  (VIOLATED)
   I_RISC_CORE/I_INSTRN_LAT_Crnt_Instrn_2_reg_15_/SI        -0.280  (VIOLATED)
   I_RISC_CORE/I_PRGRM_CNT_TOP_I_PRGRM_CNT_PCint_reg_6_/SI
                                                            -0.269  (VIOLATED)
   I_RISC_CORE/I_PRGRM_CNT_TOP_I_PRGRM_CNT_PCint_reg_1_/SI
                                                            -0.266  (VIOLATED)
   I_RISC_CORE/I_INSTRN_LAT_Crnt_Instrn_2_reg_5_/SI         -0.263  (VIOLATED)
   I_RISC_CORE/I_REG_FILE_REG_FILE_D_RAM/I1[5]              -0.253  (VIOLATED)
   I_RISC_CORE/I_REG_FILE_REG_FILE_D_RAM/I1[6]              -0.251  (VIOLATED)
   I_RISC_CORE/I_INSTRN_LAT_Crnt_Instrn_2_reg_10_/SI        -0.250  (VIOLATED)
   I_RISC_CORE/I_DATA_PATH_Oprnd_B_reg_14_/SI               -0.245  (VIOLATED)
   I_RISC_CORE/I_INSTRN_LAT_Crnt_Instrn_2_reg_4_/SI         -0.243  (VIOLATED)
   I_RISC_CORE/I_STACK_TOP_I1_STACK_MEM_Stack_Mem_reg_1__0_/SI
                                                            -0.232  (VIOLATED)
   I_RISC_CORE/I_REG_FILE_REG_FILE_D_RAM/I1[2]              -0.231  (VIOLATED)
   I_RISC_CORE/R_32/SI                                      -0.200  (VIOLATED)
   I_RISC_CORE/I_PRGRM_CNT_TOP_I_PRGRM_FSM_Current_State_reg_2_/SI
                                                            -0.193  (VIOLATED)
   I_RISC_CORE/I_STACK_TOP_I_STACK_FSM_STACK_FULL_reg/SI    -0.176  (VIOLATED)
   I_RISC_CORE/I_INSTRN_LAT_Crnt_Instrn_2_reg_12_/SI        -0.158  (VIOLATED)
   I_RISC_CORE/I_DATA_PATH_Oprnd_A_reg_5_/SI                -0.137  (VIOLATED)
   I_RISC_CORE/I_INSTRN_LAT_Crnt_Instrn_2_reg_19_/SI        -0.130  (VIOLATED)
   I_RISC_CORE/I_INSTRN_LAT_Crnt_Instrn_2_reg_18_/SI        -0.130  (VIOLATED)
   I_RISC_CORE/I_ALU_Lachd_Result_reg_7_/SI                 -0.120  (VIOLATED)
   I_RISC_CORE/I_STACK_TOP_I1_STACK_MEM_Stack_Mem_reg_7__1_/SI
                                                            -0.093  (VIOLATED)
   I_RISC_CORE/I_STACK_TOP_I1_STACK_MEM_PopDataOut_reg_3_/SI
                                                            -0.093  (VIOLATED)
   I_RISC_CORE/I_STACK_TOP_I1_STACK_MEM_Stack_Mem_reg_0__2_/SI
                                                            -0.093  (VIOLATED)
   I_RISC_CORE/I_STACK_TOP_I2_STACK_MEM_Stack_Mem_reg_1__3_/SI
                                                            -0.093  (VIOLATED)
   I_RISC_CORE/I_STACK_TOP_I2_STACK_MEM_Stack_Mem_reg_4__1_/SI
                                                            -0.093  (VIOLATED)
   I_RISC_CORE/I_STACK_TOP_I2_STACK_MEM_Stack_Mem_reg_4__3_/SI
                                                            -0.093  (VIOLATED)
   I_RISC_CORE/I_STACK_TOP_I2_STACK_MEM_Stack_Mem_reg_5__2_/SI
                                                            -0.093  (VIOLATED)
   I_RISC_CORE/I_STACK_TOP_I2_STACK_MEM_Stack_Mem_reg_6__0_/SI
                                                            -0.093  (VIOLATED)
   I_RISC_CORE/I_STACK_TOP_I3_STACK_MEM_Stack_Mem_reg_2__2_/SI
                                                            -0.093  (VIOLATED)
   I_RISC_CORE/I_INSTRN_LAT_Crnt_Instrn_2_reg_20_/SI        -0.093  (VIOLATED)
   I_RISC_CORE/I_STACK_TOP_I1_STACK_MEM_Stack_Mem_reg_0__0_/SI
                                                            -0.093  (VIOLATED)
   I_RISC_CORE/I_STACK_TOP_I1_STACK_MEM_Stack_Mem_reg_1__1_/SI
                                                            -0.093  (VIOLATED)
   I_RISC_CORE/I_STACK_TOP_I1_STACK_MEM_Stack_Mem_reg_2__3_/SI
                                                            -0.093  (VIOLATED)
   I_RISC_CORE/I_STACK_TOP_I1_STACK_MEM_Stack_Mem_reg_4__0_/SI
                                                            -0.093  (VIOLATED)
   I_RISC_CORE/I_STACK_TOP_I1_STACK_MEM_Stack_Mem_reg_7__3_/SI
                                                            -0.093  (VIOLATED)
   I_RISC_CORE/I_STACK_TOP_I2_STACK_MEM_PopDataOut_reg_1_/SI
                                                            -0.093  (VIOLATED)
   I_RISC_CORE/I_STACK_TOP_I2_STACK_MEM_PopDataOut_reg_3_/SI
                                                            -0.093  (VIOLATED)
   I_RISC_CORE/I_STACK_TOP_I2_STACK_MEM_Stack_Mem_reg_0__3_/SI
                                                            -0.093  (VIOLATED)
   I_RISC_CORE/I_STACK_TOP_I2_STACK_MEM_Stack_Mem_reg_1__0_/SI
                                                            -0.093  (VIOLATED)
   I_RISC_CORE/I_STACK_TOP_I2_STACK_MEM_Stack_Mem_reg_1__1_/SI
                                                            -0.093  (VIOLATED)
   I_RISC_CORE/I_STACK_TOP_I2_STACK_MEM_Stack_Mem_reg_3__1_/SI
                                                            -0.093  (VIOLATED)
   I_RISC_CORE/I_STACK_TOP_I2_STACK_MEM_Stack_Mem_reg_3__3_/SI
                                                            -0.093  (VIOLATED)
   I_RISC_CORE/I_STACK_TOP_I2_STACK_MEM_Stack_Mem_reg_4__0_/SI
                                                            -0.093  (VIOLATED)
   I_RISC_CORE/I_STACK_TOP_I2_STACK_MEM_Stack_Mem_reg_6__2_/SI
                                                            -0.093  (VIOLATED)
   I_RISC_CORE/I_STACK_TOP_I3_STACK_MEM_Stack_Mem_reg_1__2_/SI
                                                            -0.092  (VIOLATED)
   I_RISC_CORE/I_STACK_TOP_I1_STACK_MEM_PopDataOut_reg_1_/SI
                                                            -0.091  (VIOLATED)
   I_RISC_CORE/I_STACK_TOP_I1_STACK_MEM_Stack_Mem_reg_0__1_/SI
                                                            -0.091  (VIOLATED)
   I_RISC_CORE/I_STACK_TOP_I1_STACK_MEM_Stack_Mem_reg_0__3_/SI
                                                            -0.091  (VIOLATED)
   I_RISC_CORE/I_STACK_TOP_I1_STACK_MEM_Stack_Mem_reg_1__3_/SI
                                                            -0.091  (VIOLATED)
   I_RISC_CORE/I_STACK_TOP_I1_STACK_MEM_Stack_Mem_reg_2__0_/SI
                                                            -0.091  (VIOLATED)
   I_RISC_CORE/I_STACK_TOP_I1_STACK_MEM_Stack_Mem_reg_3__0_/SI
                                                            -0.091  (VIOLATED)
   I_RISC_CORE/I_STACK_TOP_I1_STACK_MEM_Stack_Mem_reg_3__2_/SI
                                                            -0.091  (VIOLATED)
   I_RISC_CORE/I_STACK_TOP_I1_STACK_MEM_Stack_Mem_reg_3__3_/SI
                                                            -0.091  (VIOLATED)
   I_RISC_CORE/I_STACK_TOP_I1_STACK_MEM_Stack_Mem_reg_5__0_/SI
                                                            -0.091  (VIOLATED)
   I_RISC_CORE/I_STACK_TOP_I1_STACK_MEM_Stack_Mem_reg_5__1_/SI
                                                            -0.091  (VIOLATED)
   I_RISC_CORE/I_STACK_TOP_I1_STACK_MEM_Stack_Mem_reg_5__2_/SI
                                                            -0.091  (VIOLATED)
   I_RISC_CORE/I_STACK_TOP_I1_STACK_MEM_Stack_Mem_reg_5__3_/SI
                                                            -0.091  (VIOLATED)
   I_RISC_CORE/I_STACK_TOP_I2_STACK_MEM_Stack_Mem_reg_0__1_/SI
                                                            -0.091  (VIOLATED)
   I_RISC_CORE/I_STACK_TOP_I2_STACK_MEM_Stack_Mem_reg_1__2_/SI
                                                            -0.091  (VIOLATED)
   I_RISC_CORE/I_STACK_TOP_I2_STACK_MEM_Stack_Mem_reg_2__1_/SI
                                                            -0.091  (VIOLATED)
   I_RISC_CORE/I_STACK_TOP_I2_STACK_MEM_Stack_Mem_reg_2__2_/SI
                                                            -0.091  (VIOLATED)
   I_RISC_CORE/I_STACK_TOP_I2_STACK_MEM_Stack_Mem_reg_2__3_/SI
                                                            -0.091  (VIOLATED)
   I_RISC_CORE/I_STACK_TOP_I2_STACK_MEM_Stack_Mem_reg_3__0_/SI
                                                            -0.091  (VIOLATED)
   I_RISC_CORE/I_STACK_TOP_I2_STACK_MEM_Stack_Mem_reg_3__2_/SI
                                                            -0.091  (VIOLATED)
   I_RISC_CORE/I_STACK_TOP_I2_STACK_MEM_Stack_Mem_reg_5__0_/SI
                                                            -0.091  (VIOLATED)
   I_RISC_CORE/I_STACK_TOP_I2_STACK_MEM_Stack_Mem_reg_5__1_/SI
                                                            -0.091  (VIOLATED)
   I_RISC_CORE/I_STACK_TOP_I2_STACK_MEM_Stack_Mem_reg_6__1_/SI
                                                            -0.091  (VIOLATED)
   I_RISC_CORE/I_STACK_TOP_I2_STACK_MEM_Stack_Mem_reg_7__2_/SI
                                                            -0.091  (VIOLATED)
   I_RISC_CORE/I_STACK_TOP_I2_STACK_MEM_Stack_Mem_reg_7__3_/SI
                                                            -0.091  (VIOLATED)
   I_RISC_CORE/I_STACK_TOP_I3_STACK_MEM_Stack_Mem_reg_3__2_/SI
                                                            -0.091  (VIOLATED)
   I_RISC_CORE/I_STACK_TOP_I3_STACK_MEM_Stack_Mem_reg_7__2_/SI
                                                            -0.091  (VIOLATED)
   I_RISC_CORE/I_STACK_TOP_I1_STACK_MEM_Stack_Mem_reg_4__1_/SI
                                                            -0.091  (VIOLATED)
   I_RISC_CORE/I_STACK_TOP_I1_STACK_MEM_Stack_Mem_reg_6__3_/SI
                                                            -0.091  (VIOLATED)
   I_RISC_CORE/I_STACK_TOP_I2_STACK_MEM_Stack_Mem_reg_7__1_/SI
                                                            -0.091  (VIOLATED)
   I_RISC_CORE/I_STACK_TOP_I1_STACK_MEM_Stack_Mem_reg_2__1_/SI
                                                            -0.090  (VIOLATED)
   I_RISC_CORE/I_STACK_TOP_I1_STACK_MEM_Stack_Mem_reg_2__2_/SI
                                                            -0.088  (VIOLATED)
   I_RISC_CORE/I_STACK_TOP_I1_STACK_MEM_Stack_Mem_reg_3__1_/SI
                                                            -0.088  (VIOLATED)
   I_RISC_CORE/I_STACK_TOP_I1_STACK_MEM_Stack_Mem_reg_4__2_/SI
                                                            -0.088  (VIOLATED)
   I_RISC_CORE/I_STACK_TOP_I1_STACK_MEM_Stack_Mem_reg_4__3_/SI
                                                            -0.088  (VIOLATED)
   I_RISC_CORE/I_STACK_TOP_I1_STACK_MEM_Stack_Mem_reg_6__0_/SI
                                                            -0.088  (VIOLATED)
   I_RISC_CORE/I_STACK_TOP_I1_STACK_MEM_Stack_Mem_reg_6__1_/SI
                                                            -0.088  (VIOLATED)
   I_RISC_CORE/I_STACK_TOP_I1_STACK_MEM_Stack_Mem_reg_7__2_/SI
                                                            -0.088  (VIOLATED)
   I_RISC_CORE/I_STACK_TOP_I2_STACK_MEM_Stack_Mem_reg_0__0_/SI
                                                            -0.088  (VIOLATED)
   I_RISC_CORE/I_STACK_TOP_I2_STACK_MEM_Stack_Mem_reg_2__0_/SI
                                                            -0.088  (VIOLATED)
   I_RISC_CORE/I_STACK_TOP_I2_STACK_MEM_Stack_Mem_reg_4__2_/SI
                                                            -0.088  (VIOLATED)
   I_RISC_CORE/I_STACK_TOP_I2_STACK_MEM_Stack_Mem_reg_5__3_/SI
                                                            -0.088  (VIOLATED)
   I_RISC_CORE/I_STACK_TOP_I2_STACK_MEM_Stack_Mem_reg_6__3_/SI
                                                            -0.088  (VIOLATED)
   I_RISC_CORE/I_STACK_TOP_I2_STACK_MEM_Stack_Mem_reg_7__0_/SI
                                                            -0.088  (VIOLATED)
   I_RISC_CORE/I_STACK_TOP_I3_STACK_MEM_Stack_Mem_reg_4__2_/SI
                                                            -0.088  (VIOLATED)
   I_RISC_CORE/I_STACK_TOP_I3_STACK_MEM_Stack_Mem_reg_5__2_/SI
                                                            -0.088  (VIOLATED)
   I_RISC_CORE/I_STACK_TOP_I3_STACK_MEM_Stack_Mem_reg_6__2_/SI
                                                            -0.088  (VIOLATED)
   I_RISC_CORE/I_INSTRN_LAT_Crnt_Instrn_2_reg_16_/SI        -0.083  (VIOLATED)
   I_RISC_CORE/I_ALU_Lachd_Result_reg_1_/SI                 -0.082  (VIOLATED)
   I_RISC_CORE/I_ALU_Lachd_Result_reg_4_/SI                 -0.081  (VIOLATED)
   I_RISC_CORE/I_ALU_Lachd_Result_reg_3_/SI                 -0.059  (VIOLATED)
   I_RISC_CORE/I_ALU_Lachd_Result_reg_8_/SI                 -0.058  (VIOLATED)
   I_RISC_CORE/I_ALU_Lachd_Result_reg_2_/SI                 -0.056  (VIOLATED)
   I_RISC_CORE/I_STACK_TOP_I1_STACK_MEM_Stack_Mem_reg_6__2_/SI
                                                            -0.055  (VIOLATED)
   I_RISC_CORE/I_STACK_TOP_I2_STACK_MEM_PopDataOut_reg_0_/SI
                                                            -0.054  (VIOLATED)
   I_RISC_CORE/I_STACK_TOP_I1_STACK_MEM_Stack_Mem_reg_1__2_/SI
                                                            -0.053  (VIOLATED)
   I_RISC_CORE/I_STACK_TOP_I1_STACK_MEM_PopDataOut_reg_2_/SI
                                                            -0.052  (VIOLATED)
   I_RISC_CORE/I_STACK_TOP_I1_STACK_MEM_Stack_Mem_reg_7__0_/SI
                                                            -0.050  (VIOLATED)
   I_RISC_CORE/I_INSTRN_LAT_Crnt_Instrn_2_reg_8_/SI         -0.040  (VIOLATED)

   max_delay/setup ('SYS_CLK' group)

   Endpoint                                                  Slack
   -----------------------------------------------------------------
   I_PCI_TOP/I_PCI_WRITE_FIFO_PCI_FIFO_RAM_1/I1[3]          -0.981  (VIOLATED)
   I_PCI_TOP/I_PCI_WRITE_FIFO_PCI_FIFO_RAM_1/I1[0]          -0.845  (VIOLATED)
   I_PCI_TOP/I_PCI_WRITE_FIFO_PCI_FIFO_RAM_1/I1[1]          -0.702  (VIOLATED)
   I_PCI_TOP/I_PCI_WRITE_FIFO_PCI_FIFO_RAM_7/I1[1]          -0.696  (VIOLATED)
   I_PCI_TOP/I_PCI_WRITE_FIFO_PCI_FIFO_RAM_7/I1[2]          -0.696  (VIOLATED)
   I_PCI_TOP/I_PCI_WRITE_FIFO_PCI_FIFO_RAM_7/I1[3]          -0.696  (VIOLATED)
   I_PCI_TOP/I_PCI_WRITE_FIFO_PCI_FIFO_RAM_7/I1[0]          -0.691  (VIOLATED)
   I_SDRAM_TOP/I_SDRAM_WRITE_FIFO_SD_FIFO_RAM_1/I1[9]       -0.634  (VIOLATED)
   I_SDRAM_TOP/I_SDRAM_WRITE_FIFO_SD_FIFO_RAM_1/I1[8]       -0.631  (VIOLATED)
   I_PCI_TOP/I_PCI_WRITE_FIFO_PCI_FIFO_RAM_2/I1[2]          -0.630  (VIOLATED)
   I_PCI_TOP/I_PCI_WRITE_FIFO_PCI_FIFO_RAM_2/I1[1]          -0.621  (VIOLATED)
   I_SDRAM_TOP/I_SDRAM_WRITE_FIFO_SD_FIFO_RAM_1/I1[5]       -0.593  (VIOLATED)
   I_PCI_TOP/I_PCI_WRITE_FIFO_PCI_FIFO_RAM_2/I1[0]          -0.586  (VIOLATED)
   I_SDRAM_TOP/I_SDRAM_WRITE_FIFO_SD_FIFO_RAM_1/I1[19]      -0.530  (VIOLATED)
   I_PCI_TOP/I_PCI_WRITE_FIFO_PCI_FIFO_RAM_8/I1[0]          -0.521  (VIOLATED)
   I_SDRAM_TOP/I_SDRAM_WRITE_FIFO_SD_FIFO_RAM_1/I1[7]       -0.489  (VIOLATED)
   I_SDRAM_TOP/I_SDRAM_WRITE_FIFO_SD_FIFO_RAM_1/I1[11]      -0.477  (VIOLATED)
   I_PCI_TOP/I_PCI_WRITE_FIFO_PCI_FIFO_RAM_1/I1[2]          -0.463  (VIOLATED)
   I_PCI_TOP/I_PCI_WRITE_FIFO_PCI_FIFO_RAM_8/I1[2]          -0.455  (VIOLATED)
   I_PCI_TOP/I_PCI_WRITE_FIFO_PCI_FIFO_RAM_8/I1[1]          -0.455  (VIOLATED)
   I_SDRAM_TOP/I_SDRAM_WRITE_FIFO_SD_FIFO_RAM_1/I1[10]      -0.427  (VIOLATED)
   I_SDRAM_TOP/I_SDRAM_WRITE_FIFO_SD_FIFO_RAM_1/I1[28]      -0.399  (VIOLATED)
   I_SDRAM_TOP/I_SDRAM_WRITE_FIFO_SD_FIFO_RAM_1/I1[3]       -0.388  (VIOLATED)
   I_SDRAM_TOP/I_SDRAM_WRITE_FIFO_SD_FIFO_RAM_1/I1[2]       -0.372  (VIOLATED)
   I_SDRAM_TOP/I_SDRAM_WRITE_FIFO_SD_FIFO_RAM_1/I1[16]      -0.371  (VIOLATED)
   I_SDRAM_TOP/I_SDRAM_WRITE_FIFO_SD_FIFO_RAM_1/I1[17]      -0.371  (VIOLATED)
   I_SDRAM_TOP/I_SDRAM_WRITE_FIFO_SD_FIFO_RAM_1/I1[20]      -0.371  (VIOLATED)
   I_SDRAM_TOP/I_SDRAM_WRITE_FIFO_SD_FIFO_RAM_1/I1[12]      -0.370  (VIOLATED)
   I_SDRAM_TOP/I_SDRAM_WRITE_FIFO_SD_FIFO_RAM_1/I1[21]      -0.363  (VIOLATED)
   I_SDRAM_TOP/I_SDRAM_WRITE_FIFO_SD_FIFO_RAM_1/I1[22]      -0.363  (VIOLATED)
   I_SDRAM_TOP/I_SDRAM_WRITE_FIFO_SD_FIFO_RAM_1/I1[23]      -0.363  (VIOLATED)
   I_SDRAM_TOP/I_SDRAM_WRITE_FIFO_SD_FIFO_RAM_1/I1[6]       -0.361  (VIOLATED)
   I_SDRAM_TOP/I_SDRAM_WRITE_FIFO_SD_FIFO_RAM_1/I1[25]      -0.308  (VIOLATED)
   I_SDRAM_TOP/I_SDRAM_WRITE_FIFO_SD_FIFO_RAM_1/I1[26]      -0.308  (VIOLATED)
   I_SDRAM_TOP/I_SDRAM_WRITE_FIFO_SD_FIFO_RAM_1/I1[24]      -0.305  (VIOLATED)
   I_SDRAM_TOP/I_SDRAM_WRITE_FIFO_SD_FIFO_RAM_1/I1[29]      -0.303  (VIOLATED)
   I_SDRAM_TOP/I_SDRAM_WRITE_FIFO_SD_FIFO_RAM_1/I1[30]      -0.303  (VIOLATED)
   I_SDRAM_TOP/I_SDRAM_WRITE_FIFO_SD_FIFO_RAM_1/I1[18]      -0.303  (VIOLATED)
   I_PCI_TOP/I_PCI_WRITE_FIFO_PCI_FIFO_RAM_2/I1[3]          -0.287  (VIOLATED)
   I_PCI_TOP/I_PCI_WRITE_FIFO_PCI_FIFO_RAM_3/I1[0]          -0.264  (VIOLATED)
   I_PCI_TOP/I_PCI_WRITE_FIFO_PCI_FIFO_RAM_5/I1[0]          -0.261  (VIOLATED)
   I_PCI_TOP/I_PCI_WRITE_FIFO_PCI_FIFO_RAM_8/I1[3]          -0.233  (VIOLATED)
   I_PCI_TOP/I_PCI_WRITE_FIFO_PCI_FIFO_RAM_5/I1[1]          -0.220  (VIOLATED)
   I_PCI_TOP/I_PCI_WRITE_FIFO_PCI_FIFO_RAM_6/I1[0]          -0.220  (VIOLATED)
   I_PCI_TOP/I_PCI_WRITE_FIFO_PCI_FIFO_RAM_3/I1[1]          -0.217  (VIOLATED)
   I_PCI_TOP/I_PCI_WRITE_FIFO_PCI_FIFO_RAM_6/I1[3]          -0.212  (VIOLATED)
   I_PCI_TOP/I_PCI_WRITE_FIFO_PCI_FIFO_RAM_6/I1[1]          -0.212  (VIOLATED)
   I_PCI_TOP/I_PCI_WRITE_FIFO_PCI_FIFO_RAM_6/I1[2]          -0.212  (VIOLATED)
   I_SDRAM_TOP/I_SDRAM_WRITE_FIFO_SD_FIFO_RAM_1/I1[15]      -0.191  (VIOLATED)
   I_PCI_TOP/I_PCI_WRITE_FIFO_PCI_FIFO_RAM_5/I1[2]          -0.167  (VIOLATED)
   I_SDRAM_TOP/I_SDRAM_WRITE_FIFO_SD_FIFO_RAM_1/I1[4]       -0.162  (VIOLATED)
   I_PCI_TOP/I_PCI_WRITE_FIFO_PCI_FIFO_RAM_5/I1[3]          -0.146  (VIOLATED)
   I_SDRAM_TOP/I_SDRAM_WRITE_FIFO_SD_FIFO_RAM_1/I1[31]      -0.130  (VIOLATED)
   I_SDRAM_TOP/I_SDRAM_WRITE_FIFO_SD_FIFO_RAM_1/I1[13]      -0.116  (VIOLATED)
   I_PCI_TOP/I_PCI_WRITE_FIFO_PCI_FIFO_RAM_3/I1[3]          -0.088  (VIOLATED)
   I_SDRAM_TOP/I_SDRAM_WRITE_FIFO_SD_FIFO_RAM_1/I1[27]      -0.075  (VIOLATED)
   I_PCI_TOP/I_PCI_WRITE_FIFO_PCI_FIFO_RAM_3/I1[2]          -0.063  (VIOLATED)
   I_PCI_TOP/I_PCI_WRITE_FIFO_PCI_FIFO_RAM_4/I1[2]          -0.005  (VIOLATED)



   sequential_clock_pulse_width

                             Required        Actual
   Pin                      pulse width    pulse width       Slack
   -----------------------------------------------------------------
   I_RISC_CORE/I_PRGRM_CNT_TOP_I_PRGRM_FSM_Current_State_reg_1_/CLK (low)
                               1.060          0.937         -0.123  (VIOLATED)
   I_RISC_CORE/I_PRGRM_CNT_TOP_I_PRGRM_FSM_Current_State_reg_2_/CLK (low)
                               1.060          0.937         -0.123  (VIOLATED)
   I_RISC_CORE/I_STACK_TOP_I_STACK_FSM_TOS_int_reg_0_/CLK (low)
                               1.060          0.941         -0.119  (VIOLATED)
   I_RISC_CORE/I_PRGRM_CNT_TOP_I_PRGRM_CNT_PCint_reg_0_/CLK (low)
                               1.060          0.943         -0.118  (VIOLATED)
   I_RISC_CORE/I_PRGRM_CNT_TOP_I_PRGRM_CNT_PCint_reg_2_/CLK (low)
                               1.060          0.943         -0.118  (VIOLATED)
   I_RISC_CORE/I_PRGRM_CNT_TOP_I_PRGRM_CNT_PCint_reg_4_/CLK (low)
                               1.060          0.943         -0.118  (VIOLATED)
   I_RISC_CORE/I_PRGRM_CNT_TOP_I_PRGRM_CNT_PCint_reg_5_/CLK (low)
                               1.060          0.943         -0.118  (VIOLATED)
   I_RISC_CORE/I_CONTROL_UseData_Imm_Or_ALU_reg/CLK (low)
                               1.036          0.937         -0.099  (VIOLATED)
   I_RISC_CORE/I_CONTROL_UseData_Imm_Or_RegB_reg/CLK (low)
                               1.036          0.937         -0.099  (VIOLATED)
   I_RISC_CORE/I_PRGRM_CNT_TOP_I_PRGRM_FSM_Current_State_reg_0_/CLK (low)
                               1.036          0.937         -0.099  (VIOLATED)
   I_RISC_CORE/I_STACK_TOP_I_STACK_FSM_STACK_FULL_reg/CLK (low)
                               1.036          0.937         -0.099  (VIOLATED)
   I_CLOCKING/sys_2x_rst_ff_reg/CLK (low)
                               1.036          0.939         -0.096  (VIOLATED)
   I_RISC_CORE/I_STACK_TOP_I_STACK_FSM_Crnt_Stack_reg_0_/CLK (low)
                               1.036          0.941         -0.094  (VIOLATED)
   I_RISC_CORE/I_STACK_TOP_I_STACK_FSM_Crnt_Stack_reg_1_/CLK (low)
                               1.036          0.941         -0.094  (VIOLATED)
   I_RISC_CORE/I_STACK_TOP_I_STACK_FSM_TOS_int_reg_1_/CLK (low)
                               1.036          0.941         -0.094  (VIOLATED)
   I_RISC_CORE/I_STACK_TOP_I_STACK_FSM_TOS_int_reg_2_/CLK (low)
                               1.036          0.941         -0.094  (VIOLATED)
   I_RISC_CORE/I_PRGRM_CNT_TOP_I_PRGRM_CNT_PCint_reg_1_/CLK (low)
                               1.036          0.943         -0.093  (VIOLATED)
   I_RISC_CORE/I_PRGRM_CNT_TOP_I_PRGRM_CNT_PCint_reg_3_/CLK (low)
                               1.036          0.943         -0.093  (VIOLATED)
   I_RISC_CORE/I_PRGRM_CNT_TOP_I_PRGRM_CNT_PCint_reg_6_/CLK (low)
                               1.036          0.943         -0.093  (VIOLATED)
   I_RISC_CORE/I_PRGRM_CNT_TOP_I_PRGRM_CNT_PCint_reg_7_/CLK (low)
                               1.036          0.943         -0.093  (VIOLATED)
   I_RISC_CORE/I_DATA_PATH_PSWL_Zro_reg/CLK (low)
                               1.036          0.956         -0.080  (VIOLATED)
   I_RISC_CORE/R_32/CLK (low)
                               1.036          0.956         -0.080  (VIOLATED)
   I_RISC_CORE/I_INSTRN_LAT_Crnt_Instrn_2_reg_2_/CLK (low)
                               0.964          0.932         -0.032  (VIOLATED)
   I_RISC_CORE/I_INSTRN_LAT_Crnt_Instrn_2_reg_3_/CLK (low)
                               0.964          0.932         -0.032  (VIOLATED)
   I_RISC_CORE/I_INSTRN_LAT_Crnt_Instrn_2_reg_4_/CLK (low)
                               0.964          0.932         -0.032  (VIOLATED)
   I_RISC_CORE/I_INSTRN_LAT_Crnt_Instrn_2_reg_6_/CLK (low)
                               0.964          0.932         -0.032  (VIOLATED)
   I_RISC_CORE/I_INSTRN_LAT_Crnt_Instrn_2_reg_8_/CLK (low)
                               0.964          0.932         -0.032  (VIOLATED)
   I_RISC_CORE/I_INSTRN_LAT_Crnt_Instrn_2_reg_9_/CLK (low)
                               0.964          0.932         -0.032  (VIOLATED)
   I_RISC_CORE/I_INSTRN_LAT_Crnt_Instrn_2_reg_12_/CLK (low)
                               0.964          0.932         -0.032  (VIOLATED)
   I_RISC_CORE/I_INSTRN_LAT_Crnt_Instrn_2_reg_18_/CLK (low)
                               0.964          0.932         -0.032  (VIOLATED)
   I_RISC_CORE/I_INSTRN_LAT_Crnt_Instrn_2_reg_19_/CLK (low)
                               0.964          0.932         -0.032  (VIOLATED)
   I_RISC_CORE/I_INSTRN_LAT_Crnt_Instrn_2_reg_21_/CLK (low)
                               0.964          0.932         -0.032  (VIOLATED)
   I_RISC_CORE/I_INSTRN_LAT_Crnt_Instrn_2_reg_22_/CLK (low)
                               0.964          0.932         -0.032  (VIOLATED)
   I_RISC_CORE/I_INSTRN_LAT_Crnt_Instrn_2_reg_25_/CLK (low)
                               0.964          0.932         -0.032  (VIOLATED)
   I_RISC_CORE/I_DATA_PATH_Oprnd_A_reg_5_/CLK (low)
                               0.964          0.932         -0.032  (VIOLATED)
   I_RISC_CORE/I_DATA_PATH_Oprnd_A_reg_6_/CLK (low)
                               0.964          0.932         -0.032  (VIOLATED)
   I_RISC_CORE/I_DATA_PATH_Oprnd_A_reg_9_/CLK (low)
                               0.964          0.932         -0.032  (VIOLATED)
   I_RISC_CORE/I_DATA_PATH_Oprnd_A_reg_10_/CLK (low)
                               0.964          0.932         -0.032  (VIOLATED)
   I_RISC_CORE/I_DATA_PATH_Oprnd_A_reg_11_/CLK (low)
                               0.964          0.932         -0.032  (VIOLATED)
   I_RISC_CORE/I_DATA_PATH_Oprnd_A_reg_13_/CLK (low)
                               0.964          0.932         -0.032  (VIOLATED)
   I_RISC_CORE/I_DATA_PATH_Oprnd_B_reg_9_/CLK (low)
                               0.964          0.932         -0.031  (VIOLATED)
   I_RISC_CORE/I_DATA_PATH_Oprnd_B_reg_11_/CLK (low)
                               0.964          0.932         -0.031  (VIOLATED)
   I_RISC_CORE/I_DATA_PATH_Oprnd_B_reg_12_/CLK (low)
                               0.964          0.932         -0.031  (VIOLATED)
   I_RISC_CORE/I_DATA_PATH_Oprnd_B_reg_14_/CLK (low)
                               0.964          0.932         -0.031  (VIOLATED)
   I_RISC_CORE/I_DATA_PATH_Oprnd_B_reg_15_/CLK (low)
                               0.964          0.932         -0.031  (VIOLATED)
   I_RISC_CORE/I_ALU_Lachd_Result_reg_1_/CLK (low)
                               0.964          0.934         -0.030  (VIOLATED)
   I_RISC_CORE/I_STACK_TOP_I1_STACK_MEM_PopDataOut_reg_0_/CLK (low)
                               0.937          0.930         -0.007  (VIOLATED)
   I_RISC_CORE/I_STACK_TOP_I1_STACK_MEM_PopDataOut_reg_1_/CLK (low)
                               0.937          0.930         -0.007  (VIOLATED)
   I_RISC_CORE/I_STACK_TOP_I1_STACK_MEM_PopDataOut_reg_2_/CLK (low)
                               0.937          0.930         -0.007  (VIOLATED)
   I_RISC_CORE/I_STACK_TOP_I1_STACK_MEM_PopDataOut_reg_3_/CLK (low)
                               0.937          0.930         -0.007  (VIOLATED)
   I_RISC_CORE/I_STACK_TOP_I1_STACK_MEM_Stack_Mem_reg_0__0_/CLK (low)
                               0.937          0.930         -0.007  (VIOLATED)
   I_RISC_CORE/I_STACK_TOP_I1_STACK_MEM_Stack_Mem_reg_0__1_/CLK (low)
                               0.937          0.930         -0.007  (VIOLATED)
   I_RISC_CORE/I_STACK_TOP_I1_STACK_MEM_Stack_Mem_reg_0__2_/CLK (low)
                               0.937          0.930         -0.007  (VIOLATED)
   I_RISC_CORE/I_STACK_TOP_I1_STACK_MEM_Stack_Mem_reg_0__3_/CLK (low)
                               0.937          0.930         -0.007  (VIOLATED)
   I_RISC_CORE/I_STACK_TOP_I1_STACK_MEM_Stack_Mem_reg_1__0_/CLK (low)
                               0.937          0.930         -0.007  (VIOLATED)
   I_RISC_CORE/I_STACK_TOP_I1_STACK_MEM_Stack_Mem_reg_1__1_/CLK (low)
                               0.937          0.930         -0.007  (VIOLATED)
   I_RISC_CORE/I_STACK_TOP_I1_STACK_MEM_Stack_Mem_reg_1__2_/CLK (low)
                               0.937          0.930         -0.007  (VIOLATED)
   I_RISC_CORE/I_STACK_TOP_I1_STACK_MEM_Stack_Mem_reg_1__3_/CLK (low)
                               0.937          0.930         -0.007  (VIOLATED)
   I_RISC_CORE/I_STACK_TOP_I1_STACK_MEM_Stack_Mem_reg_2__0_/CLK (low)
                               0.937          0.930         -0.007  (VIOLATED)
   I_RISC_CORE/I_STACK_TOP_I1_STACK_MEM_Stack_Mem_reg_2__1_/CLK (low)
                               0.937          0.930         -0.007  (VIOLATED)
   I_RISC_CORE/I_STACK_TOP_I1_STACK_MEM_Stack_Mem_reg_2__2_/CLK (low)
                               0.937          0.930         -0.007  (VIOLATED)
   I_RISC_CORE/I_STACK_TOP_I1_STACK_MEM_Stack_Mem_reg_2__3_/CLK (low)
                               0.937          0.930         -0.007  (VIOLATED)
   I_RISC_CORE/I_STACK_TOP_I1_STACK_MEM_Stack_Mem_reg_3__0_/CLK (low)
                               0.937          0.930         -0.007  (VIOLATED)
   I_RISC_CORE/I_STACK_TOP_I1_STACK_MEM_Stack_Mem_reg_3__1_/CLK (low)
                               0.937          0.930         -0.007  (VIOLATED)
   I_RISC_CORE/I_STACK_TOP_I1_STACK_MEM_Stack_Mem_reg_3__2_/CLK (low)
                               0.937          0.930         -0.007  (VIOLATED)
   I_RISC_CORE/I_STACK_TOP_I1_STACK_MEM_Stack_Mem_reg_3__3_/CLK (low)
                               0.937          0.930         -0.007  (VIOLATED)
   I_RISC_CORE/I_STACK_TOP_I1_STACK_MEM_Stack_Mem_reg_4__0_/CLK (low)
                               0.937          0.930         -0.007  (VIOLATED)
   I_RISC_CORE/I_STACK_TOP_I1_STACK_MEM_Stack_Mem_reg_4__1_/CLK (low)
                               0.937          0.930         -0.007  (VIOLATED)
   I_RISC_CORE/I_STACK_TOP_I1_STACK_MEM_Stack_Mem_reg_4__2_/CLK (low)
                               0.937          0.930         -0.007  (VIOLATED)
   I_RISC_CORE/I_STACK_TOP_I1_STACK_MEM_Stack_Mem_reg_4__3_/CLK (low)
                               0.937          0.930         -0.007  (VIOLATED)
   I_RISC_CORE/I_STACK_TOP_I1_STACK_MEM_Stack_Mem_reg_5__0_/CLK (low)
                               0.937          0.930         -0.007  (VIOLATED)
   I_RISC_CORE/I_STACK_TOP_I1_STACK_MEM_Stack_Mem_reg_5__1_/CLK (low)
                               0.937          0.930         -0.007  (VIOLATED)
   I_RISC_CORE/I_STACK_TOP_I1_STACK_MEM_Stack_Mem_reg_5__2_/CLK (low)
                               0.937          0.930         -0.007  (VIOLATED)
   I_RISC_CORE/I_STACK_TOP_I1_STACK_MEM_Stack_Mem_reg_5__3_/CLK (low)
                               0.937          0.930         -0.007  (VIOLATED)
   I_RISC_CORE/I_STACK_TOP_I1_STACK_MEM_Stack_Mem_reg_6__0_/CLK (low)
                               0.937          0.930         -0.007  (VIOLATED)
   I_RISC_CORE/I_STACK_TOP_I1_STACK_MEM_Stack_Mem_reg_6__1_/CLK (low)
                               0.937          0.930         -0.007  (VIOLATED)
   I_RISC_CORE/I_STACK_TOP_I1_STACK_MEM_Stack_Mem_reg_6__2_/CLK (low)
                               0.937          0.930         -0.007  (VIOLATED)
   I_RISC_CORE/I_STACK_TOP_I1_STACK_MEM_Stack_Mem_reg_6__3_/CLK (low)
                               0.937          0.930         -0.007  (VIOLATED)
   I_RISC_CORE/I_STACK_TOP_I1_STACK_MEM_Stack_Mem_reg_7__0_/CLK (low)
                               0.937          0.930         -0.007  (VIOLATED)
   I_RISC_CORE/I_STACK_TOP_I1_STACK_MEM_Stack_Mem_reg_7__1_/CLK (low)
                               0.937          0.930         -0.007  (VIOLATED)
   I_RISC_CORE/I_STACK_TOP_I1_STACK_MEM_Stack_Mem_reg_7__2_/CLK (low)
                               0.937          0.930         -0.007  (VIOLATED)
   I_RISC_CORE/I_STACK_TOP_I1_STACK_MEM_Stack_Mem_reg_7__3_/CLK (low)
                               0.937          0.930         -0.007  (VIOLATED)
   I_RISC_CORE/I_STACK_TOP_I2_STACK_MEM_PopDataOut_reg_0_/CLK (low)
                               0.937          0.930         -0.007  (VIOLATED)
   I_RISC_CORE/I_STACK_TOP_I2_STACK_MEM_PopDataOut_reg_1_/CLK (low)
                               0.937          0.930         -0.007  (VIOLATED)
   I_RISC_CORE/I_STACK_TOP_I2_STACK_MEM_PopDataOut_reg_2_/CLK (low)
                               0.937          0.930         -0.007  (VIOLATED)
   I_RISC_CORE/I_STACK_TOP_I2_STACK_MEM_PopDataOut_reg_3_/CLK (low)
                               0.937          0.930         -0.007  (VIOLATED)
   I_RISC_CORE/I_STACK_TOP_I2_STACK_MEM_Stack_Mem_reg_0__0_/CLK (low)
                               0.937          0.930         -0.007  (VIOLATED)
   I_RISC_CORE/I_STACK_TOP_I2_STACK_MEM_Stack_Mem_reg_0__1_/CLK (low)
                               0.937          0.930         -0.007  (VIOLATED)
   I_RISC_CORE/I_STACK_TOP_I2_STACK_MEM_Stack_Mem_reg_0__2_/CLK (low)
                               0.937          0.930         -0.007  (VIOLATED)
   I_RISC_CORE/I_STACK_TOP_I2_STACK_MEM_Stack_Mem_reg_0__3_/CLK (low)
                               0.937          0.930         -0.007  (VIOLATED)
   I_RISC_CORE/I_STACK_TOP_I2_STACK_MEM_Stack_Mem_reg_1__0_/CLK (low)
                               0.937          0.930         -0.007  (VIOLATED)
   I_RISC_CORE/I_STACK_TOP_I2_STACK_MEM_Stack_Mem_reg_1__1_/CLK (low)
                               0.937          0.930         -0.007  (VIOLATED)
   I_RISC_CORE/I_STACK_TOP_I2_STACK_MEM_Stack_Mem_reg_1__2_/CLK (low)
                               0.937          0.930         -0.007  (VIOLATED)
   I_RISC_CORE/I_STACK_TOP_I2_STACK_MEM_Stack_Mem_reg_1__3_/CLK (low)
                               0.937          0.930         -0.007  (VIOLATED)
   I_RISC_CORE/I_STACK_TOP_I2_STACK_MEM_Stack_Mem_reg_2__0_/CLK (low)
                               0.937          0.930         -0.007  (VIOLATED)
   I_RISC_CORE/I_STACK_TOP_I2_STACK_MEM_Stack_Mem_reg_2__1_/CLK (low)
                               0.937          0.930         -0.007  (VIOLATED)
   I_RISC_CORE/I_STACK_TOP_I2_STACK_MEM_Stack_Mem_reg_2__2_/CLK (low)
                               0.937          0.930         -0.007  (VIOLATED)
   I_RISC_CORE/I_STACK_TOP_I2_STACK_MEM_Stack_Mem_reg_2__3_/CLK (low)
                               0.937          0.930         -0.007  (VIOLATED)
   I_RISC_CORE/I_STACK_TOP_I2_STACK_MEM_Stack_Mem_reg_3__0_/CLK (low)
                               0.937          0.930         -0.007  (VIOLATED)
   I_RISC_CORE/I_STACK_TOP_I2_STACK_MEM_Stack_Mem_reg_3__1_/CLK (low)
                               0.937          0.930         -0.007  (VIOLATED)
   I_RISC_CORE/I_STACK_TOP_I2_STACK_MEM_Stack_Mem_reg_3__2_/CLK (low)
                               0.937          0.930         -0.007  (VIOLATED)
   I_RISC_CORE/I_STACK_TOP_I2_STACK_MEM_Stack_Mem_reg_3__3_/CLK (low)
                               0.937          0.930         -0.007  (VIOLATED)
   I_RISC_CORE/I_STACK_TOP_I2_STACK_MEM_Stack_Mem_reg_4__0_/CLK (low)
                               0.937          0.930         -0.007  (VIOLATED)
   I_RISC_CORE/I_STACK_TOP_I2_STACK_MEM_Stack_Mem_reg_4__1_/CLK (low)
                               0.937          0.930         -0.007  (VIOLATED)
   I_RISC_CORE/I_STACK_TOP_I2_STACK_MEM_Stack_Mem_reg_4__2_/CLK (low)
                               0.937          0.930         -0.007  (VIOLATED)
   I_RISC_CORE/I_STACK_TOP_I2_STACK_MEM_Stack_Mem_reg_4__3_/CLK (low)
                               0.937          0.930         -0.007  (VIOLATED)
   I_RISC_CORE/I_STACK_TOP_I2_STACK_MEM_Stack_Mem_reg_5__0_/CLK (low)
                               0.937          0.930         -0.007  (VIOLATED)
   I_RISC_CORE/I_STACK_TOP_I2_STACK_MEM_Stack_Mem_reg_5__1_/CLK (low)
                               0.937          0.930         -0.007  (VIOLATED)
   I_RISC_CORE/I_STACK_TOP_I2_STACK_MEM_Stack_Mem_reg_5__2_/CLK (low)
                               0.937          0.930         -0.007  (VIOLATED)
   I_RISC_CORE/I_STACK_TOP_I2_STACK_MEM_Stack_Mem_reg_5__3_/CLK (low)
                               0.937          0.930         -0.007  (VIOLATED)
   I_RISC_CORE/I_STACK_TOP_I2_STACK_MEM_Stack_Mem_reg_6__0_/CLK (low)
                               0.937          0.930         -0.007  (VIOLATED)
   I_RISC_CORE/I_STACK_TOP_I2_STACK_MEM_Stack_Mem_reg_6__1_/CLK (low)
                               0.937          0.930         -0.007  (VIOLATED)
   I_RISC_CORE/I_STACK_TOP_I2_STACK_MEM_Stack_Mem_reg_6__2_/CLK (low)
                               0.937          0.930         -0.007  (VIOLATED)
   I_RISC_CORE/I_STACK_TOP_I2_STACK_MEM_Stack_Mem_reg_6__3_/CLK (low)
                               0.937          0.930         -0.007  (VIOLATED)
   I_RISC_CORE/I_STACK_TOP_I2_STACK_MEM_Stack_Mem_reg_7__0_/CLK (low)
                               0.937          0.930         -0.007  (VIOLATED)
   I_RISC_CORE/I_STACK_TOP_I2_STACK_MEM_Stack_Mem_reg_7__1_/CLK (low)
                               0.937          0.930         -0.007  (VIOLATED)
   I_RISC_CORE/I_STACK_TOP_I2_STACK_MEM_Stack_Mem_reg_7__2_/CLK (low)
                               0.937          0.930         -0.007  (VIOLATED)
   I_RISC_CORE/I_STACK_TOP_I2_STACK_MEM_Stack_Mem_reg_7__3_/CLK (low)
                               0.937          0.930         -0.007  (VIOLATED)
   I_RISC_CORE/I_STACK_TOP_I3_STACK_MEM_PopDataOut_reg_2_/CLK (low)
                               0.937          0.930         -0.007  (VIOLATED)
   I_RISC_CORE/I_STACK_TOP_I3_STACK_MEM_Stack_Mem_reg_0__2_/CLK (low)
                               0.937          0.930         -0.007  (VIOLATED)
   I_RISC_CORE/I_STACK_TOP_I3_STACK_MEM_Stack_Mem_reg_1__2_/CLK (low)
                               0.937          0.930         -0.007  (VIOLATED)
   I_RISC_CORE/I_STACK_TOP_I3_STACK_MEM_Stack_Mem_reg_2__2_/CLK (low)
                               0.937          0.930         -0.007  (VIOLATED)
   I_RISC_CORE/I_STACK_TOP_I3_STACK_MEM_Stack_Mem_reg_3__2_/CLK (low)
                               0.937          0.930         -0.007  (VIOLATED)
   I_RISC_CORE/I_STACK_TOP_I3_STACK_MEM_Stack_Mem_reg_4__2_/CLK (low)
                               0.937          0.930         -0.007  (VIOLATED)
   I_RISC_CORE/I_STACK_TOP_I3_STACK_MEM_Stack_Mem_reg_5__2_/CLK (low)
                               0.937          0.930         -0.007  (VIOLATED)
   I_RISC_CORE/I_STACK_TOP_I3_STACK_MEM_Stack_Mem_reg_6__2_/CLK (low)
                               0.937          0.930         -0.007  (VIOLATED)
   I_RISC_CORE/I_STACK_TOP_I3_STACK_MEM_Stack_Mem_reg_7__2_/CLK (low)
                               0.937          0.930         -0.007  (VIOLATED)
   I_RISC_CORE/I_INSTRN_LAT_Crnt_Instrn_2_reg_5_/CLK (low)
                               0.937          0.932         -0.005  (VIOLATED)
   I_RISC_CORE/I_INSTRN_LAT_Crnt_Instrn_2_reg_7_/CLK (low)
                               0.937          0.932         -0.005  (VIOLATED)
   I_RISC_CORE/I_INSTRN_LAT_Crnt_Instrn_2_reg_10_/CLK (low)
                               0.937          0.932         -0.005  (VIOLATED)
   I_RISC_CORE/I_INSTRN_LAT_Crnt_Instrn_2_reg_11_/CLK (low)
                               0.937          0.932         -0.005  (VIOLATED)
   I_RISC_CORE/I_INSTRN_LAT_Crnt_Instrn_2_reg_13_/CLK (low)
                               0.937          0.932         -0.005  (VIOLATED)
   I_RISC_CORE/I_INSTRN_LAT_Crnt_Instrn_2_reg_15_/CLK (low)
                               0.937          0.932         -0.005  (VIOLATED)
   I_RISC_CORE/I_INSTRN_LAT_Crnt_Instrn_2_reg_16_/CLK (low)
                               0.937          0.932         -0.005  (VIOLATED)
   I_RISC_CORE/I_INSTRN_LAT_Crnt_Instrn_2_reg_17_/CLK (low)
                               0.937          0.932         -0.005  (VIOLATED)
   I_RISC_CORE/I_INSTRN_LAT_Crnt_Instrn_2_reg_20_/CLK (low)
                               0.937          0.932         -0.005  (VIOLATED)
   I_RISC_CORE/I_DATA_PATH_Oprnd_A_reg_8_/CLK (low)
                               0.937          0.932         -0.005  (VIOLATED)
   I_RISC_CORE/I_DATA_PATH_Oprnd_A_reg_15_/CLK (low)
                               0.937          0.932         -0.005  (VIOLATED)
   I_RISC_CORE/I_ALU_Lachd_Result_reg_2_/CLK (low)
                               0.937          0.934         -0.003  (VIOLATED)
   I_RISC_CORE/I_ALU_Lachd_Result_reg_3_/CLK (low)
                               0.937          0.934         -0.003  (VIOLATED)
   I_RISC_CORE/I_ALU_Lachd_Result_reg_4_/CLK (low)
                               0.937          0.934         -0.003  (VIOLATED)
   I_RISC_CORE/I_ALU_Lachd_Result_reg_5_/CLK (low)
                               0.937          0.934         -0.003  (VIOLATED)
   I_RISC_CORE/I_ALU_Lachd_Result_reg_6_/CLK (low)
                               0.937          0.934         -0.003  (VIOLATED)
   I_RISC_CORE/I_ALU_Lachd_Result_reg_7_/CLK (low)
                               0.937          0.934         -0.003  (VIOLATED)
   I_RISC_CORE/I_ALU_Lachd_Result_reg_8_/CLK (low)
                               0.937          0.934         -0.003  (VIOLATED)
   I_RISC_CORE/I_ALU_Lachd_Result_reg_9_/CLK (low)
                               0.937          0.934         -0.003  (VIOLATED)
   I_RISC_CORE/I_ALU_Lachd_Result_reg_10_/CLK (low)
                               0.937          0.934         -0.003  (VIOLATED)
   I_RISC_CORE/I_ALU_Lachd_Result_reg_11_/CLK (low)
                               0.937          0.934         -0.003  (VIOLATED)
   I_RISC_CORE/I_ALU_Lachd_Result_reg_12_/CLK (low)
                               0.937          0.934         -0.003  (VIOLATED)
   I_RISC_CORE/R_33/CLK (low)
                               0.937          0.934         -0.003  (VIOLATED)
   I_RISC_CORE/I_CONTROL_EndOfInstrn_reg/CLK (low)
                               0.937          0.937          0.000  (VIOLATED: increase significant digits)


   max_capacitance

                             Required        Actual
   Pin                      Capacitance    Capacitance       Slack
   -----------------------------------------------------------------
   ZBUF_68_inst_23125/Y       82.000        170.314        -88.314  (VIOLATED)
   ZBUF_145_inst_23126/Y      82.000        150.238        -68.238  (VIOLATED)
   HFSBUF_11_175/Y            82.000        100.004        -18.004  (VIOLATED)
   HFSBUF_11_176/Y            82.000        100.004        -18.004  (VIOLATED)
   HFSBUF_11_177/Y            82.000        100.004        -18.004  (VIOLATED)
   HFSBUF_11_178/Y            82.000        100.004        -18.004  (VIOLATED)
   HFSBUF_11_179/Y            82.000        100.004        -18.004  (VIOLATED)
   HFSBUF_11_180/Y            82.000        100.004        -18.004  (VIOLATED)
   HFSBUF_11_182/Y            82.000        100.004        -18.004  (VIOLATED)
   HFSBUF_11_184/Y            82.000        100.004        -18.004  (VIOLATED)
   HFSBUF_11_186/Y            82.000        100.004        -18.004  (VIOLATED)
   HFSBUF_11_187/Y            82.000        100.004        -18.004  (VIOLATED)
   HFSBUF_11_188/Y            82.000        100.004        -18.004  (VIOLATED)
   HFSBUF_11_189/Y            82.000        100.004        -18.004  (VIOLATED)
   HFSBUF_11_192/Y            82.000        100.004        -18.004  (VIOLATED)
   HFSBUF_11_196/Y            82.000        100.004        -18.004  (VIOLATED)
   HFSBUF_11_197/Y            82.000        100.004        -18.004  (VIOLATED)
   HFSBUF_11_198/Y            82.000        100.004        -18.004  (VIOLATED)
   I_PCI_TOP/HFSBUF_8_181/Y   82.000        100.004        -18.004  (VIOLATED)
   ZBUF_4_inst_23127/Y        82.000        100.004        -18.004  (VIOLATED)
   ZBUF_4_inst_23128/Y        82.000        100.004        -18.004  (VIOLATED)
   ZBUF_4_inst_53726/Y        82.000        100.004        -18.004  (VIOLATED)
   ZBUF_4_inst_53727/Y        82.000        100.004        -18.004  (VIOLATED)
   ZBUF_4_inst_53728/Y        82.000        100.004        -18.004  (VIOLATED)
   ZBUF_4_inst_54929/Y        82.000        100.004        -18.004  (VIOLATED)
   ZBUF_4_inst_54930/Y        82.000        100.004        -18.004  (VIOLATED)
   ZBUF_4_inst_54931/Y        82.000        100.004        -18.004  (VIOLATED)


   min_capacitance

                             Required        Actual
   Pin                      Capacitance    Capacitance       Slack
   -----------------------------------------------------------------
   I_RISC_CORE/I_REG_FILE_REG_FILE_B_RAM/O2[0]
                               0.100          0.011         -0.089  (VIOLATED)
   I_RISC_CORE/I_REG_FILE_REG_FILE_B_RAM/O2[1]
                               0.100          0.011         -0.089  (VIOLATED)
   I_RISC_CORE/I_REG_FILE_REG_FILE_B_RAM/O2[2]
                               0.100          0.011         -0.089  (VIOLATED)
   I_RISC_CORE/I_REG_FILE_REG_FILE_B_RAM/O2[3]
                               0.100          0.011         -0.089  (VIOLATED)
   I_RISC_CORE/I_REG_FILE_REG_FILE_B_RAM/O2[4]
                               0.100          0.011         -0.089  (VIOLATED)
   I_RISC_CORE/I_REG_FILE_REG_FILE_B_RAM/O2[5]
                               0.100          0.011         -0.089  (VIOLATED)
   I_RISC_CORE/I_REG_FILE_REG_FILE_B_RAM/O2[6]
                               0.100          0.011         -0.089  (VIOLATED)
   I_RISC_CORE/I_REG_FILE_REG_FILE_B_RAM/O2[7]
                               0.100          0.011         -0.089  (VIOLATED)
   I_RISC_CORE/I_REG_FILE_REG_FILE_D_RAM/O2[8]
                               0.100          0.011         -0.089  (VIOLATED)
   I_RISC_CORE/I_REG_FILE_REG_FILE_D_RAM/O2[9]
                               0.100          0.011         -0.089  (VIOLATED)
   I_RISC_CORE/I_REG_FILE_REG_FILE_D_RAM/O2[10]
                               0.100          0.011         -0.089  (VIOLATED)
   I_RISC_CORE/I_REG_FILE_REG_FILE_D_RAM/O2[11]
                               0.100          0.011         -0.089  (VIOLATED)
   I_RISC_CORE/I_REG_FILE_REG_FILE_D_RAM/O2[12]
                               0.100          0.011         -0.089  (VIOLATED)
   I_RISC_CORE/I_REG_FILE_REG_FILE_D_RAM/O2[13]
                               0.100          0.011         -0.089  (VIOLATED)
   I_RISC_CORE/I_REG_FILE_REG_FILE_D_RAM/O2[14]
                               0.100          0.011         -0.089  (VIOLATED)
   I_RISC_CORE/I_REG_FILE_REG_FILE_D_RAM/O2[15]
                               0.100          0.011         -0.089  (VIOLATED)


1
