****************************************
Report : analysis_coverage
Design : ORCA_TOP
Version: O-2018.06
Date   : Sat May 20 20:58:30 2023
****************************************

Type of Check         Total              Met         Violated         Untested
--------------------------------------------------------------------------------
setup                 16153       753 (  5%)      5005 ( 31%)     10395 ( 64%)
hold                  15993         0 (  0%)         0 (  0%)     15993 (100%)
recovery               4328       995 ( 23%)      2990 ( 69%)       343 (  8%)
removal                4328         0 (  0%)         0 (  0%)      4328 (100%)
min_pulse_width       14620      4744 ( 32%)      5520 ( 38%)      4356 ( 30%)
clock_gating_setup       64         2 (  3%)        16 ( 25%)        46 ( 72%)
clock_gating_hold        64         0 (  0%)         0 (  0%)        64 (100%)
out_setup               134         0 (  0%)       110 ( 82%)        24 ( 18%)
out_hold                134         0 (  0%)         0 (  0%)       134 (100%)
--------------------------------------------------------------------------------
All Checks            55818      6494 ( 12%)     13641 ( 24%)     35683 ( 64%)

1
