****************************************
Report : analysis_coverage
Design : ORCA_TOP
Version: O-2018.06
Date   : Sat May 27 23:49:41 2023
****************************************

Type of Check         Total              Met         Violated         Untested
--------------------------------------------------------------------------------
setup                 16153      5033 ( 31%)       725 (  4%)     10395 ( 64%)
hold                  15993         0 (  0%)         0 (  0%)     15993 (100%)
recovery               4328      3973 ( 92%)        12 (  0%)       343 (  8%)
removal                4328         0 (  0%)         0 (  0%)      4328 (100%)
min_pulse_width       14620     10263 ( 70%)         1 (  0%)      4356 ( 30%)
clock_gating_setup       64        18 ( 28%)         0 (  0%)        46 ( 72%)
clock_gating_hold        64         0 (  0%)         0 (  0%)        64 (100%)
out_setup               134        74 ( 55%)        36 ( 27%)        24 ( 18%)
out_hold                134         0 (  0%)         0 (  0%)       134 (100%)
--------------------------------------------------------------------------------
All Checks            55818     19361 ( 35%)       774 (  1%)     35683 ( 64%)

1
