****************************************
Report : constraint
	-all_violators
	-path slack_only
Design : ORCA_TOP
Version: O-2018.06
Date   : Fri May 26 23:07:00 2023
****************************************


   min_delay/hold ('SDRAM_CLK' group)

   Endpoint                                                  Slack
   -----------------------------------------------------------------
   I_SDRAM_TOP/I_SDRAM_IF/DQ_in_1_reg_29_/D                 -0.006  (VIOLATED)
   I_SDRAM_TOP/I_SDRAM_IF/DQ_in_1_reg_31_/D                 -0.006  (VIOLATED)
   I_SDRAM_TOP/I_SDRAM_IF/DQ_in_1_reg_22_/D                 -0.006  (VIOLATED)
   I_SDRAM_TOP/I_SDRAM_IF/DQ_in_1_reg_28_/D                 -0.005  (VIOLATED)
   I_SDRAM_TOP/I_SDRAM_IF/DQ_in_1_reg_12_/D                 -0.005  (VIOLATED)
   I_SDRAM_TOP/I_SDRAM_IF/DQ_in_0_reg_10_/D                 -0.005  (VIOLATED)
   I_SDRAM_TOP/I_SDRAM_IF/DQ_in_0_reg_12_/D                 -0.004  (VIOLATED)
   I_SDRAM_TOP/I_SDRAM_IF/DQ_in_1_reg_25_/D                 -0.004  (VIOLATED)
   I_SDRAM_TOP/I_SDRAM_IF/DQ_in_1_reg_27_/D                 -0.004  (VIOLATED)
   I_SDRAM_TOP/I_SDRAM_IF/DQ_in_0_reg_7_/D                  -0.004  (VIOLATED)
   I_SDRAM_TOP/I_SDRAM_IF/DQ_in_0_reg_23_/D                 -0.004  (VIOLATED)
   I_SDRAM_TOP/I_SDRAM_IF/DQ_in_1_reg_1_/D                  -0.004  (VIOLATED)
   I_SDRAM_TOP/I_SDRAM_IF/DQ_in_1_reg_7_/D                  -0.003  (VIOLATED)
   I_SDRAM_TOP/I_SDRAM_IF/DQ_in_1_reg_19_/D                 -0.003  (VIOLATED)
   I_SDRAM_TOP/I_SDRAM_IF/DQ_in_0_reg_21_/D                 -0.003  (VIOLATED)
   I_SDRAM_TOP/I_SDRAM_IF/DQ_in_1_reg_11_/D                 -0.003  (VIOLATED)
   I_SDRAM_TOP/I_SDRAM_IF/DQ_in_0_reg_30_/D                 -0.002  (VIOLATED)
   I_SDRAM_TOP/I_SDRAM_IF/DQ_in_0_reg_2_/D                   0.000  (VIOLATED: increase significant digits)




   max_capacitance

                             Required        Actual
   Pin                      Capacitance    Capacitance       Slack
   -----------------------------------------------------------------
   ZBUF_64_inst_53740/Y       82.000        162.304        -80.304  (VIOLATED)
   ZBUF_64_inst_23336/Y       82.000        162.262        -80.262  (VIOLATED)
   occ_int2/cts_buf_646231879/Y
                              82.000        100.530        -18.530  (VIOLATED)
   I_SDRAM_TOP/sram_fixcell_111/Y
                              82.000         95.853        -13.853  (VIOLATED)
   I_BLENDER_0/s3_op1_reg_9_/Q
                              16.000         26.776        -10.776  (VIOLATED)
   I_BLENDER_0/U6141/Y        16.000         22.300         -6.300  (VIOLATED)
   I_CONTEXT_MEM/U48/Y        32.000         37.776         -5.776  (VIOLATED)
   I_BLENDER_0/s3_op1_reg_7_/Q
                              16.000         21.589         -5.589  (VIOLATED)
   I_BLENDER_1/U6655/Y        16.000         21.363         -5.363  (VIOLATED)
   I_SDRAM_TOP/I_SDRAM_IF/ZBUF_1030_inst_25388/Y
                              82.000         87.102         -5.102  (VIOLATED)
   occ_int2/cts_buf_645931876/Y
                              82.000         86.613         -4.613  (VIOLATED)
   I_SDRAM_TOP/I_SDRAM_IF/ZBUF_1984_inst_23081/Y
                              64.000         68.237         -4.237  (VIOLATED)
   I_BLENDER_1/s1_op2_reg_27_/Q
                               8.000         12.215         -4.215  (VIOLATED)
   I_SDRAM_TOP/I_SDRAM_IF/HFSINV_40772_1618/Y
                              64.000         67.704         -3.704  (VIOLATED)
   I_BLENDER_0/HFSINV_1013_1250/Y
                              32.000         35.333         -3.333  (VIOLATED)
   U288/Y                     32.000         35.113         -3.113  (VIOLATED)
   I_BLENDER_1/R_541/Q        16.000         19.078         -3.078  (VIOLATED)
   I_SDRAM_TOP/I_SDRAM_IF/ZBUF_511_inst_25392/Y
                              64.000         67.063         -3.063  (VIOLATED)
   I_BLENDER_0/HFSINV_5081_1819/Y
                              32.000         34.976         -2.976  (VIOLATED)
   I_SDRAM_TOP/I_SDRAM_IF/ZBUF_658_inst_23420/Y
                              64.000         66.837         -2.837  (VIOLATED)
   I_BLENDER_0/HFSINV_1318_1744/Y
                              64.000         66.636         -2.636  (VIOLATED)
   I_SDRAM_TOP/I_SDRAM_IF/HFSBUF_38490_1615/Y
                              64.000         66.635         -2.635  (VIOLATED)
   I_BLENDER_0/U3974/Y        32.000         34.559         -2.559  (VIOLATED)
   I_BLENDER_0/s2_op1_reg_2_/Q
                              16.000         18.499         -2.499  (VIOLATED)
   I_SDRAM_TOP/I_SDRAM_IF/ZBUF_859_inst_23100/Y
                              64.000         66.450         -2.450  (VIOLATED)
   ZBUF_541_inst_23421/Y      64.000         66.423         -2.423  (VIOLATED)
   I_SDRAM_TOP/I_SDRAM_IF/HFSBUF_43888_1177/Y
                              64.000         66.326         -2.326  (VIOLATED)
   I_BLENDER_1/R_98/Q         16.000         18.233         -2.233  (VIOLATED)
   I_PCI_TOP/I_PCI_CORE_mega_shift_reg_3__16_/Q
                              16.000         18.228         -2.228  (VIOLATED)
   I_PARSER/U732/Y            32.000         34.167         -2.167  (VIOLATED)
   U234/Y                     16.000         18.045         -2.045  (VIOLATED)
   I_BLENDER_1/trans3_reg/Q   16.000         18.028         -2.028  (VIOLATED)
   I_PCI_TOP/HFSINV_387_1971/Y
                              32.000         33.991         -1.991  (VIOLATED)
   I_BLENDER_0/s4_op2_reg_26_/Q
                              16.000         17.969         -1.969  (VIOLATED)
   U223/Y                     16.000         17.951         -1.951  (VIOLATED)
   U215/Y                     16.000         17.831         -1.831  (VIOLATED)
   I_SDRAM_TOP/I_SDRAM_IF/HFSINV_24530_1572/Y
                              32.000         33.817         -1.817  (VIOLATED)
   I_SDRAM_TOP/I_SDRAM_IF/HFSBUF_135408_1728/Y
                              32.000         33.776         -1.776  (VIOLATED)
   I_SDRAM_TOP/I_SDRAM_IF/HFSINV_19210_1669/Y
                              32.000         33.709         -1.709  (VIOLATED)
   I_SDRAM_TOP/I_SDRAM_IF/HFSINV_61715_1157/Y
                              32.000         33.707         -1.707  (VIOLATED)
   I_BLENDER_1/HFSINV_312_623/Y
                              32.000         33.705         -1.705  (VIOLATED)
   I_SDRAM_TOP/I_SDRAM_IF/HFSBUF_48620_1020/Y
                              32.000         33.598         -1.598  (VIOLATED)
   I_SDRAM_TOP/I_SDRAM_IF/HFSBUF_33998_842/Y
                              32.000         33.596         -1.596  (VIOLATED)
   I_BLENDER_1/R_542/Q        16.000         17.571         -1.571  (VIOLATED)
   I_BLENDER_1/HFSINV_17314_1285/Y
                              32.000         33.570         -1.570  (VIOLATED)
   I_SDRAM_TOP/I_SDRAM_IF/HFSINV_93531_1001/Y
                              32.000         33.568         -1.568  (VIOLATED)
   I_SDRAM_TOP/I_SDRAM_IF/HFSINV_18099_1581/Y
                              32.000         33.545         -1.545  (VIOLATED)
   I_SDRAM_TOP/I_SDRAM_IF/HFSBUF_43985_1026/Y
                              32.000         33.538         -1.538  (VIOLATED)
   I_SDRAM_TOP/I_SDRAM_IF/HFSINV_113611_979/Y
                              32.000         33.519         -1.519  (VIOLATED)
   I_SDRAM_TOP/I_SDRAM_IF/mega_shift_0_reg_25__3_/Q
                               8.000          9.515         -1.515  (VIOLATED)
   I_BLENDER_0/HFSINV_923_1236/Y
                              32.000         33.514         -1.514  (VIOLATED)
   I_SDRAM_TOP/I_SDRAM_IF/HFSINV_123457_1632/Y
                              32.000         33.499         -1.499  (VIOLATED)
   I_SDRAM_TOP/I_SDRAM_IF/HFSINV_38395_1009/Y
                              32.000         33.432         -1.432  (VIOLATED)
   I_BLENDER_1/U6632/Y        16.000         17.429         -1.429  (VIOLATED)
   I_SDRAM_TOP/I_SDRAM_IF/HFSBUF_66962_820/Y
                              32.000         33.428         -1.428  (VIOLATED)
   I_SDRAM_TOP/I_SDRAM_IF/HFSINV_6199_1071/Y
                              32.000         33.399         -1.399  (VIOLATED)
   I_SDRAM_TOP/I_SDRAM_IF/HFSINV_96696_996/Y
                              32.000         33.392         -1.392  (VIOLATED)
   I_SDRAM_TOP/I_SDRAM_IF/HFSINV_23105_1578/Y
                              32.000         33.382         -1.382  (VIOLATED)
   I_BLENDER_1/HFSINV_298_595/Y
                              32.000         33.303         -1.303  (VIOLATED)
   I_SDRAM_TOP/I_SDRAM_IF/HFSINV_9146_1070/Y
                              32.000         33.267         -1.267  (VIOLATED)
   HFSINV_24609_1330/Y        32.000         33.255         -1.255  (VIOLATED)
   I_SDRAM_TOP/I_SDRAM_IF/HFSINV_17321_1049/Y
                              32.000         33.228         -1.228  (VIOLATED)
   I_SDRAM_TOP/I_SDRAM_IF/HFSBUF_124866_811/Y
                              32.000         33.199         -1.199  (VIOLATED)
   I_SDRAM_TOP/I_SDRAM_IF/HFSINV_12694_662/Y
                              32.000         33.196         -1.196  (VIOLATED)
   I_PCI_TOP/HFSINV_639_2048/Y
                              16.000         17.186         -1.186  (VIOLATED)
   I_BLENDER_0/U6040/S        16.000         17.167         -1.167  (VIOLATED)
   I_BLENDER_0/s3_op1_reg_22_/Q
                              16.000         17.139         -1.139  (VIOLATED)
   I_BLENDER_0/trans1_reg/Q    8.000          9.125         -1.125  (VIOLATED)
   I_PCI_TOP/I_PCI_CORE_mega_shift_reg_1__4_/QN
                              16.000         17.090         -1.090  (VIOLATED)
   I_SDRAM_TOP/I_SDRAM_IF/DQ_out_1_reg_18_/Q
                               8.000          9.064         -1.064  (VIOLATED)
   I_PCI_TOP/I_PCI_CORE_mega_shift_reg_6__1_/QN
                              16.000         17.057         -1.057  (VIOLATED)
   I_PCI_TOP/HFSINV_511_1880/Y
                              16.000         17.054         -1.054  (VIOLATED)
   I_BLENDER_1/HFSINV_793_584/Y
                              32.000         33.053         -1.053  (VIOLATED)
   I_SDRAM_TOP/I_SDRAM_IF/HFSINV_82374_1569/Y
                              32.000         33.041         -1.041  (VIOLATED)
   I_SDRAM_TOP/I_SDRAM_IF/HFSINV_80296_1718/Y
                              32.000         33.038         -1.038  (VIOLATED)
   I_SDRAM_TOP/I_SDRAM_IF/HFSINV_47119_903/Y
                              32.000         33.035         -1.035  (VIOLATED)
   I_SDRAM_TOP/I_SDRAM_IF/HFSINV_70368_1129/Y
                              32.000         33.025         -1.025  (VIOLATED)
   I_SDRAM_TOP/I_SDRAM_IF/mega_shift_1_reg_9__5_/Q
                               8.000          9.024         -1.024  (VIOLATED)
   I_BLENDER_0/s3_op2_reg_15_/Q
                              16.000         17.002         -1.002  (VIOLATED)
   I_BLENDER_1/HFSINV_872_626/Y
                              32.000         33.000         -1.000  (VIOLATED)
   I_SDRAM_TOP/I_SDRAM_IF/HFSBUF_31153_844/Y
                              32.000         32.998         -0.998  (VIOLATED)
   I_BLENDER_1/s1_op1_reg_18_/Q
                               8.000          8.988         -0.988  (VIOLATED)
   I_SDRAM_TOP/I_SDRAM_IF/HFSINV_34507_1612/Y
                              32.000         32.978         -0.978  (VIOLATED)
   I_BLENDER_1/R_752/Q         8.000          8.936         -0.936  (VIOLATED)
   I_SDRAM_TOP/I_SDRAM_IF/HFSINV_56367_1096/Y
                              32.000         32.922         -0.922  (VIOLATED)
   I_SDRAM_TOP/I_SDRAM_IF/HFSINV_21834_728/Y
                              32.000         32.921         -0.921  (VIOLATED)
   I_SDRAM_TOP/I_SDRAM_IF/HFSINV_124490_1634/Y
                              32.000         32.916         -0.916  (VIOLATED)
   I_BLENDER_1/U9205/Y        32.000         32.907         -0.907  (VIOLATED)
   I_PCI_TOP/I_PCI_CORE_mega_shift_reg_6__11_/Q
                              16.000         16.906         -0.906  (VIOLATED)
   I_BLENDER_0/s3_op2_reg_25_/QN
                              16.000         16.899         -0.899  (VIOLATED)
   I_SDRAM_TOP/I_SDRAM_IF/HFSBUF_26000_1084/Y
                              32.000         32.893         -0.893  (VIOLATED)
   I_SDRAM_TOP/I_SDRAM_IF/HFSINV_60609_876/Y
                              32.000         32.892         -0.892  (VIOLATED)
   I_SDRAM_TOP/I_SDRAM_IF/HFSBUF_35640_849/Y
                              32.000         32.877         -0.877  (VIOLATED)
   I_BLENDER_0/ZBUF_263_inst_2182/Y
                              32.000         32.859         -0.859  (VIOLATED)
   I_SDRAM_TOP/I_SDRAM_IF/HFSBUF_47800_1010/Y
                              32.000         32.857         -0.857  (VIOLATED)
   I_CONTEXT_MEM/U154/Y       16.000         16.857         -0.857  (VIOLATED)
   I_SDRAM_TOP/I_SDRAM_IF/HFSINV_28078_1205/Y
                              16.000         16.826         -0.826  (VIOLATED)
   I_SDRAM_TOP/I_SDRAM_IF/mega_shift_1_reg_11__0_/Q
                               8.000          8.806         -0.806  (VIOLATED)
   I_SDRAM_TOP/I_SDRAM_IF/ropt_mt_inst_54828/Y
                              16.000         16.798         -0.798  (VIOLATED)
   I_SDRAM_TOP/I_SDRAM_IF/mega_shift_0_reg_36__28_/Q
                               8.000          8.793         -0.793  (VIOLATED)
   I_SDRAM_TOP/I_SDRAM_IF/HFSINV_5328_1691/Y
                              32.000         32.790         -0.790  (VIOLATED)
   I_SDRAM_TOP/I_SDRAM_IF/HFSINV_110902_1218/Y
                              64.000         64.785         -0.785  (VIOLATED)
   I_PCI_TOP/HFSINV_259_2070/Y
                              16.000         16.725         -0.725  (VIOLATED)
   I_SDRAM_TOP/I_SDRAM_IF/HFSBUF_44377_822/Y
                              32.000         32.718         -0.718  (VIOLATED)
   I_SDRAM_TOP/I_SDRAM_IF/HFSINV_64412_870/Y
                              16.000         16.714         -0.714  (VIOLATED)
   I_SDRAM_TOP/I_SDRAM_IF/HFSINV_69114_1133/Y
                              32.000         32.711         -0.711  (VIOLATED)
   I_BLENDER_1/R_49/QN         8.000          8.711         -0.711  (VIOLATED)
   I_SDRAM_TOP/I_SDRAM_IF/mega_shift_0_reg_10__15_/Q
                               8.000          8.698         -0.698  (VIOLATED)
   I_SDRAM_TOP/I_SDRAM_IF/HFSINV_24242_1673/Y
                              32.000         32.697         -0.697  (VIOLATED)
   I_SDRAM_TOP/I_SDRAM_IF/HFSBUF_551_843/Y
                              16.000         16.682         -0.682  (VIOLATED)
   I_BLENDER_1/HFSBUF_908_2028/Y
                              32.000         32.674         -0.674  (VIOLATED)
   I_BLENDER_1/s2_op1_reg_14_/Q
                               8.000          8.665         -0.665  (VIOLATED)
   I_SDRAM_TOP/I_SDRAM_IF/ZBUF_641_inst_54757/Y
                              32.000         32.662         -0.662  (VIOLATED)
   I_BLENDER_1/result_reg_4_/Q
                               8.000          8.627         -0.627  (VIOLATED)
   I_BLENDER_0/ropt_mt_inst_54831/Y
                              16.000         16.607         -0.607  (VIOLATED)
   I_BLENDER_0/U2410/Y        16.000         16.605         -0.605  (VIOLATED)
   I_PCI_TOP/I_PCI_CORE_mega_shift_reg_6__30_/QN
                               8.000          8.596         -0.596  (VIOLATED)
   I_BLENDER_1/U394/Y         16.000         16.594         -0.594  (VIOLATED)
   I_SDRAM_TOP/I_SDRAM_IF/HFSINV_10368_1048/Y
                              32.000         32.577         -0.577  (VIOLATED)
   I_SDRAM_TOP/I_SDRAM_IF/HFSINV_10806_648/Y
                              32.000         32.576         -0.576  (VIOLATED)
   I_BLENDER_0/s1_op2_reg_0_/Q
                               8.000          8.559         -0.559  (VIOLATED)
   I_PCI_TOP/HFSINV_3933_477/Y
                              64.000         64.558         -0.558  (VIOLATED)
   I_BLENDER_0/HFSINV_1108_1234/Y
                              32.000         32.557         -0.557  (VIOLATED)
   I_SDRAM_TOP/I_SDRAM_IF/HFSINV_3523_933/Y
                              32.000         32.557         -0.557  (VIOLATED)
   I_PCI_TOP/I_PCI_CORE_mega_shift_reg_5__30_/QN
                               8.000          8.539         -0.539  (VIOLATED)
   I_PCI_TOP/I_PCI_CORE_mega_shift_reg_3__14_/Q
                              16.000         16.538         -0.538  (VIOLATED)
   I_BLENDER_0/mega_shift_reg_10__29_/Q
                               8.000          8.528         -0.528  (VIOLATED)
   HFSINV_460_325/Y           16.000         16.513         -0.513  (VIOLATED)
   I_SDRAM_TOP/I_SDRAM_IF/mega_shift_0_reg_25__26_/Q
                               8.000          8.503         -0.503  (VIOLATED)
   I_SDRAM_TOP/I_SDRAM_IF/HFSINV_11492_923/Y
                              32.000         32.487         -0.487  (VIOLATED)
   I_SDRAM_TOP/I_SDRAM_IF/HFSINV_67447_1547/Y
                              32.000         32.483         -0.483  (VIOLATED)
   I_PCI_TOP/I_PCI_CORE_mega_shift_reg_1__0_/Q
                              16.000         16.476         -0.476  (VIOLATED)
   I_SDRAM_TOP/I_SDRAM_IF/HFSINV_31168_826/Y
                              32.000         32.475         -0.475  (VIOLATED)
   I_BLENDER_0/s3_op1_reg_7_/QN
                              16.000         16.474         -0.474  (VIOLATED)
   I_SDRAM_TOP/I_SDRAM_IF/HFSBUF_39379_852/Y
                              16.000         16.470         -0.470  (VIOLATED)
   I_BLENDER_0/s1_op2_reg_2_/Q
                               8.000          8.463         -0.463  (VIOLATED)
   I_SDRAM_TOP/I_SDRAM_IF/ZBUF_324_inst_23326/Y
                              16.000         16.460         -0.460  (VIOLATED)
   I_SDRAM_TOP/I_SDRAM_IF/mega_shift_0_reg_37__25_/Q
                               8.000          8.457         -0.457  (VIOLATED)
   I_SDRAM_TOP/I_SDRAM_IF/HFSBUF_52681_890/Y
                              32.000         32.445         -0.445  (VIOLATED)
   I_SDRAM_TOP/I_SDRAM_IF/U312/Y
                              16.000         16.444         -0.444  (VIOLATED)
   I_SDRAM_TOP/I_SDRAM_READ_FIFO_SD_FIFO_RAM_1/O2[9]
                              25.000         25.436         -0.436  (VIOLATED)
   I_BLENDER_0/U2475/Y         8.000          8.432         -0.432  (VIOLATED)
   I_SDRAM_TOP/I_SDRAM_IF/mega_shift_1_reg_6__5_/Q
                               8.000          8.421         -0.421  (VIOLATED)
   I_SDRAM_TOP/I_SDRAM_IF/HFSINV_140428_1729/Y
                               8.000          8.401         -0.401  (VIOLATED)
   I_BLENDER_0/U8810/Y        16.000         16.396         -0.396  (VIOLATED)
   I_BLENDER_0/s3_op2_reg_30_/QN
                              16.000         16.384         -0.384  (VIOLATED)
   I_SDRAM_TOP/I_SDRAM_IF/mega_shift_1_reg_21__3_/Q
                               8.000          8.377         -0.377  (VIOLATED)
   I_PCI_TOP/HFSINV_484_1955/Y
                              16.000         16.375         -0.375  (VIOLATED)
   I_PCI_TOP/I_PCI_CORE_mega_shift_reg_6__21_/QN
                              16.000         16.374         -0.374  (VIOLATED)
   I_SDRAM_TOP/I_SDRAM_IF/HFSINV_83904_1561/Y
                              32.000         32.364         -0.364  (VIOLATED)
   I_BLENDER_0/R_118/Q        16.000         16.364         -0.364  (VIOLATED)
   I_RISC_CORE/U1354/Y        16.000         16.359         -0.359  (VIOLATED)
   I_BLENDER_0/s1_op1_reg_7_/Q
                               8.000          8.351         -0.351  (VIOLATED)
   I_PCI_TOP/I_PCI_CORE_mega_shift_reg_4__17_/QN
                               8.000          8.348         -0.348  (VIOLATED)
   I_SDRAM_TOP/I_SDRAM_IF/mega_shift_1_reg_16__27_/Q
                               8.000          8.348         -0.348  (VIOLATED)
   I_SDRAM_TOP/I_SDRAM_IF/mega_shift_1_reg_21__7_/Q
                               8.000          8.347         -0.347  (VIOLATED)
   pad_in[18]                 16.000         16.330         -0.330  (VIOLATED)
   I_PCI_TOP/I_PCI_CORE_mega_shift_reg_7__30_/QN
                               8.000          8.309         -0.309  (VIOLATED)
   I_SDRAM_TOP/I_SDRAM_IF/HFSINV_24362_932/Y
                              32.000         32.307         -0.307  (VIOLATED)
   I_SDRAM_TOP/I_SDRAM_IF/HFSINV_19049_1213/Y
                              32.000         32.296         -0.296  (VIOLATED)
   I_BLENDER_0/U6425/Y         8.000          8.287         -0.287  (VIOLATED)
   I_BLENDER_1/s3_op1_reg_18_/Q
                              16.000         16.281         -0.281  (VIOLATED)
   I_BLENDER_0/s3_op2_reg_7_/Q
                               8.000          8.281         -0.281  (VIOLATED)
   I_BLENDER_1/s1_op1_reg_0_/Q
                               8.000          8.275         -0.275  (VIOLATED)
   I_SDRAM_TOP/I_SDRAM_IF/HFSBUF_16958_945/Y
                              16.000         16.274         -0.274  (VIOLATED)
   I_SDRAM_TOP/I_SDRAM_IF/mega_shift_0_reg_17__19_/Q
                               8.000          8.265         -0.265  (VIOLATED)
   I_SDRAM_TOP/U66/Y           8.000          8.263         -0.263  (VIOLATED)
   I_SDRAM_TOP/I_SDRAM_IF/HFSINV_91507_1694/Y
                              64.000         64.249         -0.249  (VIOLATED)
   I_PCI_TOP/U2782/Y          16.000         16.242         -0.242  (VIOLATED)
   I_BLENDER_0/s1_op2_reg_8_/Q
                               8.000          8.238         -0.238  (VIOLATED)
   I_PCI_TOP/I_PCI_CORE_mega_shift_reg_4__20_/QN
                              16.000         16.234         -0.234  (VIOLATED)
   I_SDRAM_TOP/I_SDRAM_IF/mega_shift_1_reg_33__25_/Q
                               8.000          8.233         -0.233  (VIOLATED)
   I_RISC_CORE/U1328/Y        16.000         16.233         -0.233  (VIOLATED)
   I_BLENDER_1/ZBUF_703_inst_54750/Y
                              32.000         32.230         -0.230  (VIOLATED)
   I_PCI_TOP/I_PCI_CORE_mega_shift_reg_7__4_/QN
                               8.000          8.223         -0.223  (VIOLATED)
   I_SDRAM_TOP/I_SDRAM_IF/mega_shift_0_reg_25__22_/Q
                               8.000          8.219         -0.219  (VIOLATED)
   I_PCI_TOP/U6952/Y          16.000         16.214         -0.214  (VIOLATED)
   I_PCI_TOP/I_PCI_CORE_mega_shift_reg_7__0_/Q
                              16.000         16.209         -0.209  (VIOLATED)
   I_BLENDER_1/s3_op2_reg_25_/Q
                              16.000         16.203         -0.203  (VIOLATED)
   I_SDRAM_TOP/I_SDRAM_IF/mega_shift_1_reg_36__5_/Q
                               8.000          8.197         -0.197  (VIOLATED)
   I_BLENDER_1/U5023/Y         8.000          8.195         -0.195  (VIOLATED)
   I_BLENDER_0/U8625/Y         8.000          8.194         -0.194  (VIOLATED)
   I_RISC_CORE/ZINV_295_inst_2201/Y
                              16.000         16.191         -0.191  (VIOLATED)
   I_PCI_TOP/U7398/Y           8.000          8.184         -0.184  (VIOLATED)
   I_SDRAM_TOP/I_SDRAM_IF/mega_shift_1_reg_16__11_/Q
                               8.000          8.182         -0.182  (VIOLATED)
   I_PCI_TOP/I_PCI_CORE_mega_shift_reg_4__2_/QN
                               8.000          8.182         -0.182  (VIOLATED)
   I_BLENDER_1/U5536/Y         8.000          8.180         -0.180  (VIOLATED)
   I_BLENDER_1/U6643/Y        16.000         16.177         -0.177  (VIOLATED)
   I_BLENDER_0/U126/Y          8.000          8.177         -0.177  (VIOLATED)
   I_BLENDER_1/s1_op1_reg_1_/Q
                               8.000          8.166         -0.166  (VIOLATED)
   I_BLENDER_1/U351/Y          8.000          8.164         -0.164  (VIOLATED)
   I_SDRAM_TOP/I_SDRAM_IF/mega_shift_1_reg_25__17_/Q
                               8.000          8.158         -0.158  (VIOLATED)
   I_BLENDER_1/HFSINV_102_605/Y
                              16.000         16.157         -0.157  (VIOLATED)
   I_BLENDER_1/result_reg_2_/Q
                               8.000          8.156         -0.156  (VIOLATED)
   I_SDRAM_TOP/I_SDRAM_IF/HFSINV_4555_1062/Y
                              32.000         32.154         -0.154  (VIOLATED)
   I_RISC_CORE/I_DATA_PATH_Oprnd_B_reg_2_/QN
                              16.000         16.147         -0.147  (VIOLATED)
   I_PCI_TOP/HFSINV_189_2024/Y
                              16.000         16.145         -0.145  (VIOLATED)
   I_RISC_CORE/I_STACK_TOP_I_STACK_FSM_TOS_int_reg_1_/Q
                               8.000          8.142         -0.142  (VIOLATED)
   I_BLENDER_0/HFSINV_179_1237/Y
                              32.000         32.140         -0.140  (VIOLATED)
   I_BLENDER_0/U6539/Y         8.000          8.134         -0.134  (VIOLATED)
   I_BLENDER_0/U6449/Y        32.000         32.134         -0.134  (VIOLATED)
   I_SDRAM_TOP/I_SDRAM_IF/U4204/Y
                               8.000          8.132         -0.132  (VIOLATED)
   I_CONTEXT_MEM/U249/Y       82.000         82.124         -0.124  (VIOLATED)
   I_BLENDER_1/U4418/Y         8.000          8.124         -0.124  (VIOLATED)
   I_PCI_TOP/U7420/Y           8.000          8.122         -0.122  (VIOLATED)
   I_BLENDER_0/ropt_mt_inst_54819/Y
                              16.000         16.121         -0.121  (VIOLATED)
   I_SDRAM_TOP/I_SDRAM_IF/mega_shift_1_reg_40__5_/Q
                               8.000          8.115         -0.115  (VIOLATED)
   I_BLENDER_1/R_38_IP/Q      16.000         16.113         -0.113  (VIOLATED)
   I_RISC_CORE/U958/Y          8.000          8.107         -0.107  (VIOLATED)
   I_RISC_CORE/ZINV_186_inst_23866/Y
                               8.000          8.105         -0.105  (VIOLATED)
   I_BLENDER_0/U8844/Y         8.000          8.096         -0.096  (VIOLATED)
   I_BLENDER_1/s3_op1_reg_3_/QN
                               8.000          8.094         -0.094  (VIOLATED)
   I_BLENDER_0/U1518/Y         8.000          8.094         -0.094  (VIOLATED)
   I_BLENDER_1/U9197/Y        32.000         32.087         -0.087  (VIOLATED)
   I_BLENDER_1/rem_green_reg/Q
                               8.000          8.086         -0.086  (VIOLATED)
   I_SDRAM_TOP/I_SDRAM_IF/mega_shift_1_reg_25__21_/Q
                               8.000          8.073         -0.073  (VIOLATED)
   I_SDRAM_TOP/I_SDRAM_IF/ZBUF_650_inst_54751/Y
                              32.000         32.072         -0.072  (VIOLATED)
   I_BLENDER_0/U1901/Y         8.000          8.072         -0.072  (VIOLATED)
   I_SDRAM_TOP/sram_fixcell_72/Y
                              64.000         64.071         -0.071  (VIOLATED)
   I_BLENDER_0/s2_op1_reg_4_/QN
                              16.000         16.068         -0.068  (VIOLATED)
   I_SDRAM_TOP/I_SDRAM_IF/U1678/Y
                               8.000          8.060         -0.060  (VIOLATED)
   I_SDRAM_TOP/HFSINV_60_14/Y
                              32.000         32.058         -0.058  (VIOLATED)
   OUT_VALID_UPF_LS/Y         16.000         16.050         -0.050  (VIOLATED)
   I_BLENDER_1/s1_op2_reg_14_/Q
                               8.000          8.049         -0.049  (VIOLATED)
   I_SDRAM_TOP/I_SDRAM_IF/out_control_reg_3_/Q
                               8.000          8.047         -0.047  (VIOLATED)
   I_SDRAM_TOP/I_SDRAM_IF/U13008/Y
                               8.000          8.044         -0.044  (VIOLATED)
   I_PCI_TOP/I_PCI_CORE_pad_out_buf_reg_12_/Q
                               8.000          8.035         -0.035  (VIOLATED)
   I_BLENDER_0/U520/Y          8.000          8.028         -0.028  (VIOLATED)
   I_PCI_TOP/I_PCI_CORE_mega_shift_reg_3__2_/QN
                               8.000          8.025         -0.025  (VIOLATED)
   I_PCI_TOP/I_PCI_CORE_mega_shift_reg_4__21_/QN
                              16.000         16.022         -0.022  (VIOLATED)
   I_SDRAM_TOP/I_SDRAM_IF/DQ_out_1_reg_16_/Q
                               8.000          8.022         -0.022  (VIOLATED)
   I_BLENDER_0/U3014/Y         8.000          8.021         -0.021  (VIOLATED)
   I_SDRAM_TOP/I_SDRAM_IF/mega_shift_0_reg_38__14_/Q
                               8.000          8.019         -0.019  (VIOLATED)
   I_SDRAM_TOP/I_SDRAM_IF/HFSINV_6871_701/Y
                              32.000         32.011         -0.011  (VIOLATED)
   I_RISC_CORE/U221/Y          8.000          8.008         -0.008  (VIOLATED)
   I_SDRAM_TOP/I_SDRAM_IF/HFSINV_37526_1175/Y
                              32.000         32.005         -0.005  (VIOLATED)
   I_SDRAM_TOP/I_SDRAM_IF/mega_shift_1_reg_36__29_/Q
                               8.000          8.003         -0.003  (VIOLATED)


   min_capacitance

                             Required        Actual
   Pin                      Capacitance    Capacitance       Slack
   -----------------------------------------------------------------
   I_RISC_CORE/I_REG_FILE_REG_FILE_B_RAM/O2[0]
                               0.100          0.011         -0.089  (VIOLATED)
   I_RISC_CORE/I_REG_FILE_REG_FILE_B_RAM/O2[1]
                               0.100          0.011         -0.089  (VIOLATED)
   I_RISC_CORE/I_REG_FILE_REG_FILE_B_RAM/O2[2]
                               0.100          0.011         -0.089  (VIOLATED)
   I_RISC_CORE/I_REG_FILE_REG_FILE_B_RAM/O2[3]
                               0.100          0.011         -0.089  (VIOLATED)
   I_RISC_CORE/I_REG_FILE_REG_FILE_B_RAM/O2[4]
                               0.100          0.011         -0.089  (VIOLATED)
   I_RISC_CORE/I_REG_FILE_REG_FILE_B_RAM/O2[5]
                               0.100          0.011         -0.089  (VIOLATED)
   I_RISC_CORE/I_REG_FILE_REG_FILE_B_RAM/O2[6]
                               0.100          0.011         -0.089  (VIOLATED)
   I_RISC_CORE/I_REG_FILE_REG_FILE_B_RAM/O2[7]
                               0.100          0.011         -0.089  (VIOLATED)
   I_RISC_CORE/I_REG_FILE_REG_FILE_D_RAM/O2[8]
                               0.100          0.011         -0.089  (VIOLATED)
   I_RISC_CORE/I_REG_FILE_REG_FILE_D_RAM/O2[9]
                               0.100          0.011         -0.089  (VIOLATED)
   I_RISC_CORE/I_REG_FILE_REG_FILE_D_RAM/O2[10]
                               0.100          0.011         -0.089  (VIOLATED)
   I_RISC_CORE/I_REG_FILE_REG_FILE_D_RAM/O2[11]
                               0.100          0.011         -0.089  (VIOLATED)
   I_RISC_CORE/I_REG_FILE_REG_FILE_D_RAM/O2[12]
                               0.100          0.011         -0.089  (VIOLATED)
   I_RISC_CORE/I_REG_FILE_REG_FILE_D_RAM/O2[13]
                               0.100          0.011         -0.089  (VIOLATED)
   I_RISC_CORE/I_REG_FILE_REG_FILE_D_RAM/O2[14]
                               0.100          0.011         -0.089  (VIOLATED)
   I_RISC_CORE/I_REG_FILE_REG_FILE_D_RAM/O2[15]
                               0.100          0.011         -0.089  (VIOLATED)


   max_transition

                             Required        Actual
   Pin                      Transition     Transition        Slack
   -----------------------------------------------------------------
   I_BLENDER_1/s1_op2_reg_27_/Q
                               0.058          0.078         -0.021  (VIOLATED)
   I_BLENDER_1/s1_op1_reg_18_/Q
                               0.058          0.061         -0.003  (VIOLATED)
   I_RISC_CORE/Instrn_0__UPF_LS/Y
                               0.041          0.042         -0.001  (VIOLATED)
   I_BLENDER_0/s3_op1_reg_7_/Q
                               0.049          0.050         -0.001  (VIOLATED)
   I_BLENDER_0/s1_op2_reg_0_/Q
                               0.058          0.058         -0.001  (VIOLATED)


1
