****************************************
Report : analysis_coverage
Design : ORCA_TOP
Version: O-2018.06
Date   : Sun May 28 01:51:06 2023
****************************************

Type of Check         Total              Met         Violated         Untested
--------------------------------------------------------------------------------
setup                 16153      5556 ( 34%)       202 (  1%)     10395 ( 64%)
hold                  15993         0 (  0%)         0 (  0%)     15993 (100%)
recovery               4328      3982 ( 92%)         3 (  0%)       343 (  8%)
removal                4328         0 (  0%)         0 (  0%)      4328 (100%)
min_pulse_width       14620     10263 ( 70%)         1 (  0%)      4356 ( 30%)
clock_gating_setup       64        18 ( 28%)         0 (  0%)        46 ( 72%)
clock_gating_hold        64         0 (  0%)         0 (  0%)        64 (100%)
out_setup               134        75 ( 56%)        35 ( 26%)        24 ( 18%)
out_hold                134         0 (  0%)         0 (  0%)       134 (100%)
--------------------------------------------------------------------------------
All Checks            55818     19894 ( 36%)       241 (  0%)     35683 ( 64%)

1
