****************************************
Report : qor
Design : ORCA_TOP
Version: O-2018.06
Date   : Sun May 28 18:38:10 2023
****************************************

  Timing Path Group '**async_default**' (min_delay/hold)
  ---------------------------------------------
  Levels of Logic:                            4
  Critical Path Length:                   0.414
  Critical Path Slack:                    0.031
  Total Negative Slack:                   0.000
  No. of Violating Paths:                     0
  ---------------------------------------------

  Timing Path Group '**clock_gating_default**' (min_delay/hold)
  ---------------------------------------------
  Levels of Logic:                            2
  Critical Path Length:                   0.392
  Critical Path Slack:                    0.181
  Total Negative Slack:                   0.000
  No. of Violating Paths:                     0
  ---------------------------------------------

  Timing Path Group 'PCI_CLK' (min_delay/hold)
  ---------------------------------------------
  Levels of Logic:                            1
  Critical Path Length:                   0.214
  Critical Path Slack:                    0.046
  Total Negative Slack:                   0.000
  No. of Violating Paths:                     0
  ---------------------------------------------

  Timing Path Group 'SDRAM_CLK' (min_delay/hold)
  ---------------------------------------------
  Levels of Logic:                            1
  Critical Path Length:                   0.235
  Critical Path Slack:                    0.019
  Total Negative Slack:                   0.000
  No. of Violating Paths:                     0
  ---------------------------------------------

  Timing Path Group 'SYS_2x_CLK' (min_delay/hold)
  ---------------------------------------------
  Levels of Logic:                            1
  Critical Path Length:                   0.033
  Critical Path Slack:                    0.042
  Total Negative Slack:                   0.000
  No. of Violating Paths:                     0
  ---------------------------------------------

  Timing Path Group 'SYS_CLK' (min_delay/hold)
  ---------------------------------------------
  Levels of Logic:                            2
  Critical Path Length:                   0.305
  Critical Path Slack:                    0.020
  Total Negative Slack:                   0.000
  No. of Violating Paths:                     0
  ---------------------------------------------

  Cell Count
  ---------------------------------------------
  Hierarchical Cell Count:                   63
  Hierarchical Port Count:                 3355
  Leaf Cell Count:                        45912
  ---------------------------------------------


  Area
  ---------------------------------------------
  Net Interconnect area:              67857.641
  Total cell area:                   383476.438
  Design Area:                       451334.062
  ---------------------------------------------


  Design Rule Violations
  ---------------------------------------------
  Total No. of Pins in Design:           185479
  max_capacitance Count:                    233
  min_capacitance Count:                     16
  max_transition Count:                       4
  max_capacitance Cost:                -418.219
  min_capacitance Cost:                  -1.424
  max_transition Cost:                   -0.020
  Total DRC Cost:                      -419.663
  ---------------------------------------------

1
