****************************************
Report : constraint
        -all_violators
Design : ORCA_TOP
Version: Q-2019.12-SP4
Date   : Sun May 28 03:44:10 2023
****************************************

   late_timing
   -----------

Information: Timer using 'SI, Timing Window Analysis, CRPR'. (TIM-050)
Endpoint                         Path Delay     Path Required       CRP    Slack Group    Scenario
----------------------------------------------------------------------------------------------------------
I_RISC_CORE/R_31/D (SDFFARX1_LVT)   2.21 r        2.20           0.00    -0.01   SYS_2x_CLK func_worst
I_BLENDER_0/R_384/D (SDFFX1_LVT)   4.55 f         4.47           0.00    -0.08   SYS_CLK  func_worst
I_BLENDER_0/R_323/D (SDFFX1_LVT)   4.55 f         4.47           0.00    -0.08   SYS_CLK  func_worst
I_BLENDER_0/R_239/D (SDFFX1_LVT)   4.59 r         4.52           0.00    -0.07   SYS_CLK  func_worst
I_BLENDER_0/R_422/D (SDFFX1_LVT)   4.52 f         4.46           0.00    -0.06   SYS_CLK  func_worst
I_BLENDER_0/R_391/D (SDFFX1_LVT)   4.52 f         4.47           0.00    -0.05   SYS_CLK  func_worst
I_BLENDER_0/R_704/D (SDFFX1_LVT)   4.51 f         4.46           0.00    -0.05   SYS_CLK  func_worst
I_BLENDER_0/R_248/D (SDFFX1_LVT)   4.57 r         4.52           0.00    -0.04   SYS_CLK  func_worst
I_BLENDER_0/s4_op2_reg_30_/D (SDFFX2_LVT)   4.42 f   4.38        0.00    -0.04   SYS_CLK  func_worst
I_BLENDER_1/R_395/D (SDFFX2_LVT)   4.41 f         4.37           0.00    -0.04   SYS_CLK  func_worst
I_BLENDER_0/R_507/D (SDFFX1_LVT)   4.48 f         4.46           0.00    -0.02   SYS_CLK  func_worst
I_BLENDER_1/R_235/D (SDFFX1_LVT)   4.49 f         4.47           0.00    -0.02   SYS_CLK  func_worst
I_BLENDER_1/R_410/D (SDFFX1_LVT)   4.48 f         4.46           0.00    -0.02   SYS_CLK  func_worst
I_BLENDER_0/R_697/D (SDFFX1_LVT)   4.49 f         4.47           0.00    -0.02   SYS_CLK  func_worst
I_BLENDER_1/R_414/D (SDFFX1_LVT)   4.49 f         4.47           0.00    -0.02   SYS_CLK  func_worst
I_BLENDER_0/R_699/D (SDFFX1_LVT)   4.48 f         4.46           0.00    -0.02   SYS_CLK  func_worst
I_BLENDER_0/R_521/D (SDFFX1_LVT)   4.44 f         4.42           0.00    -0.01   SYS_CLK  func_worst
I_BLENDER_1/R_464/D (SDFFX1_LVT)   4.48 f         4.47           0.00    -0.01   SYS_CLK  func_worst
I_BLENDER_0/s4_op2_reg_24_/D (SDFFX2_LVT)   4.40 f   4.39        0.00    -0.01   SYS_CLK  func_worst
I_BLENDER_0/s4_op1_reg_29_/D (SDFFX1_LVT)   4.47 f   4.46        0.00    -0.01   SYS_CLK  func_worst
I_BLENDER_0/R_553/D (SDFFX2_LVT)   4.39 f         4.39           0.00    -0.01   SYS_CLK  func_worst
I_BLENDER_1/R_417/D (SDFFX1_LVT)   4.48 f         4.47           0.00    -0.01   SYS_CLK  func_worst
I_BLENDER_1/R_377/D (SDFFX1_LVT)   4.47 f         4.46           0.00    -0.01   SYS_CLK  func_worst
I_BLENDER_1/R_413/D (SDFFX1_LVT)   4.47 f         4.46           0.00    -0.01   SYS_CLK  func_worst
I_BLENDER_1/R_476/D (SDFFX1_LVT)   4.45 f         4.45           0.00    -0.01   SYS_CLK  func_worst
I_BLENDER_0/s4_op2_reg_26_/D (SDFFX2_LVT)   4.38 f   4.38        0.00    -0.01   SYS_CLK  func_worst
I_BLENDER_0/R_160/D (SDFFX1_LVT)   4.47 f         4.47           0.00    -0.00   SYS_CLK  func_worst
I_BLENDER_1/R_620/D (SDFFX2_LVT)   4.37 f         4.37           0.00    -0.00   SYS_CLK  func_worst
I_BLENDER_0/s4_op2_reg_20_/D (SDFFX2_LVT)   4.40 f   4.39        0.00    -0.00   SYS_CLK  func_worst
I_BLENDER_1/s4_op2_reg_18_/D (SDFFX2_LVT)   4.39 f   4.38        0.00    -0.00   SYS_CLK  func_worst
I_BLENDER_0/R_432/D (SDFFX1_LVT)   4.46 f         4.46           0.00    -0.00   SYS_CLK  func_worst
I_BLENDER_0/s4_op1_reg_17_/D (SDFFX2_LVT)   4.40 f   4.39        0.00    -0.00   SYS_CLK  func_worst
I_BLENDER_1/R_470/D (SDFFX1_LVT)   4.46 f         4.45           0.00    -0.00   SYS_CLK  func_worst
I_BLENDER_0/R_332/D (SDFFX1_LVT)   4.54 r         4.54           0.00    -0.00   SYS_CLK  func_worst
I_BLENDER_0/s3_op1_reg_22_/D (SDFFX2_LVT)   4.37 f   4.37        0.00    -0.00   SYS_CLK  func_worst
I_BLENDER_1/s4_op2_reg_17_/D (SDFFX2_LVT)   4.40 f   4.39        0.00    -0.00   SYS_CLK  func_worst
I_BLENDER_1/R_632/D (SDFFX2_LVT)   4.38 f         4.38           0.00    -0.00   SYS_CLK  func_worst
I_BLENDER_1/R_298/D (SDFFX1_LVT)   4.54 r         4.53           0.00    -0.00   SYS_CLK  func_worst
I_BLENDER_0/R_446/D (SDFFX1_LVT)   4.46 f         4.46           0.00    -0.00   SYS_CLK  func_worst
I_BLENDER_1/R_482/D (SDFFX1_LVT)   4.45 f         4.45           0.00    -0.00   SYS_CLK  func_worst
I_BLENDER_1/s4_op2_reg_16_/D (SDFFX2_LVT)   4.39 f   4.39        0.00    -0.00   SYS_CLK  func_worst
I_BLENDER_1/R_626/D (SDFFX1_LVT)   4.46 f         4.46           0.00    -0.00   SYS_CLK  func_worst
I_BLENDER_1/R_604/D (SDFFX1_LVT)   4.47 f         4.47           0.00    -0.00   SYS_CLK  func_worst

   early_timing
   -----------

Warning: Scenario func_worst is not configured for hold analysis: skipping. (UIC-058)
Error: None of the specified scenarios are active for hold analysis. (UIC-057)
Information: Timer using 'SI, Timing Window Analysis, CRPR'. (TIM-050)
Endpoint                         Path Delay     Path Required       CRP    Slack Group    Scenario
----------------------------------------------------------------------------------------------------------
No paths.

   Mode: func Corner: Cmax
   Scenario: func_worst
   max_transition                                                              
                             Required        Actual                            
   Net                      Transition     Transition        Slack  Violation  
  ---------------------------------------------------------------------------
   I_BLENDER_0/n8647            0.17           0.23          -0.06  (VIOLATED) 
     PIN : I_BLENDER_0/s3_op2_reg_21_/Q     0.17     0.23    -0.06  (VIOLATED) 

   I_BLENDER_0/n6154            0.15           0.17          -0.02  (VIOLATED) 
     PIN : I_BLENDER_0/U158/Y     0.15         0.17          -0.02  (VIOLATED) 

   I_BLENDER_1/n4719            0.14           0.15          -0.01  (VIOLATED) 
     PIN : I_BLENDER_1/R_752/Q     0.14        0.15          -0.01  (VIOLATED) 

   I_BLENDER_0/n8648            0.21           0.21          -0.00  (VIOLATED) 
     PIN : I_BLENDER_0/R_78/QN     0.21        0.21          -0.00  (VIOLATED) 

   I_BLENDER_0/n379             0.21           0.21          -0.00  (VIOLATED) 
     PIN : I_BLENDER_0/R_116/QN     0.21       0.21          -0.00  (VIOLATED) 

  ---------------------------------------------------------------------------
   Number of max_transition violation(s): 5

   Mode: func Corner: Cmax
   Scenario: func_worst
   max_capacitance                                                             
                             Required        Actual                            
   Net                      Capacitance    Capacitance       Slack  Violation  
  ---------------------------------------------------------------------------
   sd_DQ_en[2]                 82.00         164.70         -82.70  (VIOLATED) 
     PIN : ZBUF_64_inst_25399/Y    82.00     164.70         -82.70  (VIOLATED) 

   sd_DQ_en[0]                 82.00         163.83         -81.83  (VIOLATED) 
     PIN : ZBUF_64_inst_23336/Y    82.00     163.83         -81.83  (VIOLATED) 

   pad_out[2]                  82.00         118.56         -36.56  (VIOLATED) 
     PIN : HFSBUF_11_232/Y     82.00         118.56         -36.56  (VIOLATED) 

   pad_out[16]                 82.00         118.42         -36.42  (VIOLATED) 
     PIN : HFSBUF_11_233/Y     82.00         118.42         -36.42  (VIOLATED) 

   pad_out[14]                 82.00         118.41         -36.41  (VIOLATED) 
     PIN : HFSBUF_11_236/Y     82.00         118.41         -36.41  (VIOLATED) 

   pad_out[4]                  82.00         118.30         -36.30  (VIOLATED) 
     PIN : HFSBUF_11_241/Y     82.00         118.30         -36.30  (VIOLATED) 

   pad_out[12]                 82.00         117.86         -35.86  (VIOLATED) 
     PIN : HFSBUF_11_230/Y     82.00         117.86         -35.86  (VIOLATED) 

   pad_out[24]                 82.00         117.86         -35.86  (VIOLATED) 
     PIN : HFSBUF_11_242/Y     82.00         117.86         -35.86  (VIOLATED) 

   pad_out[6]                  82.00         117.64         -35.64  (VIOLATED) 
     PIN : HFSBUF_11_226/Y     82.00         117.64         -35.64  (VIOLATED) 

   pad_out[18]                 82.00         117.34         -35.34  (VIOLATED) 
     PIN : HFSBUF_11_240/Y     82.00         117.34         -35.34  (VIOLATED) 

   pad_out[20]                 82.00         117.13         -35.13  (VIOLATED) 
     PIN : HFSBUF_11_229/Y     82.00         117.13         -35.13  (VIOLATED) 

   pad_out[22]                 82.00         116.94         -34.94  (VIOLATED) 
     PIN : HFSBUF_11_249/Y     82.00         116.94         -34.94  (VIOLATED) 

   pad_out[10]                 82.00         116.91         -34.91  (VIOLATED) 
     PIN : HFSBUF_11_243/Y     82.00         116.91         -34.91  (VIOLATED) 

   pad_out[30]                 82.00         116.61         -34.61  (VIOLATED) 
     PIN : ZBUF_4_inst_23148/Y    82.00      116.61         -34.61  (VIOLATED) 

   pad_out[28]                 82.00         116.10         -34.10  (VIOLATED) 
     PIN : ZBUF_4_inst_23149/Y    82.00      116.10         -34.10  (VIOLATED) 

   pad_out[26]                 82.00         116.03         -34.03  (VIOLATED) 
     PIN : HFSBUF_11_237/Y     82.00         116.03         -34.03  (VIOLATED) 

   pad_out[15]                 82.00         110.22         -28.22  (VIOLATED) 
     PIN : HFSBUF_11_252/Y     82.00         110.22         -28.22  (VIOLATED) 

   pad_out[11]                 82.00         109.62         -27.62  (VIOLATED) 
     PIN : HFSBUF_11_235/Y     82.00         109.62         -27.62  (VIOLATED) 

   pad_out[27]                 82.00         109.57         -27.57  (VIOLATED) 
     PIN : HFSBUF_11_228/Y     82.00         109.57         -27.57  (VIOLATED) 

   pad_out[23]                 82.00         109.17         -27.17  (VIOLATED) 
     PIN : HFSBUF_11_238/Y     82.00         109.17         -27.17  (VIOLATED) 

   pad_out[3]                  82.00         108.59         -26.59  (VIOLATED) 
     PIN : HFSBUF_11_246/Y     82.00         108.59         -26.59  (VIOLATED) 

   pad_out[7]                  82.00         108.54         -26.54  (VIOLATED) 
     PIN : HFSBUF_11_245/Y     82.00         108.54         -26.54  (VIOLATED) 

   pad_out[9]                  82.00         108.40         -26.40  (VIOLATED) 
     PIN : HFSBUF_11_253/Y     82.00         108.40         -26.40  (VIOLATED) 

   pad_out[17]                 82.00         107.95         -25.95  (VIOLATED) 
     PIN : HFSBUF_11_254/Y     82.00         107.95         -25.95  (VIOLATED) 

   pad_out[1]                  82.00         107.86         -25.86  (VIOLATED) 
     PIN : HFSBUF_11_234/Y     82.00         107.86         -25.86  (VIOLATED) 

   pad_out[5]                  82.00         107.61         -25.61  (VIOLATED) 
     PIN : HFSBUF_11_250/Y     82.00         107.61         -25.61  (VIOLATED) 

   pad_out[19]                 82.00         107.15         -25.15  (VIOLATED) 
     PIN : I_PCI_TOP/HFSBUF_8_251/Y    82.00   107.15       -25.15  (VIOLATED) 

   pad_out[21]                 82.00         106.87         -24.87  (VIOLATED) 
     PIN : HFSBUF_11_244/Y     82.00         106.87         -24.87  (VIOLATED) 

   pad_out[25]                 82.00         106.76         -24.76  (VIOLATED) 
     PIN : HFSBUF_11_227/Y     82.00         106.76         -24.76  (VIOLATED) 

   pad_out[13]                 82.00         105.49         -23.49  (VIOLATED) 
     PIN : HFSBUF_11_248/Y     82.00         105.49         -23.49  (VIOLATED) 

   I_BLENDER_1/n4083           32.00          48.93         -16.93  (VIOLATED) 
     PIN : I_BLENDER_1/U3984/Y    32.00       48.93         -16.93  (VIOLATED) 

   I_BLENDER_0/n6154           32.00          41.19          -9.19  (VIOLATED) 
     PIN : I_BLENDER_0/U158/Y    32.00        41.19          -9.19  (VIOLATED) 

   I_BLENDER_0/n8647           16.00          24.06          -8.06  (VIOLATED) 
     PIN : I_BLENDER_0/s3_op2_reg_21_/Q    16.00    24.06    -8.06  (VIOLATED) 

   HFSNET_281                  82.00          88.87          -6.87  (VIOLATED) 
     PIN : HFSBUF_11716_1474/Y    82.00       88.87          -6.87  (VIOLATED) 

   I_BLENDER_1/n9627            8.00          10.92          -2.92  (VIOLATED) 
     PIN : I_BLENDER_1/U7211/Y     8.00       10.92          -2.92  (VIOLATED) 

   I_BLENDER_1/n3799           16.00          18.83          -2.83  (VIOLATED) 
     PIN : I_BLENDER_1/U2751/Y    16.00       18.83          -2.83  (VIOLATED) 

   I_BLENDER_0/n348            16.00          17.14          -1.14  (VIOLATED) 
     PIN : I_BLENDER_0/U2410/Y    16.00       17.14          -1.14  (VIOLATED) 

   I_BLENDER_1/n4719            8.00           9.02          -1.02  (VIOLATED) 
     PIN : I_BLENDER_1/R_752/Q     8.00        9.02          -1.02  (VIOLATED) 

   I_BLENDER_1/s2_op2[21]       8.00           8.24          -0.24  (VIOLATED) 
     PIN : I_BLENDER_1/R_56/Q     8.00         8.24          -0.24  (VIOLATED) 

   n503                         8.00           8.16          -0.16  (VIOLATED) 
     PIN : I_RISC_CORE/I_INSTRN_LAT_Crnt_Instrn_2_reg_11_/Q     8.00     8.16    -0.16 (VIOLATED)

   I_SDRAM_TOP/I_SDRAM_IF/mega_shift_1_8     8.00     8.12    -0.12 (VIOLATED) 
     PIN : I_SDRAM_TOP/I_SDRAM_IF/mega_shift_1_reg_40__9_/Q     8.00     8.12    -0.12 (VIOLATED)

   I_SDRAM_TOP/I_SDRAM_IF/HFSNET_645    16.00    16.09       -0.09  (VIOLATED) 
     PIN : I_SDRAM_TOP/I_SDRAM_IF/HFSBUF_44500_1360/Y    16.00    16.09    -0.09 (VIOLATED)

   I_BLENDER_1/n5675            8.00           8.09          -0.09  (VIOLATED) 
     PIN : I_BLENDER_1/U5536/Y     8.00        8.09          -0.09  (VIOLATED) 

   I_BLENDER_1/n7281           16.00          16.09          -0.09  (VIOLATED) 
     PIN : I_BLENDER_1/U5055/Y    16.00       16.09          -0.09  (VIOLATED) 

   I_SDRAM_TOP/I_SDRAM_READ_FIFO_SD_FIFO_CTL_U1_other_addr_g_sync_6_     8.00     8.09    -0.09 (VIOLATED)
     PIN : I_SDRAM_TOP/I_SDRAM_READ_FIFO_SD_FIFO_CTL_U1_syncff_reg_6_/Q     8.00     8.09    -0.09 (VIOLATED)

   I_CONTEXT_MEM/n204          32.00          32.07          -0.07  (VIOLATED) 
     PIN : I_CONTEXT_MEM/U308/Y    32.00      32.07          -0.07  (VIOLATED) 

   I_BLENDER_0/n5679            8.00           8.07          -0.07  (VIOLATED) 
     PIN : I_BLENDER_0/U2617/Y     8.00        8.07          -0.07  (VIOLATED) 

   I_CONTEXT_MEM/n127          16.00          16.07          -0.07  (VIOLATED) 
     PIN : I_CONTEXT_MEM/U147/Y    16.00      16.07          -0.07  (VIOLATED) 

   I_BLENDER_1/n1342            8.00           8.06          -0.06  (VIOLATED) 
     PIN : I_BLENDER_1/R_410/Q     8.00        8.06          -0.06  (VIOLATED) 

   I_BLENDER_1/s1_op1_1_        8.00           8.06          -0.06  (VIOLATED) 
     PIN : I_BLENDER_1/s1_op1_reg_1_/Q     8.00     8.06     -0.06  (VIOLATED) 

   I_BLENDER_0/s3_op1_13        8.00           8.05          -0.05  (VIOLATED) 
     PIN : I_BLENDER_0/s3_op1_reg_13_/Q     8.00     8.05    -0.05  (VIOLATED) 

   I_BLENDER_0/n5868            8.00           8.04          -0.04  (VIOLATED) 
     PIN : I_BLENDER_0/U6046/Y     8.00        8.04          -0.04  (VIOLATED) 

   aps_rename_41_               8.00           8.04          -0.04  (VIOLATED) 
     PIN : I_PCI_TOP/I_PCI_CORE_pad_out_buf_reg_12_/Q     8.00     8.04    -0.04 (VIOLATED)

   I_BLENDER_0/n1380            8.00           8.04          -0.04  (VIOLATED) 
     PIN : I_BLENDER_0/U1442/CO     8.00       8.04          -0.04  (VIOLATED) 

   I_BLENDER_0/n7945            8.00           8.03          -0.03  (VIOLATED) 
     PIN : I_BLENDER_0/U8422/Y     8.00        8.03          -0.03  (VIOLATED) 

   aps_rename_47_               8.00           8.03          -0.03  (VIOLATED) 
     PIN : I_PCI_TOP/I_PCI_CORE_pad_out_buf_reg_5_/Q     8.00     8.03    -0.03 (VIOLATED)

   aps_rename_43_               8.00           8.03          -0.03  (VIOLATED) 
     PIN : I_PCI_TOP/I_PCI_CORE_pad_out_buf_reg_10_/Q     8.00     8.03    -0.03 (VIOLATED)

   I_SDRAM_TOP/I_SDRAM_IF/mega_shift_0_36__28_     8.00     8.03    -0.03 (VIOLATED)
     PIN : I_SDRAM_TOP/I_SDRAM_IF/mega_shift_0_reg_36__28_/Q     8.00     8.03    -0.03 (VIOLATED)

   I_BLENDER_1/s1_op1_8_        8.00           8.03          -0.03  (VIOLATED) 
     PIN : I_BLENDER_1/s1_op1_reg_8_/Q     8.00     8.03     -0.03  (VIOLATED) 

   I_BLENDER_1/s3_op1_4         8.00           8.03          -0.03  (VIOLATED) 
     PIN : I_BLENDER_1/s3_op1_reg_4_/Q     8.00     8.03     -0.03  (VIOLATED) 

   I_SDRAM_TOP/I_SDRAM_IF/HFSNET_247    32.00    32.03       -0.03  (VIOLATED) 
     PIN : I_SDRAM_TOP/I_SDRAM_IF/HFSBUF_2802_846/Y    32.00    32.03    -0.03 (VIOLATED)

   I_BLENDER_1/s2_op2[9]       16.00          16.02          -0.02  (VIOLATED) 
     PIN : I_BLENDER_1/R_542/Q    16.00       16.02          -0.02  (VIOLATED) 

   I_BLENDER_1/n1513            8.00           8.02          -0.02  (VIOLATED) 
     PIN : I_BLENDER_1/U6755/Y     8.00        8.02          -0.02  (VIOLATED) 

   I_BLENDER_1/n1147            8.00           8.02          -0.02  (VIOLATED) 
     PIN : I_BLENDER_1/U5292/SO     8.00       8.02          -0.02  (VIOLATED) 

   I_BLENDER_1/s1_op2_11_       8.00           8.02          -0.02  (VIOLATED) 
     PIN : I_BLENDER_1/s1_op2_reg_11_/Q     8.00     8.02    -0.02  (VIOLATED) 

   I_SDRAM_TOP/sram_fixnet_8    16.00         16.02          -0.02  (VIOLATED) 
     PIN : I_SDRAM_TOP/sram_fixcell_8/Y    16.00    16.02    -0.02  (VIOLATED) 

   I_BLENDER_0/n8648           16.00          16.01          -0.01  (VIOLATED) 
     PIN : I_BLENDER_0/R_78/QN    16.00       16.01          -0.01  (VIOLATED) 

   I_SDRAM_TOP/I_SDRAM_IF/HFSNET_431    82.00    82.01       -0.01  (VIOLATED) 
     PIN : I_SDRAM_TOP/I_SDRAM_IF/HFSBUF_62412_1032/Y    82.00    82.01    -0.01 (VIOLATED)

   I_BLENDER_1/n2620            8.00           8.01          -0.01  (VIOLATED) 
     PIN : I_BLENDER_1/ctmTdsLR_1_25273/Y     8.00     8.01    -0.01 (VIOLATED)

  ---------------------------------------------------------------------------
   Number of max_capacitance violation(s): 69



   Total number of violation(s): 74
1
