 Info: Initializing timer in CLOCK_SYN_REPORT_MODE
Warning: time.si_enable_analysis is on, it could increase the runtime and memory usage. 
****************************************
Report : clock qor
        -type summary
Design : ORCA_TOP
Version: Q-2019.12-SP4
Date   : Sun May 28 04:01:30 2023
****************************************

Attributes
===========
M Master Clock
G Generated Clock
& Internal Generated Clock
U User Defined Skew Group
D Default Skew Group
* Generated Clock Balanced Separately

===========================================
==== Summary Reporting for Corner Cmax ====
===========================================

================================================== Summary Table for Corner Cmax ===================================================
Clock /                               Attrs     Sinks Levels    Clock     Clock     Clock       Max    Global  Trans DRC  Cap DRC
Skew Group                                                   Repeater  Repeater   Stdcell   Latency      Skew     Count     Count
                                                                Count      Area      Area
------------------------------------------------------------------------------------------------------------------------------------
### Mode: func, Scenario: func_worst
SDRAM_CLK                               M,D      2860     12       94    429.25    454.16      1.22      0.16         1         0
 SD_DDR_CLK                               G         0      0        0      0.00      0.00        --        --         0         0
 SD_DDR_CLKn                              G         0      0        0      0.00      0.00        --        --         0         0
SYS_2x_CLK                              M,D      1928     14      126    508.80    646.29      1.44      0.21         0         0
 SYS_CLK                                  G      1724     12       84    376.64    403.07      1.11      0.09         0         0
PCI_CLK                                 M,D       394     12       28     99.37    114.11      0.99      0.06         0         0
### Mode: test, Scenario: test_worst
ate_clk                                 M,D      5162     11      228    980.74   1149.24      1.23      0.17         0         0
SDRAM_CLK                               M,D      2860     12       94    429.25    454.16      1.22      0.16         0         0
 SD_DDR_CLK                               G         0      0        0      0.00      0.00        --        --         0         0
 SD_DDR_CLKn                              G         0      0        0      0.00      0.00        --        --         0         0
SYS_2x_CLK                              M,D      1928     14      126    508.80    646.29      1.44      0.21         0         0
 SYS_CLK                                  G      1724     12       84    376.64    403.07      1.11      0.09         0         0
PCI_CLK                                 M,D       394     12       28     99.37    114.11      0.99      0.06         0         0
------------------------------------------------------------------------------------------------------------------------------------
All Clocks                                       5194     14      273   1089.77   1292.32      1.44      0.21         1         0


Warning: Please use -largest / -smallest / -all switches with -show_verbose_paths / -show_paths to report the clock paths. (CTS-956)
===========================================
==== Summary Reporting for Corner Cmin ====
===========================================

================================================== Summary Table for Corner Cmin ===================================================
Clock /                               Attrs     Sinks Levels    Clock     Clock     Clock       Max    Global  Trans DRC  Cap DRC
Skew Group                                                   Repeater  Repeater   Stdcell   Latency      Skew     Count     Count
                                                                Count      Area      Area
------------------------------------------------------------------------------------------------------------------------------------
### Mode: func, Scenario: func_best
SDRAM_CLK                               M,D      2860     12       94    429.25    454.16      0.23      0.02         0         1
 SD_DDR_CLK                               G         0      0        0      0.00      0.00        --        --         0         0
 SD_DDR_CLKn                              G         0      0        0      0.00      0.00        --        --         0         0
SYS_2x_CLK                              M,D      1928     14      126    508.80    646.29      0.31      0.04         0         0
 SYS_CLK                                  G      1724     12       84    376.64    403.07      0.25      0.04         0         0
PCI_CLK                                 M,D       394     12       28     99.37    114.11      0.21      0.02         0         0
### Mode: test, Scenario: test_best
ate_clk                                 M,D      5162     11      228    980.74   1149.24      0.26      0.05         0         1
SDRAM_CLK                               M,D      2860     12       94    429.25    454.16      0.23      0.02         0         1
 SD_DDR_CLK                               G         0      0        0      0.00      0.00        --        --         0         0
 SD_DDR_CLKn                              G         0      0        0      0.00      0.00        --        --         0         0
SYS_2x_CLK                              M,D      1928     14      126    508.80    646.29      0.31      0.04         0         0
 SYS_CLK                                  G      1724     12       84    376.64    403.07      0.25      0.04         0         0
PCI_CLK                                 M,D       394     12       28     99.37    114.11      0.21      0.02         0         0
------------------------------------------------------------------------------------------------------------------------------------
All Clocks                                       5194     14      273   1089.77   1292.32      0.31      0.05         0         1


Warning: Please use -largest / -smallest / -all switches with -show_verbose_paths / -show_paths to report the clock paths. (CTS-956)
1
