****************************************
Report : constraint
        -all_violators
Design : ORCA_TOP
Version: Q-2019.12-SP4
Date   : Sun May 28 04:01:32 2023
****************************************

   late_timing
   -----------

Information: Timer using 'SI, Timing Window Analysis, CRPR'. (TIM-050)
Endpoint                         Path Delay     Path Required       CRP    Slack Group    Scenario
----------------------------------------------------------------------------------------------------------
I_RISC_CORE/I_INSTRN_LAT_Crnt_Instrn_2_reg_21_/D (SDFFX2_HVT)   3.53 f   3.29   0.00  -0.24 SYS_2x_CLK func_worst
I_RISC_CORE/I_INSTRN_LAT_Crnt_Instrn_2_reg_19_/D (SDFFX1_HVT)   3.50 f   3.29   0.00  -0.21 SYS_2x_CLK func_worst
I_RISC_CORE/I_INSTRN_LAT_Crnt_Instrn_2_reg_16_/D (SDFFX1_HVT)   3.44 r   3.23   0.00  -0.21 SYS_2x_CLK func_worst
I_RISC_CORE/I_INSTRN_LAT_Crnt_Instrn_2_reg_13_/D (SDFFX1_HVT)   3.50 f   3.29   0.00  -0.21 SYS_2x_CLK func_worst
I_RISC_CORE/I_INSTRN_LAT_Crnt_Instrn_2_reg_18_/D (SDFFX1_HVT)   3.50 f   3.29   0.00  -0.21 SYS_2x_CLK func_worst
I_RISC_CORE/I_INSTRN_LAT_Crnt_Instrn_2_reg_11_/D (SDFFX1_HVT)   3.43 r   3.23   0.00  -0.21 SYS_2x_CLK func_worst
I_RISC_CORE/I_INSTRN_LAT_Crnt_Instrn_2_reg_10_/D (SDFFX1_HVT)   3.50 f   3.30   0.00  -0.21 SYS_2x_CLK func_worst
I_RISC_CORE/I_INSTRN_LAT_Crnt_Instrn_2_reg_22_/D (SDFFX1_HVT)   3.50 f   3.29   0.00  -0.20 SYS_2x_CLK func_worst
I_RISC_CORE/I_INSTRN_LAT_Crnt_Instrn_2_reg_9_/D (SDFFX2_HVT)   3.42 r   3.22   0.00  -0.20 SYS_2x_CLK func_worst
I_RISC_CORE/I_INSTRN_LAT_Crnt_Instrn_2_reg_15_/D (SDFFX1_HVT)   3.43 r   3.23   0.00  -0.20 SYS_2x_CLK func_worst
I_RISC_CORE/I_INSTRN_LAT_Crnt_Instrn_2_reg_25_/D (SDFFX2_HVT)   3.41 r   3.22   0.00  -0.19 SYS_2x_CLK func_worst
I_RISC_CORE/I_INSTRN_LAT_Crnt_Instrn_2_reg_23_/D (SDFFX1_RVT)   3.55 f   3.36   0.00  -0.19 SYS_2x_CLK func_worst
I_RISC_CORE/I_INSTRN_LAT_Crnt_Instrn_2_reg_17_/D (SDFFX1_HVT)   3.48 f   3.29   0.00  -0.19 SYS_2x_CLK func_worst
I_RISC_CORE/I_INSTRN_LAT_Crnt_Instrn_2_reg_12_/D (SDFFX2_HVT)   3.47 f   3.29   0.00  -0.18 SYS_2x_CLK func_worst
I_RISC_CORE/I_INSTRN_LAT_Crnt_Instrn_2_reg_8_/D (SDFFX2_HVT)   3.37 r   3.21   0.00  -0.16 SYS_2x_CLK func_worst
I_RISC_CORE/I_INSTRN_LAT_Crnt_Instrn_2_reg_27_/D (SDFFX2_LVT)   3.53 f   3.38   0.00  -0.15 SYS_2x_CLK func_worst
I_RISC_CORE/I_INSTRN_LAT_Crnt_Instrn_2_reg_30_/D (SDFFX2_LVT)   3.52 f   3.38   0.00  -0.15 SYS_2x_CLK func_worst
I_RISC_CORE/I_INSTRN_LAT_Crnt_Instrn_2_reg_20_/D (SDFFX1_HVT)   3.37 r   3.23   0.00  -0.14 SYS_2x_CLK func_worst
I_RISC_CORE/I_INSTRN_LAT_Crnt_Instrn_2_reg_24_/D (SDFFX2_LVT)   3.51 f   3.38   0.00  -0.14 SYS_2x_CLK func_worst
I_RISC_CORE/I_INSTRN_LAT_Crnt_Instrn_2_reg_14_/D (SDFFX2_LVT)   3.51 r   3.38   0.00  -0.13 SYS_2x_CLK func_worst
I_RISC_CORE/I_INSTRN_LAT_Crnt_Instrn_2_reg_31_/D (SDFFX2_LVT)   3.50 f   3.38   0.00  -0.12 SYS_2x_CLK func_worst
I_RISC_CORE/I_INSTRN_LAT_Crnt_Instrn_2_reg_26_/D (SDFFX2_LVT)   3.49 r   3.38   0.00  -0.11 SYS_2x_CLK func_worst
I_RISC_CORE/I_INSTRN_LAT_Crnt_Instrn_2_reg_28_/D (SDFFX2_LVT)   3.47 f   3.38   0.00  -0.10 SYS_2x_CLK func_worst
I_CONTEXT_MEM/clk_gate_ram_write_addr_reg/latch/EN (CGLPPRX2_LVT)   6.88 f   1.74   0.07  -5.14 SYS_CLK func_worst
I_BLENDER_0/R_384/D (SDFFX1_LVT)   5.92 f         5.85           0.09    -0.07   SYS_CLK  func_worst
I_BLENDER_0/R_239/D (SDFFX1_LVT)   5.89 f         5.84           0.09    -0.05   SYS_CLK  func_worst
I_BLENDER_0/R_323/D (SDFFX1_LVT)   5.91 f         5.87           0.09    -0.05   SYS_CLK  func_worst
I_BLENDER_0/R_422/D (SDFFX1_LVT)   5.89 f         5.84           0.09    -0.05   SYS_CLK  func_worst
I_BLENDER_1/R_395/D (SDFFX2_LVT)   5.79 f         5.75           0.09    -0.04   SYS_CLK  func_worst
I_BLENDER_1/s4_op1_reg_13_/D (SDFFX1_RVT)   5.56 f   5.53        0.10    -0.03   SYS_CLK  func_worst
I_BLENDER_0/mega_shift_reg_7__27_/D (SDFFARX1_HVT)   4.72 f   4.70   0.06  -0.02 SYS_CLK  func_worst
I_BLENDER_0/s4_op2_reg_30_/D (SDFFX2_LVT)   5.78 f   5.76        0.09    -0.02   SYS_CLK  func_worst
I_BLENDER_1/R_235/D (SDFFX1_LVT)   5.87 f         5.86           0.09    -0.02   SYS_CLK  func_worst
I_BLENDER_0/mega_shift_reg_4__13_/D (SDFFARX1_HVT)   4.72 f   4.71   0.06  -0.01 SYS_CLK  func_worst
I_BLENDER_0/R_704/D (SDFFX1_LVT)   5.88 f         5.87           0.10    -0.01   SYS_CLK  func_worst
I_BLENDER_1/s4_op2_reg_14_/D (SDFFX1_RVT)   5.56 f   5.56        0.10    -0.01   SYS_CLK  func_worst
I_BLENDER_0/s4_op2_reg_23_/D (SDFFX2_LVT)   5.78 f   5.77        0.09    -0.01   SYS_CLK  func_worst
I_BLENDER_0/s4_op2_reg_24_/D (SDFFX2_LVT)   5.78 f   5.77        0.09    -0.00   SYS_CLK  func_worst
I_BLENDER_1/R_410/D (SDFFX1_LVT)   5.86 f         5.86           0.10    -0.00   SYS_CLK  func_worst
I_BLENDER_1/R_464/D (SDFFX1_LVT)   5.89 f         5.88           0.09    -0.00   SYS_CLK  func_worst
I_BLENDER_0/R_553/D (SDFFX2_LVT)   5.77 f         5.77           0.09    -0.00   SYS_CLK  func_worst
I_BLENDER_1/R_414/D (SDFFX1_LVT)   5.87 f         5.87           0.10    -0.00   SYS_CLK  func_worst
I_BLENDER_1/R_632/D (SDFFX2_LVT)   5.80 f         5.79           0.09    -0.00   SYS_CLK  func_worst
I_BLENDER_1/R_620/D (SDFFX2_LVT)   5.78 f         5.78           0.09    -0.00   SYS_CLK  func_worst
I_BLENDER_0/mega_shift_reg_6__12_/D (SDFFARX1_HVT)   4.71 f   4.71   0.06  -0.00 SYS_CLK  func_worst
I_SDRAM_TOP/I_SDRAM_READ_FIFO_SD_FIFO_CTL_U1_count_int_reg_4_/D (SDFFARX1_HVT)   3.63 f   3.60   0.06  -0.03 SDRAM_CLK func_worst

   early_timing
   -----------

Warning: Scenario func_worst is not configured for hold analysis: skipping. (UIC-058)
Error: None of the specified scenarios are active for hold analysis. (UIC-057)
Information: Timer using 'SI, Timing Window Analysis, CRPR'. (TIM-050)
Endpoint                         Path Delay     Path Required       CRP    Slack Group    Scenario
----------------------------------------------------------------------------------------------------------
No paths.

   Mode: func Corner: Cmax
   Scenario: func_worst
   max_transition                                                              
                             Required        Actual                            
   Net                      Transition     Transition        Slack  Violation  
  ---------------------------------------------------------------------------
   I_CONTEXT_MEM/N117           1.02           6.60          -5.58  (VIOLATED) 
     PIN : I_CONTEXT_MEM/clk_gate_ram_write_addr_reg/latch/EN     1.02     6.60    -5.58 (VIOLATED)
     PIN : I_CONTEXT_MEM/U195/Y     1.39       6.60          -5.21  (VIOLATED) 

   n871                         0.15           0.61          -0.46  (VIOLATED) 
     PIN : I_SDRAM_TOP/I_SDRAM_IF/HFSBUF_928_369/A     0.15     0.61    -0.46 (VIOLATED)
     PIN : I_SDRAM_TOP/I_SDRAM_IF/HFSINV_978_368/A     0.15     0.61    -0.46 (VIOLATED)
     PIN : occ_int2/APS_CLK_ISO_0/Y     0.15     0.61        -0.46  (VIOLATED) 

   I_SDRAM_TOP/I_SDRAM_IF/n11084     0.15      0.48          -0.33  (VIOLATED) 
     PIN : I_SDRAM_TOP/I_SDRAM_IF/U13009/Y     0.15     0.48    -0.33 (VIOLATED)
     PIN : I_SDRAM_TOP/I_SDRAM_IF/U839/A     0.15     0.48    -0.33 (VIOLATED) 

   I_SDRAM_TOP/I_SDRAM_IF/n11082     0.15      0.48          -0.33  (VIOLATED) 
     PIN : I_SDRAM_TOP/I_SDRAM_IF/U13017/Y     0.15     0.48    -0.33 (VIOLATED)
     PIN : I_SDRAM_TOP/I_SDRAM_IF/U831/A     0.15     0.48    -0.33 (VIOLATED) 

   I_SDRAM_TOP/I_SDRAM_IF/n11076     0.15      0.47          -0.32  (VIOLATED) 
     PIN : I_SDRAM_TOP/I_SDRAM_IF/U13029/Y     0.15     0.47    -0.32 (VIOLATED)
     PIN : I_SDRAM_TOP/I_SDRAM_IF/U802/A     0.15     0.47    -0.32 (VIOLATED) 

   I_SDRAM_TOP/I_SDRAM_IF/n11060     0.15      0.47          -0.32  (VIOLATED) 
     PIN : I_SDRAM_TOP/I_SDRAM_IF/U13037/Y     0.15     0.47    -0.32 (VIOLATED)
     PIN : I_SDRAM_TOP/I_SDRAM_IF/U585/A     0.15     0.47    -0.32 (VIOLATED) 

   I_SDRAM_TOP/I_SDRAM_IF/n11074     0.15      0.47          -0.32  (VIOLATED) 
     PIN : I_SDRAM_TOP/I_SDRAM_IF/U13025/Y     0.15     0.47    -0.32 (VIOLATED)
     PIN : I_SDRAM_TOP/I_SDRAM_IF/U794/A     0.15     0.47    -0.32 (VIOLATED) 

   I_SDRAM_TOP/I_SDRAM_IF/n11090     0.15      0.46          -0.31  (VIOLATED) 
     PIN : I_SDRAM_TOP/I_SDRAM_IF/U13013/Y     0.15     0.46    -0.31 (VIOLATED)
     PIN : I_SDRAM_TOP/I_SDRAM_IF/U874/A     0.15     0.46    -0.31 (VIOLATED) 

   I_SDRAM_TOP/I_SDRAM_IF/n11078     0.15      0.45          -0.30  (VIOLATED) 
     PIN : I_SDRAM_TOP/I_SDRAM_IF/U13039/Y     0.15     0.45    -0.30 (VIOLATED)
     PIN : I_SDRAM_TOP/I_SDRAM_IF/U809/A     0.15     0.45    -0.30 (VIOLATED) 

   I_SDRAM_TOP/I_SDRAM_IF/n11081     0.15      0.45          -0.30  (VIOLATED) 
     PIN : I_SDRAM_TOP/I_SDRAM_IF/U13016/Y     0.15     0.45    -0.30 (VIOLATED)
     PIN : I_SDRAM_TOP/I_SDRAM_IF/U833/A     0.15     0.45    -0.30 (VIOLATED) 

   I_SDRAM_TOP/I_SDRAM_IF/n11061     0.15      0.45          -0.30  (VIOLATED) 
     PIN : I_SDRAM_TOP/I_SDRAM_IF/U13028/Y     0.15     0.45    -0.30 (VIOLATED)
     PIN : I_SDRAM_TOP/I_SDRAM_IF/U744/A     0.15     0.45    -0.30 (VIOLATED) 

   I_SDRAM_TOP/I_SDRAM_IF/n11083     0.15      0.45          -0.30  (VIOLATED) 
     PIN : I_SDRAM_TOP/I_SDRAM_IF/U13021/Y     0.15     0.45    -0.30 (VIOLATED)
     PIN : I_SDRAM_TOP/I_SDRAM_IF/U842/A     0.15     0.45    -0.30 (VIOLATED) 

   I_SDRAM_TOP/I_SDRAM_IF/n11066     0.15      0.45          -0.30  (VIOLATED) 
     PIN : I_SDRAM_TOP/I_SDRAM_IF/U13008/Y     0.15     0.45    -0.30 (VIOLATED)
     PIN : I_SDRAM_TOP/I_SDRAM_IF/U758/A     0.15     0.45    -0.30 (VIOLATED) 

   I_SDRAM_TOP/I_SDRAM_IF/n11050     0.15      0.45          -0.30  (VIOLATED) 
     PIN : I_SDRAM_TOP/I_SDRAM_IF/U13024/Y     0.15     0.45    -0.30 (VIOLATED)
     PIN : I_SDRAM_TOP/I_SDRAM_IF/U583/A     0.15     0.45    -0.30 (VIOLATED) 

   I_SDRAM_TOP/I_SDRAM_IF/n11072     0.15      0.45          -0.30  (VIOLATED) 
     PIN : I_SDRAM_TOP/I_SDRAM_IF/U13033/Y     0.15     0.45    -0.30 (VIOLATED)
     PIN : I_SDRAM_TOP/I_SDRAM_IF/U775/A     0.15     0.45    -0.30 (VIOLATED) 

   I_SDRAM_TOP/I_SDRAM_IF/n11087     0.15      0.44          -0.29  (VIOLATED) 
     PIN : I_SDRAM_TOP/I_SDRAM_IF/U13027/Y     0.15     0.44    -0.29 (VIOLATED)
     PIN : I_SDRAM_TOP/I_SDRAM_IF/U859/A     0.15     0.44    -0.29 (VIOLATED) 

   I_SDRAM_TOP/I_SDRAM_IF/n11073     0.15      0.44          -0.29  (VIOLATED) 
     PIN : I_SDRAM_TOP/I_SDRAM_IF/U13012/Y     0.15     0.44    -0.29 (VIOLATED)
     PIN : I_SDRAM_TOP/I_SDRAM_IF/U799/A     0.15     0.44    -0.29 (VIOLATED) 

   I_SDRAM_TOP/I_SDRAM_IF/n11077     0.15      0.44          -0.29  (VIOLATED) 
     PIN : I_SDRAM_TOP/I_SDRAM_IF/U13018/Y     0.15     0.44    -0.29 (VIOLATED)
     PIN : I_SDRAM_TOP/I_SDRAM_IF/U812/A     0.15     0.44    -0.29 (VIOLATED) 

   I_SDRAM_TOP/I_SDRAM_IF/n11071     0.15      0.44          -0.29  (VIOLATED) 
     PIN : I_SDRAM_TOP/I_SDRAM_IF/U13014/Y     0.15     0.44    -0.29 (VIOLATED)
     PIN : I_SDRAM_TOP/I_SDRAM_IF/U788/A     0.15     0.44    -0.29 (VIOLATED) 

   I_SDRAM_TOP/I_SDRAM_IF/n11049     0.15      0.44          -0.29  (VIOLATED) 
     PIN : I_SDRAM_TOP/I_SDRAM_IF/U13020/Y     0.15     0.44    -0.29 (VIOLATED)
     PIN : I_SDRAM_TOP/I_SDRAM_IF/U328/A     0.15     0.44    -0.29 (VIOLATED) 

   I_SDRAM_TOP/I_SDRAM_IF/n11088     0.15      0.43          -0.28  (VIOLATED) 
     PIN : I_SDRAM_TOP/I_SDRAM_IF/U13031/Y     0.15     0.43    -0.28 (VIOLATED)
     PIN : I_SDRAM_TOP/I_SDRAM_IF/U857/A     0.15     0.43    -0.28 (VIOLATED) 

   I_SDRAM_TOP/I_SDRAM_IF/n11091     0.15      0.43          -0.28  (VIOLATED) 
     PIN : I_SDRAM_TOP/I_SDRAM_IF/U13011/Y     0.15     0.43    -0.28 (VIOLATED)
     PIN : I_SDRAM_TOP/I_SDRAM_IF/U908/A     0.15     0.43    -0.28 (VIOLATED) 

   I_SDRAM_TOP/I_SDRAM_IF/n11092     0.15      0.43          -0.28  (VIOLATED) 
     PIN : I_SDRAM_TOP/I_SDRAM_IF/U13015/Y     0.15     0.43    -0.28 (VIOLATED)
     PIN : I_SDRAM_TOP/I_SDRAM_IF/U881/A     0.15     0.43    -0.28 (VIOLATED) 

   I_SDRAM_TOP/I_SDRAM_IF/n11067     0.15      0.43          -0.28  (VIOLATED) 
     PIN : I_SDRAM_TOP/I_SDRAM_IF/U13036/Y     0.15     0.43    -0.28 (VIOLATED)
     PIN : I_SDRAM_TOP/I_SDRAM_IF/U756/A     0.15     0.43    -0.28 (VIOLATED) 

   I_SDRAM_TOP/I_SDRAM_IF/n11085     0.15      0.42          -0.27  (VIOLATED) 
     PIN : I_SDRAM_TOP/I_SDRAM_IF/U13023/Y     0.15     0.42    -0.27 (VIOLATED)
     PIN : I_SDRAM_TOP/I_SDRAM_IF/U854/A     0.15     0.42    -0.27 (VIOLATED) 

   I_SDRAM_TOP/I_SDRAM_IF/n11063     0.15      0.42          -0.27  (VIOLATED) 
     PIN : I_SDRAM_TOP/I_SDRAM_IF/U13034/Y     0.15     0.42    -0.27 (VIOLATED)
     PIN : I_SDRAM_TOP/I_SDRAM_IF/U751/A     0.15     0.42    -0.27 (VIOLATED) 

   I_SDRAM_TOP/I_SDRAM_IF/n11089     0.15      0.42          -0.27  (VIOLATED) 
     PIN : I_SDRAM_TOP/I_SDRAM_IF/U13019/Y     0.15     0.42    -0.27 (VIOLATED)
     PIN : I_SDRAM_TOP/I_SDRAM_IF/U878/A     0.15     0.42    -0.27 (VIOLATED) 

   I_SDRAM_TOP/I_SDRAM_IF/n11059     0.15      0.41          -0.26  (VIOLATED) 
     PIN : I_SDRAM_TOP/I_SDRAM_IF/U13030/Y     0.15     0.41    -0.26 (VIOLATED)
     PIN : I_SDRAM_TOP/I_SDRAM_IF/U622/A     0.15     0.41    -0.26 (VIOLATED) 

   I_SDRAM_TOP/I_SDRAM_IF/n11048     0.15      0.41          -0.26  (VIOLATED) 
     PIN : I_SDRAM_TOP/I_SDRAM_IF/U13022/Y     0.15     0.41    -0.26 (VIOLATED)
     PIN : I_SDRAM_TOP/I_SDRAM_IF/U330/A     0.15     0.41    -0.26 (VIOLATED) 

   I_SDRAM_TOP/I_SDRAM_IF/n11075     0.15      0.41          -0.26  (VIOLATED) 
     PIN : I_SDRAM_TOP/I_SDRAM_IF/U13010/Y     0.15     0.41    -0.26 (VIOLATED)
     PIN : I_SDRAM_TOP/I_SDRAM_IF/U807/A     0.15     0.41    -0.26 (VIOLATED) 

   I_SDRAM_TOP/I_SDRAM_IF/n11064     0.15      0.40          -0.25  (VIOLATED) 
     PIN : I_SDRAM_TOP/I_SDRAM_IF/U13032/Y     0.15     0.40    -0.25 (VIOLATED)
     PIN : I_SDRAM_TOP/I_SDRAM_IF/U748/A     0.15     0.40    -0.25 (VIOLATED) 

   I_SDRAM_TOP/I_SDRAM_IF/n11079     0.15      0.40          -0.25  (VIOLATED) 
     PIN : I_SDRAM_TOP/I_SDRAM_IF/U13035/Y     0.15     0.40    -0.25 (VIOLATED)
     PIN : I_SDRAM_TOP/I_SDRAM_IF/U826/A     0.15     0.40    -0.25 (VIOLATED) 

   I_SDRAM_TOP/I_SDRAM_IF/n11070     0.15      0.40          -0.25  (VIOLATED) 
     PIN : I_SDRAM_TOP/I_SDRAM_IF/U13026/Y     0.15     0.40    -0.25 (VIOLATED)
     PIN : I_SDRAM_TOP/I_SDRAM_IF/U761/A     0.15     0.40    -0.25 (VIOLATED) 

   I_SDRAM_TOP/I_SDRAM_IF/n11062     0.15      0.40          -0.25  (VIOLATED) 
     PIN : I_SDRAM_TOP/I_SDRAM_IF/U13038/Y     0.15     0.40    -0.25 (VIOLATED)
     PIN : I_SDRAM_TOP/I_SDRAM_IF/U742/A     0.15     0.40    -0.25 (VIOLATED) 

   HFSNET_267                   0.60           0.76          -0.15  (VIOLATED) 
     PIN : HFSINV_7015_1454/Y     0.60         0.76          -0.15  (VIOLATED) 

   sd_DQ_out[19]                0.15           0.27          -0.12  (VIOLATED) 
     PIN : I_SDRAM_TOP/I_SDRAM_IF/U328/Y     0.15     0.27    -0.12 (VIOLATED) 
     PORT: sd_DQ_out[19]        0.15           0.27          -0.12  (VIOLATED) 

   sd_DQ_out[31]                0.15           0.27          -0.12  (VIOLATED) 
     PIN : I_SDRAM_TOP/I_SDRAM_IF/U758/Y     0.15     0.27    -0.12 (VIOLATED) 
     PORT: sd_DQ_out[31]        0.15           0.27          -0.12  (VIOLATED) 

   sd_DQ_out[15]                0.15           0.27          -0.12  (VIOLATED) 
     PIN : I_SDRAM_TOP/I_SDRAM_IF/U583/Y     0.15     0.27    -0.12 (VIOLATED) 
     PORT: sd_DQ_out[15]        0.15           0.27          -0.12  (VIOLATED) 

   sd_DQ_out[11]                0.15           0.27          -0.12  (VIOLATED) 
     PIN : I_SDRAM_TOP/I_SDRAM_IF/U744/Y     0.15     0.27    -0.12 (VIOLATED) 
     PORT: sd_DQ_out[11]        0.15           0.27          -0.12  (VIOLATED) 

   sd_DQ_out[3]                 0.15           0.26          -0.11  (VIOLATED) 
     PIN : I_SDRAM_TOP/I_SDRAM_IF/U756/Y     0.15     0.26    -0.11 (VIOLATED) 
     PORT: sd_DQ_out[3]         0.15           0.26          -0.11  (VIOLATED) 

   sd_DQ_out[27]                0.15           0.26          -0.11  (VIOLATED) 
     PIN : I_SDRAM_TOP/I_SDRAM_IF/U799/Y     0.15     0.26    -0.11 (VIOLATED) 
     PORT: sd_DQ_out[27]        0.15           0.26          -0.11  (VIOLATED) 

   sd_DQ_out[7]                 0.15           0.26          -0.11  (VIOLATED) 
     PIN : I_SDRAM_TOP/I_SDRAM_IF/U748/Y     0.15     0.26    -0.11 (VIOLATED) 
     PORT: sd_DQ_out[7]         0.15           0.26          -0.11  (VIOLATED) 

   sd_DQ_out[23]                0.15           0.26          -0.11  (VIOLATED) 
     PIN : I_SDRAM_TOP/I_SDRAM_IF/U833/Y     0.15     0.26    -0.11 (VIOLATED) 
     PORT: sd_DQ_out[23]        0.15           0.26          -0.11  (VIOLATED) 

   sd_DQ_out[21]                0.15           0.26          -0.11  (VIOLATED) 
     PIN : I_SDRAM_TOP/I_SDRAM_IF/U812/Y     0.15     0.26    -0.11 (VIOLATED) 
     PORT: sd_DQ_out[21]        0.15           0.26          -0.11  (VIOLATED) 

   sd_DQ_out[25]                0.15           0.26          -0.11  (VIOLATED) 
     PIN : I_SDRAM_TOP/I_SDRAM_IF/U788/Y     0.15     0.26    -0.11 (VIOLATED) 
     PORT: sd_DQ_out[25]        0.15           0.26          -0.11  (VIOLATED) 

   sd_DQ_out[29]                0.15           0.26          -0.11  (VIOLATED) 
     PIN : I_SDRAM_TOP/I_SDRAM_IF/U807/Y     0.15     0.26    -0.11 (VIOLATED) 
     PORT: sd_DQ_out[29]        0.15           0.26          -0.11  (VIOLATED) 

   sd_DQ_out[24]                0.15           0.26          -0.11  (VIOLATED) 
     PIN : I_SDRAM_TOP/I_SDRAM_IF/U881/Y     0.15     0.26    -0.11 (VIOLATED) 
     PORT: sd_DQ_out[24]        0.15           0.26          -0.11  (VIOLATED) 

   sd_DQ_out[20]                0.15           0.25          -0.10  (VIOLATED) 
     PIN : I_SDRAM_TOP/I_SDRAM_IF/U878/Y     0.15     0.25    -0.10 (VIOLATED) 
     PORT: sd_DQ_out[20]        0.15           0.25          -0.10  (VIOLATED) 

   sd_DQ_out[28]                0.15           0.25          -0.10  (VIOLATED) 
     PIN : I_SDRAM_TOP/I_SDRAM_IF/U908/Y     0.15     0.25    -0.10 (VIOLATED) 
     PORT: sd_DQ_out[28]        0.15           0.25          -0.10  (VIOLATED) 

   sd_DQ_out[4]                 0.15           0.25          -0.10  (VIOLATED) 
     PIN : I_SDRAM_TOP/I_SDRAM_IF/U826/Y     0.15     0.25    -0.10 (VIOLATED) 
     PORT: sd_DQ_out[4]         0.15           0.25          -0.10  (VIOLATED) 

   sd_DQ_out[8]                 0.15           0.25          -0.10  (VIOLATED) 
     PIN : I_SDRAM_TOP/I_SDRAM_IF/U857/Y     0.15     0.25    -0.10 (VIOLATED) 
     PORT: sd_DQ_out[8]         0.15           0.25          -0.10  (VIOLATED) 

   sd_DQ_out[17]                0.15           0.25          -0.10  (VIOLATED) 
     PIN : I_SDRAM_TOP/I_SDRAM_IF/U330/Y     0.15     0.25    -0.10 (VIOLATED) 
     PORT: sd_DQ_out[17]        0.15           0.25          -0.10  (VIOLATED) 

   sd_DQ_out[5]                 0.15           0.25          -0.10  (VIOLATED) 
     PIN : I_SDRAM_TOP/I_SDRAM_IF/U751/Y     0.15     0.25    -0.10 (VIOLATED) 
     PORT: sd_DQ_out[5]         0.15           0.25          -0.10  (VIOLATED) 

   sd_DQ_out[12]                0.15           0.25          -0.10  (VIOLATED) 
     PIN : I_SDRAM_TOP/I_SDRAM_IF/U859/Y     0.15     0.25    -0.10 (VIOLATED) 
     PORT: sd_DQ_out[12]        0.15           0.25          -0.10  (VIOLATED) 

   sd_DQ_out[13]                0.15           0.25          -0.10  (VIOLATED) 
     PIN : I_SDRAM_TOP/I_SDRAM_IF/U761/Y     0.15     0.25    -0.10 (VIOLATED) 
     PORT: sd_DQ_out[13]        0.15           0.25          -0.10  (VIOLATED) 

   sd_DQ_out[1]                 0.15           0.25          -0.10  (VIOLATED) 
     PIN : I_SDRAM_TOP/I_SDRAM_IF/U742/Y     0.15     0.25    -0.10 (VIOLATED) 
     PORT: sd_DQ_out[1]         0.15           0.25          -0.10  (VIOLATED) 

   sd_DQ_out[9]                 0.15           0.25          -0.10  (VIOLATED) 
     PIN : I_SDRAM_TOP/I_SDRAM_IF/U622/Y     0.15     0.25    -0.10 (VIOLATED) 
     PORT: sd_DQ_out[9]         0.15           0.25          -0.10  (VIOLATED) 

   sd_DQ_out[16]                0.15           0.25          -0.10  (VIOLATED) 
     PIN : I_SDRAM_TOP/I_SDRAM_IF/U854/Y     0.15     0.25    -0.10 (VIOLATED) 
     PORT: sd_DQ_out[16]        0.15           0.25          -0.10  (VIOLATED) 

   sd_DQ_out[0]                 0.15           0.25          -0.10  (VIOLATED) 
     PIN : I_SDRAM_TOP/I_SDRAM_IF/U809/Y     0.15     0.25    -0.10 (VIOLATED) 
     PORT: sd_DQ_out[0]         0.15           0.25          -0.10  (VIOLATED) 

   sd_DQ_out[22]                0.15           0.25          -0.10  (VIOLATED) 
     PIN : I_SDRAM_TOP/I_SDRAM_IF/U831/Y     0.15     0.25    -0.10 (VIOLATED) 
     PORT: sd_DQ_out[22]        0.15           0.25          -0.10  (VIOLATED) 

   sd_DQ_out[30]                0.15           0.25          -0.10  (VIOLATED) 
     PIN : I_SDRAM_TOP/I_SDRAM_IF/U839/Y     0.15     0.25    -0.10 (VIOLATED) 
     PORT: sd_DQ_out[30]        0.15           0.25          -0.10  (VIOLATED) 

   sd_DQ_out[14]                0.15           0.25          -0.10  (VIOLATED) 
     PIN : I_SDRAM_TOP/I_SDRAM_IF/U794/Y     0.15     0.25    -0.10 (VIOLATED) 
     PORT: sd_DQ_out[14]        0.15           0.25          -0.10  (VIOLATED) 

   sd_DQ_out[2]                 0.15           0.25          -0.10  (VIOLATED) 
     PIN : I_SDRAM_TOP/I_SDRAM_IF/U585/Y     0.15     0.25    -0.10 (VIOLATED) 
     PORT: sd_DQ_out[2]         0.15           0.25          -0.10  (VIOLATED) 

   sd_DQ_out[26]                0.15           0.25          -0.10  (VIOLATED) 
     PIN : I_SDRAM_TOP/I_SDRAM_IF/U874/Y     0.15     0.25    -0.10 (VIOLATED) 
     PORT: sd_DQ_out[26]        0.15           0.25          -0.10  (VIOLATED) 

   sd_DQ_out[6]                 0.15           0.25          -0.10  (VIOLATED) 
     PIN : I_SDRAM_TOP/I_SDRAM_IF/U775/Y     0.15     0.25    -0.10 (VIOLATED) 
     PORT: sd_DQ_out[6]         0.15           0.25          -0.10  (VIOLATED) 

   sd_DQ_out[18]                0.15           0.25          -0.10  (VIOLATED) 
     PIN : I_SDRAM_TOP/I_SDRAM_IF/U842/Y     0.15     0.25    -0.10 (VIOLATED) 
     PORT: sd_DQ_out[18]        0.15           0.25          -0.10  (VIOLATED) 

   sd_DQ_out[10]                0.15           0.24          -0.09  (VIOLATED) 
     PIN : I_SDRAM_TOP/I_SDRAM_IF/U802/Y     0.15     0.24    -0.09 (VIOLATED) 
     PORT: sd_DQ_out[10]        0.15           0.24          -0.09  (VIOLATED) 

   I_SDRAM_TOP/I_SDRAM_IF/HFSNET_31     0.15     0.23        -0.08  (VIOLATED) 
     PIN : I_SDRAM_TOP/I_SDRAM_IF/HFSINV_978_368/Y     0.15     0.23    -0.08 (VIOLATED)
     PIN : I_SDRAM_TOP/I_SDRAM_IF/U13008/A3     0.15     0.23    -0.08 (VIOLATED)
     PIN : I_SDRAM_TOP/I_SDRAM_IF/U13026/A3     0.15     0.23    -0.08 (VIOLATED)
     PIN : I_SDRAM_TOP/I_SDRAM_IF/U13022/A3     0.15     0.23    -0.08 (VIOLATED)
     PIN : I_SDRAM_TOP/I_SDRAM_IF/U13034/A3     0.15     0.23    -0.08 (VIOLATED)
     PIN : I_SDRAM_TOP/I_SDRAM_IF/U13030/A3     0.15     0.23    -0.08 (VIOLATED)
     PIN : I_SDRAM_TOP/I_SDRAM_IF/U13010/A3     0.15     0.23    -0.08 (VIOLATED)
     PIN : I_SDRAM_TOP/I_SDRAM_IF/U13014/A3     0.15     0.23    -0.08 (VIOLATED)
     PIN : I_SDRAM_TOP/I_SDRAM_IF/U13018/A3     0.15     0.23    -0.08 (VIOLATED)
     PIN : I_SDRAM_TOP/I_SDRAM_IF/U13038/A3     0.15     0.23    -0.08 (VIOLATED)
     PIN : I_SDRAM_TOP/I_SDRAM_IF/U13015/A3     0.15     0.23    -0.08 (VIOLATED)
     PIN : I_SDRAM_TOP/I_SDRAM_IF/U13032/A3     0.15     0.23    -0.08 (VIOLATED)
     PIN : I_SDRAM_TOP/I_SDRAM_IF/U13019/A3     0.15     0.23    -0.08 (VIOLATED)
     PIN : I_SDRAM_TOP/I_SDRAM_IF/U13011/A3     0.15     0.23    -0.08 (VIOLATED)
     PIN : I_SDRAM_TOP/I_SDRAM_IF/U13036/A3     0.15     0.23    -0.08 (VIOLATED)
     PIN : I_SDRAM_TOP/I_SDRAM_IF/U13028/A3     0.15     0.23    -0.08 (VIOLATED)
     PIN : I_SDRAM_TOP/I_SDRAM_IF/U13012/A3     0.15     0.23    -0.08 (VIOLATED)
     PIN : I_SDRAM_TOP/I_SDRAM_IF/U13031/A3     0.15     0.23    -0.08 (VIOLATED)
     PIN : I_SDRAM_TOP/I_SDRAM_IF/U13027/A3     0.15     0.23    -0.08 (VIOLATED)
     PIN : I_SDRAM_TOP/I_SDRAM_IF/U13037/A3     0.15     0.23    -0.08 (VIOLATED)
     PIN : I_SDRAM_TOP/I_SDRAM_IF/U13029/A3     0.15     0.23    -0.08 (VIOLATED)
     PIN : I_SDRAM_TOP/I_SDRAM_IF/U13020/A3     0.15     0.23    -0.08 (VIOLATED)
     PIN : I_SDRAM_TOP/I_SDRAM_IF/U13021/A3     0.15     0.23    -0.08 (VIOLATED)
     PIN : I_SDRAM_TOP/I_SDRAM_IF/U13013/A3     0.15     0.23    -0.08 (VIOLATED)
     PIN : I_SDRAM_TOP/I_SDRAM_IF/U13033/A3     0.15     0.23    -0.08 (VIOLATED)
     PIN : I_SDRAM_TOP/I_SDRAM_IF/U13016/A3     0.15     0.23    -0.08 (VIOLATED)
     PIN : I_SDRAM_TOP/I_SDRAM_IF/U13024/A3     0.15     0.23    -0.08 (VIOLATED)
     PIN : I_SDRAM_TOP/I_SDRAM_IF/U13035/A3     0.15     0.23    -0.08 (VIOLATED)
     PIN : I_SDRAM_TOP/I_SDRAM_IF/U13023/A3     0.15     0.23    -0.08 (VIOLATED)
     PIN : I_SDRAM_TOP/I_SDRAM_IF/U13025/A3     0.15     0.23    -0.08 (VIOLATED)
     PIN : I_SDRAM_TOP/I_SDRAM_IF/U13009/A3     0.15     0.23    -0.08 (VIOLATED)
     PIN : I_SDRAM_TOP/I_SDRAM_IF/U13017/A3     0.15     0.23    -0.08 (VIOLATED)
     PIN : I_SDRAM_TOP/I_SDRAM_IF/U13039/A3     0.15     0.23    -0.08 (VIOLATED)

   I_BLENDER_0/n8647            0.17           0.23          -0.06  (VIOLATED) 
     PIN : I_BLENDER_0/s3_op2_reg_21_/Q     0.17     0.23    -0.06  (VIOLATED) 

   I_BLENDER_0/n6154            0.15           0.17          -0.02  (VIOLATED) 
     PIN : I_BLENDER_0/U158/Y     0.15         0.17          -0.02  (VIOLATED) 

   I_BLENDER_1/n4719            0.14           0.15          -0.01  (VIOLATED) 
     PIN : I_BLENDER_1/R_752/Q     0.14        0.15          -0.01  (VIOLATED) 

   I_BLENDER_0/s3_op1[31]       0.17           0.17          -0.00  (VIOLATED) 
     PIN : I_BLENDER_0/s3_op1_reg_31_/Q     0.17     0.17    -0.00  (VIOLATED) 

   I_BLENDER_1/n9857            0.17           0.17          -0.00  (VIOLATED) 
     PIN : I_BLENDER_1/R_646/Q     0.17        0.17          -0.00  (VIOLATED) 

   I_BLENDER_1/s3_op2[25]       0.17           0.17          -0.00  (VIOLATED) 
     PIN : I_BLENDER_1/s3_op2_reg_25_/Q     0.17     0.17    -0.00  (VIOLATED) 

   I_BLENDER_0/n8648            0.21           0.21          -0.00  (VIOLATED) 
     PIN : I_BLENDER_0/R_78/QN     0.21        0.21          -0.00  (VIOLATED) 

   I_SDRAM_TOP/I_SDRAM_IF/p_abuf1027     0.15     0.15       -0.00  (VIOLATED) 
     PIN : I_SDRAM_TOP/I_SDRAM_IF/mega_shift_0_reg_38__30_/CLK     0.15     0.15    -0.00 (VIOLATED)
     PIN : I_SDRAM_TOP/I_SDRAM_IF/mega_shift_0_reg_38__1_/CLK     0.15     0.15    -0.00 (VIOLATED)
     PIN : I_SDRAM_TOP/I_SDRAM_IF/mega_shift_0_reg_13__13_/CLK     0.15     0.15    -0.00 (VIOLATED)
     PIN : I_SDRAM_TOP/I_SDRAM_IF/mega_shift_0_reg_37__1_/CLK     0.15     0.15    -0.00 (VIOLATED)
     PIN : I_SDRAM_TOP/I_SDRAM_IF/mega_shift_0_reg_13__29_/CLK     0.15     0.15    -0.00 (VIOLATED)
     PIN : I_SDRAM_TOP/I_SDRAM_IF/mega_shift_0_reg_13__21_/CLK     0.15     0.15    -0.00 (VIOLATED)
     PIN : I_SDRAM_TOP/I_SDRAM_IF/mega_shift_0_reg_39__1_/CLK     0.15     0.15    -0.00 (VIOLATED)
     PIN : I_SDRAM_TOP/I_SDRAM_IF/mega_shift_0_reg_13__25_/CLK     0.15     0.15    -0.00 (VIOLATED)
     PIN : I_SDRAM_TOP/I_SDRAM_IF/mega_shift_0_reg_13__17_/CLK     0.15     0.15    -0.00 (VIOLATED)
     PIN : I_SDRAM_TOP/I_SDRAM_IF/mega_shift_0_reg_12__13_/CLK     0.15     0.15    -0.00 (VIOLATED)
     PIN : I_SDRAM_TOP/I_SDRAM_IF/mega_shift_0_reg_38__14_/CLK     0.15     0.15    -0.00 (VIOLATED)
     PIN : I_SDRAM_TOP/I_SDRAM_IF/mega_shift_0_reg_13__9_/CLK     0.15     0.15    -0.00 (VIOLATED)
     PIN : I_SDRAM_TOP/I_SDRAM_IF/mega_shift_0_reg_12__21_/CLK     0.15     0.15    -0.00 (VIOLATED)
     PIN : I_SDRAM_TOP/I_SDRAM_IF/mega_shift_0_reg_38__26_/CLK     0.15     0.15    -0.00 (VIOLATED)
     PIN : I_SDRAM_TOP/I_SDRAM_IF/mega_shift_0_reg_13__1_/CLK     0.15     0.15    -0.00 (VIOLATED)
     PIN : I_SDRAM_TOP/I_SDRAM_IF/mega_shift_0_reg_38__10_/CLK     0.15     0.15    -0.00 (VIOLATED)
     PIN : I_SDRAM_TOP/I_SDRAM_IF/mega_shift_0_reg_37__13_/CLK     0.15     0.15    -0.00 (VIOLATED)
     PIN : I_SDRAM_TOP/I_SDRAM_IF/mega_shift_0_reg_12__5_/CLK     0.15     0.15    -0.00 (VIOLATED)
     PIN : I_SDRAM_TOP/I_SDRAM_IF/clk_gate_mega_shift_0_reg_0_/buf_drc_cln32782/Y     0.15     0.15    -0.00 (VIOLATED)
     PIN : I_SDRAM_TOP/I_SDRAM_IF/mega_shift_0_reg_38__13_/CLK     0.15     0.15    -0.00 (VIOLATED)
     PIN : I_SDRAM_TOP/I_SDRAM_IF/mega_shift_0_reg_38__9_/CLK     0.15     0.15    -0.00 (VIOLATED)
     PIN : I_SDRAM_TOP/I_SDRAM_IF/mega_shift_0_reg_38__25_/CLK     0.15     0.15    -0.00 (VIOLATED)
     PIN : I_SDRAM_TOP/I_SDRAM_IF/mega_shift_0_reg_39__17_/CLK     0.15     0.15    -0.00 (VIOLATED)
     PIN : I_SDRAM_TOP/I_SDRAM_IF/mega_shift_0_reg_38__17_/CLK     0.15     0.15    -0.00 (VIOLATED)
     PIN : I_SDRAM_TOP/I_SDRAM_IF/mega_shift_0_reg_39__29_/CLK     0.15     0.15    -0.00 (VIOLATED)
     PIN : I_SDRAM_TOP/I_SDRAM_IF/mega_shift_0_reg_39__5_/CLK     0.15     0.15    -0.00 (VIOLATED)
     PIN : I_SDRAM_TOP/I_SDRAM_IF/mega_shift_0_reg_38__5_/CLK     0.15     0.15    -0.00 (VIOLATED)
     PIN : I_SDRAM_TOP/I_SDRAM_IF/mega_shift_0_reg_38__29_/CLK     0.15     0.15    -0.00 (VIOLATED)
     PIN : I_SDRAM_TOP/I_SDRAM_IF/mega_shift_0_reg_11__21_/CLK     0.15     0.15    -0.00 (VIOLATED)
     PIN : I_SDRAM_TOP/I_SDRAM_IF/mega_shift_0_reg_12__25_/CLK     0.15     0.15    -0.00 (VIOLATED)
     PIN : I_SDRAM_TOP/I_SDRAM_IF/mega_shift_0_reg_12__9_/CLK     0.15     0.15    -0.00 (VIOLATED)
     PIN : I_SDRAM_TOP/I_SDRAM_IF/mega_shift_0_reg_39__13_/CLK     0.15     0.15    -0.00 (VIOLATED)
     PIN : I_SDRAM_TOP/I_SDRAM_IF/mega_shift_0_reg_13__5_/CLK     0.15     0.15    -0.00 (VIOLATED)
     PIN : I_SDRAM_TOP/I_SDRAM_IF/mega_shift_0_reg_12__1_/CLK     0.15     0.15    -0.00 (VIOLATED)
     PIN : I_SDRAM_TOP/I_SDRAM_IF/mega_shift_0_reg_12__17_/CLK     0.15     0.15    -0.00 (VIOLATED)
     PIN : I_SDRAM_TOP/I_SDRAM_IF/mega_shift_0_reg_12__29_/CLK     0.15     0.15    -0.00 (VIOLATED)
     PIN : I_SDRAM_TOP/I_SDRAM_IF/mega_shift_0_reg_37__17_/CLK     0.15     0.15    -0.00 (VIOLATED)
     PIN : I_SDRAM_TOP/I_SDRAM_IF/mega_shift_0_reg_37__29_/CLK     0.15     0.15    -0.00 (VIOLATED)
     PIN : I_SDRAM_TOP/I_SDRAM_IF/mega_shift_0_reg_11__17_/CLK     0.15     0.15    -0.00 (VIOLATED)
     PIN : I_SDRAM_TOP/I_SDRAM_IF/mega_shift_0_reg_38__21_/CLK     0.15     0.15    -0.00 (VIOLATED)

   I_BLENDER_1/s1_op2_15_       0.24           0.24          -0.00  (VIOLATED) 
     PIN : I_BLENDER_1/s1_op2_reg_15_/Q     0.24     0.24    -0.00  (VIOLATED) 

   I_BLENDER_0/n379             0.21           0.21          -0.00  (VIOLATED) 
     PIN : I_BLENDER_0/R_116/QN     0.21       0.21          -0.00  (VIOLATED) 

   I_RISC_CORE/Return_Addr[6]     0.13         0.13          -0.00  (VIOLATED) 
     PIN : I_RISC_CORE/I_STACK_TOP_I2_STACK_MEM_PopDataOut_reg_2_/Q     0.13     0.13    -0.00 (VIOLATED)

   I_BLENDER_1/n1513            0.41           0.41          -0.00  (VIOLATED) 
     PIN : I_BLENDER_1/U6755/Y     0.41        0.41          -0.00  (VIOLATED) 

   aps_rename_41_               0.42           0.42          -0.00  (VIOLATED) 
     PIN : I_PCI_TOP/I_PCI_CORE_pad_out_buf_reg_12_/Q     0.42     0.42    -0.00 (VIOLATED)

  ---------------------------------------------------------------------------
   Number of max_transition violation(s): 81

   Mode: func Corner: Cmax
   Scenario: func_worst
   max_capacitance                                                             
                             Required        Actual                            
   Net                      Capacitance    Capacitance       Slack  Violation  
  ---------------------------------------------------------------------------
   sd_DQ_en[2]                 82.00         164.63         -82.63  (VIOLATED) 
     PIN : ZBUF_64_inst_25399/Y    82.00     164.63         -82.63  (VIOLATED) 

   sd_DQ_en[0]                 82.00         163.85         -81.85  (VIOLATED) 
     PIN : ZBUF_64_inst_23336/Y    82.00     163.85         -81.85  (VIOLATED) 

   HFSNET_267                  32.00          69.72         -37.72  (VIOLATED) 
     PIN : HFSINV_7015_1454/Y    32.00        69.72         -37.72  (VIOLATED) 

   pad_out[2]                  82.00         118.88         -36.88  (VIOLATED) 
     PIN : HFSBUF_11_232/Y     82.00         118.88         -36.88  (VIOLATED) 

   pad_out[14]                 82.00         118.72         -36.72  (VIOLATED) 
     PIN : HFSBUF_11_236/Y     82.00         118.72         -36.72  (VIOLATED) 

   pad_out[4]                  82.00         118.64         -36.64  (VIOLATED) 
     PIN : HFSBUF_11_241/Y     82.00         118.64         -36.64  (VIOLATED) 

   pad_out[16]                 82.00         118.62         -36.62  (VIOLATED) 
     PIN : HFSBUF_11_233/Y     82.00         118.62         -36.62  (VIOLATED) 

   pad_out[12]                 82.00         118.20         -36.20  (VIOLATED) 
     PIN : HFSBUF_11_230/Y     82.00         118.20         -36.20  (VIOLATED) 

   pad_out[24]                 82.00         118.10         -36.10  (VIOLATED) 
     PIN : HFSBUF_11_242/Y     82.00         118.10         -36.10  (VIOLATED) 

   pad_out[6]                  82.00         117.84         -35.84  (VIOLATED) 
     PIN : HFSBUF_11_226/Y     82.00         117.84         -35.84  (VIOLATED) 

   pad_out[18]                 82.00         117.66         -35.66  (VIOLATED) 
     PIN : HFSBUF_11_240/Y     82.00         117.66         -35.66  (VIOLATED) 

   pad_out[20]                 82.00         117.34         -35.34  (VIOLATED) 
     PIN : HFSBUF_11_229/Y     82.00         117.34         -35.34  (VIOLATED) 

   pad_out[10]                 82.00         117.23         -35.23  (VIOLATED) 
     PIN : HFSBUF_11_243/Y     82.00         117.23         -35.23  (VIOLATED) 

   pad_out[22]                 82.00         117.13         -35.13  (VIOLATED) 
     PIN : HFSBUF_11_249/Y     82.00         117.13         -35.13  (VIOLATED) 

   pad_out[30]                 82.00         116.94         -34.94  (VIOLATED) 
     PIN : ZBUF_4_inst_23148/Y    82.00      116.94         -34.94  (VIOLATED) 

   pad_out[26]                 82.00         116.36         -34.36  (VIOLATED) 
     PIN : HFSBUF_11_237/Y     82.00         116.36         -34.36  (VIOLATED) 

   pad_out[28]                 82.00         116.30         -34.30  (VIOLATED) 
     PIN : ZBUF_4_inst_23149/Y    82.00      116.30         -34.30  (VIOLATED) 

   I_CONTEXT_MEM/N117           8.00          41.86         -33.86  (VIOLATED) 
     PIN : I_CONTEXT_MEM/U195/Y     8.00      41.86         -33.86  (VIOLATED) 

   pad_out[15]                 82.00         110.34         -28.34  (VIOLATED) 
     PIN : HFSBUF_11_252/Y     82.00         110.34         -28.34  (VIOLATED) 

   pad_out[11]                 82.00         109.72         -27.72  (VIOLATED) 
     PIN : HFSBUF_11_235/Y     82.00         109.72         -27.72  (VIOLATED) 

   pad_out[27]                 82.00         109.66         -27.66  (VIOLATED) 
     PIN : HFSBUF_11_228/Y     82.00         109.66         -27.66  (VIOLATED) 

   pad_out[23]                 82.00         109.26         -27.26  (VIOLATED) 
     PIN : HFSBUF_11_238/Y     82.00         109.26         -27.26  (VIOLATED) 

   pad_out[3]                  82.00         108.66         -26.66  (VIOLATED) 
     PIN : HFSBUF_11_246/Y     82.00         108.66         -26.66  (VIOLATED) 

   pad_out[7]                  82.00         108.62         -26.62  (VIOLATED) 
     PIN : HFSBUF_11_245/Y     82.00         108.62         -26.62  (VIOLATED) 

   pad_out[9]                  82.00         108.47         -26.47  (VIOLATED) 
     PIN : HFSBUF_11_253/Y     82.00         108.47         -26.47  (VIOLATED) 

   pad_out[17]                 82.00         107.97         -25.97  (VIOLATED) 
     PIN : HFSBUF_11_254/Y     82.00         107.97         -25.97  (VIOLATED) 

   pad_out[1]                  82.00         107.88         -25.88  (VIOLATED) 
     PIN : HFSBUF_11_234/Y     82.00         107.88         -25.88  (VIOLATED) 

   pad_out[5]                  82.00         107.68         -25.68  (VIOLATED) 
     PIN : HFSBUF_11_250/Y     82.00         107.68         -25.68  (VIOLATED) 

   pad_out[19]                 82.00         107.39         -25.39  (VIOLATED) 
     PIN : I_PCI_TOP/HFSBUF_8_251/Y    82.00   107.39       -25.39  (VIOLATED) 

   pad_out[21]                 82.00         106.88         -24.88  (VIOLATED) 
     PIN : HFSBUF_11_244/Y     82.00         106.88         -24.88  (VIOLATED) 

   pad_out[25]                 82.00         106.81         -24.81  (VIOLATED) 
     PIN : HFSBUF_11_227/Y     82.00         106.81         -24.81  (VIOLATED) 

   pad_out[13]                 82.00         105.51         -23.51  (VIOLATED) 
     PIN : HFSBUF_11_248/Y     82.00         105.51         -23.51  (VIOLATED) 

   I_BLENDER_1/n4083           32.00          48.97         -16.97  (VIOLATED) 
     PIN : I_BLENDER_1/U3984/Y    32.00       48.97         -16.97  (VIOLATED) 

   I_CONTEXT_MEM/HFSNET_60     82.00          94.41         -12.41  (VIOLATED) 
     PIN : I_CONTEXT_MEM/HFSINV_680_1748/Y    82.00    94.41   -12.41 (VIOLATED)

   I_BLENDER_0/n6154           32.00          41.34          -9.34  (VIOLATED) 
     PIN : I_BLENDER_0/U158/Y    32.00        41.34          -9.34  (VIOLATED) 

   n871                        16.00          24.35          -8.35  (VIOLATED) 
     PIN : occ_int2/APS_CLK_ISO_0/Y    16.00    24.35        -8.35  (VIOLATED) 

   I_BLENDER_0/n8647           16.00          24.09          -8.09  (VIOLATED) 
     PIN : I_BLENDER_0/s3_op2_reg_21_/Q    16.00    24.09    -8.09  (VIOLATED) 

   HFSNET_281                  82.00          89.01          -7.01  (VIOLATED) 
     PIN : HFSBUF_11716_1474/Y    82.00       89.01          -7.01  (VIOLATED) 

   HFSNET_238                  64.00          70.56          -6.56  (VIOLATED) 
     PIN : HFSINV_35132_1409/Y    64.00       70.56          -6.56  (VIOLATED) 

   HFSNET_258                  32.00          36.70          -4.70  (VIOLATED) 
     PIN : HFSINV_31136_1438/Y    32.00       36.70          -4.70  (VIOLATED) 

   n451                         8.00          11.82          -3.82  (VIOLATED) 
     PIN : I_RISC_CORE/U443/Y     8.00        11.82          -3.82  (VIOLATED) 

   I_BLENDER_1/n9627            8.00          10.92          -2.92  (VIOLATED) 
     PIN : I_BLENDER_1/U7211/Y     8.00       10.92          -2.92  (VIOLATED) 

   I_BLENDER_1/n3799           16.00          18.83          -2.83  (VIOLATED) 
     PIN : I_BLENDER_1/U2751/Y    16.00       18.83          -2.83  (VIOLATED) 

   I_BLENDER_0/n348            16.00          17.14          -1.14  (VIOLATED) 
     PIN : I_BLENDER_0/U2410/Y    16.00       17.14          -1.14  (VIOLATED) 

   I_BLENDER_1/n4719            8.00           9.03          -1.03  (VIOLATED) 
     PIN : I_BLENDER_1/R_752/Q     8.00        9.03          -1.03  (VIOLATED) 

   I_SDRAM_TOP/I_SDRAM_IF/HFSNET_431    82.00    82.89       -0.89  (VIOLATED) 
     PIN : I_SDRAM_TOP/I_SDRAM_IF/HFSBUF_62412_1032/Y    82.00    82.89    -0.89 (VIOLATED)

   n481                        16.00          16.67          -0.67  (VIOLATED) 
     PIN : I_RISC_CORE/I_PRGRM_CNT_TOP_I_PRGRM_CNT_PCint_reg_0_/Q    16.00    16.67    -0.67 (VIOLATED)

   I_SDRAM_TOP/I_SDRAM_IF/mega_shift_1_8     8.00     8.59    -0.59 (VIOLATED) 
     PIN : I_SDRAM_TOP/I_SDRAM_IF/mega_shift_1_reg_40__9_/Q     8.00     8.59    -0.59 (VIOLATED)

   I_RISC_CORE/n1400            8.00           8.48          -0.48  (VIOLATED) 
     PIN : I_RISC_CORE/U958/Y     8.00         8.48          -0.48  (VIOLATED) 

   I_BLENDER_0/s3_op1[31]      16.00          16.42          -0.42  (VIOLATED) 
     PIN : I_BLENDER_0/s3_op1_reg_31_/Q    16.00    16.42    -0.42  (VIOLATED) 

   I_RISC_CORE/I_DATA_PATH_N48     8.00        8.38          -0.38  (VIOLATED) 
     PIN : I_RISC_CORE/U382/Y     8.00         8.38          -0.38  (VIOLATED) 

   I_BLENDER_0/N570            16.00          16.36          -0.36  (VIOLATED) 
     PIN : I_BLENDER_0/U6194/Y    16.00       16.36          -0.36  (VIOLATED) 

   I_SDRAM_TOP/sram_fixnet_8    16.00         16.35          -0.35  (VIOLATED) 
     PIN : I_SDRAM_TOP/sram_fixcell_8/Y    16.00    16.35    -0.35  (VIOLATED) 

   I_BLENDER_1/n9857           16.00          16.32          -0.32  (VIOLATED) 
     PIN : I_BLENDER_1/R_646/Q    16.00       16.32          -0.32  (VIOLATED) 

   I_SDRAM_TOP/I_SDRAM_IF/mega_shift_1_56     8.00     8.31    -0.31 (VIOLATED)
     PIN : I_SDRAM_TOP/I_SDRAM_IF/mega_shift_1_reg_38__13_/Q     8.00     8.31    -0.31 (VIOLATED)

   HFSNET_294                  32.00          32.30          -0.30  (VIOLATED) 
     PIN : HFSINV_4280_1514/Y    32.00        32.30          -0.30  (VIOLATED) 

   I_BLENDER_1/s2_op2[21]       8.00           8.28          -0.28  (VIOLATED) 
     PIN : I_BLENDER_1/R_56/Q     8.00         8.28          -0.28  (VIOLATED) 

   I_BLENDER_0/N598             8.00           8.23          -0.23  (VIOLATED) 
     PIN : I_BLENDER_0/U6018/Y     8.00        8.23          -0.23  (VIOLATED) 

   n503                         8.00           8.18          -0.18  (VIOLATED) 
     PIN : I_RISC_CORE/I_INSTRN_LAT_Crnt_Instrn_2_reg_11_/Q     8.00     8.18    -0.18 (VIOLATED)

   I_SDRAM_TOP/I_SDRAM_IF/n11084     8.00      8.16          -0.16  (VIOLATED) 
     PIN : I_SDRAM_TOP/I_SDRAM_IF/U13009/Y     8.00     8.16    -0.16 (VIOLATED)

   I_BLENDER_1/s3_op2[25]      16.00          16.14          -0.14  (VIOLATED) 
     PIN : I_BLENDER_1/s3_op2_reg_25_/Q    16.00    16.14    -0.14  (VIOLATED) 

   I_SDRAM_TOP/I_SDRAM_IF/HFSNET_645    16.00    16.12       -0.12  (VIOLATED) 
     PIN : I_SDRAM_TOP/I_SDRAM_IF/HFSBUF_44500_1360/Y    16.00    16.12    -0.12 (VIOLATED)

   I_PCI_TOP/n9017             16.00          16.12          -0.12  (VIOLATED) 
     PIN : I_PCI_TOP/I_PCI_CORE_mega_shift_reg_7__0_/Q    16.00    16.12    -0.12 (VIOLATED)

   I_SDRAM_TOP/I_SDRAM_IF/HFSNET_247    32.00    32.12       -0.12  (VIOLATED) 
     PIN : I_SDRAM_TOP/I_SDRAM_IF/HFSBUF_2802_846/Y    32.00    32.12    -0.12 (VIOLATED)

   I_CONTEXT_MEM/n204          32.00          32.11          -0.11  (VIOLATED) 
     PIN : I_CONTEXT_MEM/U308/Y    32.00      32.11          -0.11  (VIOLATED) 

   I_BLENDER_1/n5675            8.00           8.10          -0.10  (VIOLATED) 
     PIN : I_BLENDER_1/U5536/Y     8.00        8.10          -0.10  (VIOLATED) 

   I_BLENDER_0/n4762            8.00           8.10          -0.10  (VIOLATED) 
     PIN : I_BLENDER_0/U6024/Y     8.00        8.10          -0.10  (VIOLATED) 

   I_BLENDER_0/n5868            8.00           8.10          -0.10  (VIOLATED) 
     PIN : I_BLENDER_0/U6046/Y     8.00        8.10          -0.10  (VIOLATED) 

   I_BLENDER_1/s1_op1_1_        8.00           8.09          -0.09  (VIOLATED) 
     PIN : I_BLENDER_1/s1_op1_reg_1_/Q     8.00     8.09     -0.09  (VIOLATED) 

   n495                        64.00          64.09          -0.09  (VIOLATED) 
     PIN : I_RISC_CORE/HFSINV_282_1842/Y    64.00    64.09    -0.09 (VIOLATED) 

   I_BLENDER_1/n7281           16.00          16.09          -0.09  (VIOLATED) 
     PIN : I_BLENDER_1/U5055/Y    16.00       16.09          -0.09  (VIOLATED) 

   I_BLENDER_0/n8648           16.00          16.09          -0.09  (VIOLATED) 
     PIN : I_BLENDER_0/R_78/QN    16.00       16.09          -0.09  (VIOLATED) 

   I_SDRAM_TOP/I_SDRAM_IF/mega_shift_0_2__21_     8.00     8.09    -0.09 (VIOLATED)
     PIN : I_SDRAM_TOP/I_SDRAM_IF/mega_shift_0_reg_2__21_/Q     8.00     8.09    -0.09 (VIOLATED)

   I_SDRAM_TOP/I_SDRAM_IF/mega_shift_1_674     8.00     8.09    -0.09 (VIOLATED)
     PIN : I_SDRAM_TOP/I_SDRAM_IF/mega_shift_1_reg_16__27_/Q     8.00     8.09    -0.09 (VIOLATED)

   I_SDRAM_TOP/I_SDRAM_IF/mega_shift_0_36__28_     8.00     8.08    -0.08 (VIOLATED)
     PIN : I_SDRAM_TOP/I_SDRAM_IF/mega_shift_0_reg_36__28_/Q     8.00     8.08    -0.08 (VIOLATED)

   I_BLENDER_0/n5679            8.00           8.08          -0.08  (VIOLATED) 
     PIN : I_BLENDER_0/U2617/Y     8.00        8.08          -0.08  (VIOLATED) 

   I_BLENDER_1/s1_op1_8_        8.00           8.08          -0.08  (VIOLATED) 
     PIN : I_BLENDER_1/s1_op1_reg_8_/Q     8.00     8.08     -0.08  (VIOLATED) 

   I_BLENDER_1/n1342            8.00           8.06          -0.06  (VIOLATED) 
     PIN : I_BLENDER_1/R_410/Q     8.00        8.06          -0.06  (VIOLATED) 

   I_BLENDER_1/s1_op2_15_       8.00           8.06          -0.06  (VIOLATED) 
     PIN : I_BLENDER_1/s1_op2_reg_15_/Q     8.00     8.06    -0.06  (VIOLATED) 

   I_BLENDER_0/n7945            8.00           8.06          -0.06  (VIOLATED) 
     PIN : I_BLENDER_0/U8422/Y     8.00        8.06          -0.06  (VIOLATED) 

   I_BLENDER_0/s3_op1_13        8.00           8.06          -0.06  (VIOLATED) 
     PIN : I_BLENDER_0/s3_op1_reg_13_/Q     8.00     8.06    -0.06  (VIOLATED) 

   I_BLENDER_1/s1_op2_11_       8.00           8.06          -0.06  (VIOLATED) 
     PIN : I_BLENDER_1/s1_op2_reg_11_/Q     8.00     8.06    -0.06  (VIOLATED) 

   I_SDRAM_TOP/I_SDRAM_IF/HFSNET_117    32.00    32.05       -0.05  (VIOLATED) 
     PIN : I_SDRAM_TOP/I_SDRAM_IF/HFSINV_6591_681/Y    32.00    32.05    -0.05 (VIOLATED)

   I_CONTEXT_MEM/n127          16.00          16.05          -0.05  (VIOLATED) 
     PIN : I_CONTEXT_MEM/U147/Y    16.00      16.05          -0.05  (VIOLATED) 

   aps_rename_41_               8.00           8.05          -0.05  (VIOLATED) 
     PIN : I_PCI_TOP/I_PCI_CORE_pad_out_buf_reg_12_/Q     8.00     8.05    -0.05 (VIOLATED)

   I_BLENDER_1/n1147            8.00           8.05          -0.05  (VIOLATED) 
     PIN : I_BLENDER_1/U5292/SO     8.00       8.05          -0.05  (VIOLATED) 

   I_BLENDER_1/n1513            8.00           8.05          -0.05  (VIOLATED) 
     PIN : I_BLENDER_1/U6755/Y     8.00        8.05          -0.05  (VIOLATED) 

   I_RISC_CORE/Return_Addr[6]     8.00         8.05          -0.05  (VIOLATED) 
     PIN : I_RISC_CORE/I_STACK_TOP_I2_STACK_MEM_PopDataOut_reg_2_/Q     8.00     8.05    -0.05 (VIOLATED)

   I_BLENDER_0/n1380            8.00           8.05          -0.05  (VIOLATED) 
     PIN : I_BLENDER_0/U1442/CO     8.00       8.05          -0.05  (VIOLATED) 

   HFSNET_63                   32.00          32.05          -0.05  (VIOLATED) 
     PIN : HFSBUF_21_278/Y     32.00          32.05          -0.05  (VIOLATED) 

   I_BLENDER_1/s3_op1_4         8.00           8.05          -0.05  (VIOLATED) 
     PIN : I_BLENDER_1/s3_op1_reg_4_/Q     8.00     8.05     -0.05  (VIOLATED) 

   I_SDRAM_TOP/I_SDRAM_IF/n11082     8.00      8.05          -0.05  (VIOLATED) 
     PIN : I_SDRAM_TOP/I_SDRAM_IF/U13017/Y     8.00     8.05    -0.05 (VIOLATED)

   I_CONTEXT_MEM/ZBUF_162_114    64.00        64.04          -0.04  (VIOLATED) 
     PIN : I_CONTEXT_MEM/ZBUF_162_inst_23739/Y    64.00    64.04    -0.04 (VIOLATED)

   aps_rename_47_               8.00           8.04          -0.04  (VIOLATED) 
     PIN : I_PCI_TOP/I_PCI_CORE_pad_out_buf_reg_5_/Q     8.00     8.04    -0.04 (VIOLATED)

   aps_rename_43_               8.00           8.04          -0.04  (VIOLATED) 
     PIN : I_PCI_TOP/I_PCI_CORE_pad_out_buf_reg_10_/Q     8.00     8.04    -0.04 (VIOLATED)

   pad_in[20]                  16.00          16.03          -0.03  (VIOLATED) 
     PORT: pad_in[20]          16.00          16.03          -0.03  (VIOLATED) 

   I_SDRAM_TOP/net_sdram_if_rDQ[12]     8.00     8.03        -0.03  (VIOLATED) 
     PIN : I_SDRAM_TOP/I_SDRAM_IF/DQ_in_0_reg_12_/Q     8.00     8.03    -0.03 (VIOLATED)

   I_BLENDER_1/s2_op2[9]       16.00          16.02          -0.02  (VIOLATED) 
     PIN : I_BLENDER_1/R_542/Q    16.00       16.02          -0.02  (VIOLATED) 

   I_BLENDER_1/n2620            8.00           8.02          -0.02  (VIOLATED) 
     PIN : I_BLENDER_1/ctmTdsLR_1_25273/Y     8.00     8.02    -0.02 (VIOLATED)

   I_SDRAM_TOP/I_SDRAM_IF/HFSNET_694    32.00    32.02       -0.02  (VIOLATED) 
     PIN : I_SDRAM_TOP/I_SDRAM_IF/HFSINV_34762_1410/Y    32.00    32.02    -0.02 (VIOLATED)

   I_SDRAM_TOP/I_SDRAM_IF/mega_shift_1_404     8.00     8.01    -0.01 (VIOLATED)
     PIN : I_SDRAM_TOP/I_SDRAM_IF/mega_shift_1_reg_25__1_/Q     8.00     8.01    -0.01 (VIOLATED)

   HFSNET_72                   16.00          16.01          -0.01  (VIOLATED) 
     PIN : HFSBUF_2_287/Y      16.00          16.01          -0.01  (VIOLATED) 

   I_BLENDER_0/n379            16.00          16.01          -0.01  (VIOLATED) 
     PIN : I_BLENDER_0/R_116/QN    16.00      16.01          -0.01  (VIOLATED) 

   I_SDRAM_TOP/I_SDRAM_IF/n17819     8.00      8.01          -0.01  (VIOLATED) 
     PIN : I_SDRAM_TOP/I_SDRAM_IF/mega_shift_1_reg_21__7_/Q     8.00     8.01    -0.01 (VIOLATED)

   I_BLENDER_0/n8658           16.00          16.01          -0.01  (VIOLATED) 
     PIN : I_BLENDER_0/s3_op2_reg_15_/Q    16.00    16.01    -0.01  (VIOLATED) 

   I_SDRAM_TOP/I_SDRAM_IF/DQ_out_1[29]     8.00     8.00     -0.00  (VIOLATED) 
     PIN : I_SDRAM_TOP/I_SDRAM_IF/DQ_out_1_reg_29_/Q     8.00     8.00    -0.00 (VIOLATED)

   I_SDRAM_TOP/I_SDRAM_READ_FIFO_SD_FIFO_CTL_U1_other_addr_g_sync_6_     8.00     8.00    -0.00 (VIOLATED)
     PIN : I_SDRAM_TOP/I_SDRAM_READ_FIFO_SD_FIFO_CTL_U1_syncff_reg_6_/Q     8.00     8.00    -0.00 (VIOLATED)

   I_PCI_TOP/n9085              8.00           8.00          -0.00  (VIOLATED) 
     PIN : I_PCI_TOP/I_PCI_CORE_mega_shift_reg_1__1_/Q     8.00     8.00    -0.00 (VIOLATED)

  ---------------------------------------------------------------------------
   Number of max_capacitance violation(s): 108



   Total number of violation(s): 189
1
