Usage: (19.7%H 11.8%V) = (5.249e+05um 6.434e+05um) = (313960 384837)
Overflow: 180 = 176 (0.08% H) + 4 (0.00% V)

Congestion distribution:

Remain	cntH		cntV
--------------------------------------
 -3:	4	 0.00%	0	 0.00%
 -2:	17	 0.01%	1	 0.00%
 -1:	145	 0.06%	3	 0.00%
--------------------------------------
  0:	6857	 3.05%	151	 0.07%
  1:	32776	14.58%	1190	 0.53%
  2:	27442	12.21%	7018	 3.10%
  3:	20938	 9.31%	23209	10.25%
  4:	7208	 3.21%	24967	11.03%
  5:	129412	57.57%	169812	75.02%
[hotspot] +------------+---------------+---------------+
[hotspot] |            |   max hotspot | total hotspot |
[hotspot] +------------+---------------+---------------+
[hotspot] | normalized |          5.77 |          6.30 |
[hotspot] +------------+---------------+---------------+
Local HotSpot Analysis: normalized max congestion hotspot area = 5.77, normalized total congestion hotspot area = 6.30 (area is in unit of 4 std-cell row bins)
[hotspot] top 5 congestion hotspot bounding boxes and scores of normalized hotspot
[hotspot] +-----+-------------------------------------+---------------+
[hotspot] | top |            hotspot bbox             | hotspot score |
[hotspot] +-----+-------------------------------------+---------------+
[hotspot] |  1  |   508.29   187.26   535.04   214.02 |        4.46   |
[hotspot] +-----+-------------------------------------+---------------+
[hotspot] |  2  |   535.04   187.26   561.79   214.02 |        1.05   |
[hotspot] +-----+-------------------------------------+---------------+
[hotspot] |  3  |   494.91    26.75   521.66    53.50 |        0.26   |
[hotspot] +-----+-------------------------------------+---------------+
[hotspot] |  4  |   615.30   160.51   642.05   187.26 |        0.26   |
[hotspot] +-----+-------------------------------------+---------------+
[hotspot] |  5  |   561.79   187.26   588.54   214.02 |        0.26   |
[hotspot] +-----+-------------------------------------+---------------+
