****************************************
Report : constraint
        -all_violators
Design : ORCA_TOP
Version: Q-2019.12-SP4
Date   : Sun May 28 14:53:48 2023
****************************************

   late_timing
   -----------

Information: Timer using 'SI, Timing Window Analysis, CRPR'. (TIM-050)
Endpoint                         Path Delay     Path Required       CRP    Slack Group    Scenario
----------------------------------------------------------------------------------------------------------
I_SDRAM_TOP/I_SDRAM_IF/DQ_in_0_reg_19_/D (SDFFX1_HVT)   3.87 f   3.85   0.00  -0.02 **in2reg_default** func_worst
I_SDRAM_TOP/I_SDRAM_IF/DQ_in_0_reg_31_/D (SDFFX1_HVT)   3.88 f   3.86   0.00  -0.01 **in2reg_default** func_worst
I_SDRAM_TOP/I_SDRAM_IF/DQ_in_0_reg_26_/D (SDFFX1_HVT)   3.88 f   3.87   0.00  -0.01 **in2reg_default** func_worst
I_SDRAM_TOP/I_SDRAM_IF/DQ_in_0_reg_9_/D (SDFFX1_HVT)   3.86 f   3.86   0.00  -0.00 **in2reg_default** func_worst
I_PCI_TOP/I_PCI_CORE_mega_shift_reg_5__30_/D (SDFFARX1_LVT)   8.07 f   8.07   0.08  -0.01 PCI_CLK func_worst
I_PCI_TOP/I_PCI_CORE_mega_shift_reg_5__31_/D (SDFFARX2_LVT)   8.07 f   8.06   0.08  -0.01 PCI_CLK func_worst
I_RISC_CORE/I_INSTRN_LAT_Crnt_Instrn_2_reg_23_/D (SDFFX1_RVT)   3.37 f   3.36   0.00  -0.01 SYS_2x_CLK func_worst
I_RISC_CORE/I_INSTRN_LAT_Crnt_Instrn_2_reg_15_/D (SDFFX1_HVT)   3.31 f   3.30   0.00  -0.01 SYS_2x_CLK func_worst
I_RISC_CORE/I_INSTRN_LAT_Crnt_Instrn_2_reg_11_/D (SDFFX1_HVT)   3.24 r   3.24   0.00  -0.01 SYS_2x_CLK func_worst
I_RISC_CORE/I_INSTRN_LAT_Crnt_Instrn_2_reg_9_/D (SDFFX2_HVT)   3.23 r   3.23   0.00  -0.01 SYS_2x_CLK func_worst
I_RISC_CORE/I_INSTRN_LAT_Crnt_Instrn_2_reg_8_/D (SDFFX2_HVT)   3.23 r   3.22   0.00  -0.00 SYS_2x_CLK func_worst
I_RISC_CORE/I_INSTRN_LAT_Crnt_Instrn_2_reg_18_/D (SDFFX1_HVT)   3.24 r   3.24   0.00  -0.00 SYS_2x_CLK func_worst
I_BLENDER_0/R_432/D (SDFFX1_LVT)   5.83 f         5.82           0.09    -0.02   SYS_CLK  func_worst
I_BLENDER_0/R_391/D (SDFFX1_LVT)   5.85 f         5.83           0.10    -0.01   SYS_CLK  func_worst
I_BLENDER_1/R_620/D (SDFFX2_LVT)   5.75 f         5.74           0.10    -0.01   SYS_CLK  func_worst
I_BLENDER_0/R_581/D (SDFFX1_LVT)   5.82 f         5.81           0.09    -0.01   SYS_CLK  func_worst
I_BLENDER_0/R_248/D (SDFFX1_LVT)   5.83 f         5.82           0.10    -0.01   SYS_CLK  func_worst
I_BLENDER_0/R_450/D (SDFFX1_LVT)   5.81 f         5.80           0.09    -0.01   SYS_CLK  func_worst
I_BLENDER_0/R_578/D (SDFFX1_LVT)   5.82 f         5.81           0.09    -0.00   SYS_CLK  func_worst
I_BLENDER_0/R_329/D (SDFFX1_LVT)   5.83 f         5.83           0.09    -0.00   SYS_CLK  func_worst
I_BLENDER_0/R_158/D (SDFFX2_LVT)   5.72 f         5.71           0.09    -0.00   SYS_CLK  func_worst
I_BLENDER_1/R_476/D (SDFFX1_LVT)   5.81 f         5.81           0.10    -0.00   SYS_CLK  func_worst
I_BLENDER_1/s4_op1_reg_21_/D (SDFFX2_LVT)   5.87 r   5.87        0.10    -0.00   SYS_CLK  func_worst
I_BLENDER_1/R_410/D (SDFFX1_LVT)   5.83 f         5.83           0.10    -0.00   SYS_CLK  func_worst
I_BLENDER_0/R_559/D (SDFFX2_LVT)   5.75 f         5.75           0.12    -0.00   SYS_CLK  func_worst
I_BLENDER_1/R_413/D (SDFFX1_LVT)   5.83 f         5.83           0.10    -0.00   SYS_CLK  func_worst
I_BLENDER_1/R_600/D (SDFFX2_LVT)   5.68 f         5.68           0.10    -0.00   SYS_CLK  func_worst
I_BLENDER_1/s4_op2_reg_18_/D (SDFFX2_LVT)   5.72 f   5.72        0.10    -0.00   SYS_CLK  func_worst
I_BLENDER_0/s4_op1_reg_29_/D (SDFFX1_LVT)   5.82 f   5.82        0.10    -0.00   SYS_CLK  func_worst
I_BLENDER_1/R_482/D (SDFFX1_LVT)   5.81 f         5.81           0.10    -0.00   SYS_CLK  func_worst
I_BLENDER_1/R_414/D (SDFFX1_LVT)   5.85 f         5.85           0.10    -0.00   SYS_CLK  func_worst
I_SDRAM_TOP/I_SDRAM_IF/mega_shift_1_reg_9__27_/D (SDFFNARX1_HVT)   5.85 f   5.84   0.09  -0.01 SDRAM_CLK func_worst
I_SDRAM_TOP/I_SDRAM_IF/mega_shift_1_reg_11__5_/D (SDFFNARX1_HVT)   5.84 f   5.84   0.09  -0.00 SDRAM_CLK func_worst

   early_timing
   -----------

Warning: Scenario func_worst is not configured for hold analysis: skipping. (UIC-058)
Error: None of the specified scenarios are active for hold analysis. (UIC-057)
Information: Timer using 'SI, Timing Window Analysis, CRPR'. (TIM-050)
Endpoint                         Path Delay     Path Required       CRP    Slack Group    Scenario
----------------------------------------------------------------------------------------------------------
No paths.

   Mode: func Corner: Cmax
   Scenario: func_worst
   max_transition                                                              
                             Required        Actual                            
   Net                      Transition     Transition        Slack  Violation  
  ---------------------------------------------------------------------------
   I_BLENDER_1/n4719            0.14           0.15          -0.01  (VIOLATED) 
     PIN : I_BLENDER_1/R_752/Q     0.14        0.15          -0.01  (VIOLATED) 

   n872                         0.15           0.15          -0.00  (VIOLATED) 
     PIN : I_RISC_CORE/cts_buf_676932675/A     0.15     0.15    -0.00 (VIOLATED)
     PIN : I_RISC_CORE/cts_buf_677332679/A     0.15     0.15    -0.00 (VIOLATED)

  ---------------------------------------------------------------------------
   Number of max_transition violation(s): 2

   Mode: func Corner: Cmax
   Scenario: func_worst
   max_capacitance                                                             
                             Required        Actual                            
   Net                      Capacitance    Capacitance       Slack  Violation  
  ---------------------------------------------------------------------------
   sd_DQ_en[0]                 82.00         157.02         -75.02  (VIOLATED) 
     PIN : ZBUF_64_inst_23278/Y    82.00     157.02         -75.02  (VIOLATED) 

   pad_out[8]                  82.00         119.52         -37.52  (VIOLATED) 
     PIN : ZBUF_4_inst_54903/Y    82.00      119.52         -37.52  (VIOLATED) 

   pad_out[2]                  82.00         119.34         -37.34  (VIOLATED) 
     PIN : HFSBUF_11_236/Y     82.00         119.34         -37.34  (VIOLATED) 

   pad_out[16]                 82.00         119.21         -37.21  (VIOLATED) 
     PIN : HFSBUF_11_237/Y     82.00         119.21         -37.21  (VIOLATED) 

   pad_out[14]                 82.00         119.07         -37.07  (VIOLATED) 
     PIN : HFSBUF_11_241/Y     82.00         119.07         -37.07  (VIOLATED) 

   pad_out[10]                 82.00         118.63         -36.63  (VIOLATED) 
     PIN : HFSBUF_11_249/Y     82.00         118.63         -36.63  (VIOLATED) 

   pad_out[4]                  82.00         118.53         -36.53  (VIOLATED) 
     PIN : HFSBUF_11_247/Y     82.00         118.53         -36.53  (VIOLATED) 

   pad_out[12]                 82.00         118.36         -36.36  (VIOLATED) 
     PIN : HFSBUF_11_233/Y     82.00         118.36         -36.36  (VIOLATED) 

   pad_out[6]                  82.00         118.07         -36.07  (VIOLATED) 
     PIN : HFSBUF_11_227/Y     82.00         118.07         -36.07  (VIOLATED) 

   pad_out[18]                 82.00         117.91         -35.91  (VIOLATED) 
     PIN : HFSBUF_11_246/Y     82.00         117.91         -35.91  (VIOLATED) 

   pad_out[0]                  82.00         117.63         -35.63  (VIOLATED) 
     PIN : HFSBUF_11_231/Y     82.00         117.63         -35.63  (VIOLATED) 

   pad_out[30]                 82.00         117.28         -35.28  (VIOLATED) 
     PIN : HFSBUF_11_235/Y     82.00         117.28         -35.28  (VIOLATED) 

   pad_out[24]                 82.00         117.07         -35.07  (VIOLATED) 
     PIN : HFSBUF_11_248/Y     82.00         117.07         -35.07  (VIOLATED) 

   pad_out[20]                 82.00         116.51         -34.51  (VIOLATED) 
     PIN : ZBUF_4_inst_54904/Y    82.00      116.51         -34.51  (VIOLATED) 

   pad_out[26]                 82.00         115.39         -33.39  (VIOLATED) 
     PIN : ZBUF_4_inst_54094/Y    82.00      115.39         -33.39  (VIOLATED) 

   pad_out[28]                 82.00         115.02         -33.02  (VIOLATED) 
     PIN : ZBUF_4_inst_54905/Y    82.00      115.02         -33.02  (VIOLATED) 

   pad_out[22]                 82.00         114.89         -32.89  (VIOLATED) 
     PIN : HFSINV_13_255/Y     82.00         114.89         -32.89  (VIOLATED) 

   pad_out[27]                 82.00         110.22         -28.22  (VIOLATED) 
     PIN : HFSBUF_11_229/Y     82.00         110.22         -28.22  (VIOLATED) 

   pad_out[11]                 82.00         109.42         -27.42  (VIOLATED) 
     PIN : HFSBUF_11_240/Y     82.00         109.42         -27.42  (VIOLATED) 

   pad_out[7]                  82.00         109.06         -27.06  (VIOLATED) 
     PIN : HFSBUF_11_250/Y     82.00         109.06         -27.06  (VIOLATED) 

   pad_out[3]                  82.00         108.87         -26.87  (VIOLATED) 
     PIN : HFSBUF_11_251/Y     82.00         108.87         -26.87  (VIOLATED) 

   pad_out[1]                  82.00         108.83         -26.83  (VIOLATED) 
     PIN : ZBUF_4_inst_54906/Y    82.00      108.83         -26.83  (VIOLATED) 

   pad_out[9]                  82.00         108.82         -26.82  (VIOLATED) 
     PIN : HFSBUF_11_258/Y     82.00         108.82         -26.82  (VIOLATED) 

   pad_out[15]                 82.00         108.75         -26.75  (VIOLATED) 
     PIN : HFSBUF_11_257/Y     82.00         108.75         -26.75  (VIOLATED) 

   pad_out[31]                 82.00         108.51         -26.51  (VIOLATED) 
     PIN : ZBUF_4_inst_24034/Y    82.00      108.51         -26.51  (VIOLATED) 

   pad_out[13]                 82.00         107.48         -25.48  (VIOLATED) 
     PIN : ZBUF_4_inst_54907/Y    82.00      107.48         -25.48  (VIOLATED) 

   pad_out[25]                 82.00         107.17         -25.17  (VIOLATED) 
     PIN : I_PCI_TOP/HFSBUF_8_228/Y    82.00   107.17       -25.17  (VIOLATED) 

   pad_out[29]                 82.00         105.13         -23.13  (VIOLATED) 
     PIN : HFSBUF_11_234/Y     82.00         105.13         -23.13  (VIOLATED) 

   p_abuf315                   82.00          91.04          -9.04  (VIOLATED) 
     PIN : occ_int2/cts_buf_638432290/Y    82.00    91.04    -9.04  (VIOLATED) 

   ZBUF_2685_56                82.00          86.05          -4.05  (VIOLATED) 
     PIN : ZBUF_2685_inst_54291/Y    82.00    86.05          -4.05  (VIOLATED) 

   I_BLENDER_1/n4719            8.00           9.07          -1.07  (VIOLATED) 
     PIN : I_BLENDER_1/R_752/Q     8.00        9.07          -1.07  (VIOLATED) 

   I_BLENDER_0/n764            16.00          16.50          -0.50  (VIOLATED) 
     PIN : I_BLENDER_0/U6287/Y    16.00       16.50          -0.50  (VIOLATED) 

   pad_in[18]                  16.00          16.11          -0.11  (VIOLATED) 
     PORT: pad_in[18]          16.00          16.11          -0.11  (VIOLATED) 

   I_SDRAM_TOP/I_SDRAM_IF/mega_shift_0_39__4_     8.00     8.08    -0.08 (VIOLATED)
     PIN : I_SDRAM_TOP/I_SDRAM_IF/mega_shift_0_reg_39__4_/Q     8.00     8.08    -0.08 (VIOLATED)

   I_SDRAM_TOP/I_SDRAM_IF/n11039     8.00      8.08          -0.08  (VIOLATED) 
     PIN : I_SDRAM_TOP/I_SDRAM_IF/U11935/Y     8.00     8.08    -0.08 (VIOLATED)

   I_BLENDER_1/n2020            8.00           8.08          -0.08  (VIOLATED) 
     PIN : I_BLENDER_1/R_673/Q     8.00        8.08          -0.08  (VIOLATED) 

   n728                         8.00           8.07          -0.07  (VIOLATED) 
     PIN : U236/Y               8.00           8.07          -0.07  (VIOLATED) 

   I_SDRAM_TOP/I_SDRAM_IF/mega_shift_0_25__3_     8.00     8.06    -0.06 (VIOLATED)
     PIN : I_SDRAM_TOP/I_SDRAM_IF/mega_shift_0_reg_25__3_/Q     8.00     8.06    -0.06 (VIOLATED)

   I_BLENDER_1/n8904           16.00          16.05          -0.05  (VIOLATED) 
     PIN : I_BLENDER_1/R_38_IP/Q    16.00     16.05          -0.05  (VIOLATED) 

   I_BLENDER_1/n6458           16.00          16.05          -0.05  (VIOLATED) 
     PIN : I_BLENDER_1/U1434/Y    16.00       16.05          -0.05  (VIOLATED) 

   I_BLENDER_1/n1836           16.00          16.05          -0.05  (VIOLATED) 
     PIN : I_BLENDER_1/U9008/Y    16.00       16.05          -0.05  (VIOLATED) 

   I_BLENDER_1/n1692           16.00          16.04          -0.04  (VIOLATED) 
     PIN : I_BLENDER_1/U8983/Y    16.00       16.04          -0.04  (VIOLATED) 

   I_BLENDER_0/n1860            8.00           8.03          -0.03  (VIOLATED) 
     PIN : I_BLENDER_0/U8810/Y     8.00        8.03          -0.03  (VIOLATED) 

   I_BLENDER_1/n8466            8.00           8.03          -0.03  (VIOLATED) 
     PIN : I_BLENDER_1/U8795/Y     8.00        8.03          -0.03  (VIOLATED) 

   I_RISC_CORE/sram_fixnet_141    32.00       32.03          -0.03  (VIOLATED) 
     PIN : I_RISC_CORE/sram_fixcell_141/Y    32.00    32.03    -0.03 (VIOLATED)

   I_BLENDER_0/n8041            8.00           8.03          -0.03  (VIOLATED) 
     PIN : I_BLENDER_0/U8499/Y     8.00        8.03          -0.03  (VIOLATED) 

   I_SDRAM_TOP/I_SDRAM_IF/n1770     8.00       8.02          -0.02  (VIOLATED) 
     PIN : I_SDRAM_TOP/I_SDRAM_IF/mega_shift_1_reg_6__5_/Q     8.00     8.02    -0.02 (VIOLATED)

   I_SDRAM_TOP/I_SDRAM_IF/n17791     8.00      8.02          -0.02  (VIOLATED) 
     PIN : I_SDRAM_TOP/I_SDRAM_IF/mega_shift_1_reg_40__29_/Q     8.00     8.02    -0.02 (VIOLATED)

   I_CONTEXT_MEM/n79           16.00          16.02          -0.02  (VIOLATED) 
     PIN : I_CONTEXT_MEM/U85/Y    16.00       16.02          -0.02  (VIOLATED) 

   I_BLENDER_0/n1864           16.00          16.01          -0.01  (VIOLATED) 
     PIN : I_BLENDER_0/U8830/Y    16.00       16.01          -0.01  (VIOLATED) 

   I_PCI_TOP/mult_x_30_n809     8.00           8.01          -0.01  (VIOLATED) 
     PIN : I_PCI_TOP/I_PCI_CORE_mega_shift_reg_8__2_/QN     8.00     8.01    -0.01 (VIOLATED)

   I_CONTEXT_MEM/n126          16.00          16.01          -0.01  (VIOLATED) 
     PIN : I_CONTEXT_MEM/U148/Y    16.00      16.01          -0.01  (VIOLATED) 

   I_BLENDER_1/ZBUF_523_15     16.00          16.00          -0.00  (VIOLATED) 
     PIN : I_BLENDER_1/ZBUF_523_inst_2361/Y    16.00    16.00    -0.00 (VIOLATED)

  ---------------------------------------------------------------------------
   Number of max_capacitance violation(s): 53



   Total number of violation(s): 55
1
