****************************************
Report : constraint
        -all_violators
Design : ORCA_TOP
Version: Q-2019.12-SP4
Date   : Sun May 28 15:28:25 2023
****************************************

   late_timing
   -----------

Information: Timer using 'SI, Timing Window Analysis, CRPR'. (TIM-050)
Endpoint                         Path Delay     Path Required       CRP    Slack Group    Scenario
----------------------------------------------------------------------------------------------------------
I_SDRAM_TOP/I_SDRAM_IF/DQ_in_0_reg_17_/D (SDFFX1_HVT)   3.86 f   3.84   0.00  -0.01 **in2reg_default** func_worst
I_PCI_TOP/I_PCI_CORE_mega_shift_reg_3__30_/D (SDFFARX1_LVT)   8.04 f   8.04   0.06  -0.00 PCI_CLK func_worst
I_PCI_TOP/I_PCI_CORE_mega_shift_reg_5__30_/D (SDFFARX1_LVT)   8.04 f   8.04   0.08  -0.00 PCI_CLK func_worst
I_RISC_CORE/I_INSTRN_LAT_Crnt_Instrn_2_reg_12_/D (SDFFX2_HVT)   3.20 r   3.20   0.00  -0.01 SYS_2x_CLK func_worst
I_RISC_CORE/I_INSTRN_LAT_Crnt_Instrn_2_reg_14_/D (SDFFX2_LVT)   3.36 r   3.36   0.00  -0.00 SYS_2x_CLK func_worst
I_BLENDER_0/R_329/D (SDFFX1_LVT)   5.93 r         5.89           0.10    -0.04   SYS_CLK  func_worst
I_BLENDER_0/R_323/D (SDFFX1_LVT)   5.81 f         5.78           0.09    -0.02   SYS_CLK  func_worst
I_BLENDER_0/R_239/D (SDFFX1_LVT)   5.81 f         5.79           0.09    -0.02   SYS_CLK  func_worst
I_BLENDER_1/s4_op1_reg_21_/D (SDFFX2_LVT)   5.73 f   5.71        0.10    -0.01   SYS_CLK  func_worst
I_BLENDER_0/R_446/D (SDFFX1_LVT)   5.81 f         5.79           0.10    -0.01   SYS_CLK  func_worst
I_BLENDER_0/R_436/D (SDFFX1_LVT)   5.79 f         5.78           0.10    -0.01   SYS_CLK  func_worst
I_BLENDER_0/R_384/D (SDFFX1_LVT)   5.79 f         5.78           0.09    -0.01   SYS_CLK  func_worst
I_BLENDER_1/R_417/D (SDFFX1_LVT)   5.83 f         5.82           0.10    -0.01   SYS_CLK  func_worst
I_BLENDER_1/R_377/D (SDFFX1_LVT)   5.82 f         5.82           0.10    -0.01   SYS_CLK  func_worst
I_BLENDER_1/s4_op2_reg_19_/D (SDFFX1_LVT)   5.81 f   5.80        0.10    -0.01   SYS_CLK  func_worst
I_BLENDER_0/s4_op2_reg_30_/D (SDFFX2_LVT)   5.74 f   5.73        0.10    -0.01   SYS_CLK  func_worst
I_BLENDER_1/s4_op2_reg_13_/D (SDFFX2_LVT)   5.72 f   5.71        0.10    -0.01   SYS_CLK  func_worst
I_BLENDER_1/R_586/D (SDFFX1_LVT)   5.80 f         5.79           0.10    -0.00   SYS_CLK  func_worst
I_BLENDER_1/R_476/D (SDFFX1_LVT)   5.79 f         5.78           0.10    -0.00   SYS_CLK  func_worst
I_BLENDER_0/R_443/D (SDFFX1_LVT)   5.80 f         5.80           0.10    -0.00   SYS_CLK  func_worst
I_BLENDER_0/R_559/D (SDFFX2_LVT)   5.73 f         5.73           0.12    -0.00   SYS_CLK  func_worst
I_BLENDER_1/R_298/D (SDFFX1_LVT)   5.83 f         5.82           0.12    -0.00   SYS_CLK  func_worst
I_BLENDER_1/R_620/D (SDFFX2_LVT)   5.71 f         5.71           0.10    -0.00   SYS_CLK  func_worst
I_BLENDER_1/R_626/D (SDFFX1_LVT)   5.80 f         5.80           0.10    -0.00   SYS_CLK  func_worst
I_BLENDER_0/R_553/D (SDFFX2_LVT)   5.74 f         5.74           0.12    -0.00   SYS_CLK  func_worst
I_BLENDER_1/R_592/D (SDFFX1_LVT)   5.79 f         5.79           0.10    -0.00   SYS_CLK  func_worst
I_BLENDER_1/R_414/D (SDFFX1_LVT)   5.82 f         5.82           0.10    -0.00   SYS_CLK  func_worst
I_BLENDER_1/s4_op1_reg_9_/D (SDFFARX1_RVT)   5.41 f   5.41       0.10    -0.00   SYS_CLK  func_worst
I_SDRAM_TOP/I_SDRAM_IF/mega_shift_1_reg_23__16_/D (SDFFNARX1_HVT)   5.74 f   5.74   0.06  -0.00 SDRAM_CLK func_worst
I_SDRAM_TOP/I_SDRAM_IF/mega_shift_1_reg_6__5_/D (SDFFNARX1_HVT)   5.81 f   5.81   0.09  -0.00 SDRAM_CLK func_worst

   early_timing
   -----------

Warning: Scenario func_worst is not configured for hold analysis: skipping. (UIC-058)
Error: None of the specified scenarios are active for hold analysis. (UIC-057)
Information: Timer using 'SI, Timing Window Analysis, CRPR'. (TIM-050)
Endpoint                         Path Delay     Path Required       CRP    Slack Group    Scenario
----------------------------------------------------------------------------------------------------------
No paths.

   Mode: func Corner: Cmax
   Scenario: func_worst
   max_transition                                                              
                             Required        Actual                            
   Net                      Transition     Transition        Slack  Violation  
  ---------------------------------------------------------------------------
   I_SDRAM_TOP/I_SDRAM_IF/mega_shift_0_0__30_     0.42     0.45    -0.03 (VIOLATED)
     PIN : I_SDRAM_TOP/I_SDRAM_IF/mega_shift_0_reg_0__30_/Q     0.42     0.45    -0.03 (VIOLATED)

   I_BLENDER_1/s2_op2[15]       0.26           0.29          -0.02  (VIOLATED) 
     PIN : I_BLENDER_1/R_124/Q     0.26        0.29          -0.02  (VIOLATED) 

   I_BLENDER_0/n390             0.21           0.22          -0.02  (VIOLATED) 
     PIN : I_BLENDER_0/s3_op2_reg_28_/QN     0.21     0.22    -0.02 (VIOLATED) 

   n2007                        0.42           0.43          -0.01  (VIOLATED) 
     PIN : I_BLENDER_1/result_reg_0_/Q     0.42     0.43     -0.01  (VIOLATED) 

   I_BLENDER_1/n1340            0.13           0.14          -0.01  (VIOLATED) 
     PIN : I_BLENDER_1/R_411/Q     0.13        0.14          -0.01  (VIOLATED) 

   I_BLENDER_0/s1_op1[10]       0.25           0.26          -0.01  (VIOLATED) 
     PIN : I_BLENDER_0/s1_op1_reg_10_/Q     0.25     0.26    -0.01  (VIOLATED) 

   I_BLENDER_0/s1_op1[14]       0.25           0.26          -0.00  (VIOLATED) 
     PIN : I_BLENDER_0/s1_op1_reg_14_/Q     0.25     0.26    -0.00  (VIOLATED) 

   I_BLENDER_0/s1_op1[11]       0.25           0.26          -0.00  (VIOLATED) 
     PIN : I_BLENDER_0/s1_op1_reg_11_/Q     0.25     0.26    -0.00  (VIOLATED) 

   I_BLENDER_1/n2020            0.14           0.14          -0.00  (VIOLATED) 
     PIN : I_BLENDER_1/R_673/Q     0.14        0.14          -0.00  (VIOLATED) 

   n1155                        0.42           0.42          -0.00  (VIOLATED) 
     PIN : I_BLENDER_1/result_reg_1_/Q     0.42     0.42     -0.00  (VIOLATED) 

   I_SDRAM_TOP/I_SDRAM_IF/control_bus[8]     0.41     0.41    -0.00 (VIOLATED) 
     PIN : I_SDRAM_TOP/I_SDRAM_IF/control_bus_reg_8_/Q     0.41     0.41    -0.00 (VIOLATED)

   I_BLENDER_0/n8652            0.17           0.17          -0.00  (VIOLATED) 
     PIN : I_BLENDER_0/s3_op1_reg_25_/Q     0.17     0.17    -0.00  (VIOLATED) 

  ---------------------------------------------------------------------------
   Number of max_transition violation(s): 12

   Mode: func Corner: Cmax
   Scenario: func_worst
   max_capacitance                                                             
                             Required        Actual                            
   Net                      Capacitance    Capacitance       Slack  Violation  
  ---------------------------------------------------------------------------
   sd_DQ_en[0]                 82.00         155.83         -73.83  (VIOLATED) 
     PIN : ZBUF_64_inst_23278/Y    82.00     155.83         -73.83  (VIOLATED) 

   pad_out[2]                  82.00         121.10         -39.10  (VIOLATED) 
     PIN : HFSBUF_11_236/Y     82.00         121.10         -39.10  (VIOLATED) 

   pad_out[16]                 82.00         120.92         -38.92  (VIOLATED) 
     PIN : HFSBUF_11_237/Y     82.00         120.92         -38.92  (VIOLATED) 

   pad_out[10]                 82.00         118.80         -36.80  (VIOLATED) 
     PIN : HFSBUF_11_249/Y     82.00         118.80         -36.80  (VIOLATED) 

   pad_out[24]                 82.00         117.75         -35.75  (VIOLATED) 
     PIN : HFSBUF_11_248/Y     82.00         117.75         -35.75  (VIOLATED) 

   pad_out[18]                 82.00         117.62         -35.62  (VIOLATED) 
     PIN : HFSBUF_11_246/Y     82.00         117.62         -35.62  (VIOLATED) 

   pad_out[14]                 82.00         117.60         -35.60  (VIOLATED) 
     PIN : HFSBUF_11_241/Y     82.00         117.60         -35.60  (VIOLATED) 

   pad_out[20]                 82.00         117.20         -35.20  (VIOLATED) 
     PIN : ZBUF_4_inst_54904/Y    82.00      117.20         -35.20  (VIOLATED) 

   pad_out[6]                  82.00         116.67         -34.67  (VIOLATED) 
     PIN : HFSBUF_11_227/Y     82.00         116.67         -34.67  (VIOLATED) 

   pad_out[4]                  82.00         116.14         -34.14  (VIOLATED) 
     PIN : HFSBUF_11_247/Y     82.00         116.14         -34.14  (VIOLATED) 

   pad_out[28]                 82.00         115.12         -33.12  (VIOLATED) 
     PIN : ZBUF_4_inst_54905/Y    82.00      115.12         -33.12  (VIOLATED) 

   pad_out[8]                  82.00         115.06         -33.06  (VIOLATED) 
     PIN : ZBUF_4_inst_54903/Y    82.00      115.06         -33.06  (VIOLATED) 

   pad_out[12]                 82.00         114.97         -32.97  (VIOLATED) 
     PIN : HFSBUF_11_233/Y     82.00         114.97         -32.97  (VIOLATED) 

   pad_out[26]                 82.00         114.12         -32.12  (VIOLATED) 
     PIN : ZBUF_4_inst_54094/Y    82.00      114.12         -32.12  (VIOLATED) 

   pad_out[0]                  82.00         113.39         -31.39  (VIOLATED) 
     PIN : HFSBUF_11_231/Y     82.00         113.39         -31.39  (VIOLATED) 

   pad_out[22]                 82.00         113.27         -31.27  (VIOLATED) 
     PIN : HFSINV_13_255/Y     82.00         113.27         -31.27  (VIOLATED) 

   pad_out[30]                 82.00         112.07         -30.07  (VIOLATED) 
     PIN : HFSBUF_11_235/Y     82.00         112.07         -30.07  (VIOLATED) 

   pad_out[27]                 82.00         110.51         -28.51  (VIOLATED) 
     PIN : HFSBUF_11_229/Y     82.00         110.51         -28.51  (VIOLATED) 

   pad_out[3]                  82.00         107.96         -25.96  (VIOLATED) 
     PIN : HFSBUF_11_251/Y     82.00         107.96         -25.96  (VIOLATED) 

   pad_out[25]                 82.00         107.56         -25.56  (VIOLATED) 
     PIN : I_PCI_TOP/HFSBUF_8_228/Y    82.00   107.56       -25.56  (VIOLATED) 

   pad_out[7]                  82.00         107.43         -25.43  (VIOLATED) 
     PIN : HFSBUF_11_250/Y     82.00         107.43         -25.43  (VIOLATED) 

   pad_out[9]                  82.00         107.34         -25.34  (VIOLATED) 
     PIN : HFSBUF_11_258/Y     82.00         107.34         -25.34  (VIOLATED) 

   pad_out[13]                 82.00         107.28         -25.28  (VIOLATED) 
     PIN : ZBUF_4_inst_54907/Y    82.00      107.28         -25.28  (VIOLATED) 

   pad_out[1]                  82.00         106.88         -24.88  (VIOLATED) 
     PIN : ZBUF_4_inst_54906/Y    82.00      106.88         -24.88  (VIOLATED) 

   pad_out[15]                 82.00         106.86         -24.86  (VIOLATED) 
     PIN : HFSBUF_11_257/Y     82.00         106.86         -24.86  (VIOLATED) 

   pad_out[31]                 82.00         106.66         -24.66  (VIOLATED) 
     PIN : ZBUF_4_inst_24034/Y    82.00      106.66         -24.66  (VIOLATED) 

   pad_out[11]                 82.00         106.35         -24.35  (VIOLATED) 
     PIN : HFSBUF_11_240/Y     82.00         106.35         -24.35  (VIOLATED) 

   pad_out[29]                 82.00         104.27         -22.27  (VIOLATED) 
     PIN : HFSBUF_11_234/Y     82.00         104.27         -22.27  (VIOLATED) 

   p_abuf315                   82.00          88.35          -6.35  (VIOLATED) 
     PIN : occ_int2/cts_buf_638432290/Y    82.00    88.35    -6.35  (VIOLATED) 

   I_BLENDER_1/s2_op2[15]      16.00          19.19          -3.19  (VIOLATED) 
     PIN : I_BLENDER_1/R_124/Q    16.00       19.19          -3.19  (VIOLATED) 

   I_BLENDER_0/n390            16.00          17.75          -1.75  (VIOLATED) 
     PIN : I_BLENDER_0/s3_op2_reg_28_/QN    16.00    17.75    -1.75 (VIOLATED) 

   I_BLENDER_0/c_trans3        16.00          17.74          -1.74  (VIOLATED) 
     PIN : I_BLENDER_0/U6506/Y    16.00       17.74          -1.74  (VIOLATED) 

   I_SDRAM_TOP/I_SDRAM_IF/mega_shift_0_0__30_     8.00     8.87    -0.87 (VIOLATED)
     PIN : I_SDRAM_TOP/I_SDRAM_IF/mega_shift_0_reg_0__30_/Q     8.00     8.87    -0.87 (VIOLATED)

   n278                        32.00          32.66          -0.66  (VIOLATED) 
     PIN : U288/Y              32.00          32.66          -0.66  (VIOLATED) 

   I_BLENDER_1/n1340            8.00           8.58          -0.58  (VIOLATED) 
     PIN : I_BLENDER_1/R_411/Q     8.00        8.58          -0.58  (VIOLATED) 

   I_BLENDER_0/n6201           16.00          16.54          -0.54  (VIOLATED) 
     PIN : I_BLENDER_0/U1386/Y    16.00       16.54          -0.54  (VIOLATED) 

   I_BLENDER_0/s2_op1_7        16.00          16.52          -0.52  (VIOLATED) 
     PIN : I_BLENDER_0/s2_op1_reg_7_/Q    16.00    16.52     -0.52  (VIOLATED) 

   I_BLENDER_0/s1_op1[10]       8.00           8.45          -0.45  (VIOLATED) 
     PIN : I_BLENDER_0/s1_op1_reg_10_/Q     8.00     8.45    -0.45  (VIOLATED) 

   I_BLENDER_0/s1_op1[14]       8.00           8.34          -0.34  (VIOLATED) 
     PIN : I_BLENDER_0/s1_op1_reg_14_/Q     8.00     8.34    -0.34  (VIOLATED) 

   n2007                        8.00           8.32          -0.32  (VIOLATED) 
     PIN : I_BLENDER_1/result_reg_0_/Q     8.00     8.32     -0.32  (VIOLATED) 

   I_BLENDER_0/s1_op1[11]       8.00           8.32          -0.32  (VIOLATED) 
     PIN : I_BLENDER_0/s1_op1_reg_11_/Q     8.00     8.32    -0.32  (VIOLATED) 

   I_BLENDER_1/n2020            8.00           8.25          -0.25  (VIOLATED) 
     PIN : I_BLENDER_1/R_673/Q     8.00        8.25          -0.25  (VIOLATED) 

   I_BLENDER_0/s2_op1_14       16.00          16.24          -0.24  (VIOLATED) 
     PIN : I_BLENDER_0/s2_op1_reg_14_/Q    16.00    16.24    -0.24  (VIOLATED) 

   I_BLENDER_1/n3300           16.00          16.21          -0.21  (VIOLATED) 
     PIN : I_BLENDER_1/U2758/Y    16.00       16.21          -0.21  (VIOLATED) 

   I_PCI_TOP/n8996              8.00           8.16          -0.16  (VIOLATED) 
     PIN : I_PCI_TOP/I_PCI_CORE_mega_shift_reg_6__16_/Q     8.00     8.16    -0.16 (VIOLATED)

   I_BLENDER_0/n4961           16.00          16.15          -0.15  (VIOLATED) 
     PIN : I_BLENDER_0/U3845/Y    16.00       16.15          -0.15  (VIOLATED) 

   I_BLENDER_1/mega_shift_9__9_     8.00       8.13          -0.13  (VIOLATED) 
     PIN : I_BLENDER_1/mega_shift_reg_9__9_/Q     8.00     8.13    -0.13 (VIOLATED)

   I_CONTEXT_MEM/n160          16.00          16.12          -0.12  (VIOLATED) 
     PIN : I_CONTEXT_MEM/U176/Y    16.00      16.12          -0.12  (VIOLATED) 

   n1155                        8.00           8.10          -0.10  (VIOLATED) 
     PIN : I_BLENDER_1/result_reg_1_/Q     8.00     8.10     -0.10  (VIOLATED) 

   I_RISC_CORE/I_STACK_TOP_TOS_1_     8.00     8.07          -0.07  (VIOLATED) 
     PIN : I_RISC_CORE/I_STACK_TOP_I_STACK_FSM_TOS_int_reg_1_/Q     8.00     8.07    -0.07 (VIOLATED)

   I_BLENDER_0/n1538            8.00           8.06          -0.06  (VIOLATED) 
     PIN : I_BLENDER_0/U6556/Y     8.00        8.06          -0.06  (VIOLATED) 

   I_SDRAM_TOP/I_SDRAM_IF/control_bus[8]     8.00     8.05    -0.05 (VIOLATED) 
     PIN : I_SDRAM_TOP/I_SDRAM_IF/control_bus_reg_8_/Q     8.00     8.05    -0.05 (VIOLATED)

   I_BLENDER_1/n1198            8.00           8.05          -0.05  (VIOLATED) 
     PIN : I_BLENDER_1/R_592/Q     8.00        8.05          -0.05  (VIOLATED) 

   I_RISC_CORE/ZBUF_23_101     16.00          16.03          -0.03  (VIOLATED) 
     PIN : I_RISC_CORE/ZBUF_23_inst_23702/Y    16.00    16.03    -0.03 (VIOLATED)

   I_SDRAM_TOP/I_SDRAM_IF/n2595     8.00       8.02          -0.02  (VIOLATED) 
     PIN : I_SDRAM_TOP/I_SDRAM_IF/mega_shift_0_reg_24__16_/Q     8.00     8.02    -0.02 (VIOLATED)

   I_SDRAM_TOP/I_SDRAM_IF/n1770     8.00       8.02          -0.02  (VIOLATED) 
     PIN : I_SDRAM_TOP/I_SDRAM_IF/mega_shift_1_reg_6__5_/Q     8.00     8.02    -0.02 (VIOLATED)

   I_BLENDER_0/n4137           16.00          16.01          -0.01  (VIOLATED) 
     PIN : I_BLENDER_0/U3772/Y    16.00       16.01          -0.01  (VIOLATED) 

   ZBUF_35_165                 16.00          16.01          -0.01  (VIOLATED) 
     PIN : ZBUF_35_inst_25865/Y    16.00      16.01          -0.01  (VIOLATED) 

  ---------------------------------------------------------------------------
   Number of max_capacitance violation(s): 58



   Total number of violation(s): 70
1
