------------------------------------------------------------------------------------------
                      OverCon          OverCon          OverCon          OverCon
                       #GCell           #GCell           #GCell           #GCell  %GCell
       Layer          (1 - 1)          (2 - 3)          (4 - 4)          (5 - 6)  OverCon
------------------------------------------------------------------------------------------
     M1 ( 1)       0 ( 0.00%)       0 ( 0.00%)       0 ( 0.00%)       0 ( 0.00%)  ( 0.00%)
     M2 ( 2)      68 ( 0.05%)     112 ( 0.08%)      22 ( 0.02%)      18 ( 0.01%)  ( 0.15%)
     M3 ( 3)     898 ( 0.63%)     242 ( 0.17%)      12 ( 0.01%)       0 ( 0.00%)  ( 0.80%)
     M4 ( 4)      22 ( 0.02%)       1 ( 0.00%)       0 ( 0.00%)       0 ( 0.00%)  ( 0.02%)
     M5 ( 5)     345 ( 0.24%)      18 ( 0.01%)       0 ( 0.00%)       0 ( 0.00%)  ( 0.25%)
     M6 ( 6)     114 ( 0.05%)      26 ( 0.01%)       0 ( 0.00%)       0 ( 0.00%)  ( 0.06%)
     M7 ( 7)     171 ( 0.08%)       3 ( 0.00%)       0 ( 0.00%)       0 ( 0.00%)  ( 0.08%)
     M8 ( 8)       4 ( 0.00%)       0 ( 0.00%)       0 ( 0.00%)       0 ( 0.00%)  ( 0.00%)
     M9 ( 9)      10 ( 0.01%)       0 ( 0.00%)       0 ( 0.00%)       0 ( 0.00%)  ( 0.01%)
   MRDL (10)       0 ( 0.00%)       0 ( 0.00%)       0 ( 0.00%)       0 ( 0.00%)  ( 0.00%)
------------------------------------------------------------------------------------------
       Total    1632 ( 0.11%)     402 ( 0.03%)      34 ( 0.00%)      18 ( 0.00%)  ( 0.14%)
------------------------------------------------------------------------------------------
2D Overflow (GR compatible) 0.26% H + 0.05% V
2D Overflow 0.28% H + 0.06% V
[hotspot] +------------+---------------+---------------+
[hotspot] |    layer   |  max hotspot  | total hotspot |
[hotspot] +------------+---------------+---------------+
[hotspot] |    M1(H)   |          0.00 |          0.00 |
[hotspot] |    M2(V)   |          1.57 |          6.03 |
[hotspot] |    M3(H)   |          2.10 |          6.03 |
[hotspot] |    M4(V)   |          0.00 |          0.00 |
[hotspot] |    M5(H)   |          0.26 |          0.26 |
[hotspot] |    M6(V)   |          0.26 |          0.26 |
[hotspot] |    M7(H)   |         44.07 |         62.43 |
[hotspot] |    M8(V)   |          0.00 |          0.00 |
[hotspot] |    M9(H)   |          0.00 |          0.00 |
[hotspot] |   MRDL(V)   |          0.00 |          0.00 |
[hotspot] +------------+---------------+---------------+
[hotspot] |   worst    | (M7)    44.07 | (M7)    62.43 |
[hotspot] +------------+---------------+---------------+
[hotspot] | all layers |          5.77 |          9.18 |
[hotspot] +------------+---------------+---------------+
Local HotSpot Analysis (3d): normalized congestion max/total hotspot area = 5.77/9.18 (area is in unit of 4 std-cell row bins)
[hotspot] top 5 congestion hotspot bounding boxes and scores of all layers hotspot
[hotspot] +-----+-------------------------------------+---------------+
[hotspot] | top |            hotspot bbox             | hotspot score |
[hotspot] +-----+-------------------------------------+---------------+
[hotspot] |  1  |   508.29   187.26   535.04   214.02 |        4.46   |
[hotspot] +-----+-------------------------------------+---------------+
[hotspot] |  2  |   535.04   187.26   561.79   214.02 |        1.05   |
[hotspot] +-----+-------------------------------------+---------------+
[hotspot] |  3  |    53.50   735.68    80.26   762.43 |        0.52   |
[hotspot] +-----+-------------------------------------+---------------+
[hotspot] |  4  |   494.91    26.75   521.66    53.50 |        0.26   |
[hotspot] +-----+-------------------------------------+---------------+
[hotspot] |  5  |   120.38    40.13   147.14    66.88 |        0.26   |
[hotspot] +-----+-------------------------------------+---------------+
