****************************************
Report : qor
Design : ORCA_TOP
Version: Q-2019.12-SP4
Date   : Sun May 28 15:28:22 2023
****************************************
Information: Timer using 'SI, Timing Window Analysis, CRPR'. (TIM-050)


Scenario           'func_worst'
Timing Path Group  '**in2reg_default**'
----------------------------------------
Levels of Logic:                      5
Critical Path Length:              3.86
Critical Path Slack:              -0.01
Critical Path Clk Period:          4.10
Total Negative Slack:             -0.01
No. of Violating Paths:               1
----------------------------------------

Scenario           'func_worst'
Timing Path Group  '**reg2out_default**'
----------------------------------------
Levels of Logic:                      2
Critical Path Length:              2.35
Critical Path Slack:               1.61
Critical Path Clk Period:          7.50
Total Negative Slack:              0.00
No. of Violating Paths:               0
----------------------------------------

Scenario           'func_worst'
Timing Path Group  'PCI_CLK'
----------------------------------------
Levels of Logic:                     24
Critical Path Length:              7.07
Critical Path Slack:              -0.00
Critical Path Clk Period:          7.50
Total Negative Slack:             -0.00
No. of Violating Paths:               2
----------------------------------------

Scenario           'func_worst'
Timing Path Group  'SYS_2x_CLK'
----------------------------------------
Levels of Logic:                     10
Critical Path Length:              1.94
Critical Path Slack:              -0.01
Critical Path Clk Period:          2.40
Total Negative Slack:             -0.01
No. of Violating Paths:               2
----------------------------------------

Scenario           'func_worst'
Timing Path Group  'SYS_CLK'
----------------------------------------
Levels of Logic:                     36
Critical Path Length:              4.62
Critical Path Slack:              -0.04
Critical Path Clk Period:          4.80
Total Negative Slack:             -0.20
No. of Violating Paths:              23
----------------------------------------

Scenario           'func_worst'
Timing Path Group  'SDRAM_CLK'
----------------------------------------
Levels of Logic:                      3
Critical Path Length:              2.52
Critical Path Slack:              -0.00
Critical Path Clk Period:          4.10
Total Negative Slack:             -0.00
No. of Violating Paths:               2
----------------------------------------

Scenario           'func_best'
Timing Path Group  '**in2reg_default**'
----------------------------------------
Worst Hold Violation:             -0.03
Total Hold Violation:             -0.03
No. of Hold Violations:               1
----------------------------------------

Scenario           'func_best'
Timing Path Group  '**reg2out_default**'
----------------------------------------
Worst Hold Violation:              0.00
Total Hold Violation:              0.00
No. of Hold Violations:               0
----------------------------------------

Scenario           'func_best'
Timing Path Group  'PCI_CLK'
----------------------------------------
Worst Hold Violation:              0.00
Total Hold Violation:              0.00
No. of Hold Violations:               0
----------------------------------------

Scenario           'func_best'
Timing Path Group  'SYS_2x_CLK'
----------------------------------------
Worst Hold Violation:              0.00
Total Hold Violation:              0.00
No. of Hold Violations:               0
----------------------------------------

Scenario           'func_best'
Timing Path Group  'SYS_CLK'
----------------------------------------
Worst Hold Violation:              0.00
Total Hold Violation:              0.00
No. of Hold Violations:               0
----------------------------------------

Scenario           'func_best'
Timing Path Group  'SDRAM_CLK'
----------------------------------------
Worst Hold Violation:              0.00
Total Hold Violation:              0.00
No. of Hold Violations:               0
----------------------------------------

Scenario           'test_worst'
Timing Path Group  '**in2reg_default**'
----------------------------------------
Levels of Logic:                      1
Critical Path Length:              4.66
Critical Path Slack:               9.49
Critical Path Clk Period:         30.00
Total Negative Slack:              0.00
No. of Violating Paths:               0
----------------------------------------

Scenario           'test_worst'
Timing Path Group  '**reg2out_default**'
----------------------------------------
Levels of Logic:                      2
Critical Path Length:              2.38
Critical Path Slack:               1.54
Critical Path Clk Period:          7.50
Total Negative Slack:              0.00
No. of Violating Paths:               0
----------------------------------------

Scenario           'test_worst'
Timing Path Group  'PCI_CLK'
----------------------------------------
Levels of Logic:                      2
Critical Path Length:              2.09
Critical Path Slack:               0.50
Critical Path Clk Period:          7.50
Total Negative Slack:              0.00
No. of Violating Paths:               0
----------------------------------------

Scenario           'test_worst'
Timing Path Group  'SYS_2x_CLK'
----------------------------------------
Levels of Logic:                      1
Critical Path Length:              0.39
Critical Path Slack:              -0.29
Critical Path Clk Period:          2.40
Total Negative Slack:             -0.29
No. of Violating Paths:               1
----------------------------------------

Scenario           'test_worst'
Timing Path Group  'SYS_CLK'
----------------------------------------
Levels of Logic:                      5
Critical Path Length:              2.36
Critical Path Slack:               0.01
Critical Path Clk Period:          4.80
Total Negative Slack:              0.00
No. of Violating Paths:               0
----------------------------------------

Scenario           'test_worst'
Timing Path Group  'SDRAM_CLK'
----------------------------------------
Levels of Logic:                      0
Critical Path Length:              0.88
Critical Path Slack:               0.08
Critical Path Clk Period:          4.10
Total Negative Slack:              0.00
No. of Violating Paths:               0
----------------------------------------

Scenario           'test_worst'
Timing Path Group  'ate_clk'
----------------------------------------
Levels of Logic:                      2
Critical Path Length:              2.33
Critical Path Slack:              11.45
Critical Path Clk Period:         30.00
Total Negative Slack:              0.00
No. of Violating Paths:               0
----------------------------------------

Scenario           'test_best'
Timing Path Group  '**reg2out_default**'
----------------------------------------
Worst Hold Violation:              0.00
Total Hold Violation:              0.00
No. of Hold Violations:               0
----------------------------------------

Scenario           'test_best'
Timing Path Group  'PCI_CLK'
----------------------------------------
Worst Hold Violation:              0.00
Total Hold Violation:              0.00
No. of Hold Violations:               0
----------------------------------------

Scenario           'test_best'
Timing Path Group  'SYS_2x_CLK'
----------------------------------------
Worst Hold Violation:              0.00
Total Hold Violation:              0.00
No. of Hold Violations:               0
----------------------------------------

Scenario           'test_best'
Timing Path Group  'SYS_CLK'
----------------------------------------
Worst Hold Violation:              0.00
Total Hold Violation:              0.00
No. of Hold Violations:               0
----------------------------------------

Scenario           'test_best'
Timing Path Group  'SDRAM_CLK'
----------------------------------------
Worst Hold Violation:              0.00
Total Hold Violation:              0.00
No. of Hold Violations:               0
----------------------------------------

Scenario           'test_best'
Timing Path Group  'ate_clk'
----------------------------------------
Worst Hold Violation:              0.00
Total Hold Violation:              0.00
No. of Hold Violations:               0
----------------------------------------


Cell Count
----------------------------------------
Hierarchical Cell Count:             63
Hierarchical Port Count:           3435
Leaf Cell Count:                  46063
Buf/Inv Cell Count:                7735
Buf Cell Count:                    2450
Inv Cell Count:                    5285
CT Buf/Inv Cell Count:                0
Combinational Cell Count:         40862
   Single-bit Isolation Cell Count:                        0
   Multi-bit Isolation Cell Count:                         0
   Isolation Cell Banking Ratio:                           0.00%
   Single-bit Level Shifter Cell Count:                    96
   Multi-bit Level Shifter Cell Count:                     0
   Level Shifter Cell Banking Ratio:                       0.00%
   Single-bit ELS Cell Count:                              0
   Multi-bit ELS Cell Count:                               0
   ELS Cell Banking Ratio:                                 0.00%
Sequential Cell Count:             5201
   Integrated Clock-Gating Cell Count:                     30
   Sequential Macro Cell Count:                            40
   Single-bit Sequential Cell Count:                       5131
   Multi-bit Sequential Cell Count:                        0
   Sequential Cell Banking Ratio:                          0.00%
   BitsPerflop:                                            1.00
Macro Count:                         40
----------------------------------------


Area
----------------------------------------
Combinational Area:           104992.48
Noncombinational Area:         46964.79
Buf/Inv Area:                  16275.89
Total Buffer Area:              7909.72
Total Inverter Area:            8366.17
Macro/Black Box Area:         231744.78
Net Area:                             0
Net XLength:                  669117.76
Net YLength:                  642159.24
----------------------------------------
Cell Area (netlist):                         383702.06
Cell Area (netlist and physical only):       792371.96
Net Length:                  1311277.00


Design Rules
----------------------------------------
Total Number of Nets:             49092
Nets with Violations:                63
Max Trans Violations:                12
Max Cap Violations:                  62
----------------------------------------

1
