 Info: Initializing timer in CLOCK_SYN_REPORT_MODE
Warning: time.si_enable_analysis is on, it could increase the runtime and memory usage. 
****************************************
Report : clock qor
        -type summary
Design : ORCA_TOP
Version: Q-2019.12-SP4
Date   : Sun May 28 13:28:52 2023
****************************************

Attributes
===========
M Master Clock
G Generated Clock
& Internal Generated Clock
U User Defined Skew Group
D Default Skew Group
* Generated Clock Balanced Separately

===========================================
==== Summary Reporting for Corner Cmax ====
===========================================

================================================== Summary Table for Corner Cmax ===================================================
Clock /                               Attrs     Sinks Levels    Clock     Clock     Clock       Max    Global  Trans DRC  Cap DRC
Skew Group                                                   Repeater  Repeater   Stdcell   Latency      Skew     Count     Count
                                                                Count      Area      Area
------------------------------------------------------------------------------------------------------------------------------------
### Mode: func, Scenario: func_worst
SDRAM_CLK                               M,D      2860      4        0      0.00     24.91      0.00      0.00         0         0
 SD_DDR_CLK                               G         0      0        0      0.00      0.00        --        --         0         0
 SD_DDR_CLKn                              G         0      0        0      0.00      0.00        --        --         0         0
SYS_2x_CLK                              M,D      1928      5        0      0.00    159.35      0.00      0.00         0         0
 SYS_CLK                                  G      1724      4        0      0.00     29.73      0.00      0.00         0         0
PCI_CLK                                 M,D       394      4        0      0.00     16.27      0.00      0.00         0         0
### Mode: test, Scenario: test_worst
ate_clk                                 M,D      5162      4        0      0.00    191.88      0.00      0.00         0         0
SDRAM_CLK                               M,D      2860      4        0      0.00     24.91      0.00      0.00         0         0
 SD_DDR_CLK                               G         0      0        0      0.00      0.00        --        --         0         0
 SD_DDR_CLKn                              G         0      0        0      0.00      0.00        --        --         0         0
SYS_2x_CLK                              M,D      1928      5        0      0.00    159.35      0.00      0.00         0         0
 SYS_CLK                                  G      1724      4        0      0.00     29.73      0.00      0.00         0         0
PCI_CLK                                 M,D       394      4        0      0.00     16.27      0.00      0.00         0         0
------------------------------------------------------------------------------------------------------------------------------------
All Clocks                                       5194      5        0      0.00    225.93      0.00      0.00         0         0


Warning: Please use -largest / -smallest / -all switches with -show_verbose_paths / -show_paths to report the clock paths. (CTS-956)
===========================================
==== Summary Reporting for Corner Cmin ====
===========================================

================================================== Summary Table for Corner Cmin ===================================================
Clock /                               Attrs     Sinks Levels    Clock     Clock     Clock       Max    Global  Trans DRC  Cap DRC
Skew Group                                                   Repeater  Repeater   Stdcell   Latency      Skew     Count     Count
                                                                Count      Area      Area
------------------------------------------------------------------------------------------------------------------------------------
### Mode: func, Scenario: func_best
SDRAM_CLK                               M,D      2860      4        0      0.00     24.91      0.00      0.00         0         0
 SD_DDR_CLK                               G         0      0        0      0.00      0.00        --        --         0         0
 SD_DDR_CLKn                              G         0      0        0      0.00      0.00        --        --         0         0
SYS_2x_CLK                              M,D      1928      5        0      0.00    159.35      0.00      0.00         0         0
 SYS_CLK                                  G      1724      4        0      0.00     29.73      0.00      0.00         0         0
PCI_CLK                                 M,D       394      4        0      0.00     16.27      0.00      0.00         0         0
### Mode: test, Scenario: test_best
ate_clk                                 M,D      5162      4        0      0.00    191.88      0.00      0.00         0         0
SDRAM_CLK                               M,D      2860      4        0      0.00     24.91      0.00      0.00         0         0
 SD_DDR_CLK                               G         0      0        0      0.00      0.00        --        --         0         0
 SD_DDR_CLKn                              G         0      0        0      0.00      0.00        --        --         0         0
SYS_2x_CLK                              M,D      1928      5        0      0.00    159.35      0.00      0.00         0         0
 SYS_CLK                                  G      1724      4        0      0.00     29.73      0.00      0.00         0         0
PCI_CLK                                 M,D       394      4        0      0.00     16.27      0.00      0.00         0         0
------------------------------------------------------------------------------------------------------------------------------------
All Clocks                                       5194      5        0      0.00    225.93      0.00      0.00         0         0


Warning: Please use -largest / -smallest / -all switches with -show_verbose_paths / -show_paths to report the clock paths. (CTS-956)
1
