###############################################################
#  Generated by:      Cadence Innovus 19.16-s053_1
#  OS:                Linux x86_64(Host ID auto.ece.pdx.edu)
#  Generated on:      Thu May 25 00:35:02 2023
#  Design:            ORCA_TOP
#  Command:           report_ccopt_clock_trees -summary -file ../reports/ORCA_TOP.innovus.route.ccopt_clock_trees.rpt
###############################################################

Clock DAG stats:
================

--------------------------------------------------------------
Cell type                     Count    Area        Capacitance
--------------------------------------------------------------
Buffers                          0        0.000        0.000
Inverters                      173     1488.013      174.497
Integrated Clock Gates          31      199.503       21.683
Non-Integrated Clock Gates       0        0.000        0.000
Clock Logic                     37      102.928       32.822
All                            241     1790.444      229.001
--------------------------------------------------------------


Clock DAG wire lengths:
=======================

--------------------
Type     Wire Length
--------------------
Top           0.000
Trunk     23777.422
Leaf      48712.534
Total     72489.956
--------------------


Clock DAG hp wire lengths:
==========================

-----------------------
Type     hp Wire Length
-----------------------
Top            0.000
Trunk      22083.472
Leaf       32668.828
Total      54752.300
-----------------------


Clock DAG capacitances:
=======================

------------------------------------------
Type     Gate        Wire        Total
------------------------------------------
Top         0.000       0.000        0.000
Trunk     215.333    2254.915     2470.248
Leaf     3797.513    4401.927     8199.440
Total    4012.845    6656.843    10669.688
------------------------------------------


Clock DAG sink capacitances:
============================

------------------------------------------------------------
Count    Total       Average    Std. Dev.    Min      Max
------------------------------------------------------------
5228     3783.162     0.724       0.734      0.000    10.000
------------------------------------------------------------


Clock DAG net violations:
=========================

--------------------------------------------------------------------------------------------
Type                    Units    Count    Average    Std. Dev.    Sum      Top 10 violations
--------------------------------------------------------------------------------------------
Remaining Transition    ns         1       0.021       0.000      0.021    [0.021]
--------------------------------------------------------------------------------------------


Clock DAG primary half-corner transition distribution:
======================================================

--------------------------------------------------------------------------------------------------------------------------------------------------------------------------------------------------------------------------
Net Type    Target    Count    Average    Std. Dev.    Min      Max      Distribution                                                                Over Target
--------------------------------------------------------------------------------------------------------------------------------------------------------------------------------------------------------------------------
Trunk       0.075       1       0.055       0.000      0.055    0.055    {0 <= 0.045ns, 1 <= 0.060ns, 0 <= 0.068ns, 0 <= 0.071ns, 0 <= 0.075ns}                                        -
Trunk       0.137       1       0.075       0.000      0.075    0.075    {1 <= 0.082ns, 0 <= 0.110ns, 0 <= 0.124ns, 0 <= 0.130ns, 0 <= 0.137ns}                                        -
Trunk       0.138       1       0.038       0.000      0.038    0.038    {1 <= 0.083ns, 0 <= 0.110ns, 0 <= 0.124ns, 0 <= 0.131ns, 0 <= 0.138ns}                                        -
Trunk       0.145      66       0.065       0.019      0.041    0.114    {59 <= 0.087ns, 7 <= 0.116ns, 0 <= 0.130ns, 0 <= 0.138ns, 0 <= 0.145ns}                                       -
Trunk       0.177       4       0.099       0.034      0.061    0.128    {2 <= 0.106ns, 2 <= 0.141ns, 0 <= 0.159ns, 0 <= 0.168ns, 0 <= 0.177ns}                                        -
Trunk       0.180       4       0.057       0.004      0.055    0.062    {4 <= 0.108ns, 0 <= 0.144ns, 0 <= 0.162ns, 0 <= 0.171ns, 0 <= 0.180ns}                                        -
Trunk       0.184       5       0.154       0.023      0.116    0.173    {0 <= 0.111ns, 1 <= 0.148ns, 2 <= 0.166ns, 2 <= 0.175ns, 0 <= 0.184ns}                                        -
Trunk       0.185       7       0.089       0.027      0.060    0.122    {6 <= 0.111ns, 1 <= 0.148ns, 0 <= 0.166ns, 0 <= 0.176ns, 0 <= 0.185ns}                                        -
Trunk       0.209       2       0.064       0.013      0.055    0.073    {2 <= 0.126ns, 0 <= 0.167ns, 0 <= 0.188ns, 0 <= 0.199ns, 0 <= 0.209ns}                                        -
Trunk       0.235       1       0.143       0.000      0.143    0.143    {0 <= 0.141ns, 1 <= 0.188ns, 0 <= 0.211ns, 0 <= 0.223ns, 0 <= 0.235ns}                                        -
Trunk       0.300      38       0.227       0.056      0.000    0.370    {5 <= 0.180ns, 23 <= 0.240ns, 7 <= 0.270ns, 1 <= 0.285ns, 0 <= 0.300ns}     {1 <= 0.315ns, 0 <= 0.330ns, 0 <= 0.360ns, 1 <= 0.450ns, 0 > 0.450ns}
Leaf        0.110       4       0.082       0.017      0.070    0.108    {0 <= 0.066ns, 3 <= 0.088ns, 0 <= 0.099ns, 0 <= 0.105ns, 1 <= 0.110ns}                                        -
Leaf        0.130      12       0.095       0.011      0.071    0.107    {1 <= 0.078ns, 9 <= 0.104ns, 2 <= 0.117ns, 0 <= 0.123ns, 0 <= 0.130ns}                                        -
Leaf        0.140       1       0.118       0.000      0.118    0.118    {0 <= 0.084ns, 0 <= 0.112ns, 1 <= 0.126ns, 0 <= 0.133ns, 0 <= 0.140ns}                                        -
Leaf        0.145      36       0.085       0.016      0.042    0.115    {12 <= 0.087ns, 24 <= 0.116ns, 0 <= 0.130ns, 0 <= 0.138ns, 0 <= 0.145ns}                                      -
Leaf        0.180       2       0.102       0.005      0.098    0.106    {2 <= 0.108ns, 0 <= 0.144ns, 0 <= 0.162ns, 0 <= 0.171ns, 0 <= 0.180ns}                                        -
Leaf        0.185      56       0.122       0.013      0.062    0.143    {3 <= 0.111ns, 53 <= 0.148ns, 0 <= 0.166ns, 0 <= 0.176ns, 0 <= 0.185ns}                                       -
Leaf        0.300       6       0.280       0.023      0.252    0.321    {0 <= 0.180ns, 0 <= 0.240ns, 2 <= 0.270ns, 2 <= 0.285ns, 1 <= 0.300ns}      {0 <= 0.315ns, 1 <= 0.330ns, 0 <= 0.360ns, 0 <= 0.450ns, 0 > 0.450ns}
--------------------------------------------------------------------------------------------------------------------------------------------------------------------------------------------------------------------------


Clock DAG library cell distribution:
====================================

-----------------------------------------------
Name            Type        Inst     Inst Area 
                            Count    (um^2)
-----------------------------------------------
IBUFFX32_RVT    inverter      69      806.653
IBUFFX16_LVT    inverter     102      673.990
IBUFFX8_HVT     inverter       1        4.320
IBUFFX4_HVT     inverter       1        3.050
CGLNPRX8_LVT    icg            5       39.392
CGLPPRX8_LVT    icg            4       29.481
CGLPPRX2_LVT    icg            6       35.072
CGLNPRX2_LVT    icg            4       25.414
CGLPPRX2_HVT    icg           12       70.144
LSUPX8_LVT      logic          1       11.182
AO21X2_LVT      logic          1        2.796
AO21X1_LVT      logic          2        5.083
AO21X1_RVT      logic          1        2.541
AO22X1_HVT      logic         32       81.326
-----------------------------------------------



Please note that the following tables reflect only the defined clock trees, so the flop counts might not include all flops in your design.

Clock Tree Summary:
===================

----------------------------------------------------------------------------------------------------------------------------------------
Clock Tree  Clock  Bufs  Invs  Other  Max       Max     Max      Max          Standard   Wire      Gate      Clock Tree Root
Name        Gates              Clock  Non-leaf  Leaf    Length   Source-sink  cell area  cap       cap       
                               Cells  Fanout    Fanout  (um)     Resistance   (um^2)     (fF)      (fF)      
                                                                 (Ohms)                                      
----------------------------------------------------------------------------------------------------------------------------------------
PCI_CLK       2     0     11     1        4      100    744.192   10293.1      107.757    401.857   283.272  pclk
SDRAM_CLK     3     0    105    33       32      100    992.721   17782.2      980.996   4247.104  2340.448  sdram_clk
SYS_2x_CLK   22     0     41     3       17       98    717.099    9468.77     557.338   1845.577  1363.717  sys_2x_clk
SYS_CLK       5     0     31     1        9       98    681.371    9468.77     355.547   1466.791  1200.098  I_CLOCKING/sys_clk_in_reg/Q
ate_clk      27     0    155    37       32      100    992.721   17782.2     1605.936   5824.918  3970.360  ate_clk
----------------------------------------------------------------------------------------------------------------------------------------

Clock Sink Summary:
===================

-------------------------------------------------------------------------------------------------------------------------------------------
Clock Tree  Explicit      Implicit      Explicit     Implicit     Explicit   Implicit   Posedge  Negedge  Memory  Enable  Non enable  Other
Name        exclude pins  exclude pins  ignore pins  ignore pins  stop pins  stop pins  Flops    Flops    Clock   Latch   Latch       Sinks
                                                                                                          Pins    Sinks   Sinks       
-------------------------------------------------------------------------------------------------------------------------------------------
PCI_CLK          0             0             0            0           0          0        394        0       0      0         0         0
SDRAM_CLK        0             0            34            0           0          0       1481     1375       4      0         0        34
SYS_2x_CLK       0             0             0            0           0          0       1868        0      60      0         0         0
SYS_CLK          0             0             0            0           0          0       1672        0      52      0         0         0
ate_clk          0             0             0            0           0          0       3715     1383      64      0         0        34
-------------------------------------------------------------------------------------------------------------------------------------------

Summary across all clock trees:
===============================

------------------------------------------------------------------------------------------------------------------
Clock  Bufs  Invs  Other  Max       Average   Max     Average  Max      Max          Standard   Wire      Gate
Gates              Clock  Non-leaf  Non-leaf  Leaf    Leaf     Length   Source-sink  cell area  cap       cap
                   Cells  Fanout    Fanout    Fanout  Fanout   (um)     Resistance   (um^2)     (fF)      (fF)
                                                                        (Ohms)                            
------------------------------------------------------------------------------------------------------------------
 31     0    173    37       32     1.89147    100    44.9744  992.721   1778.216    1790.444   6656.843  4012.845
------------------------------------------------------------------------------------------------------------------

Clock Sink Summary across all clock trees:
==========================================

-------------------------------------------------------------------------------------------------------------------------------
Explicit      Implicit      Explicit     Implicit     Explicit   Implicit   Posedge  Negedge  Memory  Enable  Non enable  Other
exclude pins  exclude pins  ignore pins  ignore pins  stop pins  stop pins  Flops    Flops    Clock   Latch   Latch       Sinks
                                                                                              Pins    Sinks   Sinks       
-------------------------------------------------------------------------------------------------------------------------------
     0             0            34            0           0          0       3747     1383      64      0         0        34
-------------------------------------------------------------------------------------------------------------------------------

Physical metrics across all clock trees:
========================================

------------------------------------------------------------------------
Metric                               Minimum  Average  Maximum   Std.dev
------------------------------------------------------------------------
Source-sink routed net length (um)    2.432   209.125   992.721  220.796
Source-sink manhattan distance (um)   2.584   204.169   985.872  218.970
Source-sink resistance (Ohm)          3.579   297.729  1778.216  348.367
------------------------------------------------------------------------

Transition distribution for half-corner worst_corner:setup.late:
================================================================

--------------------------------------------------------------------------------------------------------------------------------------------------------------------------------------------------------------------------
Net Type    Target    Count    Average    Std. Dev.    Min      Max      Distribution                                                                Over Target
--------------------------------------------------------------------------------------------------------------------------------------------------------------------------------------------------------------------------
Trunk       0.075       1       0.055       0.000      0.055    0.055    {0 <= 0.045ns, 1 <= 0.060ns, 0 <= 0.068ns, 0 <= 0.071ns, 0 <= 0.075ns}                                        -
Trunk       0.137       1       0.075       0.000      0.075    0.075    {1 <= 0.082ns, 0 <= 0.110ns, 0 <= 0.124ns, 0 <= 0.130ns, 0 <= 0.137ns}                                        -
Trunk       0.138       1       0.038       0.000      0.038    0.038    {1 <= 0.083ns, 0 <= 0.110ns, 0 <= 0.124ns, 0 <= 0.131ns, 0 <= 0.138ns}                                        -
Trunk       0.145      66       0.065       0.019      0.041    0.114    {59 <= 0.087ns, 7 <= 0.116ns, 0 <= 0.130ns, 0 <= 0.138ns, 0 <= 0.145ns}                                       -
Trunk       0.177       4       0.099       0.034      0.061    0.128    {2 <= 0.106ns, 2 <= 0.141ns, 0 <= 0.159ns, 0 <= 0.168ns, 0 <= 0.177ns}                                        -
Trunk       0.180       4       0.057       0.004      0.055    0.062    {4 <= 0.108ns, 0 <= 0.144ns, 0 <= 0.162ns, 0 <= 0.171ns, 0 <= 0.180ns}                                        -
Trunk       0.184       5       0.154       0.023      0.116    0.173    {0 <= 0.111ns, 1 <= 0.148ns, 2 <= 0.166ns, 2 <= 0.175ns, 0 <= 0.184ns}                                        -
Trunk       0.185       7       0.089       0.027      0.060    0.122    {6 <= 0.111ns, 1 <= 0.148ns, 0 <= 0.166ns, 0 <= 0.176ns, 0 <= 0.185ns}                                        -
Trunk       0.209       2       0.064       0.013      0.055    0.073    {2 <= 0.126ns, 0 <= 0.167ns, 0 <= 0.188ns, 0 <= 0.199ns, 0 <= 0.209ns}                                        -
Trunk       0.235       1       0.143       0.000      0.143    0.143    {0 <= 0.141ns, 1 <= 0.188ns, 0 <= 0.211ns, 0 <= 0.223ns, 0 <= 0.235ns}                                        -
Trunk       0.300      37       0.233       0.042      0.134    0.370    {4 <= 0.180ns, 23 <= 0.240ns, 7 <= 0.270ns, 1 <= 0.285ns, 0 <= 0.300ns}     {1 <= 0.315ns, 0 <= 0.330ns, 0 <= 0.360ns, 1 <= 0.450ns, 0 > 0.450ns}
Leaf        0.110       4       0.082       0.017      0.070    0.108    {0 <= 0.066ns, 3 <= 0.088ns, 0 <= 0.099ns, 0 <= 0.105ns, 1 <= 0.110ns}                                        -
Leaf        0.130      12       0.095       0.011      0.071    0.107    {1 <= 0.078ns, 9 <= 0.104ns, 2 <= 0.117ns, 0 <= 0.123ns, 0 <= 0.130ns}                                        -
Leaf        0.140       1       0.118       0.000      0.118    0.118    {0 <= 0.084ns, 0 <= 0.112ns, 1 <= 0.126ns, 0 <= 0.133ns, 0 <= 0.140ns}                                        -
Leaf        0.145      36       0.085       0.016      0.042    0.115    {12 <= 0.087ns, 24 <= 0.116ns, 0 <= 0.130ns, 0 <= 0.138ns, 0 <= 0.145ns}                                      -
Leaf        0.180       2       0.102       0.005      0.098    0.106    {2 <= 0.108ns, 0 <= 0.144ns, 0 <= 0.162ns, 0 <= 0.171ns, 0 <= 0.180ns}                                        -
Leaf        0.185      56       0.122       0.013      0.062    0.143    {3 <= 0.111ns, 53 <= 0.148ns, 0 <= 0.166ns, 0 <= 0.176ns, 0 <= 0.185ns}                                       -
Leaf        0.300       6       0.280       0.023      0.252    0.321    {0 <= 0.180ns, 0 <= 0.240ns, 2 <= 0.270ns, 2 <= 0.285ns, 1 <= 0.300ns}      {0 <= 0.315ns, 1 <= 0.330ns, 0 <= 0.360ns, 0 <= 0.450ns, 0 > 0.450ns}
--------------------------------------------------------------------------------------------------------------------------------------------------------------------------------------------------------------------------

Count of violations across all clock trees:
===========================================

---------------------------------------------------------------------------------------
Clock Tree  # Max capacitance  # Max resistance  # Max length  # Max fanout  # Slew
Name        violations         violations        violations    violations    violations
---------------------------------------------------------------------------------------
PCI_CLK             0                 0               0             0            0
SDRAM_CLK           0                 0               0             0            6
SYS_2x_CLK          0                 0               0             0            0
SYS_CLK             0                 0               0             0            0
ate_clk             0                 0               0             0            0
---------------------------------------------------------------------------------------
Total               0                 0               0             0            6
---------------------------------------------------------------------------------------

Note the above table per clock tree is based on CCOpt clock tree view. The violations are counted across half corners.

Found a total of 0 clock tree pins with max capacitance violations.
Found a total of 0 clock tree nets with max resistance violations.
Found a total of 0 clock tree nets with max length violations.
Found a total of 0 clock tree nets with max fanout violations.
Found a total of 6 clock tree pins with a slew violation.

Slew violation summary across all clock trees - Top 6 violating pins:
=====================================================================

Target and measured clock slews (in ns):

------------------------------------------------------------------------------------------------------------------------------
Half corner              Violation  Slew    Slew      Dont   Ideal  Target    Pin
                         amount     target  achieved  touch  net?   source    
                                                      net?                    
------------------------------------------------------------------------------------------------------------------------------
worst_corner:setup.late    0.070    0.300    0.370    N      N      explicit  CTS_cmf_inv_02766/A
worst_corner:setup.late    0.070    0.300    0.370    N      N      explicit  I_SDRAM_TOP/I_SDRAM_IF/U13008/Y
worst_corner:setup.late    0.021    0.300    0.321    N      N      explicit  I_SDRAM_TOP/I_SDRAM_WRITE_FIFO_SD_FIFO_RAM_0/CE2
worst_corner:setup.late    0.020    0.300    0.320    N      N      explicit  I_SDRAM_TOP/I_SDRAM_READ_FIFO_SD_FIFO_RAM_1/CE1
worst_corner:setup.late    0.010    0.300    0.310    N      N      explicit  CTS_cmf_inv_02522/A
worst_corner:setup.late    0.010    0.300    0.310    N      N      explicit  I_SDRAM_TOP/I_SDRAM_IF/U13010/Y
------------------------------------------------------------------------------------------------------------------------------

Target sources:
auto extracted - target was extracted from SDC.
auto computed - target was computed when balancing trees.
explicit - target is explicitly set via target_max_trans property.
pin explicit - target is explicitly set for this pin via pin_target_max_trans property.
liberty explicit - target is explicitly set via max_transition from liberty library.

Found 0 pins on nets marked dont_touch that have slew violations.
Found 0 pins on nets marked dont_touch that do not have slew violations.
Found 0 pins on nets marked ideal_network that have slew violations.
Found 0 pins on nets marked ideal_network that do not have slew violations.


Clock Timing Summary:
=====================

Target and measured clock slews (in ns):

-----------------------------------------------------------------------------------------------------------------------------------------------
Clock tree  Timing Corner             Worst Rising  Worst Falling  Worst Rising  Worst Falling  Leaf Slew    Leaf Slew  Trunk Slew   Trunk Slew
                                      Leaf Slew     Leaf Slew      Trunk Slew    Trunk Slew     Target Type  Target     Target Type  Target
-----------------------------------------------------------------------------------------------------------------------------------------------
PCI_CLK     worst_corner:setup.early     0.127          0.110         0.132          0.143      ignored          -      ignored          -
PCI_CLK     worst_corner:setup.late      0.140          0.117         0.134          0.145      explicit      0.300     explicit      0.300
PCI_CLK     best_corner:hold.early       0.042          0.042         0.035          0.035      ignored          -      ignored          -
PCI_CLK     best_corner:hold.late        0.044          0.044         0.036          0.035      ignored          -      ignored          -
SDRAM_CLK   worst_corner:setup.early     0.273          0.179         0.329          0.288      ignored          -      ignored          -
SDRAM_CLK   worst_corner:setup.late      0.321          0.186         0.370          0.312      explicit     *0.300     explicit     *0.300
SDRAM_CLK   best_corner:hold.early       0.118          0.100         0.065          0.065      ignored          -      ignored          -
SDRAM_CLK   best_corner:hold.late        0.133          0.100         0.071          0.071      ignored          -      ignored          -
SYS_2x_CLK  worst_corner:setup.early     0.279          0.180         0.151          0.172      ignored          -      ignored          -
SYS_2x_CLK  worst_corner:setup.late      0.285          0.186         0.193          0.172      explicit      0.300     explicit      0.300
SYS_2x_CLK  best_corner:hold.early       0.102          0.057         0.033          0.038      ignored          -      ignored          -
SYS_2x_CLK  best_corner:hold.late        0.109          0.058         0.033          0.038      ignored          -      ignored          -
SYS_CLK     worst_corner:setup.early     0.279          0.180         0.150          0.172      ignored          -      ignored          -
SYS_CLK     worst_corner:setup.late      0.285          0.186         0.150          0.172      explicit      0.300     explicit      0.300
SYS_CLK     best_corner:hold.early       0.102          0.051         0.033          0.038      ignored          -      ignored          -
SYS_CLK     best_corner:hold.late        0.109          0.054         0.033          0.038      ignored          -      ignored          -
ate_clk     worst_corner:setup.early     0.279          0.180         0.329          0.288      ignored          -      ignored          -
ate_clk     worst_corner:setup.late      0.321          0.186         0.370          0.312      explicit     *0.300     explicit     *0.300
ate_clk     best_corner:hold.early       0.118          0.100         0.065          0.065      ignored          -      ignored          -
ate_clk     best_corner:hold.late        0.133          0.100         0.071          0.071      ignored          -      ignored          -
-----------------------------------------------------------------------------------------------------------------------------------------------

* - indicates that target was not met.

auto extracted - target was extracted from SDC.
auto computed - target was computed when balancing trees.

Total Transition Slacks Summary:
================================

-------------------------------------------------------------------------------------------------
Total       Total Leaf    Total        Total Leaf    Mean        Median      Std.Dev     Worst
Overslew    Overslew      Underslew    Underslew     Overslew    Overslew    Overslew    Overslew
-------------------------------------------------------------------------------------------------
 0.101        0.021        -16.682       -6.537       0.025       0.016       0.031       0.070
-------------------------------------------------------------------------------------------------

Transition times measured in the half-corner worst_corner:setup.late

Top Overslews:

----------------------------------------------
Driving node                     Overslew (ns)
----------------------------------------------
I_SDRAM_TOP/I_SDRAM_IF/U13008        0.070
CTS_ccl_a_inv_00275                  0.021
I_SDRAM_TOP/I_SDRAM_IF/U13010        0.010
A1e66d                               0.000
----------------------------------------------

Top Underslews:

---------------------------------------------------------------------------
Driving node                                                 Underslew (ns)
---------------------------------------------------------------------------
SDRAM_CLK                                                        -0.166
SYS_2x_CLK                                                       -0.155
PCI_CLK                                                          -0.155
I_CLOCKING/occ_int1/U1                                           -0.154
occ_int2/U1                                                      -0.136
ate_clk                                                          -0.127
I_BLENDER_1/clk_gate_rem_green_reg/latch                         -0.125
I_SDRAM_TOP/I_SDRAM_IF/clk_gate_mega_shift_0_reg_0_/latch        -0.125
CTS_ccl_a_inv_00401                                              -0.125
occ_int2/CTS_ccd_inv_00430                                       -0.124
---------------------------------------------------------------------------

