****************************************
Report : qor
Design : ORCA_TOP
Version: Q-2019.12-SP4
Date   : Wed May 17 19:50:51 2023
****************************************
Information: The stitching and editing of coupling caps is turned ON for design 'ORCA_TOP_lib:ORCA_TOP.design'. (TIM-125)
Information: Design ORCA_TOP has 49039 nets, 0 global routed, 307 detail routed. (NEX-024)
Information: The RC mode used is CTO for design 'ORCA_TOP'. (NEX-022)
Information: Crosstalk analysis has been disabled. (TIM-114)
Information: Design Average RC for design ORCA_TOP  (NEX-011)
Information: r = 1.785714 ohm/um, via_r = 0.500000 ohm/cut, c = 0.083812 ff/um, cc = 0.000000 ff/um (X dir) (NEX-017)
Information: r = 1.785714 ohm/um, via_r = 0.500000 ohm/cut, c = 0.101840 ff/um, cc = 0.000000 ff/um (Y dir) (NEX-017)
Information: Update timing completed net estimation for all the timing graph nets (TIM-111)
Information: Net estimation statistics: timing graph nets = 49036, routed nets = 307, across physical hierarchy nets = 0, parasitics cached nets = 49036, delay annotated nets = 0, parasitics annotated nets = 0, multi-voltage nets = 710. (TIM-112)
Information: Timer using 'SI, Timing Window Analysis, CRPR'. (TIM-050)


Scenario           'func_worst'
Timing Path Group  '**in2reg_default**'
----------------------------------------
Levels of Logic:                      1
Critical Path Length:              3.07
Critical Path Slack:               1.18
Critical Path Clk Period:          4.10
Total Negative Slack:              0.00
No. of Violating Paths:               0
----------------------------------------

Scenario           'func_worst'
Timing Path Group  '**reg2out_default**'
----------------------------------------
Levels of Logic:                      1
Critical Path Length:              1.81
Critical Path Slack:               2.13
Critical Path Clk Period:          7.50
Total Negative Slack:              0.00
No. of Violating Paths:               0
----------------------------------------

Scenario           'func_worst'
Timing Path Group  'PCI_CLK'
----------------------------------------
Levels of Logic:                     18
Critical Path Length:              7.05
Critical Path Slack:               0.01
Critical Path Clk Period:          7.50
Total Negative Slack:              0.00
No. of Violating Paths:               0
----------------------------------------

Scenario           'func_worst'
Timing Path Group  'SYS_2x_CLK'
----------------------------------------
Levels of Logic:                     11
Critical Path Length:              2.13
Critical Path Slack:              -0.20
Critical Path Clk Period:          2.40
Total Negative Slack:             -2.68
No. of Violating Paths:              24
----------------------------------------

Scenario           'func_worst'
Timing Path Group  'SYS_CLK'
----------------------------------------
Levels of Logic:                      5
Critical Path Length:              5.63
Critical Path Slack:              -5.36
Critical Path Clk Period:          4.80
Total Negative Slack:             -6.31
No. of Violating Paths:              29
----------------------------------------

Scenario           'func_worst'
Timing Path Group  'SDRAM_CLK'
----------------------------------------
Levels of Logic:                     10
Critical Path Length:              3.56
Critical Path Slack:              -0.01
Critical Path Clk Period:          4.10
Total Negative Slack:             -0.01
No. of Violating Paths:               1
----------------------------------------

Scenario           'func_best'
Timing Path Group  '**in2reg_default**'
----------------------------------------
Worst Hold Violation:             -0.12
Total Hold Violation:             -6.02
No. of Hold Violations:              64
----------------------------------------

Scenario           'func_best'
Timing Path Group  '**reg2out_default**'
----------------------------------------
Worst Hold Violation:              0.00
Total Hold Violation:              0.00
No. of Hold Violations:               0
----------------------------------------

Scenario           'func_best'
Timing Path Group  'PCI_CLK'
----------------------------------------
Worst Hold Violation:              0.00
Total Hold Violation:              0.00
No. of Hold Violations:               0
----------------------------------------

Scenario           'func_best'
Timing Path Group  'SYS_2x_CLK'
----------------------------------------
Worst Hold Violation:              0.00
Total Hold Violation:              0.00
No. of Hold Violations:               0
----------------------------------------

Scenario           'func_best'
Timing Path Group  'SYS_CLK'
----------------------------------------
Worst Hold Violation:              0.00
Total Hold Violation:              0.00
No. of Hold Violations:               0
----------------------------------------

Scenario           'func_best'
Timing Path Group  'SDRAM_CLK'
----------------------------------------
Worst Hold Violation:              0.00
Total Hold Violation:              0.00
No. of Hold Violations:               0
----------------------------------------

Scenario           'test_worst'
Timing Path Group  '**in2reg_default**'
----------------------------------------
Levels of Logic:                      1
Critical Path Length:              4.62
Critical Path Slack:               9.50
Critical Path Clk Period:         30.00
Total Negative Slack:              0.00
No. of Violating Paths:               0
----------------------------------------

Scenario           'test_worst'
Timing Path Group  '**reg2out_default**'
----------------------------------------
Levels of Logic:                      1
Critical Path Length:              1.81
Critical Path Slack:               2.09
Critical Path Clk Period:          7.50
Total Negative Slack:              0.00
No. of Violating Paths:               0
----------------------------------------

Scenario           'test_worst'
Timing Path Group  'PCI_CLK'
----------------------------------------
Levels of Logic:                      2
Critical Path Length:              1.81
Critical Path Slack:               0.76
Critical Path Clk Period:          7.50
Total Negative Slack:              0.00
No. of Violating Paths:               0
----------------------------------------

Scenario           'test_worst'
Timing Path Group  'SYS_2x_CLK'
----------------------------------------
Levels of Logic:                      1
Critical Path Length:              0.39
Critical Path Slack:              -0.47
Critical Path Clk Period:          2.40
Total Negative Slack:             -0.47
No. of Violating Paths:               1
----------------------------------------

Scenario           'test_worst'
Timing Path Group  'SYS_CLK'
----------------------------------------
Levels of Logic:                      5
Critical Path Length:              2.25
Critical Path Slack:               0.21
Critical Path Clk Period:          4.80
Total Negative Slack:              0.00
No. of Violating Paths:               0
----------------------------------------

Scenario           'test_worst'
Timing Path Group  'SDRAM_CLK'
----------------------------------------
Levels of Logic:                      1
Critical Path Length:              0.38
Critical Path Slack:               0.33
Critical Path Clk Period:          4.10
Total Negative Slack:              0.00
No. of Violating Paths:               0
----------------------------------------

Scenario           'test_worst'
Timing Path Group  'ate_clk'
----------------------------------------
Levels of Logic:                      2
Critical Path Length:              2.40
Critical Path Slack:              11.27
Critical Path Clk Period:         30.00
Total Negative Slack:              0.00
No. of Violating Paths:               0
----------------------------------------

Scenario           'test_best'
Timing Path Group  '**reg2out_default**'
----------------------------------------
Worst Hold Violation:              0.00
Total Hold Violation:              0.00
No. of Hold Violations:               0
----------------------------------------

Scenario           'test_best'
Timing Path Group  'PCI_CLK'
----------------------------------------
Worst Hold Violation:              0.00
Total Hold Violation:              0.00
No. of Hold Violations:               0
----------------------------------------

Scenario           'test_best'
Timing Path Group  'SYS_2x_CLK'
----------------------------------------
Worst Hold Violation:              0.00
Total Hold Violation:              0.00
No. of Hold Violations:               0
----------------------------------------

Scenario           'test_best'
Timing Path Group  'SYS_CLK'
----------------------------------------
Worst Hold Violation:              0.00
Total Hold Violation:              0.00
No. of Hold Violations:               0
----------------------------------------

Scenario           'test_best'
Timing Path Group  'SDRAM_CLK'
----------------------------------------
Worst Hold Violation:              0.00
Total Hold Violation:              0.00
No. of Hold Violations:               0
----------------------------------------

Scenario           'test_best'
Timing Path Group  'ate_clk'
----------------------------------------
Worst Hold Violation:              0.00
Total Hold Violation:              0.00
No. of Hold Violations:               0
----------------------------------------


Cell Count
----------------------------------------
Hierarchical Cell Count:             63
Hierarchical Port Count:           3326
Leaf Cell Count:                  46039
Buf/Inv Cell Count:                7696
Buf Cell Count:                    2604
Inv Cell Count:                    5092
CT Buf/Inv Cell Count:                0
Combinational Cell Count:         40838
   Single-bit Isolation Cell Count:                        0
   Multi-bit Isolation Cell Count:                         0
   Isolation Cell Banking Ratio:                           0.00%
   Single-bit Level Shifter Cell Count:                    96
   Multi-bit Level Shifter Cell Count:                     0
   Level Shifter Cell Banking Ratio:                       0.00%
   Single-bit ELS Cell Count:                              0
   Multi-bit ELS Cell Count:                               0
   ELS Cell Banking Ratio:                                 0.00%
Sequential Cell Count:             5201
   Integrated Clock-Gating Cell Count:                     30
   Sequential Macro Cell Count:                            40
   Single-bit Sequential Cell Count:                       5131
   Multi-bit Sequential Cell Count:                        0
   Sequential Cell Banking Ratio:                          0.00%
   BitsPerflop:                                            1.00
Macro Count:                         40
----------------------------------------


Area
----------------------------------------
Combinational Area:           105023.74
Noncombinational Area:         46654.23
Buf/Inv Area:                  16415.42
Total Buffer Area:              8318.90
Total Inverter Area:            8096.52
Macro/Black Box Area:         231744.78
Net Area:                             0
Net XLength:                   25982.25
Net YLength:                   26019.84
----------------------------------------
Cell Area (netlist):                         383422.75
Cell Area (netlist and physical only):       389296.02
Net Length:                    52002.09


Design Rules
----------------------------------------
Total Number of Nets:             49072
Nets with Violations:               177
Max Trans Violations:                80
Max Cap Violations:                 116
----------------------------------------

1
