/pkgs/synopsys/2020/design_compiler/syn/Q-2019.12-SP3/auxx/gui/dv/dv_setup.tcl
/pkgs/synopsys/2020/design_compiler/syn/Q-2019.12-SP3/auxx/gui/syn/snpsSynProcs.tcl
/pkgs/synopsys/2020/design_compiler/syn/Q-2019.12-SP3/auxx/gui/syn/layout/pkgIndex.tcl
/pkgs/synopsys/2020/design_compiler/syn/Q-2019.12-SP3/auxx/gui/common/menus/pkgIndex.tcl
/pkgs/synopsys/2020/design_compiler/syn/Q-2019.12-SP3/auxx/gui/common/mrupalette/pkgIndex.tcl
/pkgs/synopsys/2020/design_compiler/syn/Q-2019.12-SP3/auxx/gui/common/highlight/pkgIndex.tcl
/pkgs/synopsys/2020/design_compiler/syn/Q-2019.12-SP3/auxx/gui/common/strokes/pkgIndex.tcl
/pkgs/synopsys/2020/design_compiler/syn/Q-2019.12-SP3/auxx/gui/common/schematic/pkgIndex.tcl
/pkgs/synopsys/2020/design_compiler/syn/Q-2019.12-SP3/auxx/gui/common/tcl-dp/pkgIndex.tcl
/pkgs/synopsys/2020/design_compiler/syn/Q-2019.12-SP3/auxx/gui/common/regressionToolkit/pkgIndex.tcl
/pkgs/synopsys/2020/design_compiler/syn/Q-2019.12-SP3/auxx/gui/common/setup/pkgIndex.tcl
/pkgs/synopsys/2020/design_compiler/syn/Q-2019.12-SP3/auxx/gui/common/profiler/pkgIndex.tcl
/pkgs/synopsys/2020/design_compiler/syn/Q-2019.12-SP3/auxx/gui/common/acg/pkgIndex.tcl
/pkgs/synopsys/2020/design_compiler/syn/Q-2019.12-SP3/auxx/gui/common/tiledview/pkgIndex.tcl
/pkgs/synopsys/2020/design_compiler/syn/Q-2019.12-SP3/auxx/gui/common/docBrowser/pkgIndex.tcl
/pkgs/synopsys/2020/design_compiler/syn/Q-2019.12-SP3/auxx/gui/common/tq/pkgIndex.tcl
/pkgs/synopsys/2020/design_compiler/syn/Q-2019.12-SP3/auxx/gui/common/WindowFrameWork/pkgIndex.tcl
/pkgs/synopsys/2020/design_compiler/syn/Q-2019.12-SP3/auxx/gui/common/dialogs/pkgIndex.tcl
/pkgs/synopsys/2020/design_compiler/syn/Q-2019.12-SP3/auxx/gui/common/hierarchy/pkgIndex.tcl
/pkgs/synopsys/2020/design_compiler/syn/Q-2019.12-SP3/auxx/gui/common/histogram/pkgIndex.tcl
/pkgs/synopsys/2020/design_compiler/syn/Q-2019.12-SP3/auxx/gui/common/view/pkgIndex.tcl
/pkgs/synopsys/2020/design_compiler/syn/Q-2019.12-SP3/auxx/gui/common/timing/pkgIndex.tcl
/pkgs/synopsys/2020/design_compiler/syn/Q-2019.12-SP3/auxx/gui/common/commandform/pkgIndex.tcl
/pkgs/synopsys/2020/design_compiler/syn/Q-2019.12-SP3/auxx/gui/common/misc/pkgIndex.tcl
/pkgs/synopsys/2020/design_compiler/syn/Q-2019.12-SP3/auxx/gui/common/select/pkgIndex.tcl
/pkgs/synopsys/2020/design_compiler/syn/Q-2019.12-SP3/auxx/gui/common/pathinspector/pkgIndex.tcl
/pkgs/synopsys/2020/design_compiler/syn/Q-2019.12-SP3/auxx/gui/common/table/pkgIndex.tcl
/pkgs/synopsys/2020/design_compiler/syn/Q-2019.12-SP3/auxx/gui/common/qtcl/pkgIndex.tcl
/pkgs/synopsys/2020/design_compiler/syn/Q-2019.12-SP3/auxx/gui/common/opdlg/pkgIndex.tcl
/pkgs/synopsys/2020/design_compiler/syn/Q-2019.12-SP3/auxx/gui/common/libviewer/pkgIndex.tcl
/pkgs/synopsys/2020/design_compiler/syn/Q-2019.12-SP3/auxx/gui/common/fanoutviewer/pkgIndex.tcl
/pkgs/synopsys/2020/design_compiler/syn/Q-2019.12-SP3/auxx/gui/common/palettegroup/pkgIndex.tcl
/pkgs/synopsys/2020/design_compiler/syn/Q-2019.12-SP3/auxx/gui/common/layout/pkgIndex.tcl
/pkgs/synopsys/2020/design_compiler/syn/Q-2019.12-SP3/auxx/gui/dv/pkgIndex.tcl
/pkgs/synopsys/2020/design_compiler/syn/Q-2019.12-SP3/auxx/syn/lib/pkgIndex.tcl
/pkgs/synopsys/2020/design_compiler/syn/Q-2019.12-SP3/auxx/tcllib/lib/iwidgets4.1/pkgIndex.tcl
/pkgs/synopsys/2020/design_compiler/syn/Q-2019.12-SP3/auxx/tcllib/snps_tcl/snpsUtils/pkgIndex.tcl
/pkgs/synopsys/2020/design_compiler/syn/Q-2019.12-SP3/auxx/tcllib/snps_tcl/snpsTclPro/pkgIndex.tcl
/pkgs/synopsys/2020/design_compiler/syn/Q-2019.12-SP3/auxx/tcllib/snps_tcl/snpsTest/pkgIndex.tcl
/pkgs/synopsys/2020/design_compiler/syn/Q-2019.12-SP3/auxx/tcllib/snps_tcl/pkgIndex.tcl
/pkgs/synopsys/2020/design_compiler/syn/Q-2019.12-SP3/auxx/tcllib/lib/tcl8.6/platform/pkgIndex.tcl
/pkgs/synopsys/2020/design_compiler/syn/Q-2019.12-SP3/auxx/tcllib/lib/tcl8.6/opt/pkgIndex.tcl
/pkgs/synopsys/2020/design_compiler/syn/Q-2019.12-SP3/auxx/tcllib/lib/tcl8.6/dde/pkgIndex.tcl
/pkgs/synopsys/2020/design_compiler/syn/Q-2019.12-SP3/auxx/tcllib/lib/tcl8.6/tcltest/pkgIndex.tcl
/pkgs/synopsys/2020/design_compiler/syn/Q-2019.12-SP3/auxx/tcllib/lib/tcl8.6/msgcat/pkgIndex.tcl
/pkgs/synopsys/2020/design_compiler/syn/Q-2019.12-SP3/auxx/tcllib/lib/tcl8.6/reg/pkgIndex.tcl
/pkgs/synopsys/2020/design_compiler/syn/Q-2019.12-SP3/auxx/tcllib/lib/tcl8.6/http1.0/pkgIndex.tcl
/pkgs/synopsys/2020/design_compiler/syn/Q-2019.12-SP3/auxx/tcllib/lib/tcl8.6/http/pkgIndex.tcl
/pkgs/synopsys/2020/design_compiler/syn/Q-2019.12-SP3/auxx/gui/common/setup/snpsCommonSetup.tcl
/pkgs/synopsys/2020/design_compiler/syn/Q-2019.12-SP3/auxx/gui/common/setup/snpsCustomize.tcl
/pkgs/synopsys/2020/design_compiler/syn/Q-2019.12-SP3/auxx/gui/common/setup/snpsProcheck.tcl
/pkgs/synopsys/2020/design_compiler/syn/Q-2019.12-SP3/auxx/gui/common/qtcl/.synopsys_qtcl.tcl
/pkgs/synopsys/2020/design_compiler/syn/Q-2019.12-SP3/auxx/gui/common/highlight/highlight.tcl
/pkgs/synopsys/2020/design_compiler/syn/Q-2019.12-SP3/auxx/gui/common/misc/base.tcl
/pkgs/synopsys/2020/design_compiler/syn/Q-2019.12-SP3/auxx/gui/common/misc/timing.tcl
/pkgs/synopsys/2020/design_compiler/syn/Q-2019.12-SP3/auxx/gui/common/misc/setting.tcl
/pkgs/synopsys/2020/design_compiler/syn/Q-2019.12-SP3/auxx/gui/common/misc/preset.tcl
/pkgs/synopsys/2020/design_compiler/syn/Q-2019.12-SP3/auxx/gui/common/WindowFrameWork/windowFrameWork.tcl
/pkgs/synopsys/2020/design_compiler/syn/Q-2019.12-SP3/auxx/gui/common/WindowFrameWork/skipBusyCursorCmdList.tcl
/pkgs/synopsys/2020/design_compiler/syn/Q-2019.12-SP3/auxx/gui/common/docBrowser/docBrowser.tcl
/pkgs/synopsys/2020/design_compiler/syn/Q-2019.12-SP3/auxx/tcllib/snps_tcl/snpsUtils/snpsUtils.tcl
/pkgs/synopsys/2020/design_compiler/syn/Q-2019.12-SP3/auxx/gui/common/dialogs/ObjectChooser.tcl
/pkgs/synopsys/2020/design_compiler/syn/Q-2019.12-SP3/auxx/gui/common/misc/DialogObjectChooser.tcl
/pkgs/synopsys/2020/design_compiler/syn/Q-2019.12-SP3/auxx/gui/common/dialogs/HistBinInformation.tcl
/pkgs/synopsys/2020/design_compiler/syn/Q-2019.12-SP3/auxx/gui/common/dialogs/HistBin1Information.tcl
/pkgs/synopsys/2020/design_compiler/syn/Q-2019.12-SP3/auxx/gui/common/dialogs/BinsOnlyInformation.tcl
/pkgs/synopsys/2020/design_compiler/syn/Q-2019.12-SP3/auxx/gui/common/dialogs/FileChooser.tcl
/pkgs/synopsys/2020/design_compiler/syn/Q-2019.12-SP3/auxx/gui/common/dialogs/PathPinSimpleInfo.tcl
/pkgs/synopsys/2020/design_compiler/syn/Q-2019.12-SP3/auxx/gui/common/dialogs/PathsBasicInfo.tcl
/pkgs/synopsys/2020/design_compiler/syn/Q-2019.12-SP3/auxx/gui/common/dialogs/PathsBasicSimpleInfo.tcl
/pkgs/synopsys/2020/design_compiler/syn/Q-2019.12-SP3/auxx/gui/common/dialogs/SlctOperationInfo.tcl
/pkgs/synopsys/2020/design_compiler/syn/Q-2019.12-SP3/auxx/gui/common/dialogs/ObjectListInfo.tcl
/pkgs/synopsys/2020/design_compiler/syn/Q-2019.12-SP3/auxx/gui/common/dialogs/FanInOutInfo.tcl
/pkgs/synopsys/2020/design_compiler/syn/Q-2019.12-SP3/auxx/gui/common/dialogs/NumberOfLevelsChooser.tcl
/pkgs/synopsys/2020/design_compiler/syn/Q-2019.12-SP3/auxx/gui/common/dialogs/WindowReuseInfo.tcl
/pkgs/synopsys/2020/design_compiler/syn/Q-2019.12-SP3/auxx/gui/common/dialogs/ReportOutputOptionInfo.tcl
/pkgs/synopsys/2020/design_compiler/syn/Q-2019.12-SP3/auxx/gui/common/setup/snpsCollections.tcl
/pkgs/synopsys/2020/design_compiler/syn/Q-2019.12-SP3/auxx/gui/common/dialogs/CompileLinkDesign.tcl
/pkgs/synopsys/2020/design_compiler/syn/Q-2019.12-SP3/auxx/gui/common/histogram/DialogEndpointSlack.tcl
/pkgs/synopsys/2020/design_compiler/syn/Q-2019.12-SP3/auxx/gui/common/histogram/DialogPathsSlack.tcl
/pkgs/synopsys/2020/design_compiler/syn/Q-2019.12-SP3/auxx/gui/common/histogram/DialogNetCapacitance.tcl
/pkgs/synopsys/2020/design_compiler/syn/Q-2019.12-SP3/auxx/gui/common/schematic/DialogPathSchematicFanInOut.tcl
/pkgs/synopsys/2020/design_compiler/syn/Q-2019.12-SP3/auxx/gui/common/schematic/DialogPathSchematicAddPaths.tcl
/home/ramadugu/common/Documents/fresh'/final_prj-team_10-master/syn/scripts/dc.tcl
/home/ramadugu/common/Documents/fresh'/final_prj-team_10-master/ORCA_TOP.design_config.tcl
/home/ramadugu/common/Documents/fresh'/final_prj-team_10-master/syn/scripts/dc-get-timlibs.tcl
/home/ramadugu/common/Documents/fresh'/final_prj-team_10-master/syn/rtl/ORCA_TOP.sv
/pkgs/synopsys/2020/32_28nm/SAED32_EDK/lib/stdcell_hvt/db_nldm/saed32hvt_ss0p75vn40c.db
/pkgs/synopsys/2020/32_28nm/SAED32_EDK/lib/stdcell_hvt/db_nldm/saed32hvt_dlvl_ss0p75vn40c_i0p95v.db
/pkgs/synopsys/2020/32_28nm/SAED32_EDK/lib/stdcell_hvt/db_nldm/saed32hvt_ulvl_ss0p75vn40c_i0p75v.db
/pkgs/synopsys/2020/32_28nm/SAED32_EDK/lib/stdcell_hvt/db_nldm/saed32hvt_dlvl_ss0p75vn40c_i0p75v.db
/pkgs/synopsys/2020/32_28nm/SAED32_EDK/lib/stdcell_hvt/db_nldm/saed32hvt_ss0p95vn40c.db
/pkgs/synopsys/2020/32_28nm/SAED32_EDK/lib/stdcell_hvt/db_nldm/saed32hvt_ulvl_ss0p95vn40c_i0p75v.db
/pkgs/synopsys/2020/32_28nm/SAED32_EDK/lib/stdcell_rvt/db_nldm/saed32rvt_ss0p75vn40c.db
/pkgs/synopsys/2020/32_28nm/SAED32_EDK/lib/stdcell_rvt/db_nldm/saed32rvt_dlvl_ss0p75vn40c_i0p95v.db
/pkgs/synopsys/2020/32_28nm/SAED32_EDK/lib/stdcell_rvt/db_nldm/saed32rvt_ulvl_ss0p75vn40c_i0p75v.db
/pkgs/synopsys/2020/32_28nm/SAED32_EDK/lib/stdcell_rvt/db_nldm/saed32rvt_dlvl_ss0p75vn40c_i0p75v.db
/pkgs/synopsys/2020/32_28nm/SAED32_EDK/lib/stdcell_rvt/db_nldm/saed32rvt_ss0p95vn40c.db
/pkgs/synopsys/2020/32_28nm/SAED32_EDK/lib/stdcell_rvt/db_nldm/saed32rvt_ulvl_ss0p95vn40c_i0p75v.db
/pkgs/synopsys/2020/32_28nm/SAED32_EDK/lib/stdcell_lvt/db_nldm/saed32lvt_ss0p75vn40c.db
/pkgs/synopsys/2020/32_28nm/SAED32_EDK/lib/stdcell_lvt/db_nldm/saed32lvt_dlvl_ss0p75vn40c_i0p95v.db
/pkgs/synopsys/2020/32_28nm/SAED32_EDK/lib/stdcell_lvt/db_nldm/saed32lvt_ulvl_ss0p75vn40c_i0p75v.db
/pkgs/synopsys/2020/32_28nm/SAED32_EDK/lib/stdcell_lvt/db_nldm/saed32lvt_dlvl_ss0p75vn40c_i0p75v.db
/pkgs/synopsys/2020/32_28nm/SAED32_EDK/lib/stdcell_lvt/db_nldm/saed32lvt_ss0p95vn40c.db
/pkgs/synopsys/2020/32_28nm/SAED32_EDK/lib/stdcell_lvt/db_nldm/saed32lvt_ulvl_ss0p95vn40c_i0p75v.db
/pkgs/synopsys/2020/32_28nm/SAED32_EDK/lib/sram/db_nldm/saed32sram_ss0p95vn40c.db
/pkgs/synopsys/2020/design_compiler/syn/Q-2019.12-SP3/libraries/syn/dw_foundation.sldb
/pkgs/synopsys/2020/design_compiler/syn/Q-2019.12-SP3/libraries/syn/gtech.db
/pkgs/synopsys/2020/design_compiler/syn/Q-2019.12-SP3/libraries/syn/standard.sldb
/home/ramadugu/common/Documents/fresh'/final_prj-team_10-master/constraints/ORCA_TOP.sdc
/home/ramadugu/common/Documents/fresh'/final_prj-team_10-master/constraints/ORCA_TOP.upf
/home/ramadugu/common/Documents/fresh'/final_prj-team_10-master/constraints/ORCA_TOP_func_worst.sdc
/pkgs/synopsys/2020/32_28nm/SAED32_EDK/lib/stdcell_hvt/db_nldm/saed32hvt_ulvl_ss0p95vn40c_i0p95v.db
/pkgs/synopsys/2020/32_28nm/SAED32_EDK/lib/stdcell_hvt/db_nldm/saed32hvt_ulvl_ss0p95vn40c_i0p7v.db
/pkgs/synopsys/2020/32_28nm/SAED32_EDK/lib/stdcell_hvt/db_nldm/saed32hvt_dlvl_ss0p95vn40c_i0p95v.db
/pkgs/synopsys/2020/32_28nm/SAED32_EDK/lib/stdcell_lvt/db_nldm/saed32lvt_ulvl_ss0p95vn40c_i0p95v.db
/pkgs/synopsys/2020/32_28nm/SAED32_EDK/lib/stdcell_lvt/db_nldm/saed32lvt_ulvl_ss0p95vn40c_i0p7v.db
/pkgs/synopsys/2020/32_28nm/SAED32_EDK/lib/stdcell_lvt/db_nldm/saed32lvt_dlvl_ss0p95vn40c_i0p95v.db
/pkgs/synopsys/2020/32_28nm/SAED32_EDK/lib/stdcell_hvt/db_nldm/saed32hvt_ss0p75vn40c.db
/pkgs/synopsys/2020/32_28nm/SAED32_EDK/lib/stdcell_hvt/db_nldm/saed32hvt_ulvl_ss0p75vn40c_i0p75v.db
/pkgs/synopsys/2020/32_28nm/SAED32_EDK/lib/stdcell_hvt/db_nldm/saed32hvt_dlvl_ss0p75vn40c_i0p75v.db
/pkgs/synopsys/2020/32_28nm/SAED32_EDK/lib/stdcell_hvt/db_nldm/saed32hvt_dlvl_ss0p75vn40c_i0p95v.db
/pkgs/synopsys/2020/32_28nm/SAED32_EDK/lib/stdcell_hvt/db_nldm/saed32hvt_ss0p95vn40c.db
/pkgs/synopsys/2020/32_28nm/SAED32_EDK/lib/stdcell_hvt/db_nldm/saed32hvt_ulvl_ss0p95vn40c_i0p95v.db
/pkgs/synopsys/2020/32_28nm/SAED32_EDK/lib/stdcell_hvt/db_nldm/saed32hvt_ulvl_ss0p95vn40c_i0p75v.db
/pkgs/synopsys/2020/32_28nm/SAED32_EDK/lib/stdcell_hvt/db_nldm/saed32hvt_ulvl_ss0p95vn40c_i0p7v.db
/pkgs/synopsys/2020/32_28nm/SAED32_EDK/lib/stdcell_hvt/db_nldm/saed32hvt_dlvl_ss0p95vn40c_i0p95v.db
/pkgs/synopsys/2020/32_28nm/SAED32_EDK/lib/stdcell_lvt/db_nldm/saed32lvt_ss0p75vn40c.db
/pkgs/synopsys/2020/32_28nm/SAED32_EDK/lib/stdcell_lvt/db_nldm/saed32lvt_ulvl_ss0p75vn40c_i0p75v.db
/pkgs/synopsys/2020/32_28nm/SAED32_EDK/lib/stdcell_lvt/db_nldm/saed32lvt_dlvl_ss0p75vn40c_i0p75v.db
/pkgs/synopsys/2020/32_28nm/SAED32_EDK/lib/stdcell_lvt/db_nldm/saed32lvt_dlvl_ss0p75vn40c_i0p95v.db
/pkgs/synopsys/2020/32_28nm/SAED32_EDK/lib/stdcell_lvt/db_nldm/saed32lvt_ss0p95vn40c.db
/pkgs/synopsys/2020/32_28nm/SAED32_EDK/lib/stdcell_lvt/db_nldm/saed32lvt_ulvl_ss0p95vn40c_i0p95v.db
/pkgs/synopsys/2020/32_28nm/SAED32_EDK/lib/stdcell_lvt/db_nldm/saed32lvt_ulvl_ss0p95vn40c_i0p75v.db
/pkgs/synopsys/2020/32_28nm/SAED32_EDK/lib/stdcell_lvt/db_nldm/saed32lvt_ulvl_ss0p95vn40c_i0p7v.db
/pkgs/synopsys/2020/32_28nm/SAED32_EDK/lib/stdcell_lvt/db_nldm/saed32lvt_dlvl_ss0p95vn40c_i0p95v.db
/home/ramadugu/common/Documents/fresh'/final_prj-team_10-master/syn/work/alib-52/saed32hvt_ulvl_ss0p75vn40c_i0p75v.db.alib
/home/ramadugu/common/Documents/fresh'/final_prj-team_10-master/syn/work/alib-52/saed32hvt_dlvl_ss0p75vn40c_i0p75v.db.alib
/home/ramadugu/common/Documents/fresh'/final_prj-team_10-master/syn/work/alib-52/saed32hvt_dlvl_ss0p75vn40c_i0p95v.db.alib
/home/ramadugu/common/Documents/fresh'/final_prj-team_10-master/syn/work/alib-52/saed32hvt_ulvl_ss0p95vn40c_i0p95v.db.alib
/home/ramadugu/common/Documents/fresh'/final_prj-team_10-master/syn/work/alib-52/saed32hvt_ulvl_ss0p95vn40c_i0p75v.db.alib
/home/ramadugu/common/Documents/fresh'/final_prj-team_10-master/syn/work/alib-52/saed32hvt_ulvl_ss0p95vn40c_i0p7v.db.alib
/home/ramadugu/common/Documents/fresh'/final_prj-team_10-master/syn/work/alib-52/saed32hvt_dlvl_ss0p95vn40c_i0p95v.db.alib
/home/ramadugu/common/Documents/fresh'/final_prj-team_10-master/syn/work/alib-52/saed32lvt_ulvl_ss0p75vn40c_i0p75v.db.alib
/home/ramadugu/common/Documents/fresh'/final_prj-team_10-master/syn/work/alib-52/saed32lvt_dlvl_ss0p75vn40c_i0p75v.db.alib
/home/ramadugu/common/Documents/fresh'/final_prj-team_10-master/syn/work/alib-52/saed32lvt_dlvl_ss0p75vn40c_i0p95v.db.alib
/home/ramadugu/common/Documents/fresh'/final_prj-team_10-master/syn/work/alib-52/saed32lvt_ulvl_ss0p95vn40c_i0p95v.db.alib
/home/ramadugu/common/Documents/fresh'/final_prj-team_10-master/syn/work/alib-52/saed32lvt_ulvl_ss0p95vn40c_i0p75v.db.alib
/home/ramadugu/common/Documents/fresh'/final_prj-team_10-master/syn/work/alib-52/saed32lvt_ulvl_ss0p95vn40c_i0p7v.db.alib
/home/ramadugu/common/Documents/fresh'/final_prj-team_10-master/syn/work/alib-52/saed32lvt_dlvl_ss0p95vn40c_i0p95v.db.alib
/home/ramadugu/common/Documents/fresh'/final_prj-team_10-master/syn/work/alib-52/saed32hvt_ss0p75vn40c.db.alib
/home/ramadugu/common/Documents/fresh'/final_prj-team_10-master/syn/work/alib-52/alib_analyze_libs.tcl.e
/home/ramadugu/common/Documents/fresh'/final_prj-team_10-master/syn/work/alib-52/saed32hvt_ss0p95vn40c.db.alib
/home/ramadugu/common/Documents/fresh'/final_prj-team_10-master/syn/work/alib-52/alib_analyze_libs.tcl.e
/home/ramadugu/common/Documents/fresh'/final_prj-team_10-master/syn/work/alib-52/saed32lvt_ss0p75vn40c.db.alib
/home/ramadugu/common/Documents/fresh'/final_prj-team_10-master/syn/work/alib-52/alib_analyze_libs.tcl.e
/home/ramadugu/common/Documents/fresh'/final_prj-team_10-master/syn/work/alib-52/saed32lvt_ss0p95vn40c.db.alib
/home/ramadugu/common/Documents/fresh'/final_prj-team_10-master/syn/work/alib-52/alib_analyze_libs.tcl.e
/pkgs/synopsys/2020/32_28nm/SAED32_EDK/lib/stdcell_hvt/db_nldm/saed32hvt_dlvl_ss0p75vn40c_i0p95v.db
/pkgs/synopsys/2020/32_28nm/SAED32_EDK/lib/stdcell_hvt/db_nldm/saed32hvt_ss0p95vn40c.db
/pkgs/synopsys/2020/32_28nm/SAED32_EDK/lib/stdcell_hvt/db_nldm/saed32hvt_ulvl_ss0p95vn40c_i0p95v.db
/pkgs/synopsys/2020/32_28nm/SAED32_EDK/lib/stdcell_hvt/db_nldm/saed32hvt_ulvl_ss0p95vn40c_i0p75v.db
/pkgs/synopsys/2020/32_28nm/SAED32_EDK/lib/stdcell_hvt/db_nldm/saed32hvt_ulvl_ss0p95vn40c_i0p7v.db
/pkgs/synopsys/2020/32_28nm/SAED32_EDK/lib/stdcell_hvt/db_nldm/saed32hvt_dlvl_ss0p95vn40c_i0p95v.db
/pkgs/synopsys/2020/32_28nm/SAED32_EDK/lib/stdcell_lvt/db_nldm/saed32lvt_dlvl_ss0p75vn40c_i0p95v.db
/pkgs/synopsys/2020/32_28nm/SAED32_EDK/lib/stdcell_lvt/db_nldm/saed32lvt_ss0p95vn40c.db
/pkgs/synopsys/2020/32_28nm/SAED32_EDK/lib/stdcell_lvt/db_nldm/saed32lvt_ulvl_ss0p95vn40c_i0p95v.db
/pkgs/synopsys/2020/32_28nm/SAED32_EDK/lib/stdcell_lvt/db_nldm/saed32lvt_ulvl_ss0p95vn40c_i0p75v.db
/pkgs/synopsys/2020/32_28nm/SAED32_EDK/lib/stdcell_lvt/db_nldm/saed32lvt_ulvl_ss0p95vn40c_i0p7v.db
/pkgs/synopsys/2020/32_28nm/SAED32_EDK/lib/stdcell_lvt/db_nldm/saed32lvt_dlvl_ss0p95vn40c_i0p95v.db
/home/ramadugu/common/Documents/fresh'/final_prj-team_10-master/syn/work/alib-52/saed32hvt_dlvl_ss0p75vn40c_i0p95v.db.alib
/home/ramadugu/common/Documents/fresh'/final_prj-team_10-master/syn/work/alib-52/saed32hvt_ss0p95vn40c.db.alib
/home/ramadugu/common/Documents/fresh'/final_prj-team_10-master/syn/work/alib-52/saed32hvt_ulvl_ss0p95vn40c_i0p95v.db.alib
/home/ramadugu/common/Documents/fresh'/final_prj-team_10-master/syn/work/alib-52/saed32hvt_ulvl_ss0p95vn40c_i0p75v.db.alib
/home/ramadugu/common/Documents/fresh'/final_prj-team_10-master/syn/work/alib-52/saed32hvt_ulvl_ss0p95vn40c_i0p7v.db.alib
/home/ramadugu/common/Documents/fresh'/final_prj-team_10-master/syn/work/alib-52/saed32hvt_dlvl_ss0p95vn40c_i0p95v.db.alib
/home/ramadugu/common/Documents/fresh'/final_prj-team_10-master/syn/work/alib-52/saed32lvt_dlvl_ss0p75vn40c_i0p95v.db.alib
/home/ramadugu/common/Documents/fresh'/final_prj-team_10-master/syn/work/alib-52/saed32lvt_ss0p95vn40c.db.alib
/home/ramadugu/common/Documents/fresh'/final_prj-team_10-master/syn/work/alib-52/saed32lvt_ulvl_ss0p95vn40c_i0p95v.db.alib
/home/ramadugu/common/Documents/fresh'/final_prj-team_10-master/syn/work/alib-52/saed32lvt_ulvl_ss0p95vn40c_i0p75v.db.alib
/home/ramadugu/common/Documents/fresh'/final_prj-team_10-master/syn/work/alib-52/saed32lvt_ulvl_ss0p95vn40c_i0p7v.db.alib
/home/ramadugu/common/Documents/fresh'/final_prj-team_10-master/syn/work/alib-52/saed32lvt_dlvl_ss0p95vn40c_i0p95v.db.alib
/pkgs/synopsys/2020/32_28nm/SAED32_EDK/lib/stdcell_hvt/db_nldm/saed32hvt_ss0p75vn40c.db
/pkgs/synopsys/2020/32_28nm/SAED32_EDK/lib/stdcell_hvt/db_nldm/saed32hvt_ulvl_ss0p75vn40c_i0p75v.db
/pkgs/synopsys/2020/32_28nm/SAED32_EDK/lib/stdcell_hvt/db_nldm/saed32hvt_dlvl_ss0p75vn40c_i0p75v.db
/pkgs/synopsys/2020/32_28nm/SAED32_EDK/lib/stdcell_lvt/db_nldm/saed32lvt_ss0p75vn40c.db
/pkgs/synopsys/2020/32_28nm/SAED32_EDK/lib/stdcell_lvt/db_nldm/saed32lvt_ulvl_ss0p75vn40c_i0p75v.db
/pkgs/synopsys/2020/32_28nm/SAED32_EDK/lib/stdcell_lvt/db_nldm/saed32lvt_dlvl_ss0p75vn40c_i0p75v.db
/home/ramadugu/common/Documents/fresh'/final_prj-team_10-master/syn/work/alib-52/saed32hvt_ss0p75vn40c.db.alib
/home/ramadugu/common/Documents/fresh'/final_prj-team_10-master/syn/work/alib-52/saed32hvt_ulvl_ss0p75vn40c_i0p75v.db.alib
/home/ramadugu/common/Documents/fresh'/final_prj-team_10-master/syn/work/alib-52/saed32hvt_dlvl_ss0p75vn40c_i0p75v.db.alib
/home/ramadugu/common/Documents/fresh'/final_prj-team_10-master/syn/work/alib-52/saed32lvt_ss0p75vn40c.db.alib
/home/ramadugu/common/Documents/fresh'/final_prj-team_10-master/syn/work/alib-52/saed32lvt_ulvl_ss0p75vn40c_i0p75v.db.alib
/home/ramadugu/common/Documents/fresh'/final_prj-team_10-master/syn/work/alib-52/saed32lvt_dlvl_ss0p75vn40c_i0p75v.db.alib
/pkgs/synopsys/2020/32_28nm/SAED32_EDK/lib/stdcell_hvt/db_nldm/saed32hvt_dlvl_ss0p75vn40c_i0p95v.db
/pkgs/synopsys/2020/32_28nm/SAED32_EDK/lib/stdcell_hvt/db_nldm/saed32hvt_ss0p95vn40c.db
/pkgs/synopsys/2020/32_28nm/SAED32_EDK/lib/stdcell_hvt/db_nldm/saed32hvt_ulvl_ss0p95vn40c_i0p95v.db
/pkgs/synopsys/2020/32_28nm/SAED32_EDK/lib/stdcell_hvt/db_nldm/saed32hvt_ulvl_ss0p95vn40c_i0p75v.db
/pkgs/synopsys/2020/32_28nm/SAED32_EDK/lib/stdcell_hvt/db_nldm/saed32hvt_ulvl_ss0p95vn40c_i0p7v.db
/pkgs/synopsys/2020/32_28nm/SAED32_EDK/lib/stdcell_hvt/db_nldm/saed32hvt_dlvl_ss0p95vn40c_i0p95v.db
/pkgs/synopsys/2020/32_28nm/SAED32_EDK/lib/stdcell_lvt/db_nldm/saed32lvt_dlvl_ss0p75vn40c_i0p95v.db
/pkgs/synopsys/2020/32_28nm/SAED32_EDK/lib/stdcell_lvt/db_nldm/saed32lvt_ss0p95vn40c.db
/pkgs/synopsys/2020/32_28nm/SAED32_EDK/lib/stdcell_lvt/db_nldm/saed32lvt_ulvl_ss0p95vn40c_i0p95v.db
/pkgs/synopsys/2020/32_28nm/SAED32_EDK/lib/stdcell_lvt/db_nldm/saed32lvt_ulvl_ss0p95vn40c_i0p75v.db
/pkgs/synopsys/2020/32_28nm/SAED32_EDK/lib/stdcell_lvt/db_nldm/saed32lvt_ulvl_ss0p95vn40c_i0p7v.db
/pkgs/synopsys/2020/32_28nm/SAED32_EDK/lib/stdcell_lvt/db_nldm/saed32lvt_dlvl_ss0p95vn40c_i0p95v.db
/home/ramadugu/common/Documents/fresh'/final_prj-team_10-master/syn/work/alib-52/saed32hvt_dlvl_ss0p75vn40c_i0p95v.db.alib
/home/ramadugu/common/Documents/fresh'/final_prj-team_10-master/syn/work/alib-52/saed32hvt_ss0p95vn40c.db.alib
/home/ramadugu/common/Documents/fresh'/final_prj-team_10-master/syn/work/alib-52/saed32hvt_ulvl_ss0p95vn40c_i0p95v.db.alib
/home/ramadugu/common/Documents/fresh'/final_prj-team_10-master/syn/work/alib-52/saed32hvt_ulvl_ss0p95vn40c_i0p75v.db.alib
/home/ramadugu/common/Documents/fresh'/final_prj-team_10-master/syn/work/alib-52/saed32hvt_ulvl_ss0p95vn40c_i0p7v.db.alib
/home/ramadugu/common/Documents/fresh'/final_prj-team_10-master/syn/work/alib-52/saed32hvt_dlvl_ss0p95vn40c_i0p95v.db.alib
/home/ramadugu/common/Documents/fresh'/final_prj-team_10-master/syn/work/alib-52/saed32lvt_dlvl_ss0p75vn40c_i0p95v.db.alib
/home/ramadugu/common/Documents/fresh'/final_prj-team_10-master/syn/work/alib-52/saed32lvt_ss0p95vn40c.db.alib
/home/ramadugu/common/Documents/fresh'/final_prj-team_10-master/syn/work/alib-52/saed32lvt_ulvl_ss0p95vn40c_i0p95v.db.alib
/home/ramadugu/common/Documents/fresh'/final_prj-team_10-master/syn/work/alib-52/saed32lvt_ulvl_ss0p95vn40c_i0p75v.db.alib
/home/ramadugu/common/Documents/fresh'/final_prj-team_10-master/syn/work/alib-52/saed32lvt_ulvl_ss0p95vn40c_i0p7v.db.alib
/home/ramadugu/common/Documents/fresh'/final_prj-team_10-master/syn/work/alib-52/saed32lvt_dlvl_ss0p95vn40c_i0p95v.db.alib
/pkgs/synopsys/2020/32_28nm/SAED32_EDK/lib/stdcell_hvt/db_nldm/saed32hvt_ss0p75vn40c.db
/pkgs/synopsys/2020/32_28nm/SAED32_EDK/lib/stdcell_hvt/db_nldm/saed32hvt_ulvl_ss0p75vn40c_i0p75v.db
/pkgs/synopsys/2020/32_28nm/SAED32_EDK/lib/stdcell_hvt/db_nldm/saed32hvt_dlvl_ss0p75vn40c_i0p75v.db
/pkgs/synopsys/2020/32_28nm/SAED32_EDK/lib/stdcell_lvt/db_nldm/saed32lvt_ss0p75vn40c.db
/pkgs/synopsys/2020/32_28nm/SAED32_EDK/lib/stdcell_lvt/db_nldm/saed32lvt_ulvl_ss0p75vn40c_i0p75v.db
/pkgs/synopsys/2020/32_28nm/SAED32_EDK/lib/stdcell_lvt/db_nldm/saed32lvt_dlvl_ss0p75vn40c_i0p75v.db
/home/ramadugu/common/Documents/fresh'/final_prj-team_10-master/syn/work/alib-52/saed32hvt_ss0p75vn40c.db.alib
/home/ramadugu/common/Documents/fresh'/final_prj-team_10-master/syn/work/alib-52/saed32hvt_ulvl_ss0p75vn40c_i0p75v.db.alib
/home/ramadugu/common/Documents/fresh'/final_prj-team_10-master/syn/work/alib-52/saed32hvt_dlvl_ss0p75vn40c_i0p75v.db.alib
/home/ramadugu/common/Documents/fresh'/final_prj-team_10-master/syn/work/alib-52/saed32lvt_ss0p75vn40c.db.alib
/home/ramadugu/common/Documents/fresh'/final_prj-team_10-master/syn/work/alib-52/saed32lvt_ulvl_ss0p75vn40c_i0p75v.db.alib
/home/ramadugu/common/Documents/fresh'/final_prj-team_10-master/syn/work/alib-52/saed32lvt_dlvl_ss0p75vn40c_i0p75v.db.alib
/pkgs/synopsys/2020/32_28nm/SAED32_EDK/lib/stdcell_hvt/db_nldm/saed32hvt_dlvl_ss0p75vn40c_i0p95v.db
/pkgs/synopsys/2020/32_28nm/SAED32_EDK/lib/stdcell_hvt/db_nldm/saed32hvt_ss0p95vn40c.db
/pkgs/synopsys/2020/32_28nm/SAED32_EDK/lib/stdcell_hvt/db_nldm/saed32hvt_ulvl_ss0p95vn40c_i0p95v.db
/pkgs/synopsys/2020/32_28nm/SAED32_EDK/lib/stdcell_hvt/db_nldm/saed32hvt_ulvl_ss0p95vn40c_i0p75v.db
/pkgs/synopsys/2020/32_28nm/SAED32_EDK/lib/stdcell_hvt/db_nldm/saed32hvt_ulvl_ss0p95vn40c_i0p7v.db
/pkgs/synopsys/2020/32_28nm/SAED32_EDK/lib/stdcell_hvt/db_nldm/saed32hvt_dlvl_ss0p95vn40c_i0p95v.db
/pkgs/synopsys/2020/32_28nm/SAED32_EDK/lib/stdcell_lvt/db_nldm/saed32lvt_dlvl_ss0p75vn40c_i0p95v.db
/pkgs/synopsys/2020/32_28nm/SAED32_EDK/lib/stdcell_lvt/db_nldm/saed32lvt_ss0p95vn40c.db
/pkgs/synopsys/2020/32_28nm/SAED32_EDK/lib/stdcell_lvt/db_nldm/saed32lvt_ulvl_ss0p95vn40c_i0p95v.db
/pkgs/synopsys/2020/32_28nm/SAED32_EDK/lib/stdcell_lvt/db_nldm/saed32lvt_ulvl_ss0p95vn40c_i0p75v.db
/pkgs/synopsys/2020/32_28nm/SAED32_EDK/lib/stdcell_lvt/db_nldm/saed32lvt_ulvl_ss0p95vn40c_i0p7v.db
/pkgs/synopsys/2020/32_28nm/SAED32_EDK/lib/stdcell_lvt/db_nldm/saed32lvt_dlvl_ss0p95vn40c_i0p95v.db
/home/ramadugu/common/Documents/fresh'/final_prj-team_10-master/syn/work/alib-52/saed32hvt_dlvl_ss0p75vn40c_i0p95v.db.alib
/home/ramadugu/common/Documents/fresh'/final_prj-team_10-master/syn/work/alib-52/saed32hvt_ss0p95vn40c.db.alib
/home/ramadugu/common/Documents/fresh'/final_prj-team_10-master/syn/work/alib-52/saed32hvt_ulvl_ss0p95vn40c_i0p95v.db.alib
/home/ramadugu/common/Documents/fresh'/final_prj-team_10-master/syn/work/alib-52/saed32hvt_ulvl_ss0p95vn40c_i0p75v.db.alib
/home/ramadugu/common/Documents/fresh'/final_prj-team_10-master/syn/work/alib-52/saed32hvt_ulvl_ss0p95vn40c_i0p7v.db.alib
/home/ramadugu/common/Documents/fresh'/final_prj-team_10-master/syn/work/alib-52/saed32hvt_dlvl_ss0p95vn40c_i0p95v.db.alib
/home/ramadugu/common/Documents/fresh'/final_prj-team_10-master/syn/work/alib-52/saed32lvt_dlvl_ss0p75vn40c_i0p95v.db.alib
/home/ramadugu/common/Documents/fresh'/final_prj-team_10-master/syn/work/alib-52/saed32lvt_ss0p95vn40c.db.alib
/home/ramadugu/common/Documents/fresh'/final_prj-team_10-master/syn/work/alib-52/saed32lvt_ulvl_ss0p95vn40c_i0p95v.db.alib
/home/ramadugu/common/Documents/fresh'/final_prj-team_10-master/syn/work/alib-52/saed32lvt_ulvl_ss0p95vn40c_i0p75v.db.alib
/home/ramadugu/common/Documents/fresh'/final_prj-team_10-master/syn/work/alib-52/saed32lvt_ulvl_ss0p95vn40c_i0p7v.db.alib
/home/ramadugu/common/Documents/fresh'/final_prj-team_10-master/syn/work/alib-52/saed32lvt_dlvl_ss0p95vn40c_i0p95v.db.alib
/pkgs/synopsys/2020/32_28nm/SAED32_EDK/lib/stdcell_hvt/db_nldm/saed32hvt_ss0p75vn40c.db
/pkgs/synopsys/2020/32_28nm/SAED32_EDK/lib/stdcell_hvt/db_nldm/saed32hvt_ulvl_ss0p75vn40c_i0p75v.db
/pkgs/synopsys/2020/32_28nm/SAED32_EDK/lib/stdcell_hvt/db_nldm/saed32hvt_dlvl_ss0p75vn40c_i0p75v.db
/pkgs/synopsys/2020/32_28nm/SAED32_EDK/lib/stdcell_lvt/db_nldm/saed32lvt_ss0p75vn40c.db
/pkgs/synopsys/2020/32_28nm/SAED32_EDK/lib/stdcell_lvt/db_nldm/saed32lvt_ulvl_ss0p75vn40c_i0p75v.db
/pkgs/synopsys/2020/32_28nm/SAED32_EDK/lib/stdcell_lvt/db_nldm/saed32lvt_dlvl_ss0p75vn40c_i0p75v.db
/home/ramadugu/common/Documents/fresh'/final_prj-team_10-master/syn/work/alib-52/saed32hvt_ss0p75vn40c.db.alib
/home/ramadugu/common/Documents/fresh'/final_prj-team_10-master/syn/work/alib-52/saed32hvt_ulvl_ss0p75vn40c_i0p75v.db.alib
/home/ramadugu/common/Documents/fresh'/final_prj-team_10-master/syn/work/alib-52/saed32hvt_dlvl_ss0p75vn40c_i0p75v.db.alib
/home/ramadugu/common/Documents/fresh'/final_prj-team_10-master/syn/work/alib-52/saed32lvt_ss0p75vn40c.db.alib
/home/ramadugu/common/Documents/fresh'/final_prj-team_10-master/syn/work/alib-52/saed32lvt_ulvl_ss0p75vn40c_i0p75v.db.alib
/home/ramadugu/common/Documents/fresh'/final_prj-team_10-master/syn/work/alib-52/saed32lvt_dlvl_ss0p75vn40c_i0p75v.db.alib
/pkgs/synopsys/2020/32_28nm/SAED32_EDK/lib/stdcell_hvt/db_nldm/saed32hvt_dlvl_ss0p75vn40c_i0p95v.db
/pkgs/synopsys/2020/32_28nm/SAED32_EDK/lib/stdcell_hvt/db_nldm/saed32hvt_ss0p95vn40c.db
/pkgs/synopsys/2020/32_28nm/SAED32_EDK/lib/stdcell_hvt/db_nldm/saed32hvt_ulvl_ss0p95vn40c_i0p95v.db
/pkgs/synopsys/2020/32_28nm/SAED32_EDK/lib/stdcell_hvt/db_nldm/saed32hvt_ulvl_ss0p95vn40c_i0p75v.db
/pkgs/synopsys/2020/32_28nm/SAED32_EDK/lib/stdcell_hvt/db_nldm/saed32hvt_ulvl_ss0p95vn40c_i0p7v.db
/pkgs/synopsys/2020/32_28nm/SAED32_EDK/lib/stdcell_hvt/db_nldm/saed32hvt_dlvl_ss0p95vn40c_i0p95v.db
/pkgs/synopsys/2020/32_28nm/SAED32_EDK/lib/stdcell_lvt/db_nldm/saed32lvt_dlvl_ss0p75vn40c_i0p95v.db
/pkgs/synopsys/2020/32_28nm/SAED32_EDK/lib/stdcell_lvt/db_nldm/saed32lvt_ss0p95vn40c.db
/pkgs/synopsys/2020/32_28nm/SAED32_EDK/lib/stdcell_lvt/db_nldm/saed32lvt_ulvl_ss0p95vn40c_i0p95v.db
/pkgs/synopsys/2020/32_28nm/SAED32_EDK/lib/stdcell_lvt/db_nldm/saed32lvt_ulvl_ss0p95vn40c_i0p75v.db
/pkgs/synopsys/2020/32_28nm/SAED32_EDK/lib/stdcell_lvt/db_nldm/saed32lvt_ulvl_ss0p95vn40c_i0p7v.db
/pkgs/synopsys/2020/32_28nm/SAED32_EDK/lib/stdcell_lvt/db_nldm/saed32lvt_dlvl_ss0p95vn40c_i0p95v.db
/home/ramadugu/common/Documents/fresh'/final_prj-team_10-master/syn/work/alib-52/saed32hvt_dlvl_ss0p75vn40c_i0p95v.db.alib
/home/ramadugu/common/Documents/fresh'/final_prj-team_10-master/syn/work/alib-52/saed32hvt_ss0p95vn40c.db.alib
/home/ramadugu/common/Documents/fresh'/final_prj-team_10-master/syn/work/alib-52/saed32hvt_ulvl_ss0p95vn40c_i0p95v.db.alib
/home/ramadugu/common/Documents/fresh'/final_prj-team_10-master/syn/work/alib-52/saed32hvt_ulvl_ss0p95vn40c_i0p75v.db.alib
/home/ramadugu/common/Documents/fresh'/final_prj-team_10-master/syn/work/alib-52/saed32hvt_ulvl_ss0p95vn40c_i0p7v.db.alib
/home/ramadugu/common/Documents/fresh'/final_prj-team_10-master/syn/work/alib-52/saed32hvt_dlvl_ss0p95vn40c_i0p95v.db.alib
/home/ramadugu/common/Documents/fresh'/final_prj-team_10-master/syn/work/alib-52/saed32lvt_dlvl_ss0p75vn40c_i0p95v.db.alib
/home/ramadugu/common/Documents/fresh'/final_prj-team_10-master/syn/work/alib-52/saed32lvt_ss0p95vn40c.db.alib
/home/ramadugu/common/Documents/fresh'/final_prj-team_10-master/syn/work/alib-52/saed32lvt_ulvl_ss0p95vn40c_i0p95v.db.alib
/home/ramadugu/common/Documents/fresh'/final_prj-team_10-master/syn/work/alib-52/saed32lvt_ulvl_ss0p95vn40c_i0p75v.db.alib
/home/ramadugu/common/Documents/fresh'/final_prj-team_10-master/syn/work/alib-52/saed32lvt_ulvl_ss0p95vn40c_i0p7v.db.alib
/home/ramadugu/common/Documents/fresh'/final_prj-team_10-master/syn/work/alib-52/saed32lvt_dlvl_ss0p95vn40c_i0p95v.db.alib
/pkgs/synopsys/2020/32_28nm/SAED32_EDK/lib/stdcell_hvt/db_nldm/saed32hvt_ss0p75vn40c.db
/pkgs/synopsys/2020/32_28nm/SAED32_EDK/lib/stdcell_hvt/db_nldm/saed32hvt_ulvl_ss0p75vn40c_i0p75v.db
/pkgs/synopsys/2020/32_28nm/SAED32_EDK/lib/stdcell_hvt/db_nldm/saed32hvt_dlvl_ss0p75vn40c_i0p75v.db
/pkgs/synopsys/2020/32_28nm/SAED32_EDK/lib/stdcell_lvt/db_nldm/saed32lvt_ss0p75vn40c.db
/pkgs/synopsys/2020/32_28nm/SAED32_EDK/lib/stdcell_lvt/db_nldm/saed32lvt_ulvl_ss0p75vn40c_i0p75v.db
/pkgs/synopsys/2020/32_28nm/SAED32_EDK/lib/stdcell_lvt/db_nldm/saed32lvt_dlvl_ss0p75vn40c_i0p75v.db
/home/ramadugu/common/Documents/fresh'/final_prj-team_10-master/syn/work/alib-52/saed32hvt_ss0p75vn40c.db.alib
/home/ramadugu/common/Documents/fresh'/final_prj-team_10-master/syn/work/alib-52/saed32hvt_ulvl_ss0p75vn40c_i0p75v.db.alib
/home/ramadugu/common/Documents/fresh'/final_prj-team_10-master/syn/work/alib-52/saed32hvt_dlvl_ss0p75vn40c_i0p75v.db.alib
/home/ramadugu/common/Documents/fresh'/final_prj-team_10-master/syn/work/alib-52/saed32lvt_ss0p75vn40c.db.alib
/home/ramadugu/common/Documents/fresh'/final_prj-team_10-master/syn/work/alib-52/saed32lvt_ulvl_ss0p75vn40c_i0p75v.db.alib
/home/ramadugu/common/Documents/fresh'/final_prj-team_10-master/syn/work/alib-52/saed32lvt_dlvl_ss0p75vn40c_i0p75v.db.alib
/pkgs/synopsys/2020/32_28nm/SAED32_EDK/lib/stdcell_hvt/db_nldm/saed32hvt_ss0p75vn40c.db
/pkgs/synopsys/2020/32_28nm/SAED32_EDK/lib/stdcell_hvt/db_nldm/saed32hvt_ss0p95vn40c.db
/pkgs/synopsys/2020/32_28nm/SAED32_EDK/lib/stdcell_rvt/db_nldm/saed32rvt_ss0p75vn40c.db
/pkgs/synopsys/2020/32_28nm/SAED32_EDK/lib/stdcell_rvt/db_nldm/saed32rvt_dlvl_ss0p75vn40c_i0p95v.db
/pkgs/synopsys/2020/32_28nm/SAED32_EDK/lib/stdcell_rvt/db_nldm/saed32rvt_ulvl_ss0p75vn40c_i0p75v.db
/pkgs/synopsys/2020/32_28nm/SAED32_EDK/lib/stdcell_rvt/db_nldm/saed32rvt_dlvl_ss0p75vn40c_i0p75v.db
/pkgs/synopsys/2020/32_28nm/SAED32_EDK/lib/stdcell_rvt/db_nldm/saed32rvt_ss0p95vn40c.db
/pkgs/synopsys/2020/32_28nm/SAED32_EDK/lib/stdcell_rvt/db_nldm/saed32rvt_ulvl_ss0p95vn40c_i0p75v.db
/pkgs/synopsys/2020/32_28nm/SAED32_EDK/lib/stdcell_lvt/db_nldm/saed32lvt_ss0p75vn40c.db
/pkgs/synopsys/2020/32_28nm/SAED32_EDK/lib/stdcell_lvt/db_nldm/saed32lvt_ss0p95vn40c.db
/pkgs/synopsys/2020/32_28nm/SAED32_EDK/lib/sram/db_nldm/saed32sram_ss0p95vn40c.db
/pkgs/synopsys/2020/32_28nm/SAED32_EDK/lib/stdcell_hvt/db_nldm/saed32hvt_ulvl_ss0p75vn40c_i0p75v.db
/pkgs/synopsys/2020/32_28nm/SAED32_EDK/lib/stdcell_hvt/db_nldm/saed32hvt_dlvl_ss0p75vn40c_i0p75v.db
/pkgs/synopsys/2020/32_28nm/SAED32_EDK/lib/stdcell_hvt/db_nldm/saed32hvt_dlvl_ss0p75vn40c_i0p95v.db
/pkgs/synopsys/2020/32_28nm/SAED32_EDK/lib/stdcell_hvt/db_nldm/saed32hvt_ulvl_ss0p95vn40c_i0p95v.db
/pkgs/synopsys/2020/32_28nm/SAED32_EDK/lib/stdcell_hvt/db_nldm/saed32hvt_ulvl_ss0p95vn40c_i0p75v.db
/pkgs/synopsys/2020/32_28nm/SAED32_EDK/lib/stdcell_hvt/db_nldm/saed32hvt_ulvl_ss0p95vn40c_i0p7v.db
/pkgs/synopsys/2020/32_28nm/SAED32_EDK/lib/stdcell_hvt/db_nldm/saed32hvt_dlvl_ss0p95vn40c_i0p95v.db
/pkgs/synopsys/2020/32_28nm/SAED32_EDK/lib/stdcell_lvt/db_nldm/saed32lvt_ulvl_ss0p75vn40c_i0p75v.db
/pkgs/synopsys/2020/32_28nm/SAED32_EDK/lib/stdcell_lvt/db_nldm/saed32lvt_dlvl_ss0p75vn40c_i0p75v.db
/pkgs/synopsys/2020/32_28nm/SAED32_EDK/lib/stdcell_lvt/db_nldm/saed32lvt_dlvl_ss0p75vn40c_i0p95v.db
/pkgs/synopsys/2020/32_28nm/SAED32_EDK/lib/stdcell_lvt/db_nldm/saed32lvt_ulvl_ss0p95vn40c_i0p95v.db
/pkgs/synopsys/2020/32_28nm/SAED32_EDK/lib/stdcell_lvt/db_nldm/saed32lvt_ulvl_ss0p95vn40c_i0p75v.db
/pkgs/synopsys/2020/32_28nm/SAED32_EDK/lib/stdcell_lvt/db_nldm/saed32lvt_ulvl_ss0p95vn40c_i0p7v.db
/pkgs/synopsys/2020/32_28nm/SAED32_EDK/lib/stdcell_lvt/db_nldm/saed32lvt_dlvl_ss0p95vn40c_i0p95v.db
/home/ramadugu/common/Documents/fresh'/final_prj-team_10-master/syn/outputs/ORCA_TOP.dc.upf
